---------Start of logs---------
14:00:40.357:	writeElement is called
14:00:40.357:	method get (ActivatingSecureElement) is called.
14:00:40.357:	weight is: 0
14:00:40.357:	method get (AllowBatterySettingsChange) is called.
14:00:40.357:	weight is: 0
14:00:40.357:	method get (AllowTimeoutSettingsChange) is called.
14:00:40.358:	weight is: 0
14:00:40.358:	method get (AndroidAlert) is called.
14:00:40.358:	weight is: 0
14:00:40.358:	method get (AndroidDeviceSettings) is called.
14:00:40.359:	weight is: 0
14:00:40.360:	method get (EnterPIN) is called.
14:00:40.361:	weight is: 7
14:00:40.363:	method get (MerchantPassword) is called.
14:00:40.363:	weight is: 0
14:00:40.363:	method get (MerchantSignIn) is called.
14:00:40.364:	weight is: 0
14:00:40.364:	method get (NoNetworkConnection) is called.
14:00:40.364:	weight is: 0
14:00:40.364:	method get (ProvisionUpdateComplete) is called.
14:00:40.364:	weight is: 0
14:00:40.366:	method get (PurchaseDescription) is called.
14:00:40.366:	weight is: 0
14:00:40.366:	method get (SettingsAdvanced) is called.
14:00:40.366:	weight is: 28
14:00:40.367:	method get (SettingsTerminal) is called.
14:00:40.367:	weight is: 35
14:00:40.369:	method get (SignInSelection) is called.
14:00:40.369:	weight is: 0
14:00:40.370:	method get (PurchaseResult) is called.
14:00:40.370:	weight is: 35
14:00:40.372:	method get (UpdateRequired) is called.
14:00:40.372:	weight is: 0
14:00:40.372:	method get (ConnectionErrorDuringProvision) is called.
14:00:40.373:	weight is: 0
14:00:40.373:	method get (PleaseRestartYourPhone) is called.
14:00:40.373:	weight is: 0
14:00:40.373:	method get (UpdatingSecureElement) is called.
14:00:40.374:	weight is: 0
14:00:40.377:	method get (TermsAndConditions) is called.
14:00:40.377:	weight is: 0
14:00:40.377:	method get (ContactUs) is called.
14:00:40.377:	weight is: 0
14:00:40.378:	method get (UserManagement) is called.
14:00:40.378:	weight is: 0
14:00:40.380:	method get (EditUser) is called.
14:00:40.380:	weight is: 0
14:00:40.383:	method get (DeleteUserConfirmation) is called.
14:00:40.383:	weight is: 0
14:00:40.383:	method get (AddNewUser) is called.
14:00:40.383:	weight is: 0
14:00:40.385:	method get (UserCreated) is called.
14:00:40.386:	weight is: 0
14:00:40.386:	method get (TransactionReports) is called.
14:00:40.386:	weight is: 0
14:00:40.389:	method get (TransactionHistory) is called.
14:00:40.389:	weight is: 98
14:00:40.392:	method get (NewTagScanned) is called.
14:00:40.392:	weight is: 0
14:00:40.392:	method get (Purchase) is called.
14:00:40.392:	weight is: 147
14:00:40.396:	method get (TapToPay) is called.
14:00:40.397:	weight is: 0
14:00:40.398:	method get (CardNotSupported) is called.
14:00:40.398:	weight is: 0
14:00:40.398:	method get (EmailReceiptForPurchase) is called.
14:00:40.398:	weight is: 0
14:00:40.400:	method get (ReceiptSentConfirmation) is called.
14:00:40.400:	weight is: 0
14:00:40.400:	method get (ProcessingPayment) is called.
14:00:40.400:	weight is: 0
14:00:40.402:	method get (PurchaseNotCompleted) is called.
14:00:40.402:	weight is: 0
14:00:40.403:	method get (SetTipDuringPurchase) is called.
14:00:40.403:	weight is: 0
14:00:40.405:	method get (AddTip) is called.
14:00:40.405:	weight is: 0
14:00:40.407:	method get (CreateNewPassword) is called.
14:00:40.407:	weight is: 0
14:00:40.409:	method get (EnterNewPIN) is called.
14:00:40.410:	weight is: 0
14:00:40.410:	method get (ConfirmNewPIN) is called.
14:00:40.411:	weight is: 0
14:00:40.412:	method get (CancelTransaction) is called.
14:00:40.412:	weight is: 0
14:00:40.414:	method get (PurchaseTimedOut) is called.
14:00:40.414:	weight is: 0
14:00:40.416:	method get (TransactionSearch) is called.
14:00:40.416:	weight is: 0
14:00:40.420:	method get (TransactionDetails) is called.
14:00:40.420:	weight is: 56
14:00:40.423:	method get (AccountLocked) is called.
14:00:40.424:	weight is: 0
14:00:40.424:	method get (ForgotPIN) is called.
14:00:40.424:	weight is: 0
14:00:40.426:	method get (ResetPIN) is called.
14:00:40.426:	weight is: 0
14:00:40.428:	method get (InvalidCredentials) is called.
14:00:40.428:	weight is: 0
14:00:40.430:	method get (VoidProcessingPayment) is called.
14:00:40.430:	weight is: 0
14:00:40.431:	method get (SecurityImage) is called.
14:00:40.431:	weight is: 0
14:00:40.433:	method get (ProvisionActivateComplete) is called.
14:00:40.433:	weight is: 0
14:00:40.434:	method get (PaymentAcceptanceSetup) is called.
14:00:40.434:	weight is: 0
14:00:40.438:	method get (DatePicker) is called.
14:00:40.438:	weight is: 0
14:00:40.438:	method get (ReportSentConfirmation) is called.
14:00:40.438:	weight is: 0
14:00:40.441:	method get (EnterOldPIN) is called.
14:00:40.441:	weight is: 0
14:00:40.442:	method get (PINUpdated) is called.
14:00:40.442:	weight is: 0
14:00:40.442:	method get (EnterRefundAmount) is called.
14:00:40.442:	weight is: 14
14:00:40.442:	method get (Signature) is called.
14:00:40.442:	weight is: 7
14:00:40.444:	.\src\Testcase configuration\Element Config\app elements - GP Debug.csvhas been read.
14:00:40.445:	.\src\Testcase configuration\Element Config\app elements - GP Debug.csvhas been written.
14:00:40.778:	reportHeader is: <!DOCTYPE html PUBLIC "-//W3C//DTD XHTML 1.1//EN" "http://www.w3.org/TR/xhtml11/DTD/xhtml11.dtd">
<html xmlns="http://www.w3.org/1999/xhtml">
<head>
<meta http-equiv="content-type" content="text/html; charset=UTF-8"/>
<title>Mobeewave Automation Report</title>
<style type="text/css">table {margin-bottom:10px;border-collapse:collapse;empty-cells:show}th,td {border:1px solid #009;padding:.25em .5em}th {vertical-align:bottom}td {vertical-align:top}table a {font-weight:bold}.stripe td {background-color: #E6EBF9}.num {text-align:right}.passedodd td {background-color: #3F3}.passedeven td {background-color: #0A0}.skippedodd td {background-color: #DDD}.skippedeven td {background-color: #CCC}.failedodd td,.attn {background-color: #F33}.failedeven td,.stripe .attn {background-color: #D00}.stacktrace {white-space:pre;font-family:monospace}.totop {font-size:85%;text-align:center;border-bottom:2px solid #000}.invisible {display:none}</style>
</head>
<body>
<table>
<tr><th colspan="7">Test Statistics</th></tr>
<tr><td><a href="#t0">Default test</a></td><td class="num">18,571</td></tr>
</table>
<h2>Default test</h2>
<table class="result"><tr><th>Result</th></tr><tr><td><div class="stacktrace">
14:00:40.779:	reportFooter is: </div></td></tr></table><p class="totop"><a href="#summary">back to summary</a></p>
</body>
</html>
14:00:40.779:	reportContent is: <font color='grey'>Start of purchase void testing - please have SUCCESS testing card placed at the back of device!</font>
<br><font color='grey'>This case assumes the app starts from the Purchase page.</font>
<br><font color='grey'>App launched and awaiting for login.</font>
<br><font color='grey'>User Authentication performed.</font>
<br><font color='grey'>User Authentication performed.</font>
<br><font color='grey'>Transaction is made, Processing time is: 14 seconds.</font>
<br>Current page is equal to PurchaseResult, <font color='green'>test passed</font>.<br>
PurchaseResultResultText is equal to PURCHASE APPROVED, <font color='green'>test passed</font>.<br>
Current page is equal to Purchase, <font color='green'>test passed</font>.<br>
Current page is equal to TransactionHistory, <font color='green'>test passed</font>.<br>
TransactionHistoryTransactionAmount is equal to CA$14.00, <font color='green'>test passed</font>.<br>
Current page is equal to TransactionDetails, <font color='green'>test passed</font>.<br>
TransactionDetailsTitle is equal to PURCHASE APPROVED, <font color='green'>test passed</font>.<br>
TransactionDetailsAmount is equal to CA$14.00, <font color='green'>test passed</font>.<br>
TransactionDetailsMerchantName is equal to taoye, <font color='green'>test passed</font>.<br>
TransactionDetailsEmailReceipt is equal to EMAIL RECEIPT, <font color='green'>test passed</font>.<br>
TransactionDetailsVoid is equal to VOID, <font color='green'>test passed</font>.<br>
<font color='grey'>User Authentication performed.</font>
<br>Current page is equal to SettingsTerminal, <font color='green'>test passed</font>.<br>
Current page is equal to SettingsAdvanced, <font color='green'>test passed</font>.<br>
<font color='grey'>Testing Version Number Display</font>
<br>SettingsAdvancedAppVersionValue is expected to be <font color='brown'>1.4.7(4)</font>, but is actually equal to: <font color='brown'>1.4.9(12)</font>, <font color='red'>test failed</font>.<br>
Current page is equal to TransactionHistory, <font color='green'>test passed</font>.<br>
TransactionHistoryTransactionAmount is equal to CA$14.00, <font color='green'>test passed</font>.<br>
Current page is equal to TransactionDetails, <font color='green'>test passed</font>.<br>
TransactionDetailsTitle is equal to PURCHASE APPROVED, <font color='green'>test passed</font>.<br>
TransactionDetailsAmount is equal to CA$14.00, <font color='green'>test passed</font>.<br>
TransactionDetailsMerchantName is equal to taoye, <font color='green'>test passed</font>.<br>
TransactionDetailsEmailReceipt is equal to EMAIL RECEIPT, <font color='green'>test passed</font>.<br>
TransactionDetailsVoid is equal to REFUND, <font color='green'>test passed</font>.<br>
<font color='grey'>User Authentication performed.</font>
<br>Current page is equal to EnterRefundAmount, <font color='green'>test passed</font>.<br>
<font color='grey'>Making Signature</font>
<br>Current page is equal to TransactionHistory, <font color='green'>test passed</font>.<br>
TransactionHistoryTransactionAmount is equal to - CA$14.00, <font color='green'>test passed</font>.<br>
Current page is equal to TransactionDetails, <font color='green'>test passed</font>.<br>
TransactionDetailsTitle is equal to REFUND APPROVED, <font color='green'>test passed</font>.<br>
TransactionDetailsAmount is equal to - CA$14.00, <font color='green'>test passed</font>.<br>
TransactionDetailsMerchantName is equal to taoye, <font color='green'>test passed</font>.<br>
TransactionDetailsEmailReceipt is equal to EMAIL RECEIPT, <font color='green'>test passed</font>.<br>
TransactionDetailsVoid is equal to VOID, <font color='green'>test passed</font>.<br>
<font color='grey'>Refund testing completed.</font>
<br><font color='grey'>User Authentication performed.</font>
<br>Current page is equal to PurchaseResult, <font color='green'>test passed</font>.<br>
PurchaseResultResultText is equal to VOID APPROVED, <font color='green'>test passed</font>.<br>
Current page is equal to TransactionHistory, <font color='green'>test passed</font>.<br>
TransactionHistoryTransactionAmount is equal to CA$14.00, <font color='green'>test passed</font>.<br>
Current page is equal to TransactionDetails, <font color='green'>test passed</font>.<br>
TransactionDetailsTitle is equal to VOID APPROVED, <font color='green'>test passed</font>.<br>
TransactionDetailsAmount is equal to CA$14.00, <font color='green'>test passed</font>.<br>
TransactionDetailsMerchantName is equal to taoye, <font color='green'>test passed</font>.<br>
TransactionDetailsEmailReceipt is equal to EMAIL RECEIPT, <font color='green'>test passed</font>.<br>
TransactionDetailsVoid is equal to element not found, <font color='green'>test passed</font>.<br>
Current page is equal to Purchase, <font color='green'>test passed</font>.<br>
<font color='blue'>Test Case: TS_8&TS_9 completed.</font>
<br>-----------------------------------<br>
<br>
