---------Start of logs---------
10:19:54.835:	writeElement is called<br>
10:19:54.836:	method get (ActivatingSecureElement) is called.<br>
10:19:54.836:	weight is: 0<br>
10:19:54.836:	method get (AllowBatterySettingsChange) is called.<br>
10:19:54.836:	weight is: 0<br>
10:19:54.836:	method get (AllowTimeoutSettingsChange) is called.<br>
10:19:54.836:	weight is: 9<br>
10:19:54.836:	method get (AndroidAlert) is called.<br>
10:19:54.836:	weight is: 0<br>
10:19:54.836:	method get (AndroidDeviceSettings) is called.<br>
10:19:54.836:	weight is: 1<br>
10:19:54.838:	method get (EnterPIN) is called.<br>
10:19:54.838:	weight is: 3<br>
10:19:54.838:	method get (MerchantPassword) is called.<br>
10:19:54.838:	weight is: 1<br>
10:19:54.839:	method get (MerchantSignIn) is called.<br>
10:19:54.839:	weight is: 1<br>
10:19:54.839:	method get (NoNetworkConnection) is called.<br>
10:19:54.839:	weight is: 0<br>
10:19:54.839:	method get (ProvisionUpdateComplete) is called.<br>
10:19:54.839:	weight is: 0<br>
10:19:54.839:	method get (PurchaseDescription) is called.<br>
10:19:54.839:	weight is: 0<br>
10:19:54.839:	method get (SettingsAdvanced) is called.<br>
10:19:54.839:	weight is: 0<br>
10:19:54.840:	method get (SettingsTerminal) is called.<br>
10:19:54.841:	weight is: 15<br>
10:19:54.842:	method get (SignInSelection) is called.<br>
10:19:54.842:	weight is: 3<br>
10:19:54.842:	method get (PurchaseResult) is called.<br>
10:19:54.842:	weight is: 2<br>
10:19:54.843:	method get (UpdateRequired) is called.<br>
10:19:54.843:	weight is: 0<br>
10:19:54.844:	method get (ConnectionErrorDuringProvision) is called.<br>
10:19:54.844:	weight is: 0<br>
10:19:54.844:	method get (PleaseRestartYourPhone) is called.<br>
10:19:54.844:	weight is: 0<br>
10:19:54.845:	method get (UpdatingSecureElement) is called.<br>
10:19:54.845:	weight is: 0<br>
10:19:54.845:	method get (TermsAndConditions) is called.<br>
10:19:54.845:	weight is: 0<br>
10:19:54.846:	method get (ContactUs) is called.<br>
10:19:54.846:	weight is: 0<br>
10:19:54.846:	method get (UserManagement) is called.<br>
10:19:54.846:	weight is: 0<br>
10:19:54.847:	method get (EditUser) is called.<br>
10:19:54.847:	weight is: 0<br>
10:19:54.848:	method get (DeleteUserConfirmation) is called.<br>
10:19:54.848:	weight is: 0<br>
10:19:54.849:	method get (AddNewUser) is called.<br>
10:19:54.849:	weight is: 0<br>
10:19:54.850:	method get (UserCreated) is called.<br>
10:19:54.850:	weight is: 0<br>
10:19:54.851:	method get (TransactionReports) is called.<br>
10:19:54.851:	weight is: 0<br>
10:19:54.853:	method get (TransactionHistory) is called.<br>
10:19:54.853:	weight is: 5<br>
10:19:54.854:	method get (NewTagScanned) is called.<br>
10:19:54.854:	weight is: 0<br>
10:19:54.856:	method get (Purchase) is called.<br>
10:19:54.856:	weight is: 34<br>
10:19:54.857:	method get (TapToPay) is called.<br>
10:19:54.858:	weight is: 4<br>
10:19:54.859:	method get (CardNotSupported) is called.<br>
10:19:54.859:	weight is: 0<br>
10:19:54.859:	method get (EmailReceiptForPurchase) is called.<br>
10:19:54.859:	weight is: 0<br>
10:19:54.859:	method get (ReceiptSentConfirmation) is called.<br>
10:19:54.860:	weight is: 0<br>
10:19:54.861:	method get (ProcessingPayment) is called.<br>
10:19:54.861:	weight is: 2<br>
10:19:54.861:	method get (PurchaseNotCompleted) is called.<br>
10:19:54.861:	weight is: 0<br>
10:19:54.861:	method get (SetTipDuringPurchase) is called.<br>
10:19:54.861:	weight is: 0<br>
10:19:54.863:	method get (AddTip) is called.<br>
10:19:54.863:	weight is: 0<br>
10:19:54.864:	method get (CreateNewPassword) is called.<br>
10:19:54.864:	weight is: 0<br>
10:19:54.866:	method get (EnterNewPIN) is called.<br>
10:19:54.866:	weight is: 0<br>
10:19:54.867:	method get (ConfirmNewPIN) is called.<br>
10:19:54.867:	weight is: 0<br>
10:19:54.867:	method get (CancelTransaction) is called.<br>
10:19:54.867:	weight is: 2<br>
10:19:54.869:	method get (PurchaseTimedOut) is called.<br>
10:19:54.869:	weight is: 0<br>
10:19:54.871:	method get (TransactionSearch) is called.<br>
10:19:54.871:	weight is: 0<br>
10:19:54.874:	method get (TransactionDetails) is called.<br>
10:19:54.874:	weight is: 2<br>
10:19:54.876:	method get (AccountLocked) is called.<br>
10:19:54.876:	weight is: 0<br>
10:19:54.876:	method get (ForgotPIN) is called.<br>
10:19:54.876:	weight is: 0<br>
10:19:54.878:	method get (ResetPIN) is called.<br>
10:19:54.878:	weight is: 0<br>
10:19:54.879:	method get (InvalidCredentials) is called.<br>
10:19:54.880:	weight is: 0<br>
10:19:54.880:	method get (VoidProcessingPayment) is called.<br>
10:19:54.880:	weight is: 0<br>
10:19:54.881:	method get (SecurityImage) is called.<br>
10:19:54.881:	weight is: 0<br>
10:19:54.882:	method get (ProvisionActivateComplete) is called.<br>
10:19:54.882:	weight is: 0<br>
10:19:54.883:	method get (PaymentAcceptanceSetup) is called.<br>
10:19:54.883:	weight is: 0<br>
10:19:54.886:	method get (DatePicker) is called.<br>
10:19:54.886:	weight is: 0<br>
10:19:54.886:	method get (ReportSentConfirmation) is called.<br>
10:19:54.886:	weight is: 0<br>
10:19:54.888:	method get (EnterOldPIN) is called.<br>
10:19:54.888:	weight is: 0<br>
10:19:54.888:	method get (PINUpdated) is called.<br>
10:19:54.888:	weight is: 0<br>
10:19:54.889:	method get (TransactionSearchResult) is called.<br>
10:19:54.889:	weight is: 0<br>
10:19:54.890:	method get (Signature) is called.<br>
10:19:54.890:	weight is: 0<br>
10:19:54.890:	.\src\Testcase configuration\Element Config\app elements - CBA Pre-Prod Debug.csvhas been read.<br>
10:19:54.892:	.\src\Testcase configuration\Element Config\app elements - CBA Pre-Prod Debug.csvhas been written.<br>
10:19:55.148:	reportHeader is: <!DOCTYPE html PUBLIC "-//W3C//DTD XHTML 1.1//EN" "http://www.w3.org/TR/xhtml11/DTD/xhtml11.dtd">
<html xmlns="http://www.w3.org/1999/xhtml">
<head>
<meta http-equiv="content-type" content="text/html; charset=UTF-8"/>
<title>Mobeewave Automation Report</title>
<style type="text/css">table {margin-bottom:10px;border-collapse:collapse;empty-cells:show}th,td {border:1px solid #009;padding:.25em .5em}th {vertical-align:bottom}td {vertical-align:top}table a {font-weight:bold}.stripe td {background-color: #E6EBF9}.num {text-align:right}.passedodd td {background-color: #3F3}.passedeven td {background-color: #0A0}.skippedodd td {background-color: #DDD}.skippedeven td {background-color: #CCC}.failedodd td,.attn {background-color: #F33}.failedeven td,.stripe .attn {background-color: #D00}.stacktrace {white-space:pre;font-family:monospace}.totop {font-size:85%;text-align:center;border-bottom:2px solid #000}.invisible {display:none}</style>
</head>
<body>
<table>
<tr><th colspan="7">Test Statistics</th></tr>
<tr><td><a href="#t0">Default test</a></td><td class="num">18,571</td></tr>
</table>
<h2>Default test</h2>
<table class="result"><tr><th>Result</th></tr><tr><td><div class="stacktrace"><br>
10:19:55.155:	reportFooter is: </div></td></tr></table><p class="totop"><a href="#summary">back to summary</a></p>
</body>
</html><br>
10:19:55.155:	reportContent is: <font color='grey'>Start of base purchase test case - please have SUCCESS testing card placed at the back of device!</font>
<font color='grey'>App launched and awaiting for login.</font>
<font color='grey'>User Authentication performed.</font>
<font color='grey'>User Authentication performed.</font>
<font color='grey'>Transaction is made, Processing time is: 14 seconds.</font>
Current page is equal to PurchaseResult, <font color='green'>test passed</font>.<br>
PurchaseResultResultText is equal to Approved, <font color='green'>test passed</font>.<br>
Current page is equal to Purchase, <font color='green'>test passed</font>.<br>
Current page is equal to TransactionHistory, <font color='green'>test passed</font>.<br>
TransactionHistoryTransactionAmount is expected to be <font color='brown'>$10.00 </font>, but is actually equal to: <font color='brown'>$10.00</font>, <font color='red'>test failed</font>.<br>
Current page is equal to TransactionDetails, <font color='green'>test passed</font>.<br>
TransactionDetailsTitle is equal to Purchase approved, <font color='green'>test passed</font>.<br>
TransactionDetailsAmount is expected to be <font color='brown'>$10.00 </font>, but is actually equal to: <font color='brown'>$10.00</font>, <font color='red'>test failed</font>.<br>
TransactionDetailsMerchantName is equal to taoye008, <font color='green'>test passed</font>.<br>
TransactionDetailsEmailReceipt is equal to Email receipt, <font color='green'>test passed</font>.<br>
TransactionDetailsVoid is equal to Void, <font color='green'>test passed</font>.<br>
Current page is equal to Purchase, <font color='green'>test passed</font>.<br>
<font color='blue'>Test Case: TS_1 completed.</font>
-----------------------------------<br>
<br>
