---------Start of logs---------
06:37:27.789:	The method "logComment()" are called
06:37:27.789:	<font color='grey'>Start of base purchase cancellation - please make sure NO card is placed behind the device!</font>
06:37:27.789:	The method "launch()" are called
06:37:27.789:	method launch (120) is called.
06:37:27.789:	method launch (CBA, 120) is called.
06:37:27.789:	method findCurrentPage(120) is called.
06:37:28.290:	
06:37:32.368:	Current page is: SignInSelection
06:37:32.368:	method clickButton (0, SignInSelectionFirstUser) is called.
06:37:32.368:	method find(SignInSelectionFirstUser) is called.
06:37:32.718:	method findCurrentPage(120) is called.
06:37:33.219:	
06:37:35.536:	Current page is: EnterPIN
06:37:35.536:	<font color='grey'>App launched and awaiting for login.</font>
06:37:35.536:	The method "login()" are called
06:37:35.536:	method login(1) is called.
06:37:36.536:	method enterNumPadOK (123456) is called.
06:37:36.536:	method enterNumPad (123456) is called.
06:37:36.536:	Number to be entered is: 123456
06:37:41.005:	<font color='grey'>User Authentication performed.</font>
06:37:41.005:	The method "waitUntilPage()" are called
06:37:51.218:	Current page is: 
06:37:51.345:	Current page is: Purchase
06:37:51.345:	page count is: 490
06:37:51.846:	The method "reachPage()" are called
06:37:51.846:	method reachPage(GP, SettingsTerminal) is called.
06:37:51.846:	method reachPage(GP, Purchase) is called.
06:37:51.957:	method goToSidemenuPage(Purchase) is called.
06:37:51.957:	method findCurrentPage(0) is called.
06:37:52.458:	
06:37:52.625:	Current page is: Purchase
06:37:52.625:	method findCurrentPage(0) is called.
06:37:53.126:	
06:37:53.267:	Current page is: Purchase
06:37:54.661:	method login(1) is called.
06:37:55.661:	method enterNumPadOK (123456) is called.
06:37:55.661:	method enterNumPad (123456) is called.
06:37:55.661:	Number to be entered is: 123456
06:38:00.676:	<font color='grey'>User Authentication performed.</font>
06:38:02.373:	Current page is: SettingsTerminal
06:38:02.373:	page count is: 71
06:38:02.373:	The method "setBooleanValue(no)" are called
06:38:02.675:	The method "setBooleanValue(no)" are called
06:38:03.260:	exception caught during click, failed to find SettingsTerminalAddTipValue
06:38:03.260:	The method "setBooleanValue(no)" are called
06:38:03.404:	The method "reachPage()" are called
06:38:03.404:	method reachPage(GP, Purchase) is called.
06:38:03.488:	method goToSidemenuPage(Purchase) is called.
06:38:03.488:	method findCurrentPage(0) is called.
06:38:03.988:	
06:38:04.239:	Current page is: SettingsTerminal
06:38:04.239:	method clickOnPage(SettingsTerminal, Purchase, [Ljava.lang.String;@9168dc) is called.
06:38:04.239:	method findCurrentPage(0) is called.
06:38:04.740:	
06:38:04.995:	Current page is: SettingsTerminal
06:38:07.730:	Current page is: Purchase
06:38:07.730:	page count is: 493
06:38:07.730:	The method "enterNumPadOK()" are called
06:38:07.730:	method enterNumPadOK (1200) is called.
06:38:07.730:	method enterNumPad (1200) is called.
06:38:07.730:	Number to be entered is: 1200
06:38:10.507:	The method "waitUntilPage()" are called
06:38:13.131:	Current page is: TapToPay
06:38:13.131:	page count is: 28
06:38:13.131:	The method "waitUntilPresent()" are called
06:38:16.045:	The method "clickButton()" are called
06:38:16.262:	The method "waitUntilPage()" are called
06:38:17.588:	Current page is: CancelTransaction
06:38:17.588:	page count is: 11
06:38:17.588:	The method "clickButton()" are called
06:38:17.746:	The method "waitUntilPage()" are called
06:38:25.176:	Current page is: 
06:38:25.309:	Current page is: Purchase
06:38:25.309:	page count is: 494
06:38:25.809:	The method "test()" are called
06:38:25.956:	Current page is: Purchase
06:38:25.956:	page count is: 495
06:38:25.958:	<font color='blue'>Test Case: TS_5 completed.</font>
06:38:25.958:	-----------------------------------<br>
06:38:25.959:	The method "logComment()" are called
06:38:25.959:	<font color='grey'>Start of base purchase cancellation - please make sure NO card is placed behind the device!</font>
06:38:25.959:	The method "logComment()" are called
06:38:25.959:	<font color='grey'>This case assumes the app starts from the Purchase page.</font>
06:38:25.959:	The method "reachPage()" are called
06:38:25.959:	method reachPage(GP, SettingsTerminal) is called.
06:38:25.959:	method reachPage(GP, Purchase) is called.
06:38:26.066:	method goToSidemenuPage(Purchase) is called.
06:38:26.066:	method findCurrentPage(0) is called.
06:38:26.566:	
06:38:26.719:	Current page is: Purchase
06:38:26.719:	method findCurrentPage(0) is called.
06:38:27.220:	
06:38:27.369:	Current page is: Purchase
06:38:29.621:	method login(1) is called.
06:38:30.621:	method enterNumPadOK (123456) is called.
06:38:30.621:	method enterNumPad (123456) is called.
06:38:30.621:	Number to be entered is: 123456
06:38:35.404:	<font color='grey'>User Authentication performed.</font>
06:38:37.091:	Current page is: SettingsTerminal
06:38:37.091:	page count is: 74
06:38:37.091:	The method "setBooleanValue(yes)" are called
06:38:37.512:	The method "setBooleanValue(no)" are called
06:38:38.092:	exception caught during click, failed to find SettingsTerminalAddTipValue
06:38:38.092:	The method "setBooleanValue(no)" are called
06:38:38.236:	The method "reachPage()" are called
06:38:38.236:	method reachPage(GP, Purchase) is called.
06:38:38.344:	method goToSidemenuPage(Purchase) is called.
06:38:38.344:	method findCurrentPage(0) is called.
06:38:38.845:	
06:38:39.124:	Current page is: SettingsTerminal
06:38:39.124:	method clickOnPage(SettingsTerminal, Purchase, [Ljava.lang.String;@3826ec) is called.
06:38:39.124:	method findCurrentPage(0) is called.
06:38:39.625:	
06:38:39.888:	Current page is: SettingsTerminal
06:38:42.592:	Current page is: Purchase
06:38:42.592:	page count is: 498
06:38:42.592:	The method "enterNumPadOK()" are called
06:38:42.593:	method enterNumPadOK (1200) is called.
06:38:42.593:	method enterNumPad (1200) is called.
06:38:42.593:	Number to be entered is: 1200
06:38:45.418:	The method "waitUntilPage()" are called
06:38:47.818:	Current page is: TapToPay
06:38:47.818:	page count is: 29
06:38:47.818:	The method "waitUntilPresent()" are called
06:38:50.820:	The method "clickButton()" are called
06:38:50.968:	The method "login()" are called
06:38:50.968:	method login(3) is called.
06:38:53.968:	method enterNumPadOK (123456) is called.
06:38:53.968:	method enterNumPad (123456) is called.
06:38:53.968:	Number to be entered is: 123456
06:38:58.227:	<font color='grey'>User Authentication performed.</font>
06:38:58.227:	The method "waitUntilPage()" are called
06:38:59.621:	Current page is: Purchase
06:38:59.621:	page count is: 499
06:38:59.621:	The method "test()" are called
06:38:59.792:	Current page is: Purchase
06:38:59.792:	page count is: 500
06:38:59.792:	<font color='blue'>Test Case: TS_6 completed.</font>
06:38:59.792:	-----------------------------------<br>
