---------Start of logs---------
14:26:47.720:	The method "logComment()" are called
14:26:47.720:	<font color='grey'>Start of purchase void testing - please have SUCCESS testing card placed at the back of device!</font>
14:26:47.720:	The method "logComment()" are called
14:26:47.720:	<font color='grey'>This case assumes the app starts from the Purchase page.</font>
14:26:47.720:	The method "launch()" are called
14:26:47.720:	method launch (120) is called.
14:26:47.720:	method launch (CBA, 120) is called.
14:26:47.720:	method findCurrentPage(120) is called.
14:26:48.220:	
14:26:51.040:	Current page is: MerchantSignIn
14:26:51.040:	method merchantSignin (taoyegp890123001) is called.
14:26:52.540:	method findCurrentPage(120) is called.
14:26:53.040:	
14:27:01.171:	Current page is: MerchantPassword
14:27:01.171:	method merchantPassword (xKHDc+9-) is called.
14:27:02.485:	method findCurrentPage(120) is called.
14:27:02.986:	
14:27:13.452:	Current page is: 
14:27:13.452:	This page  is not recognized.
14:27:13.452:	method findCurrentPage(120) is called.
14:27:13.952:	
14:27:22.195:	Current page is: 
14:27:22.195:	This page  is not recognized.
14:27:22.195:	method findCurrentPage(120) is called.
14:27:22.696:	
14:27:40.749:	Current page is: 
14:27:40.749:	This page  is not recognized.
14:27:40.749:	method findCurrentPage(120) is called.
14:27:41.249:	
14:27:47.360:	Current page is: Purchase
14:27:47.360:	This page Purchase is not recognized.
14:27:47.360:	method findCurrentPage(120) is called.
14:27:47.861:	
14:27:53.642:	Current page is: Purchase
14:27:53.642:	This page Purchase is not recognized.
14:27:53.642:	method findCurrentPage(120) is called.
14:27:54.143:	
