---------Start of logs---------
09:44:03.803:	The method "logComment()" are called
09:44:03.803:	<font color='grey'>Start of base purchase test case - please have SUCCESS testing card placed at the back of device!</font>
09:44:03.803:	The method "launch()" are called
09:44:03.803:	method launch (120) is called.
09:44:03.803:	method launch (CBA, 120) is called.
09:44:03.803:	method findCurrentPage(120) is called.
09:44:04.304:	
09:44:14.187:	Current page is: 
09:44:14.187:	This page  is not recognized.
09:44:14.187:	method findCurrentPage(120) is called.
09:44:14.689:	
09:44:15.911:	Current page is: SignInSelection
09:44:16.071:	method findCurrentPage(120) is called.
09:44:16.572:	
09:44:18.796:	Current page is: UpdateRequired
09:44:18.931:	method findCurrentPage(120) is called.
09:44:19.433:	
09:44:22.422:	Current page is: UpdatingSecureElement
09:44:52.423:	method findCurrentPage(120) is called.
09:44:52.923:	
09:45:26.598:	Current page is: UpdatingSecureElement
09:45:56.599:	method findCurrentPage(120) is called.
09:45:57.099:	
09:46:06.687:	Current page is: UpdatingSecureElement
09:46:36.687:	method findCurrentPage(120) is called.
09:46:37.188:	
09:46:38.413:	Current page is: ProvisionUpdateComplete
09:46:38.486:	exception caught during button click, failed to find ProvisionUpdateCompleteDone
09:46:38.486:	method findCurrentPage(120) is called.
09:46:38.987:	
09:46:40.196:	Current page is: ProvisionUpdateComplete
09:46:40.261:	exception caught during button click, failed to find ProvisionUpdateCompleteDone
09:46:40.261:	method findCurrentPage(120) is called.
09:46:40.761:	
09:46:41.988:	Current page is: ProvisionUpdateComplete
09:46:42.062:	exception caught during button click, failed to find ProvisionUpdateCompleteDone
09:46:42.062:	method findCurrentPage(120) is called.
09:46:42.563:	
09:46:43.776:	Current page is: ProvisionUpdateComplete
09:46:43.846:	exception caught during button click, failed to find ProvisionUpdateCompleteDone
09:46:43.846:	method findCurrentPage(120) is called.
