---------Start of logs---------
13:21:02.598:	The method "logComment()" are called
13:21:02.598:	<font color='grey'>Start of purchase void testing - please have SUCCESS testing card placed at the back of device!</font>
13:21:02.598:	The method "logComment()" are called
13:21:02.598:	<font color='grey'>This case assumes the app starts from the Purchase page.</font>
13:21:02.599:	The method "launch()" are called
13:21:02.599:	method launch (120) is called.
13:21:02.599:	method launch (CBA, 120) is called.
13:21:02.599:	method findCurrentPage(120) is called.
13:21:03.099:	
13:21:15.418:	Current page is: 
13:21:15.419:	This page  is not recognized.
13:21:15.419:	method findCurrentPage(120) is called.
13:21:15.920:	
13:21:16.987:	Current page is: EnterPIN
13:21:16.987:	<font color='grey'>App launched and awaiting for login.</font>
13:21:16.988:	The method "login()" are called
13:21:16.988:	method login(1) is called.
13:21:17.989:	method enterNumPadOK (123456) is called.
13:21:17.989:	method enterNumPad (123456) is called.
13:21:17.989:	Number to be entered is: 123456
13:21:22.063:	<font color='grey'>User Authentication performed.</font>
13:21:22.063:	The method "waitUntilPage()" are called
13:21:31.107:	Current page is: 
13:21:31.238:	Current page is: Purchase
13:21:31.238:	page count is: 85
13:21:31.739:	The method "reachPage()" are called
13:21:31.739:	method reachPage(GP, SettingsTerminal) is called.
13:21:31.739:	method reachPage(GP, Purchase) is called.
13:21:31.861:	method goToSidemenuPage(Purchase) is called.
13:21:31.861:	method findCurrentPage(0) is called.
13:21:32.361:	
13:21:32.528:	Current page is: Purchase
13:21:32.528:	method findCurrentPage(0) is called.
13:21:33.029:	
13:21:33.191:	Current page is: Purchase
13:21:34.628:	method login(1) is called.
13:21:35.629:	method enterNumPadOK (123456) is called.
13:21:35.629:	method enterNumPad (123456) is called.
13:21:35.629:	Number to be entered is: 123456
13:21:40.485:	<font color='grey'>User Authentication performed.</font>
13:21:42.588:	Current page is: SettingsTerminal
13:21:42.588:	page count is: 21
13:21:42.588:	The method "setBooleanValue(no)" are called
13:21:42.718:	The method "setBooleanValue(no)" are called
13:21:42.859:	The method "setBooleanValue(no)" are called
13:21:43.050:	The method "reachPage()" are called
13:21:43.050:	method reachPage(GP, Purchase) is called.
13:21:43.172:	method goToSidemenuPage(Purchase) is called.
13:21:43.172:	method findCurrentPage(0) is called.
13:21:43.673:	
13:21:44.302:	Current page is: SettingsTerminal
13:21:44.303:	method clickOnPage(SettingsTerminal, Purchase, [Ljava.lang.String;@c85b0c) is called.
13:21:44.303:	method findCurrentPage(0) is called.
13:21:44.804:	
13:21:45.368:	Current page is: SettingsTerminal
13:21:48.005:	Current page is: Purchase
13:21:48.006:	page count is: 88
13:21:48.006:	The method "singlePurchase()" are called
13:21:48.006:	method singlePurchase(1400, no, , no, ) is called.
13:21:48.006:	method findCurrentPage(1) is called.
13:21:48.506:	
13:21:48.650:	Current page is: Purchase
13:21:48.650:	method enterPurchaseAmount(1400) is called.
13:21:48.650:	method enterNumPadOK (1400) is called.
13:21:48.650:	method enterNumPad (1400) is called.
13:21:48.650:	Number to be entered is: 1400
13:21:51.399:	method findCurrentPage(1) is called.
13:21:51.900:	
13:22:02.951:	Current page is: 
13:22:02.951:	reached an unrecognized page: 
13:22:03.119:	exception caught during button click, failed to find NoNetworkConnectionretry
13:22:03.119:	method findCurrentPage(1) is called.
13:22:03.620:	
13:22:04.388:	Current page is: PurchaseResult
13:22:04.388:	<font color='grey'>Transaction is made, Processing time is: 16 seconds.</font>
13:22:04.388:	The method "test()" are called
13:22:05.129:	Current page is: PurchaseResult
13:22:05.129:	page count is: 22
13:22:05.130:	The method "test()" are called
13:22:05.266:	The method "clickButton()" are called
13:22:05.427:	The method "waitUntilPage()" are called
13:22:06.526:	Current page is: Purchase
13:22:06.526:	page count is: 90
13:22:06.526:	The method "test()" are called
13:22:06.645:	Current page is: Purchase
13:22:06.645:	page count is: 91
13:22:06.645:	The method "reachPage()" are called
13:22:06.645:	method reachPage(GP, TransactionHistory) is called.
13:22:06.645:	method reachPage(GP, Purchase) is called.
13:22:06.744:	method goToSidemenuPage(Purchase) is called.
13:22:06.744:	method findCurrentPage(0) is called.
13:22:07.245:	
13:22:07.395:	Current page is: Purchase
13:22:07.395:	method goToSidemenuPage(TransactionHistory) is called.
13:22:07.395:	method findCurrentPage(0) is called.
13:22:07.895:	
13:22:08.050:	Current page is: Purchase
13:22:08.050:	method clickOnPage(Purchase, TransactionHistory, [Ljava.lang.String;@13f3ba0) is called.
13:22:08.050:	method findCurrentPage(0) is called.
13:22:08.551:	
13:22:08.706:	Current page is: Purchase
13:22:12.017:	Current page is: TransactionHistory
13:22:12.017:	page count is: 57
13:22:12.017:	The method "test()" are called
13:22:12.341:	Current page is: TransactionHistory
13:22:12.341:	page count is: 58
13:22:12.341:	The method "test()" are called
13:22:12.524:	The method "clickButton()" are called
13:22:12.727:	The method "waitUntilPage()" are called
13:22:14.508:	Current page is: TransactionDetails
13:22:14.509:	page count is: 33
13:22:14.509:	The method "test()" are called
13:22:15.164:	Current page is: TransactionDetails
13:22:15.164:	page count is: 34
13:22:15.165:	The method "test()" are called
13:22:15.350:	The method "test()" are called
13:22:15.538:	The method "test()" are called
13:22:15.736:	The method "test()" are called
13:22:15.943:	The method "test()" are called
13:22:16.141:	The method "clickButton()" are called
13:22:16.352:	The method "waitUntilPage()" are called
13:22:17.827:	Current page is: TransactionHistory
13:22:17.827:	page count is: 59
13:22:17.827:	The method "reachPage()" are called
13:22:17.827:	method reachPage(GP, SettingsTerminal) is called.
13:22:17.827:	method reachPage(GP, Purchase) is called.
13:22:17.981:	method goToSidemenuPage(Purchase) is called.
13:22:17.981:	method findCurrentPage(0) is called.
13:22:18.482:	
13:22:18.819:	Current page is: TransactionHistory
13:22:18.819:	method clickOnPage(TransactionHistory, Purchase, [Ljava.lang.String;@fe8a4f) is called.
13:22:18.819:	method findCurrentPage(0) is called.
13:22:19.320:	
13:22:19.631:	Current page is: TransactionHistory
13:22:22.776:	Current page is: Purchase
13:22:22.776:	page count is: 95
13:22:22.776:	method findCurrentPage(0) is called.
13:22:23.276:	
13:22:23.429:	Current page is: Purchase
13:22:24.720:	method login(1) is called.
13:22:25.721:	method enterNumPadOK (123456) is called.
13:22:25.721:	method enterNumPad (123456) is called.
13:22:25.721:	Number to be entered is: 123456
13:22:29.949:	<font color='grey'>User Authentication performed.</font>
13:22:31.916:	Current page is: SettingsTerminal
13:22:31.916:	page count is: 24
13:22:31.916:	The method "test()" are called
13:22:32.461:	Current page is: SettingsTerminal
13:22:32.461:	page count is: 25
13:22:32.461:	The method "clickButton()" are called
13:22:32.629:	The method "waitUntilPage()" are called
13:22:34.175:	Current page is: SettingsAdvanced
13:22:34.175:	page count is: 17
13:22:34.176:	The method "test()" are called
13:22:35.028:	Current page is: SettingsAdvanced
13:22:35.028:	page count is: 18
13:22:35.028:	The method "logComment()" are called
13:22:35.028:	<font color='grey'>Testing Version Number Display</font>
13:22:35.028:	The method "test()" are called
13:22:35.178:	The method "clickButton()" are called
13:22:35.314:	The method "reachPage()" are called
13:22:35.315:	method reachPage(GP, TransactionHistory) is called.
13:22:35.315:	method reachPage(GP, Purchase) is called.
13:22:36.529:	method goToSidemenuPage(Purchase) is called.
13:22:36.529:	method findCurrentPage(0) is called.
13:22:37.030:	
13:22:37.701:	Current page is: SettingsAdvanced
13:22:37.701:	method clickOnPage(SettingsAdvanced, Purchase, [Ljava.lang.String;@d4a6a) is called.
13:22:37.701:	method findCurrentPage(0) is called.
13:22:38.202:	
13:22:39.114:	Current page is: SettingsAdvanced
13:22:41.659:	Current page is: Purchase
13:22:41.659:	page count is: 97
13:22:41.659:	method goToSidemenuPage(TransactionHistory) is called.
13:22:41.659:	method findCurrentPage(0) is called.
13:22:42.159:	
13:22:42.303:	Current page is: Purchase
13:22:42.303:	method clickOnPage(Purchase, TransactionHistory, [Ljava.lang.String;@123be6c) is called.
13:22:42.303:	method findCurrentPage(0) is called.
13:22:42.804:	
13:22:42.940:	Current page is: Purchase
13:22:46.045:	Current page is: TransactionHistory
13:22:46.045:	page count is: 62
13:22:46.046:	The method "test()" are called
13:22:46.459:	Current page is: TransactionHistory
13:22:46.460:	page count is: 63
13:22:46.460:	The method "test()" are called
13:22:46.666:	The method "clickButton()" are called
13:22:46.911:	The method "waitUntilPage()" are called
13:22:48.710:	Current page is: TransactionDetails
13:22:48.710:	page count is: 35
13:22:48.710:	The method "test()" are called
13:22:49.306:	Current page is: TransactionDetails
13:22:49.306:	page count is: 36
13:22:49.308:	The method "test()" are called
13:22:49.461:	The method "test()" are called
13:22:49.624:	The method "test()" are called
13:22:49.796:	The method "test()" are called
13:22:49.956:	The method "test()" are called
13:22:50.117:	The method "clickButton()" are called
13:22:50.300:	The method "login()" are called
13:22:50.300:	method login(1) is called.
13:22:51.300:	method enterNumPadOK (123456) is called.
13:22:51.300:	method enterNumPad (123456) is called.
13:22:51.300:	Number to be entered is: 123456
13:22:55.344:	<font color='grey'>User Authentication performed.</font>
13:22:55.344:	The method "waitUntilPage()" are called
13:22:57.800:	Current page is: EnterRefundAmount
13:22:57.800:	page count is: 9
13:22:57.800:	The method "test()" are called
13:22:58.471:	Current page is: EnterRefundAmount
13:22:58.471:	page count is: 10
13:22:58.471:	The method "clickButton()" are called
13:22:58.581:	The method "waitUntilPage()" are called
13:23:05.771:	Current page is: 
13:23:06.332:	Current page is: Signature
13:23:06.332:	page count is: 5
13:23:06.833:	The method "logComment()" are called
13:23:06.833:	<font color='grey'>Making Signature</font>
13:23:06.833:	The method "sign()" are called
13:23:06.833:	starting to tap SignatureSignArea
13:23:07.032:	driver type Android not implemented for this function.
13:23:07.032:	starting to swipe SignatureSignArea, SignatureConfirm
13:23:07.629:	driver type Android not implemented for this function.
13:23:07.629:	The method "clickButton()" are called
13:23:07.765:	The method "waitUntilPage()" are called
13:23:11.200:	Current page is: PurchaseResult
13:23:11.200:	page count is: 23
13:23:11.200:	The method "clickButton()" are called
13:23:11.348:	The method "waitUntilPage()" are called
13:23:18.357:	Current page is: 
13:23:18.476:	Current page is: Purchase
13:23:18.476:	page count is: 100
13:23:18.977:	The method "reachPage()" are called
13:23:18.977:	method reachPage(GP, TransactionHistory) is called.
13:23:18.977:	method reachPage(GP, Purchase) is called.
13:23:19.086:	method goToSidemenuPage(Purchase) is called.
13:23:19.086:	method findCurrentPage(0) is called.
13:23:19.587:	
13:23:19.768:	Current page is: Purchase
13:23:19.768:	method goToSidemenuPage(TransactionHistory) is called.
13:23:19.768:	method findCurrentPage(0) is called.
13:23:20.269:	
13:23:20.416:	Current page is: Purchase
13:23:20.416:	method clickOnPage(Purchase, TransactionHistory, [Ljava.lang.String;@121852b) is called.
13:23:20.416:	method findCurrentPage(0) is called.
13:23:20.916:	
13:23:21.049:	Current page is: Purchase
13:23:24.689:	Current page is: TransactionHistory
13:23:24.689:	page count is: 64
13:23:24.689:	The method "test()" are called
13:23:25.101:	Current page is: TransactionHistory
13:23:25.101:	page count is: 65
13:23:25.101:	The method "test()" are called
13:23:25.326:	The method "clickButton()" are called
13:23:25.588:	The method "waitUntilPage()" are called
13:23:27.261:	Current page is: TransactionDetails
13:23:27.261:	page count is: 37
13:23:27.261:	The method "test()" are called
13:23:27.729:	Current page is: TransactionDetails
13:23:27.729:	page count is: 38
13:23:27.729:	The method "test()" are called
13:23:27.995:	The method "test()" are called
13:23:28.153:	The method "test()" are called
13:23:28.308:	The method "test()" are called
13:23:28.463:	The method "test()" are called
13:23:28.630:	The method "logComment()" are called
13:23:28.630:	<font color='grey'>Refund testing completed.</font>
13:23:28.630:	The method "clickButton()" are called
13:23:28.827:	The method "login()" are called
13:23:28.827:	method login(1) is called.
13:23:29.827:	method enterNumPadOK (123456) is called.
13:23:29.827:	method enterNumPad (123456) is called.
13:23:29.827:	Number to be entered is: 123456
13:23:34.012:	<font color='grey'>User Authentication performed.</font>
13:23:34.012:	The method "waitUntilPage()" are called
13:23:37.005:	Current page is: PurchaseResult
13:23:37.006:	page count is: 24
13:23:37.006:	The method "test()" are called
13:23:37.970:	Current page is: PurchaseResult
13:23:37.970:	page count is: 25
13:23:37.970:	The method "test()" are called
13:23:38.160:	The method "clickButton()" are called
13:23:38.362:	The method "waitUntilPage()" are called
13:23:39.884:	Current page is: TransactionHistory
13:23:39.884:	page count is: 66
13:23:39.884:	The method "test()" are called
13:23:40.297:	Current page is: TransactionHistory
13:23:40.297:	page count is: 67
13:23:40.298:	The method "test()" are called
13:23:40.523:	The method "clickButton()" are called
13:23:40.782:	The method "waitUntilPage()" are called
13:23:42.599:	Current page is: TransactionDetails
13:23:42.599:	page count is: 39
13:23:42.599:	The method "test()" are called
13:23:43.301:	Current page is: TransactionDetails
13:23:43.301:	page count is: 40
13:23:43.301:	The method "test()" are called
13:23:43.499:	The method "test()" are called
13:23:43.679:	The method "test()" are called
13:23:43.846:	The method "test()" are called
13:23:44.021:	The method "test()" are called
13:23:44.169:	The method "clickButton()" are called
13:23:44.365:	The method "waitUntilPage()" are called
13:23:45.741:	Current page is: TransactionHistory
13:23:45.741:	page count is: 68
13:23:45.741:	The method "reachPage()" are called
13:23:45.741:	method reachPage(GP, Purchase) is called.
13:23:45.934:	method goToSidemenuPage(Purchase) is called.
13:23:45.934:	method findCurrentPage(0) is called.
13:23:46.435:	
13:23:46.857:	Current page is: TransactionHistory
13:23:46.857:	method clickOnPage(TransactionHistory, Purchase, [Ljava.lang.String;@9aeac1) is called.
13:23:46.857:	method findCurrentPage(0) is called.
13:23:47.357:	
13:23:47.785:	Current page is: TransactionHistory
13:23:50.500:	Current page is: Purchase
13:23:50.500:	page count is: 104
13:23:50.500:	The method "test()" are called
13:23:50.624:	Current page is: Purchase
13:23:50.624:	page count is: 105
13:23:50.624:	<font color='blue'>Test Case: TS_8&TS_9 completed.</font>
13:23:50.625:	-----------------------------------<br>
