---------Start of logs---------
14:15:28.133:	The method "logComment()" are called
14:15:28.133:	<font color='grey'>Start of refund and void refund testing - please have SUCCESS testing card placed at the back of device!</font>
14:15:28.134:	The method "logComment()" are called
14:15:28.134:	<font color='grey'>This case assumes the app starts from the Purchase page.</font>
14:15:28.134:	The method "launch()" are called
14:15:28.134:	method launch (120) is called.
14:15:28.134:	method launch (CBA, 120) is called.
14:15:28.134:	method findCurrentPage(120) is called.
14:15:28.635:	
14:15:31.909:	Current page is: MerchantSignIn
14:15:31.909:	method merchantSignin (005040100000004) is called.
14:15:33.440:	method findCurrentPage(120) is called.
14:15:33.941:	
14:15:40.940:	Current page is: 
14:15:40.940:	This page  is not recognized.
14:15:40.940:	method findCurrentPage(120) is called.
14:15:41.442:	
14:15:43.550:	Current page is: MerchantPassword
14:15:43.550:	method merchantPassword (hWE[v{1F) is called.
14:15:44.915:	method findCurrentPage(120) is called.
14:15:45.416:	
14:15:48.586:	Current page is: SignInSelection
14:15:48.742:	method findCurrentPage(120) is called.
14:15:49.242:	
14:15:51.129:	Current page is: EnterPIN
14:15:51.129:	<font color='grey'>App launched and awaiting for login.</font>
14:15:51.129:	The method "login()" are called
14:15:51.130:	method login(1) is called.
14:15:52.131:	method enterNumPadOK (123456) is called.
14:15:52.131:	method enterNumPad (123456) is called.
14:15:52.131:	Number to be entered is: 123456
14:15:57.104:	<font color='grey'>User Authentication performed.</font>
14:15:57.104:	The method "waitUntilPage()" are called
14:16:08.436:	Current page is: 
14:16:08.571:	Current page is: Purchase
14:16:08.571:	page count is: 534
14:16:09.071:	The method "reachPage()" are called
14:16:09.071:	method reachPage(GP, SettingsTerminal) is called.
14:16:09.071:	method reachPage(GP, Purchase) is called.
14:16:09.159:	method goToSidemenuPage(Purchase) is called.
14:16:09.159:	method findCurrentPage(0) is called.
14:16:09.660:	
14:16:09.777:	Current page is: Purchase
14:16:09.777:	method findCurrentPage(0) is called.
14:16:10.277:	
14:16:10.434:	Current page is: Purchase
14:16:11.708:	method login(1) is called.
14:16:12.709:	method enterNumPadOK (123456) is called.
14:16:12.709:	method enterNumPad (123456) is called.
14:16:12.709:	Number to be entered is: 123456
14:16:17.043:	<font color='grey'>User Authentication performed.</font>
14:16:18.889:	Current page is: SettingsTerminal
14:16:18.889:	page count is: 95
14:16:18.889:	The method "setBooleanValue(no)" are called
14:16:19.174:	The method "setBooleanValue(no)" are called
14:16:19.294:	exception caught during click, failed to find SettingsTerminalAddTipValue
14:16:19.294:	The method "setBooleanValue(no)" are called
14:16:19.955:	The method "reachPage()" are called
14:16:19.955:	method reachPage(GP, Purchase) is called.
14:16:20.596:	method goToSidemenuPage(Purchase) is called.
14:16:20.596:	method findCurrentPage(0) is called.
14:16:21.097:	
14:16:21.345:	Current page is: SettingsTerminal
14:16:21.345:	method clickOnPage(SettingsTerminal, Purchase, [Ljava.lang.String;@174a715) is called.
14:16:21.345:	method findCurrentPage(0) is called.
14:16:21.846:	
14:16:22.054:	Current page is: SettingsTerminal
14:16:24.634:	Current page is: Purchase
14:16:24.634:	page count is: 537
14:16:24.634:	The method "singlePurchase()" are called
14:16:24.634:	method singlePurchase(1400, no, , no, ) is called.
14:16:24.634:	method findCurrentPage(1) is called.
14:16:25.134:	
14:16:25.294:	Current page is: Purchase
14:16:25.294:	method enterPurchaseAmount(1400) is called.
14:16:25.294:	method enterNumPadOK (1400) is called.
14:16:25.294:	method enterNumPad (1400) is called.
14:16:25.295:	Number to be entered is: 1400
14:16:27.963:	method findCurrentPage(1) is called.
14:16:28.463:	
14:16:30.510:	Current page is: TapToPay
14:16:30.510:	waiting for card tap
14:16:30.510:	method findCurrentPage(1) is called.
14:16:31.011:	
14:16:31.630:	Current page is: TapToPay
14:16:31.630:	waiting for card tap
14:16:31.630:	method findCurrentPage(1) is called.
14:16:32.131:	
14:16:33.565:	Current page is: TapToPay
14:16:33.565:	waiting for card tap
14:16:33.565:	method findCurrentPage(1) is called.
14:16:34.066:	
14:16:34.601:	Current page is: TapToPay
14:16:34.601:	waiting for card tap
14:16:34.601:	method findCurrentPage(1) is called.
14:16:35.102:	
14:16:35.626:	Current page is: TapToPay
14:16:35.626:	waiting for card tap
14:16:35.626:	method findCurrentPage(1) is called.
14:16:36.127:	
14:16:36.597:	Current page is: TapToPay
14:16:36.597:	waiting for card tap
14:16:36.598:	method findCurrentPage(1) is called.
14:16:37.099:	
14:16:37.695:	Current page is: TapToPay
14:16:37.695:	waiting for card tap
14:16:37.695:	method findCurrentPage(1) is called.
14:16:38.196:	
14:16:39.585:	Current page is: TapToPay
14:16:39.585:	waiting for card tap
14:16:39.585:	method findCurrentPage(1) is called.
14:16:40.086:	
14:16:41.427:	Current page is: TapToPay
14:16:41.427:	waiting for card tap
14:16:41.428:	The method "test()" are called
14:16:42.526:	Current page is: TapToPay
14:16:42.526:	page count is: 45
14:16:42.528:	The method "test()" are called
14:16:42.616:	The method "clickButton()" are called
14:16:42.717:	exception caught during button click, failed to find PurchaseResultNoReceipt
14:16:42.717:	The method "waitUntilPage()" are called
14:16:44.397:	Current page is: TapToPay
14:16:44.397:	page count is: 46
14:16:45.440:	Current page is: TapToPay
14:16:45.440:	page count is: 47
14:16:47.421:	Current page is: TapToPay
14:16:47.421:	page count is: 48
14:16:48.733:	Current page is: TapToPay
14:16:48.733:	page count is: 49
14:16:50.444:	Current page is: TapToPay
14:16:50.444:	page count is: 50
14:16:51.706:	Current page is: TapToPay
14:16:51.706:	page count is: 51
