---------Start of logs---------
10:23:29.429:	writeElement is called<br>
10:23:29.430:	method get (ActivatingSecureElement) is called.<br>
10:23:29.430:	weight is: 0<br>
10:23:29.430:	method get (AllowBatterySettingsChange) is called.<br>
10:23:29.430:	weight is: 0<br>
10:23:29.430:	method get (AllowTimeoutSettingsChange) is called.<br>
10:23:29.430:	weight is: 9<br>
10:23:29.430:	method get (AndroidAlert) is called.<br>
10:23:29.430:	weight is: 0<br>
10:23:29.430:	method get (AndroidDeviceSettings) is called.<br>
10:23:29.430:	weight is: 1<br>
10:23:29.433:	method get (EnterPIN) is called.<br>
10:23:29.433:	weight is: 4<br>
10:23:29.433:	method get (MerchantPassword) is called.<br>
10:23:29.433:	weight is: 1<br>
10:23:29.434:	method get (MerchantSignIn) is called.<br>
10:23:29.434:	weight is: 1<br>
10:23:29.434:	method get (NoNetworkConnection) is called.<br>
10:23:29.434:	weight is: 0<br>
10:23:29.434:	method get (ProvisionUpdateComplete) is called.<br>
10:23:29.434:	weight is: 0<br>
10:23:29.434:	method get (PurchaseDescription) is called.<br>
10:23:29.434:	weight is: 0<br>
10:23:29.434:	method get (SettingsAdvanced) is called.<br>
10:23:29.434:	weight is: 0<br>
10:23:29.435:	method get (SettingsTerminal) is called.<br>
10:23:29.435:	weight is: 21<br>
10:23:29.436:	method get (SignInSelection) is called.<br>
10:23:29.437:	weight is: 4<br>
10:23:29.437:	method get (PurchaseResult) is called.<br>
10:23:29.437:	weight is: 2<br>
10:23:29.438:	method get (UpdateRequired) is called.<br>
10:23:29.438:	weight is: 0<br>
10:23:29.438:	method get (ConnectionErrorDuringProvision) is called.<br>
10:23:29.438:	weight is: 0<br>
10:23:29.439:	method get (PleaseRestartYourPhone) is called.<br>
10:23:29.439:	weight is: 0<br>
10:23:29.440:	method get (UpdatingSecureElement) is called.<br>
10:23:29.440:	weight is: 0<br>
10:23:29.440:	method get (TermsAndConditions) is called.<br>
10:23:29.440:	weight is: 0<br>
10:23:29.440:	method get (ContactUs) is called.<br>
10:23:29.440:	weight is: 0<br>
10:23:29.441:	method get (UserManagement) is called.<br>
10:23:29.441:	weight is: 0<br>
10:23:29.442:	method get (EditUser) is called.<br>
10:23:29.442:	weight is: 0<br>
10:23:29.444:	method get (DeleteUserConfirmation) is called.<br>
10:23:29.444:	weight is: 0<br>
10:23:29.444:	method get (AddNewUser) is called.<br>
10:23:29.444:	weight is: 0<br>
10:23:29.446:	method get (UserCreated) is called.<br>
10:23:29.446:	weight is: 0<br>
10:23:29.446:	method get (TransactionReports) is called.<br>
10:23:29.446:	weight is: 0<br>
10:23:29.448:	method get (TransactionHistory) is called.<br>
10:23:29.448:	weight is: 5<br>
10:23:29.449:	method get (NewTagScanned) is called.<br>
10:23:29.449:	weight is: 0<br>
10:23:29.450:	method get (Purchase) is called.<br>
10:23:29.450:	weight is: 45<br>
10:23:29.452:	method get (TapToPay) is called.<br>
10:23:29.452:	weight is: 4<br>
10:23:29.453:	method get (CardNotSupported) is called.<br>
10:23:29.453:	weight is: 0<br>
10:23:29.453:	method get (EmailReceiptForPurchase) is called.<br>
10:23:29.453:	weight is: 0<br>
10:23:29.455:	method get (ReceiptSentConfirmation) is called.<br>
10:23:29.455:	weight is: 0<br>
10:23:29.455:	method get (ProcessingPayment) is called.<br>
10:23:29.455:	weight is: 2<br>
10:23:29.456:	method get (PurchaseNotCompleted) is called.<br>
10:23:29.456:	weight is: 0<br>
10:23:29.456:	method get (SetTipDuringPurchase) is called.<br>
10:23:29.456:	weight is: 0<br>
10:23:29.458:	method get (AddTip) is called.<br>
10:23:29.458:	weight is: 0<br>
10:23:29.460:	method get (CreateNewPassword) is called.<br>
10:23:29.460:	weight is: 0<br>
10:23:29.462:	method get (EnterNewPIN) is called.<br>
10:23:29.462:	weight is: 0<br>
10:23:29.462:	method get (ConfirmNewPIN) is called.<br>
10:23:29.462:	weight is: 0<br>
10:23:29.462:	method get (CancelTransaction) is called.<br>
10:23:29.462:	weight is: 3<br>
10:23:29.465:	method get (PurchaseTimedOut) is called.<br>
10:23:29.465:	weight is: 0<br>
10:23:29.465:	method get (TransactionSearch) is called.<br>
10:23:29.465:	weight is: 0<br>
10:23:29.468:	method get (TransactionDetails) is called.<br>
10:23:29.468:	weight is: 2<br>
10:23:29.469:	method get (AccountLocked) is called.<br>
10:23:29.469:	weight is: 0<br>
10:23:29.471:	method get (ForgotPIN) is called.<br>
10:23:29.471:	weight is: 0<br>
10:23:29.471:	method get (ResetPIN) is called.<br>
10:23:29.471:	weight is: 0<br>
10:23:29.473:	method get (InvalidCredentials) is called.<br>
10:23:29.473:	weight is: 0<br>
10:23:29.474:	method get (VoidProcessingPayment) is called.<br>
10:23:29.474:	weight is: 0<br>
10:23:29.475:	method get (SecurityImage) is called.<br>
10:23:29.475:	weight is: 0<br>
10:23:29.476:	method get (ProvisionActivateComplete) is called.<br>
10:23:29.476:	weight is: 0<br>
10:23:29.477:	method get (PaymentAcceptanceSetup) is called.<br>
10:23:29.477:	weight is: 0<br>
10:23:29.479:	method get (DatePicker) is called.<br>
10:23:29.479:	weight is: 0<br>
10:23:29.480:	method get (ReportSentConfirmation) is called.<br>
10:23:29.481:	weight is: 0<br>
10:23:29.481:	method get (EnterOldPIN) is called.<br>
10:23:29.481:	weight is: 0<br>
10:23:29.481:	method get (PINUpdated) is called.<br>
10:23:29.481:	weight is: 0<br>
10:23:29.483:	method get (TransactionSearchResult) is called.<br>
10:23:29.483:	weight is: 0<br>
10:23:29.483:	method get (Signature) is called.<br>
10:23:29.483:	weight is: 0<br>
10:23:29.484:	.\src\Testcase configuration\Element Config\app elements - CBA Pre-Prod Debug.csvhas been read.<br>
10:23:29.486:	.\src\Testcase configuration\Element Config\app elements - CBA Pre-Prod Debug.csvhas been written.<br>
10:23:29.727:	reportHeader is: <!DOCTYPE html PUBLIC "-//W3C//DTD XHTML 1.1//EN" "http://www.w3.org/TR/xhtml11/DTD/xhtml11.dtd">
<html xmlns="http://www.w3.org/1999/xhtml">
<head>
<meta http-equiv="content-type" content="text/html; charset=UTF-8"/>
<title>Mobeewave Automation Report</title>
<style type="text/css">table {margin-bottom:10px;border-collapse:collapse;empty-cells:show}th,td {border:1px solid #009;padding:.25em .5em}th {vertical-align:bottom}td {vertical-align:top}table a {font-weight:bold}.stripe td {background-color: #E6EBF9}.num {text-align:right}.passedodd td {background-color: #3F3}.passedeven td {background-color: #0A0}.skippedodd td {background-color: #DDD}.skippedeven td {background-color: #CCC}.failedodd td,.attn {background-color: #F33}.failedeven td,.stripe .attn {background-color: #D00}.stacktrace {white-space:pre;font-family:monospace}.totop {font-size:85%;text-align:center;border-bottom:2px solid #000}.invisible {display:none}</style>
</head>
<body>
<table>
<tr><th colspan="7">Test Statistics</th></tr>
<tr><td><a href="#t0">Default test</a></td><td class="num">18,571</td></tr>
</table>
<h2>Default test</h2>
<table class="result"><tr><th>Result</th></tr><tr><td><div class="stacktrace"><br>
10:23:29.727:	reportFooter is: </div></td></tr></table><p class="totop"><a href="#summary">back to summary</a></p>
</body>
</html><br>
10:23:29.727:	reportContent is: <font color='grey'>Start of base purchase cancellation - please make sure NO card is placed behind the device!</font>
<font color='grey'>App launched and awaiting for login.</font>
<font color='grey'>User Authentication performed.</font>
<font color='grey'>User Authentication performed.</font>
Current page is equal to Purchase, <font color='green'>test passed</font>.<br>
<font color='blue'>Test Case: TS_5 completed.</font>
-----------------------------------<br>
<font color='grey'>Start of base purchase cancellation - please make sure NO card is placed behind the device!</font>
<font color='grey'>This case assumes the app starts from the Purchase page.</font>
<font color='grey'>User Authentication performed.</font>
<font color='grey'>User Authentication performed.</font>
Current page is equal to Purchase, <font color='green'>test passed</font>.<br>
<font color='blue'>Test Case: TS_6 completed.</font>
-----------------------------------<br>
<br>
