---------Start of logs---------
11:46:18.784:	The method "logComment()" are called
11:46:18.784:	<font color='grey'>Start of base purchase test case - please have SUCCESS testing card placed at the back of device!</font>
11:46:18.784:	The method "launch()" are called
11:46:18.784:	method launch (120) is called.
11:46:18.784:	method launch (CBA, 120) is called.
11:46:18.784:	method findCurrentPage(120) is called.
11:46:19.284:	
11:46:22.806:	Current page is: MerchantSignIn
11:46:22.806:	method merchantSignin (taoye67890123008) is called.
11:46:24.377:	driverType Androidnot implemented for this method
11:46:24.378:	method findCurrentPage(120) is called.
11:46:24.879:	
11:46:32.339:	Current page is: 
11:46:32.339:	This page  is not recognized.
11:46:32.339:	method findCurrentPage(120) is called.
11:46:32.840:	
11:46:38.235:	Current page is: 
11:46:38.235:	This page  is not recognized.
11:46:38.235:	method findCurrentPage(120) is called.
11:46:38.736:	
11:46:44.729:	Current page is: 
11:46:44.729:	This page  is not recognized.
11:46:44.729:	method findCurrentPage(120) is called.
11:46:45.230:	
11:46:51.369:	Current page is: 
11:46:51.369:	This page  is not recognized.
11:46:51.369:	method findCurrentPage(120) is called.
11:46:51.870:	
11:46:58.356:	Current page is: 
11:46:58.356:	This page  is not recognized.
11:46:58.356:	method findCurrentPage(120) is called.
11:46:58.856:	
11:47:06.226:	Current page is: 
11:47:06.226:	This page  is not recognized.
11:47:06.227:	method findCurrentPage(120) is called.
11:47:06.727:	
11:47:12.095:	Current page is: 
11:47:12.096:	This page  is not recognized.
11:47:12.096:	method findCurrentPage(120) is called.
11:47:12.597:	
11:47:17.600:	Current page is: 
11:47:17.600:	This page  is not recognized.
11:47:17.600:	method findCurrentPage(120) is called.
11:47:18.101:	
11:47:26.608:	Current page is: 
11:47:26.608:	This page  is not recognized.
11:47:26.608:	method findCurrentPage(120) is called.
11:47:27.109:	
11:47:37.092:	Current page is: 
11:47:37.092:	This page  is not recognized.
11:47:37.092:	method findCurrentPage(120) is called.
11:47:37.593:	
11:47:43.173:	Current page is: 
11:47:43.173:	This page  is not recognized.
11:47:43.173:	method findCurrentPage(120) is called.
11:47:43.675:	
11:47:49.798:	Current page is: 
11:47:49.799:	This page  is not recognized.
11:47:49.799:	method findCurrentPage(120) is called.
11:47:50.300:	
