---------Start of logs---------
12:00:08.264:	The method "logComment()" are called
12:00:08.264:	<font color='grey'>Start of base purchase test case - please have SUCCESS testing card placed at the back of device!</font>
12:00:08.264:	The method "launch()" are called
12:00:08.264:	method launch (120) is called.
12:00:08.264:	method launch (CBA, 120) is called.
12:00:08.264:	method findCurrentPage(120) is called.
12:00:08.765:	
12:00:17.710:	Current page is: 
12:00:17.710:	This page  is not recognized.
12:00:17.710:	method findCurrentPage(120) is called.
12:00:18.212:	
12:00:23.623:	Current page is: 
12:00:23.623:	This page  is not recognized.
12:00:23.624:	method findCurrentPage(120) is called.
12:00:24.124:	
12:00:30.096:	Current page is: 
12:00:30.097:	This page  is not recognized.
12:00:30.097:	method findCurrentPage(120) is called.
12:00:30.598:	
