---------Start of logs---------
13:49:18.469:	The method "logComment()" are called
13:49:18.470:	<font color='grey'>Start of base purchase test case - please have SUCCESS testing card placed at the back of device!</font>
13:49:18.470:	The method "launch()" are called
13:49:18.470:	method launch (120) is called.
13:49:18.470:	method launch (CBA, 120) is called.
13:49:18.470:	method findCurrentPage(120) is called.
13:49:18.970:	
13:49:22.202:	Current page is: MerchantSignIn
13:49:22.202:	method merchantSignin (taoyenbc90123101) is called.
13:49:23.753:	method findCurrentPage(120) is called.
13:49:24.254:	
13:49:32.004:	Current page is: 
13:49:32.004:	This page  is not recognized.
13:49:32.004:	method findCurrentPage(120) is called.
13:49:32.504:	
13:49:34.200:	Current page is: MerchantPassword
13:49:34.200:	method merchantPassword (WU-Au*5J) is called.
13:49:35.540:	method findCurrentPage(120) is called.
13:49:36.041:	
13:49:38.663:	Current page is: EnterPIN
13:49:38.663:	<font color='grey'>App launched and awaiting for login.</font>
13:49:38.663:	The method "login()" are called
13:49:38.664:	method login(1) is called.
13:49:39.664:	method enterNumPadOK (123456) is called.
13:49:39.664:	method enterNumPad (123456) is called.
13:49:39.664:	Number to be entered is: 123456
13:49:43.895:	<font color='grey'>User Authentication performed.</font>
13:49:43.895:	The method "waitUntilPage()" are called
13:49:55.113:	Current page is: 
13:49:55.239:	Current page is: Purchase
13:49:55.239:	page count is: 534
13:49:55.739:	The method "reachPage()" are called
13:49:55.739:	method reachPage(GP, SettingsTerminal) is called.
13:49:55.739:	method reachPage(GP, Purchase) is called.
13:49:55.875:	method goToSidemenuPage(Purchase) is called.
13:49:55.875:	method findCurrentPage(0) is called.
13:49:56.376:	
13:49:56.566:	Current page is: Purchase
13:49:56.566:	method findCurrentPage(0) is called.
13:49:57.067:	
13:49:57.214:	Current page is: Purchase
13:49:58.446:	method login(1) is called.
13:49:59.447:	method enterNumPadOK (123456) is called.
13:49:59.447:	method enterNumPad (123456) is called.
13:49:59.447:	Number to be entered is: 123456
13:50:03.752:	<font color='grey'>User Authentication performed.</font>
13:50:05.539:	Current page is: SettingsTerminal
13:50:05.539:	page count is: 95
13:50:05.539:	The method "setBooleanValue(no)" are called
13:50:05.809:	The method "setBooleanValue(no)" are called
13:50:06.358:	The method "setBooleanValue(no)" are called
13:50:06.625:	The method "reachPage()" are called
13:50:06.625:	method reachPage(GP, Purchase) is called.
13:50:07.282:	method goToSidemenuPage(Purchase) is called.
13:50:07.282:	method findCurrentPage(0) is called.
13:50:07.783:	
13:50:08.038:	Current page is: SettingsTerminal
13:50:08.039:	method clickOnPage(SettingsTerminal, Purchase, [Ljava.lang.String;@e0d4a8) is called.
13:50:08.039:	method findCurrentPage(0) is called.
13:50:08.539:	
13:50:08.805:	Current page is: SettingsTerminal
13:50:11.465:	Current page is: Purchase
13:50:11.465:	page count is: 537
13:50:11.465:	The method "singlePurchase()" are called
13:50:11.465:	method singlePurchase(1000, no, , no, ) is called.
13:50:11.465:	method findCurrentPage(1) is called.
13:50:11.965:	
13:50:12.101:	Current page is: Purchase
13:50:12.101:	method enterPurchaseAmount(1000) is called.
13:50:12.101:	method enterNumPadOK (1000) is called.
13:50:12.101:	method enterNumPad (1000) is called.
13:50:12.102:	Number to be entered is: 1000
13:50:14.778:	method findCurrentPage(1) is called.
13:50:15.279:	
13:50:17.221:	Current page is: TapToPay
13:50:17.221:	waiting for card tap
13:50:17.221:	method findCurrentPage(1) is called.
13:50:17.721:	
13:50:26.113:	Current page is: 
13:50:26.114:	reached an unrecognized page: 
13:50:26.114:	exception caught during button click, failed to find NoNetworkConnectionretry
13:50:26.114:	method findCurrentPage(1) is called.
13:50:26.614:	
13:50:27.239:	Current page is: PurchaseResult
13:50:27.239:	<font color='grey'>Transaction is made, Processing time is: 10 seconds.</font>
13:50:27.239:	The method "test()" are called
13:50:27.843:	Current page is: PurchaseResult
13:50:27.843:	page count is: 20
13:50:27.844:	The method "test()" are called
13:50:28.002:	The method "clickButton()" are called
13:50:28.167:	The method "waitUntilPage()" are called
13:50:34.972:	Current page is: 
13:50:35.084:	Current page is: Purchase
13:50:35.084:	page count is: 539
13:50:35.585:	The method "test()" are called
13:50:35.738:	Current page is: Purchase
13:50:35.738:	page count is: 540
13:50:35.738:	The method "reachPage()" are called
13:50:35.738:	method reachPage(GP, TransactionHistory) is called.
13:50:35.738:	method reachPage(GP, Purchase) is called.
13:50:35.836:	method goToSidemenuPage(Purchase) is called.
13:50:35.836:	method findCurrentPage(0) is called.
13:50:36.337:	
13:50:36.455:	Current page is: Purchase
13:50:36.455:	method goToSidemenuPage(TransactionHistory) is called.
13:50:36.455:	method findCurrentPage(0) is called.
13:50:36.955:	
13:50:37.085:	Current page is: Purchase
13:50:37.085:	method clickOnPage(Purchase, TransactionHistory, [Ljava.lang.String;@1c8f6e8) is called.
13:50:37.085:	method findCurrentPage(0) is called.
13:50:37.586:	
13:50:37.736:	Current page is: Purchase
13:50:41.687:	Current page is: TransactionHistory
13:50:41.687:	page count is: 29
13:50:41.687:	The method "test()" are called
13:50:43.079:	Current page is: TransactionHistory
13:50:43.079:	page count is: 30
13:50:43.080:	The method "test()" are called
13:50:43.313:	The method "clickButton()" are called
13:50:43.535:	The method "waitUntilPage()" are called
13:50:45.513:	Current page is: TransactionDetails
13:50:45.513:	page count is: 17
13:50:45.513:	The method "test()" are called
13:50:46.357:	Current page is: TransactionDetails
13:50:46.357:	page count is: 18
13:50:46.357:	The method "test()" are called
13:50:46.493:	The method "test()" are called
13:50:46.633:	The method "test()" are called
13:50:46.779:	The method "test()" are called
13:50:46.923:	The method "test()" are called
13:50:47.042:	The method "test()" are called
13:50:47.154:	The method "clickButton()" are called
13:50:47.303:	The method "waitUntilPage()" are called
13:50:49.252:	Current page is: TransactionHistory
13:50:49.252:	page count is: 31
13:50:49.252:	The method "reachPage()" are called
13:50:49.252:	method reachPage(GP, Purchase) is called.
13:50:49.410:	method goToSidemenuPage(Purchase) is called.
13:50:49.411:	method findCurrentPage(0) is called.
13:50:49.912:	
13:50:50.601:	Current page is: TransactionHistory
13:50:50.601:	method clickOnPage(TransactionHistory, Purchase, [Ljava.lang.String;@1fed1ec) is called.
13:50:50.601:	method findCurrentPage(0) is called.
13:50:51.101:	
13:50:51.771:	Current page is: TransactionHistory
13:50:54.486:	Current page is: Purchase
13:50:54.486:	page count is: 544
13:50:54.486:	The method "test()" are called
13:50:54.582:	Current page is: Purchase
13:50:54.583:	page count is: 545
13:50:54.583:	<font color='blue'>Test Case: TS_1 completed.</font>
13:50:54.583:	-----------------------------------<br>
13:50:54.583:	The method "logComment()" are called
13:50:54.583:	<font color='grey'>Start of base purchase with tips/desription/email receipt - please have SUCCESS testing card placed at the back of device!</font>
13:50:54.583:	The method "logComment()" are called
13:50:54.583:	<font color='grey'>This case assumes the app starts from the Purchase page.</font>
13:50:54.583:	The method "reachPage()" are called
13:50:54.583:	method reachPage(GP, SettingsTerminal) is called.
13:50:54.583:	method reachPage(GP, Purchase) is called.
13:50:54.647:	method goToSidemenuPage(Purchase) is called.
13:50:54.647:	method findCurrentPage(0) is called.
13:50:55.148:	
13:50:55.267:	Current page is: Purchase
13:50:55.267:	method findCurrentPage(0) is called.
13:50:55.769:	
13:50:55.917:	Current page is: Purchase
13:50:57.112:	method login(1) is called.
13:50:58.113:	method enterNumPadOK (123456) is called.
13:50:58.113:	method enterNumPad (123456) is called.
13:50:58.113:	Number to be entered is: 123456
13:51:02.303:	<font color='grey'>User Authentication performed.</font>
13:51:04.049:	Current page is: SettingsTerminal
13:51:04.049:	page count is: 98
13:51:04.049:	The method "setBooleanValue(no)" are called
13:51:04.164:	The method "setBooleanValue(yes)" are called
13:51:04.418:	The method "setBooleanValue(yes)" are called
13:51:05.329:	The method "reachPage()" are called
13:51:05.329:	method reachPage(GP, Purchase) is called.
13:51:05.971:	method goToSidemenuPage(Purchase) is called.
13:51:05.971:	method findCurrentPage(0) is called.
13:51:06.471:	
13:51:06.729:	Current page is: SettingsTerminal
13:51:06.729:	method clickOnPage(SettingsTerminal, Purchase, [Ljava.lang.String;@1ad4f71) is called.
13:51:06.729:	method findCurrentPage(0) is called.
13:51:07.230:	
13:51:07.464:	Current page is: SettingsTerminal
13:51:10.130:	Current page is: Purchase
13:51:10.130:	page count is: 548
13:51:10.130:	The method "singlePurchase(9999)" are called
13:51:10.130:	method singlePurchase(1100, Total, 9999, yes, This is a purchase description test.) is called.
13:51:10.130:	method findCurrentPage(1) is called.
13:51:10.630:	
13:51:10.997:	Current page is: Purchase
13:51:10.997:	method enterPurchaseAmount(1100) is called.
13:51:10.997:	method enterNumPadOK (1100) is called.
13:51:10.997:	method enterNumPad (1100) is called.
13:51:10.998:	Number to be entered is: 1100
13:51:13.651:	method findCurrentPage(1) is called.
13:51:14.151:	
13:51:16.855:	Current page is: PurchaseDescription
13:51:18.427:	method findCurrentPage(1) is called.
13:51:18.927:	
13:51:22.553:	Current page is: SetTipDuringPurchase
13:51:22.553:	method setTipType(Total, 9999) is called.
13:51:22.677:	method findCurrentPage(1) is called.
13:51:23.178:	
13:51:29.963:	Current page is: AddTip
13:51:29.963:	method setTipValue(Total, 9999) is called.
13:51:30.083:	method enterNumPadOK (9999) is called.
13:51:30.083:	method enterNumPad (9999) is called.
13:51:30.083:	Number to be entered is: 9999
13:51:33.398:	method findCurrentPage(1) is called.
13:51:33.899:	
13:51:42.602:	Current page is: 
13:51:42.602:	reached an unrecognized page: 
13:51:42.602:	exception caught during button click, failed to find NoNetworkConnectionretry
13:51:42.602:	method findCurrentPage(1) is called.
13:51:43.103:	
13:51:43.605:	Current page is: PurchaseResult
13:51:43.605:	<font color='grey'>Transaction is made, Processing time is: 33 seconds.</font>
13:51:43.605:	The method "test()" are called
13:51:44.022:	Current page is: PurchaseResult
13:51:44.022:	page count is: 22
13:51:44.022:	The method "test()" are called
13:51:44.120:	The method "test()" are called
13:51:44.219:	The method "clickButton()" are called
13:51:44.344:	The method "waitUntilPage()" are called
