---------Start of logs---------
14:47:02.562:	The method "logComment()" are called
14:47:02.562:	<font color='grey'>Start of base purchase test case - please have SUCCESS testing card placed at the back of device!</font>
14:47:02.562:	The method "launch()" are called
14:47:02.562:	method launch (120) is called.
14:47:02.562:	method launch (CBA, 120) is called.
14:47:02.562:	method findCurrentPage(120) is called.
14:47:03.063:	
14:47:09.357:	Current page is: 
14:47:09.357:	This page  is not recognized.
14:47:09.357:	method findCurrentPage(120) is called.
14:47:09.858:	
14:47:14.889:	Current page is: 
14:47:14.889:	This page  is not recognized.
14:47:14.889:	method findCurrentPage(120) is called.
14:47:15.390:	
14:47:19.541:	Current page is: 
14:47:19.542:	This page  is not recognized.
14:47:19.542:	method findCurrentPage(120) is called.
14:47:20.043:	
14:47:24.154:	Current page is: 
14:47:24.154:	This page  is not recognized.
14:47:24.154:	method findCurrentPage(120) is called.
14:47:24.654:	
14:47:28.828:	Current page is: 
14:47:28.828:	This page  is not recognized.
14:47:28.828:	method findCurrentPage(120) is called.
14:47:29.329:	
14:47:33.690:	Current page is: 
14:47:33.690:	This page  is not recognized.
14:47:33.691:	method findCurrentPage(120) is called.
14:47:34.192:	
14:47:37.585:	Current page is: 
14:47:37.585:	This page  is not recognized.
14:47:37.585:	method findCurrentPage(120) is called.
14:47:38.085:	
14:47:41.587:	Current page is: 
14:47:41.587:	This page  is not recognized.
14:47:41.587:	method findCurrentPage(120) is called.
14:47:42.088:	
14:47:46.682:	Current page is: 
14:47:46.682:	This page  is not recognized.
14:47:46.682:	method findCurrentPage(120) is called.
14:47:47.183:	
14:47:50.628:	Current page is: 
14:47:50.628:	This page  is not recognized.
14:47:50.628:	method findCurrentPage(120) is called.
14:47:51.129:	
14:47:55.608:	Current page is: 
14:47:55.608:	This page  is not recognized.
14:47:55.608:	method findCurrentPage(120) is called.
14:47:56.108:	
14:47:59.551:	Current page is: 
14:47:59.552:	This page  is not recognized.
14:47:59.552:	method findCurrentPage(120) is called.
14:48:00.057:	
14:48:04.482:	Current page is: 
14:48:04.482:	This page  is not recognized.
14:48:04.482:	method findCurrentPage(120) is called.
14:48:04.983:	
14:48:08.567:	Current page is: 
14:48:08.567:	This page  is not recognized.
14:48:08.567:	method findCurrentPage(120) is called.
14:48:09.068:	
