---------Start of logs---------
06:16:19.734:	The method "logComment()" are called
06:16:19.734:	<font color='grey'>Start of base purchase cancellation - please make sure NO card is placed behind the device!</font>
06:16:19.734:	The method "launch()" are called
06:16:19.734:	method launch (120) is called.
06:16:19.734:	method launch (CBA, 120) is called.
06:16:19.734:	method findCurrentPage(120) is called.
06:16:20.234:	
06:16:23.416:	Current page is: SignInSelection
06:16:23.416:	method clickButton (0, SignInSelectionFirstUser) is called.
06:16:23.416:	method find(SignInSelectionFirstUser) is called.
06:16:23.719:	method findCurrentPage(120) is called.
06:16:24.220:	
06:16:25.969:	Current page is: EnterPIN
06:16:25.970:	<font color='grey'>App launched and awaiting for login.</font>
06:16:25.970:	The method "login()" are called
06:16:25.970:	method login(1) is called.
06:16:26.970:	method enterNumPadOK (123456) is called.
06:16:26.970:	method enterNumPad (123456) is called.
06:16:26.970:	Number to be entered is: 123456
06:16:31.404:	<font color='grey'>User Authentication performed.</font>
06:16:31.404:	The method "waitUntilPage()" are called
06:16:41.444:	Current page is: 
06:16:41.590:	Current page is: Purchase
06:16:41.590:	page count is: 479
06:16:42.090:	The method "reachPage()" are called
06:16:42.090:	method reachPage(GP, SettingsTerminal) is called.
06:16:42.090:	method reachPage(GP, Purchase) is called.
06:16:42.226:	method goToSidemenuPage(Purchase) is called.
06:16:42.226:	method findCurrentPage(0) is called.
06:16:42.727:	
06:16:42.910:	Current page is: Purchase
06:16:42.910:	method findCurrentPage(0) is called.
06:16:43.411:	
06:16:43.566:	Current page is: Purchase
06:16:44.799:	method login(1) is called.
06:16:45.799:	method enterNumPadOK (123456) is called.
06:16:45.799:	method enterNumPad (123456) is called.
06:16:45.799:	Number to be entered is: 123456
06:16:50.194:	<font color='grey'>User Authentication performed.</font>
06:16:51.889:	Current page is: SettingsTerminal
06:16:51.889:	page count is: 65
06:16:51.889:	The method "setBooleanValue(no)" are called
06:16:52.030:	The method "setBooleanValue(no)" are called
06:16:52.146:	exception caught during click, failed to find SettingsTerminalAddTipValue
06:16:52.147:	The method "setBooleanValue(no)" are called
06:16:52.294:	The method "reachPage()" are called
06:16:52.294:	method reachPage(GP, Purchase) is called.
06:16:52.394:	method goToSidemenuPage(Purchase) is called.
06:16:52.394:	method findCurrentPage(0) is called.
06:16:52.894:	
06:16:53.128:	Current page is: SettingsTerminal
06:16:53.128:	method clickOnPage(SettingsTerminal, Purchase, [Ljava.lang.String;@1a4e343) is called.
06:16:53.128:	method findCurrentPage(0) is called.
06:16:53.629:	
06:16:53.864:	Current page is: SettingsTerminal
06:16:56.497:	Current page is: Purchase
06:16:56.497:	page count is: 482
06:16:56.498:	The method "enterNumPadOK()" are called
06:16:56.498:	method enterNumPadOK (1200) is called.
06:16:56.498:	method enterNumPad (1200) is called.
06:16:56.498:	Number to be entered is: 1200
06:16:59.308:	The method "waitUntilPage()" are called
06:17:01.793:	Current page is: TapToPay
06:17:01.793:	page count is: 26
06:17:01.793:	The method "waitUntilPresent()" are called
06:17:04.743:	The method "clickButton()" are called
06:17:05.596:	The method "waitUntilPage()" are called
06:17:06.993:	Current page is: CancelTransaction
06:17:06.993:	page count is: 10
06:17:06.993:	The method "clickButton()" are called
06:17:07.155:	The method "waitUntilPage()" are called
06:17:15.147:	Current page is: 
06:17:15.280:	Current page is: Purchase
06:17:15.280:	page count is: 483
06:17:15.780:	The method "test()" are called
06:17:15.915:	Current page is: Purchase
06:17:15.915:	page count is: 484
06:17:15.917:	<font color='blue'>Test Case: TS_5 completed.</font>
06:17:15.917:	-----------------------------------<br>
06:17:15.917:	The method "logComment()" are called
06:17:15.917:	<font color='grey'>Start of base purchase cancellation - please make sure NO card is placed behind the device!</font>
06:17:15.918:	The method "logComment()" are called
06:17:15.918:	<font color='grey'>This case assumes the app starts from the Purchase page.</font>
06:17:15.918:	The method "reachPage()" are called
06:17:15.918:	method reachPage(GP, SettingsTerminal) is called.
06:17:15.918:	method reachPage(GP, Purchase) is called.
06:17:16.034:	method goToSidemenuPage(Purchase) is called.
06:17:16.034:	method findCurrentPage(0) is called.
06:17:16.534:	
06:17:17.032:	Current page is: Purchase
06:17:17.032:	method findCurrentPage(0) is called.
06:17:17.533:	
06:17:17.676:	Current page is: Purchase
06:17:18.913:	method login(1) is called.
06:17:19.913:	method enterNumPadOK (123456) is called.
06:17:19.913:	method enterNumPad (123456) is called.
06:17:19.913:	Number to be entered is: 123456
06:17:24.833:	<font color='grey'>User Authentication performed.</font>
06:17:26.474:	Current page is: SettingsTerminal
06:17:26.474:	page count is: 68
06:17:26.475:	The method "setBooleanValue(yes)" are called
06:17:26.793:	The method "setBooleanValue(no)" are called
06:17:27.367:	exception caught during click, failed to find SettingsTerminalAddTipValue
06:17:27.367:	The method "setBooleanValue(no)" are called
06:17:27.508:	The method "reachPage()" are called
06:17:27.508:	method reachPage(GP, Purchase) is called.
06:17:27.601:	method goToSidemenuPage(Purchase) is called.
06:17:27.601:	method findCurrentPage(0) is called.
06:17:28.102:	
06:17:28.332:	Current page is: SettingsTerminal
06:17:28.332:	method clickOnPage(SettingsTerminal, Purchase, [Ljava.lang.String;@4c9e38) is called.
06:17:28.332:	method findCurrentPage(0) is called.
06:17:28.833:	
06:17:29.560:	Current page is: SettingsTerminal
06:17:32.231:	Current page is: Purchase
06:17:32.232:	page count is: 487
06:17:32.232:	The method "enterNumPadOK()" are called
06:17:32.232:	method enterNumPadOK (1200) is called.
06:17:32.232:	method enterNumPad (1200) is called.
06:17:32.232:	Number to be entered is: 1200
06:17:34.969:	The method "waitUntilPage()" are called
06:17:37.419:	Current page is: TapToPay
06:17:37.419:	page count is: 27
06:17:37.419:	The method "waitUntilPresent()" are called
06:17:40.436:	The method "clickButton()" are called
06:17:40.622:	The method "login()" are called
06:17:40.622:	method login(3) is called.
06:17:43.622:	method enterNumPadOK (123456) is called.
06:17:43.622:	method enterNumPad (123456) is called.
06:17:43.622:	Number to be entered is: 123456
06:17:47.681:	<font color='grey'>User Authentication performed.</font>
06:17:47.681:	The method "waitUntilPage()" are called
06:17:49.153:	Current page is: Purchase
06:17:49.153:	page count is: 488
06:17:49.153:	The method "test()" are called
06:17:49.286:	Current page is: Purchase
06:17:49.287:	page count is: 489
06:17:49.287:	<font color='blue'>Test Case: TS_6 completed.</font>
06:17:49.287:	-----------------------------------<br>
06:17:49.298:	reportHeader is: <!DOCTYPE html PUBLIC "-//W3C//DTD XHTML 1.1//EN" "http://www.w3.org/TR/xhtml11/DTD/xhtml11.dtd">
<html xmlns="http://www.w3.org/1999/xhtml">
<head>
<meta http-equiv="content-type" content="text/html; charset=UTF-8"/>
<title>Mobeewave Automation Report</title>
<style type="text/css">table {margin-bottom:10px;border-collapse:collapse;empty-cells:show}th,td {border:1px solid #009;padding:.25em .5em}th {vertical-align:bottom}td {vertical-align:top}table a {font-weight:bold}.stripe td {background-color: #E6EBF9}.num {text-align:right}.passedodd td {background-color: #3F3}.passedeven td {background-color: #0A0}.skippedodd td {background-color: #DDD}.skippedeven td {background-color: #CCC}.failedodd td,.attn {background-color: #F33}.failedeven td,.stripe .attn {background-color: #D00}.stacktrace {white-space:pre;font-family:monospace}.totop {font-size:85%;text-align:center;border-bottom:2px solid #000}.invisible {display:none}</style>
</head>
<body>
<table>
<tr><th colspan="7">Test Statistics</th></tr>
<tr><td><a href="#t0">Default test</a></td><td class="num">18,571</td></tr>
</table>
<h2>Default test</h2>
<table class="result"><tr><th>Result</th></tr><tr><td><div class="stacktrace">
06:17:49.305:	reportFooter is: </div></td></tr></table><p class="totop"><a href="#summary">back to summary</a></p>
</body>
</html>
06:17:49.305:	reportContent is: 
