---------Start of logs---------
10:30:31.249:	The method "logComment()" are called
10:30:31.249:	<font color='grey'>Start of base purchase test case - please have SUCCESS testing card placed at the back of device!</font>
10:30:31.249:	The method "launch()" are called
10:30:31.249:	method launch (120) is called.
10:30:31.249:	method launch (CBA, 120) is called.
10:30:31.249:	method findCurrentPage(120) is called.
10:30:31.750:	
10:30:41.113:	Current page is: 
10:30:41.113:	This page  is not recognized.
10:30:41.113:	method findCurrentPage(120) is called.
10:30:41.615:	
10:30:43.005:	Current page is: SignInSelection
10:30:43.171:	method findCurrentPage(120) is called.
10:30:43.672:	
10:30:45.120:	Current page is: EnterPIN
10:30:45.120:	<font color='grey'>App launched and awaiting for login.</font>
10:30:45.120:	The method "login()" are called
10:30:45.120:	method login(1) is called.
10:30:46.120:	method enterNumPadOK (123456) is called.
10:30:46.120:	method enterNumPad (123456) is called.
10:30:46.120:	Number to be entered is: 123456
10:30:50.281:	<font color='grey'>User Authentication performed.</font>
10:30:50.281:	The method "waitUntilPage()" are called
10:31:00.015:	Current page is: 
10:31:00.143:	Current page is: Purchase
10:31:00.143:	page count is: 534
10:31:00.644:	The method "reachPage()" are called
10:31:00.644:	method reachPage(GP, SettingsTerminal) is called.
10:31:00.644:	method reachPage(GP, Purchase) is called.
10:31:00.757:	method goToSidemenuPage(Purchase) is called.
10:31:00.757:	method findCurrentPage(0) is called.
10:31:01.257:	
10:31:01.415:	Current page is: Purchase
10:31:01.416:	method findCurrentPage(0) is called.
10:31:01.917:	
10:31:02.110:	Current page is: Purchase
10:31:03.575:	method login(1) is called.
10:31:04.575:	method enterNumPadOK (123456) is called.
10:31:04.575:	method enterNumPad (123456) is called.
10:31:04.575:	Number to be entered is: 123456
10:31:09.363:	<font color='grey'>User Authentication performed.</font>
10:31:11.568:	Current page is: SettingsTerminal
10:31:11.568:	page count is: 95
10:31:11.568:	The method "setBooleanValue(no)" are called
10:31:11.776:	The method "setBooleanValue(no)" are called
10:31:12.166:	The method "reachPage()" are called
10:31:12.166:	method reachPage(GP, Purchase) is called.
10:31:12.975:	method goToSidemenuPage(Purchase) is called.
10:31:12.975:	method findCurrentPage(0) is called.
10:31:13.476:	
10:31:13.750:	Current page is: SettingsTerminal
10:31:13.750:	method clickOnPage(SettingsTerminal, Purchase, [Ljava.lang.String;@8b35bf) is called.
10:31:13.750:	method findCurrentPage(0) is called.
10:31:14.251:	
10:31:14.524:	Current page is: SettingsTerminal
10:31:17.241:	Current page is: Purchase
10:31:17.241:	page count is: 537
10:31:17.241:	The method "singlePurchase()" are called
10:31:17.242:	method singlePurchase(1000, no, , no, ) is called.
10:31:17.242:	method findCurrentPage(1) is called.
10:31:17.742:	
10:31:18.484:	Current page is: Purchase
10:31:18.484:	method enterPurchaseAmount(1000) is called.
10:31:18.484:	method enterNumPadOK (1000) is called.
10:31:18.484:	method enterNumPad (1000) is called.
10:31:18.484:	Number to be entered is: 1000
10:31:21.214:	method findCurrentPage(1) is called.
10:31:21.715:	
10:31:24.701:	Current page is: PurchaseDescription
10:31:24.814:	method findCurrentPage(1) is called.
10:31:25.315:	
10:31:33.265:	Current page is: 
10:31:33.265:	reached an unrecognized page: 
10:31:33.265:	exception caught during button click, failed to find NoNetworkConnectionretry
10:31:33.265:	method findCurrentPage(1) is called.
10:31:33.766:	
10:31:35.864:	Current page is: PurchaseResult
10:31:35.864:	<font color='grey'>Transaction is made, Processing time is: 18 seconds.</font>
10:31:35.864:	The method "test()" are called
10:31:36.652:	Current page is: PurchaseResult
10:31:36.652:	page count is: 20
10:31:36.654:	The method "test()" are called
10:31:36.809:	The method "clickButton()" are called
10:31:36.997:	The method "waitUntilPage()" are called
10:31:38.128:	Current page is: Purchase
10:31:38.128:	page count is: 539
10:31:38.128:	The method "test()" are called
10:31:38.255:	Current page is: Purchase
10:31:38.255:	page count is: 540
10:31:38.255:	The method "reachPage()" are called
10:31:38.255:	method reachPage(GP, TransactionHistory) is called.
10:31:38.255:	method reachPage(GP, Purchase) is called.
10:31:38.349:	method goToSidemenuPage(Purchase) is called.
10:31:38.349:	method findCurrentPage(0) is called.
10:31:38.850:	
10:31:39.003:	Current page is: Purchase
10:31:39.003:	method goToSidemenuPage(TransactionHistory) is called.
10:31:39.003:	method findCurrentPage(0) is called.
10:31:39.504:	
10:31:39.651:	Current page is: Purchase
10:31:39.651:	method clickOnPage(Purchase, TransactionHistory, [Ljava.lang.String;@1b7643d) is called.
10:31:39.651:	method findCurrentPage(0) is called.
10:31:40.152:	
10:31:40.284:	Current page is: Purchase
10:31:44.167:	Current page is: TransactionHistory
10:31:44.167:	page count is: 29
10:31:44.167:	The method "test()" are called
10:31:45.633:	Current page is: TransactionHistory
10:31:45.633:	page count is: 30
10:31:45.633:	The method "test()" are called
10:31:45.872:	The method "clickButton()" are called
10:31:46.130:	The method "waitUntilPage()" are called
10:31:48.530:	Current page is: TransactionDetails
10:31:48.530:	page count is: 17
10:31:48.530:	The method "test()" are called
10:31:49.429:	Current page is: TransactionDetails
10:31:49.429:	page count is: 18
10:31:49.429:	The method "test()" are called
10:31:49.591:	The method "test()" are called
10:31:49.772:	The method "test()" are called
10:31:49.952:	The method "test()" are called
10:31:50.107:	The method "test()" are called
10:31:50.268:	The method "clickButton()" are called
10:31:50.444:	The method "waitUntilPage()" are called
10:31:52.359:	Current page is: TransactionHistory
10:31:52.359:	page count is: 31
10:31:52.359:	The method "reachPage()" are called
10:31:52.359:	method reachPage(GP, Purchase) is called.
10:31:52.527:	method goToSidemenuPage(Purchase) is called.
10:31:52.527:	method findCurrentPage(0) is called.
10:31:53.028:	
10:31:53.821:	Current page is: TransactionHistory
10:31:53.821:	method clickOnPage(TransactionHistory, Purchase, [Ljava.lang.String;@ead3af) is called.
10:31:53.821:	method findCurrentPage(0) is called.
10:31:54.321:	
10:31:55.085:	Current page is: TransactionHistory
10:31:57.830:	Current page is: Purchase
10:31:57.830:	page count is: 544
10:31:57.830:	The method "test()" are called
10:31:57.951:	Current page is: Purchase
10:31:57.951:	page count is: 545
10:31:57.951:	<font color='blue'>Test Case: TS_1 completed.</font>
10:31:57.951:	-----------------------------------<br>
10:31:57.951:	The method "logComment()" are called
10:31:57.952:	<font color='grey'>Start of base purchase with tips/desription/email receipt - please have SUCCESS testing card placed at the back of device!</font>
10:31:57.952:	The method "logComment()" are called
10:31:57.952:	<font color='grey'>This case assumes the app starts from the Purchase page.</font>
10:31:57.952:	The method "reachPage()" are called
10:31:57.952:	method reachPage(GP, SettingsTerminal) is called.
10:31:57.952:	method reachPage(GP, Purchase) is called.
10:31:58.052:	method goToSidemenuPage(Purchase) is called.
10:31:58.052:	method findCurrentPage(0) is called.
10:31:58.553:	
10:31:58.694:	Current page is: Purchase
10:31:58.694:	method findCurrentPage(0) is called.
10:31:59.194:	
10:31:59.350:	Current page is: Purchase
10:32:00.584:	method login(1) is called.
10:32:01.585:	method enterNumPadOK (123456) is called.
10:32:01.585:	method enterNumPad (123456) is called.
10:32:01.585:	Number to be entered is: 123456
10:32:06.400:	<font color='grey'>User Authentication performed.</font>
10:32:08.076:	Current page is: SettingsTerminal
10:32:08.076:	page count is: 98
10:32:08.076:	The method "setBooleanValue(no)" are called
10:32:08.201:	The method "setBooleanValue(yes)" are called
10:32:08.476:	The method "reachPage()" are called
10:32:08.476:	method reachPage(GP, Purchase) is called.
10:32:09.116:	method goToSidemenuPage(Purchase) is called.
10:32:09.116:	method findCurrentPage(0) is called.
10:32:09.616:	
10:32:09.889:	Current page is: SettingsTerminal
10:32:09.889:	method clickOnPage(SettingsTerminal, Purchase, [Ljava.lang.String;@1c76fa1) is called.
10:32:09.889:	method findCurrentPage(0) is called.
10:32:10.390:	
10:32:11.239:	Current page is: SettingsTerminal
10:32:13.866:	Current page is: Purchase
10:32:13.866:	page count is: 548
10:32:13.866:	The method "singlePurchase(9999)" are called
10:32:13.866:	method singlePurchase(1100, Total, 9999, no, ) is called.
10:32:13.867:	method findCurrentPage(1) is called.
10:32:14.367:	
10:32:14.521:	Current page is: Purchase
10:32:14.522:	method enterPurchaseAmount(1100) is called.
10:32:14.522:	method enterNumPadOK (1100) is called.
10:32:14.522:	method enterNumPad (1100) is called.
10:32:14.522:	Number to be entered is: 1100
10:32:17.182:	method findCurrentPage(1) is called.
10:32:17.682:	
10:32:20.701:	Current page is: PurchaseDescription
10:32:20.833:	method findCurrentPage(1) is called.
10:32:21.334:	
10:32:25.525:	Current page is: SetTipDuringPurchase
10:32:25.525:	method setTipType(Total, 9999) is called.
10:32:25.604:	exception caught during button click, failed to find SetTipDuringPurchaseCustomTip
10:32:25.604:	method findCurrentPage(1) is called.
10:32:26.105:	
10:32:29.204:	Current page is: SetTipDuringPurchase
10:32:29.204:	method setTipType(Total, 9999) is called.
10:32:29.279:	exception caught during button click, failed to find SetTipDuringPurchaseCustomTip
10:32:29.279:	method findCurrentPage(1) is called.
10:32:29.780:	
10:32:32.888:	Current page is: SetTipDuringPurchase
10:32:32.888:	method setTipType(Total, 9999) is called.
10:32:32.965:	exception caught during button click, failed to find SetTipDuringPurchaseCustomTip
10:32:32.965:	method findCurrentPage(1) is called.
10:32:33.466:	
10:32:36.865:	Current page is: SetTipDuringPurchase
10:32:36.865:	method setTipType(Total, 9999) is called.
10:32:36.948:	exception caught during button click, failed to find SetTipDuringPurchaseCustomTip
10:32:36.949:	method findCurrentPage(1) is called.
10:32:37.450:	
10:32:40.298:	Current page is: SetTipDuringPurchase
10:32:40.298:	method setTipType(Total, 9999) is called.
10:32:40.371:	exception caught during button click, failed to find SetTipDuringPurchaseCustomTip
10:32:40.371:	method findCurrentPage(1) is called.
10:32:40.872:	
10:32:43.752:	Current page is: SetTipDuringPurchase
10:32:43.752:	method setTipType(Total, 9999) is called.
10:32:43.821:	exception caught during button click, failed to find SetTipDuringPurchaseCustomTip
10:32:43.821:	method findCurrentPage(1) is called.
10:32:44.321:	
10:32:47.096:	Current page is: SetTipDuringPurchase
10:32:47.096:	method setTipType(Total, 9999) is called.
10:32:47.168:	exception caught during button click, failed to find SetTipDuringPurchaseCustomTip
10:32:47.168:	method findCurrentPage(1) is called.
