---------Start of logs---------
14:07:39.802:	writeElement is called
14:07:39.803:	method get (ActivatingSecureElement) is called.
14:07:39.803:	weight is: 0
14:07:39.803:	method get (AllowBatterySettingsChange) is called.
14:07:39.803:	weight is: 0
14:07:39.803:	method get (AllowTimeoutSettingsChange) is called.
14:07:39.803:	weight is: 0
14:07:39.803:	method get (AndroidAlert) is called.
14:07:39.803:	weight is: 0
14:07:39.804:	method get (AndroidDeviceSettings) is called.
14:07:39.804:	weight is: 0
14:07:39.805:	method get (EnterPIN) is called.
14:07:39.805:	weight is: 8
14:07:39.806:	method get (MerchantPassword) is called.
14:07:39.806:	weight is: 1
14:07:39.806:	method get (MerchantSignIn) is called.
14:07:39.806:	weight is: 1
14:07:39.806:	method get (NoNetworkConnection) is called.
14:07:39.806:	weight is: 0
14:07:39.806:	method get (ProvisionUpdateComplete) is called.
14:07:39.806:	weight is: 1
14:07:39.806:	method get (PurchaseDescription) is called.
14:07:39.806:	weight is: 0
14:07:39.807:	method get (SettingsAdvanced) is called.
14:07:39.807:	weight is: 5
14:07:39.808:	method get (SettingsTerminal) is called.
14:07:39.808:	weight is: 53
14:07:39.810:	method get (SignInSelection) is called.
14:07:39.810:	weight is: 2
14:07:39.810:	method get (PurchaseResult) is called.
14:07:39.810:	weight is: 5
14:07:39.811:	method get (UpdateRequired) is called.
14:07:39.811:	weight is: 1
14:07:39.811:	method get (ConnectionErrorDuringProvision) is called.
14:07:39.811:	weight is: 0
14:07:39.812:	method get (PleaseRestartYourPhone) is called.
14:07:39.812:	weight is: 0
14:07:39.812:	method get (UpdatingSecureElement) is called.
14:07:39.812:	weight is: 2
14:07:39.813:	method get (TermsAndConditions) is called.
14:07:39.813:	weight is: 0
14:07:39.813:	method get (ContactUs) is called.
14:07:39.813:	weight is: 0
14:07:39.814:	method get (UserManagement) is called.
14:07:39.814:	weight is: 0
14:07:39.815:	method get (EditUser) is called.
14:07:39.815:	weight is: 0
14:07:39.817:	method get (DeleteUserConfirmation) is called.
14:07:39.817:	weight is: 0
14:07:39.817:	method get (AddNewUser) is called.
14:07:39.817:	weight is: 0
14:07:39.818:	method get (UserCreated) is called.
14:07:39.819:	weight is: 0
14:07:39.820:	method get (TransactionReports) is called.
14:07:39.820:	weight is: 0
14:07:39.822:	method get (TransactionHistory) is called.
14:07:39.822:	weight is: 14
14:07:39.823:	method get (NewTagScanned) is called.
14:07:39.823:	weight is: 0
14:07:39.824:	method get (Purchase) is called.
14:07:39.824:	weight is: 106
14:07:39.825:	method get (TapToPay) is called.
14:07:39.825:	weight is: 16
14:07:39.826:	method get (CardNotSupported) is called.
14:07:39.826:	weight is: 0
14:07:39.827:	method get (EmailReceiptForPurchase) is called.
14:07:39.827:	weight is: 0
14:07:39.827:	method get (ReceiptSentConfirmation) is called.
14:07:39.827:	weight is: 0
14:07:39.828:	method get (ProcessingPayment) is called.
14:07:39.828:	weight is: 0
14:07:39.828:	method get (PurchaseNotCompleted) is called.
14:07:39.828:	weight is: 0
14:07:39.829:	method get (SetTipDuringPurchase) is called.
14:07:39.829:	weight is: 0
14:07:39.830:	method get (AddTip) is called.
14:07:39.830:	weight is: 0
14:07:39.832:	method get (CreateNewPassword) is called.
14:07:39.832:	weight is: 0
14:07:39.833:	method get (EnterNewPIN) is called.
14:07:39.833:	weight is: 0
14:07:39.834:	method get (ConfirmNewPIN) is called.
14:07:39.834:	weight is: 0
14:07:39.834:	method get (CancelTransaction) is called.
14:07:39.834:	weight is: 8
14:07:39.836:	method get (PurchaseTimedOut) is called.
14:07:39.836:	weight is: 0
14:07:39.837:	method get (TransactionSearch) is called.
14:07:39.837:	weight is: 0
14:07:39.841:	method get (TransactionDetails) is called.
14:07:39.841:	weight is: 8
14:07:39.842:	method get (AccountLocked) is called.
14:07:39.842:	weight is: 0
14:07:39.844:	method get (ForgotPIN) is called.
14:07:39.844:	weight is: 0
14:07:39.844:	method get (ResetPIN) is called.
14:07:39.844:	weight is: 0
14:07:39.846:	method get (InvalidCredentials) is called.
14:07:39.846:	weight is: 0
14:07:39.847:	method get (VoidProcessingPayment) is called.
14:07:39.847:	weight is: 0
14:07:39.847:	method get (SecurityImage) is called.
14:07:39.847:	weight is: 0
14:07:39.848:	method get (ProvisionActivateComplete) is called.
14:07:39.849:	weight is: 0
14:07:39.850:	method get (PaymentAcceptanceSetup) is called.
14:07:39.850:	weight is: 0
14:07:39.851:	method get (DatePicker) is called.
14:07:39.851:	weight is: 0
14:07:39.852:	method get (ReportSentConfirmation) is called.
14:07:39.852:	weight is: 0
14:07:39.853:	method get (EnterOldPIN) is called.
14:07:39.853:	weight is: 0
14:07:39.853:	method get (PINUpdated) is called.
14:07:39.853:	weight is: 0
14:07:39.855:	method get (EnterRefundAmount) is called.
14:07:39.855:	weight is: 2
14:07:39.855:	method get (Signature) is called.
14:07:39.855:	weight is: 6
14:07:39.857:	.\src\Testcase configuration\Element Config\app elements - Pep Debug.csvhas been read.
14:07:39.858:	.\src\Testcase configuration\Element Config\app elements - Pep Debug.csvhas been written.
14:07:40.085:	reportHeader is: <!DOCTYPE html PUBLIC "-//W3C//DTD XHTML 1.1//EN" "http://www.w3.org/TR/xhtml11/DTD/xhtml11.dtd">
<html xmlns="http://www.w3.org/1999/xhtml">
<head>
<meta http-equiv="content-type" content="text/html; charset=UTF-8"/>
<title>Mobeewave Automation Report</title>
<style type="text/css">table {margin-bottom:10px;border-collapse:collapse;empty-cells:show}th,td {border:1px solid #009;padding:.25em .5em}th {vertical-align:bottom}td {vertical-align:top}table a {font-weight:bold}.stripe td {background-color: #E6EBF9}.num {text-align:right}.passedodd td {background-color: #3F3}.passedeven td {background-color: #0A0}.skippedodd td {background-color: #DDD}.skippedeven td {background-color: #CCC}.failedodd td,.attn {background-color: #F33}.failedeven td,.stripe .attn {background-color: #D00}.stacktrace {white-space:pre;font-family:monospace}.totop {font-size:85%;text-align:center;border-bottom:2px solid #000}.invisible {display:none}</style>
</head>
<body>
<table>
<tr><th colspan="7">Test Statistics</th></tr>
<tr><td><a href="#t0">Default test</a></td><td class="num">18,571</td></tr>
</table>
<h2>Default test</h2>
<table class="result"><tr><th>Result</th></tr><tr><td><div class="stacktrace">
14:07:40.091:	reportFooter is: </div></td></tr></table><p class="totop"><a href="#summary">back to summary</a></p>
</body>
</html>
14:07:40.091:	reportContent is: <font color='grey'>Start of purchase void testing - please have SUCCESS testing card placed at the back of device!</font>
<br><font color='grey'>This case assumes the app starts from the Purchase page.</font>
<br><font color='grey'>App launched and awaiting for login.</font>
<br><font color='grey'>User Authentication performed.</font>
<br><font color='grey'>User Authentication performed.</font>
<br><font color='grey'>Transaction is made, Processing time is: 16 seconds.</font>
<br>Current page is equal to PurchaseResult, <font color='green'>test passed</font>.<br>
PurchaseResultResultText is equal to PURCHASE APPROVED, <font color='green'>test passed</font>.<br>
Current page is equal to Purchase, <font color='green'>test passed</font>.<br>
Current page is equal to TransactionHistory, <font color='green'>test passed</font>.<br>
TransactionHistoryTransactionAmount is expected to be <font color='brown'>CA$14.00</font>, but is actually equal to: <font color='brown'>PLN14.00</font>, <font color='red'>test failed</font>.<br>
Current page is equal to TransactionDetails, <font color='green'>test passed</font>.<br>
TransactionDetailsTitle is equal to PURCHASE APPROVED, <font color='green'>test passed</font>.<br>
TransactionDetailsAmount is expected to be <font color='brown'>CA$14.00</font>, but is actually equal to: <font color='brown'>PLN14.00</font>, <font color='red'>test failed</font>.<br>
TransactionDetailsMerchantName is expected to be <font color='brown'>taoye</font>, but is actually equal to: <font color='brown'>Business</font>, <font color='red'>test failed</font>.<br>
TransactionDetailsEmailReceipt is equal to EMAIL RECEIPT, <font color='green'>test passed</font>.<br>
TransactionDetailsVoid is equal to VOID, <font color='green'>test passed</font>.<br>
<font color='grey'>User Authentication performed.</font>
<br>Current page is equal to SettingsTerminal, <font color='green'>test passed</font>.<br>
Current page is equal to SettingsAdvanced, <font color='green'>test passed</font>.<br>
<font color='grey'>Testing Version Number Display</font>
<br>SettingsAdvancedAppVersionValue is expected to be <font color='brown'>1.4.7(4)</font>, but is actually equal to: <font color='brown'>1.4.9(159)</font>, <font color='red'>test failed</font>.<br>
<font color='grey'>unexpected page SettingsAdvanced reached</font>
<br>Current page is equal to TransactionHistory, <font color='green'>test passed</font>.<br>
TransactionHistoryTransactionAmount is expected to be <font color='brown'>CA$14.00</font>, but is actually equal to: <font color='brown'>PLN14.00</font>, <font color='red'>test failed</font>.<br>
Current page is equal to TransactionDetails, <font color='green'>test passed</font>.<br>
TransactionDetailsTitle is equal to PURCHASE APPROVED, <font color='green'>test passed</font>.<br>
TransactionDetailsAmount is expected to be <font color='brown'>CA$14.00</font>, but is actually equal to: <font color='brown'>PLN14.00</font>, <font color='red'>test failed</font>.<br>
TransactionDetailsMerchantName is expected to be <font color='brown'>taoye</font>, but is actually equal to: <font color='brown'>Business</font>, <font color='red'>test failed</font>.<br>
TransactionDetailsEmailReceipt is equal to EMAIL RECEIPT, <font color='green'>test passed</font>.<br>
TransactionDetailsVoid is equal to REFUND, <font color='green'>test passed</font>.<br>
<font color='grey'>User Authentication performed.</font>
<br>Current page is equal to EnterRefundAmount, <font color='green'>test passed</font>.<br>
<font color='grey'>Making Signature</font>
<br>Current page is equal to TransactionHistory, <font color='green'>test passed</font>.<br>
TransactionHistoryTransactionAmount is expected to be <font color='brown'>- CA$14.00</font>, but is actually equal to: <font color='brown'>- PLN14.00</font>, <font color='red'>test failed</font>.<br>
Current page is equal to TransactionDetails, <font color='green'>test passed</font>.<br>
TransactionDetailsTitle is equal to REFUND APPROVED, <font color='green'>test passed</font>.<br>
TransactionDetailsAmount is expected to be <font color='brown'>- CA$14.00</font>, but is actually equal to: <font color='brown'>- PLN14.00</font>, <font color='red'>test failed</font>.<br>
TransactionDetailsMerchantName is expected to be <font color='brown'>taoye</font>, but is actually equal to: <font color='brown'>Business</font>, <font color='red'>test failed</font>.<br>
TransactionDetailsEmailReceipt is equal to EMAIL RECEIPT, <font color='green'>test passed</font>.<br>
TransactionDetailsVoid is equal to VOID, <font color='green'>test passed</font>.<br>
<font color='grey'>Refund testing completed.</font>
<br><font color='grey'>User Authentication performed.</font>
<br>Current page is equal to PurchaseResult, <font color='green'>test passed</font>.<br>
PurchaseResultResultText is equal to VOID APPROVED, <font color='green'>test passed</font>.<br>
Current page is equal to TransactionHistory, <font color='green'>test passed</font>.<br>
TransactionHistoryTransactionAmount is expected to be <font color='brown'>CA$14.00</font>, but is actually equal to: <font color='brown'>PLN14.00</font>, <font color='red'>test failed</font>.<br>
Current page is equal to TransactionDetails, <font color='green'>test passed</font>.<br>
TransactionDetailsTitle is equal to VOID APPROVED, <font color='green'>test passed</font>.<br>
TransactionDetailsAmount is expected to be <font color='brown'>CA$14.00</font>, but is actually equal to: <font color='brown'>PLN14.00</font>, <font color='red'>test failed</font>.<br>
TransactionDetailsMerchantName is expected to be <font color='brown'>taoye</font>, but is actually equal to: <font color='brown'>Business</font>, <font color='red'>test failed</font>.<br>
TransactionDetailsEmailReceipt is equal to EMAIL RECEIPT, <font color='green'>test passed</font>.<br>
TransactionDetailsVoid is equal to element not found, <font color='green'>test passed</font>.<br>
Current page is equal to Purchase, <font color='green'>test passed</font>.<br>
<font color='blue'>Test Case: TS_8&TS_9 completed.</font>
<br>-----------------------------------<br>
<br>
