---------Start of logs---------
10:26:44.816:	The method "logComment()" are called
10:26:44.816:	<font color='grey'>Start of base purchase test case - please have SUCCESS testing card placed at the back of device!</font>
10:26:44.816:	The method "launch()" are called
10:26:44.816:	method launch (120) is called.
10:26:44.816:	method launch (CBA, 120) is called.
10:26:44.816:	method findCurrentPage(120) is called.
10:26:45.316:	
10:26:54.769:	Current page is: 
10:26:54.769:	This page  is not recognized.
10:26:54.769:	method findCurrentPage(120) is called.
10:26:55.270:	
10:26:56.633:	Current page is: SignInSelection
10:26:56.794:	method findCurrentPage(120) is called.
10:26:57.295:	
10:26:58.697:	Current page is: EnterPIN
10:26:58.698:	<font color='grey'>App launched and awaiting for login.</font>
10:26:58.698:	The method "login()" are called
10:26:58.698:	method login(1) is called.
10:26:59.699:	method enterNumPadOK (123456) is called.
10:26:59.699:	method enterNumPad (123456) is called.
10:26:59.699:	Number to be entered is: 123456
10:27:03.975:	<font color='grey'>User Authentication performed.</font>
10:27:03.976:	The method "waitUntilPage()" are called
10:27:14.221:	Current page is: 
10:27:14.362:	Current page is: Purchase
10:27:14.362:	page count is: 534
10:27:14.862:	The method "reachPage()" are called
10:27:14.862:	method reachPage(GP, SettingsTerminal) is called.
10:27:14.862:	method reachPage(GP, Purchase) is called.
10:27:14.993:	method goToSidemenuPage(Purchase) is called.
10:27:14.993:	method findCurrentPage(0) is called.
10:27:15.494:	
10:27:15.644:	Current page is: Purchase
10:27:15.645:	method findCurrentPage(0) is called.
10:27:16.145:	
10:27:16.297:	Current page is: Purchase
10:27:17.481:	method login(1) is called.
10:27:18.482:	method enterNumPadOK (123456) is called.
10:27:18.482:	method enterNumPad (123456) is called.
10:27:18.482:	Number to be entered is: 123456
10:27:22.838:	<font color='grey'>User Authentication performed.</font>
10:27:24.705:	Current page is: SettingsTerminal
10:27:24.705:	page count is: 95
10:27:24.705:	The method "setBooleanValue(no)" are called
10:27:24.837:	The method "setBooleanValue(no)" are called
10:27:25.152:	The method "reachPage()" are called
10:27:25.152:	method reachPage(GP, Purchase) is called.
10:27:25.818:	method goToSidemenuPage(Purchase) is called.
10:27:25.819:	method findCurrentPage(0) is called.
10:27:26.320:	
10:27:26.562:	Current page is: SettingsTerminal
10:27:26.562:	method clickOnPage(SettingsTerminal, Purchase, [Ljava.lang.String;@8b35bf) is called.
10:27:26.562:	method findCurrentPage(0) is called.
10:27:27.063:	
10:27:27.334:	Current page is: SettingsTerminal
10:27:29.888:	Current page is: Purchase
10:27:29.888:	page count is: 537
10:27:29.888:	The method "singlePurchase()" are called
10:27:29.888:	method singlePurchase(1000, no, , no, ) is called.
10:27:29.888:	method findCurrentPage(1) is called.
10:27:30.389:	
10:27:30.541:	Current page is: Purchase
10:27:30.541:	method enterPurchaseAmount(1000) is called.
10:27:30.541:	method enterNumPadOK (1000) is called.
10:27:30.541:	method enterNumPad (1000) is called.
10:27:30.541:	Number to be entered is: 1000
10:27:33.179:	method findCurrentPage(1) is called.
10:27:33.680:	
10:27:36.802:	Current page is: PurchaseDescription
10:27:36.918:	method findCurrentPage(1) is called.
10:27:37.420:	
10:27:39.364:	Current page is: TapToPay
10:27:39.364:	waiting for card tap
10:27:39.365:	method findCurrentPage(1) is called.
10:27:39.866:	
10:27:45.843:	Current page is: 
10:27:45.843:	reached an unrecognized page: 
10:27:45.843:	exception caught during button click, failed to find NoNetworkConnectionretry
10:27:45.843:	method findCurrentPage(1) is called.
10:27:46.344:	
10:27:48.236:	Current page is: PurchaseResult
10:27:48.237:	<font color='grey'>Transaction is made, Processing time is: 8 seconds.</font>
10:27:48.237:	The method "test()" are called
10:27:48.982:	Current page is: PurchaseResult
10:27:48.982:	page count is: 20
10:27:48.983:	The method "test()" are called
10:27:49.134:	The method "clickButton()" are called
10:27:49.282:	The method "waitUntilPage()" are called
10:27:50.321:	Current page is: Purchase
10:27:50.321:	page count is: 539
10:27:50.321:	The method "test()" are called
10:27:50.415:	Current page is: Purchase
10:27:50.415:	page count is: 540
10:27:50.415:	The method "reachPage()" are called
10:27:50.415:	method reachPage(GP, TransactionHistory) is called.
10:27:50.415:	method reachPage(GP, Purchase) is called.
10:27:50.488:	method goToSidemenuPage(Purchase) is called.
10:27:50.488:	method findCurrentPage(0) is called.
10:27:50.988:	
10:27:51.107:	Current page is: Purchase
10:27:51.107:	method goToSidemenuPage(TransactionHistory) is called.
10:27:51.107:	method findCurrentPage(0) is called.
10:27:51.609:	
10:27:51.754:	Current page is: Purchase
10:27:51.754:	method clickOnPage(Purchase, TransactionHistory, [Ljava.lang.String;@d1b21f) is called.
10:27:51.754:	method findCurrentPage(0) is called.
10:27:52.255:	
10:27:52.382:	Current page is: Purchase
10:27:56.265:	Current page is: TransactionHistory
10:27:56.265:	page count is: 29
10:27:56.265:	The method "test()" are called
10:27:57.692:	Current page is: TransactionHistory
10:27:57.692:	page count is: 30
10:27:57.692:	The method "test()" are called
10:27:57.900:	The method "clickButton()" are called
10:27:58.127:	The method "waitUntilPage()" are called
10:28:00.473:	Current page is: TransactionDetails
10:28:00.473:	page count is: 17
10:28:00.473:	The method "test()" are called
10:28:01.326:	Current page is: TransactionDetails
10:28:01.326:	page count is: 18
10:28:01.326:	The method "test()" are called
10:28:01.490:	The method "test()" are called
10:28:01.632:	The method "test()" are called
10:28:01.777:	The method "test()" are called
10:28:01.924:	The method "test()" are called
10:28:02.085:	The method "clickButton()" are called
10:28:02.256:	The method "waitUntilPage()" are called
10:28:04.084:	Current page is: TransactionHistory
10:28:04.084:	page count is: 31
10:28:04.085:	The method "reachPage()" are called
10:28:04.085:	method reachPage(GP, Purchase) is called.
10:28:04.261:	method goToSidemenuPage(Purchase) is called.
10:28:04.262:	method findCurrentPage(0) is called.
10:28:04.762:	
10:28:05.496:	Current page is: TransactionHistory
10:28:05.496:	method clickOnPage(TransactionHistory, Purchase, [Ljava.lang.String;@1e04b13) is called.
10:28:05.496:	method findCurrentPage(0) is called.
10:28:05.997:	
10:28:06.770:	Current page is: TransactionHistory
10:28:09.538:	Current page is: Purchase
10:28:09.539:	page count is: 544
10:28:09.539:	The method "test()" are called
10:28:09.662:	Current page is: Purchase
10:28:09.662:	page count is: 545
10:28:09.662:	<font color='blue'>Test Case: TS_1 completed.</font>
10:28:09.662:	-----------------------------------<br>
10:28:09.662:	The method "logComment()" are called
10:28:09.662:	<font color='grey'>Start of base purchase with tips/desription/email receipt - please have SUCCESS testing card placed at the back of device!</font>
10:28:09.662:	The method "logComment()" are called
10:28:09.662:	<font color='grey'>This case assumes the app starts from the Purchase page.</font>
10:28:09.662:	The method "reachPage()" are called
10:28:09.663:	method reachPage(GP, SettingsTerminal) is called.
10:28:09.663:	method reachPage(GP, Purchase) is called.
10:28:09.758:	method goToSidemenuPage(Purchase) is called.
10:28:09.758:	method findCurrentPage(0) is called.
10:28:10.259:	
10:28:10.380:	Current page is: Purchase
10:28:10.380:	method findCurrentPage(0) is called.
10:28:10.880:	
10:28:11.372:	Current page is: Purchase
10:28:12.562:	method login(1) is called.
10:28:13.562:	method enterNumPadOK (123456) is called.
10:28:13.562:	method enterNumPad (123456) is called.
10:28:13.562:	Number to be entered is: 123456
10:28:18.058:	<font color='grey'>User Authentication performed.</font>
10:28:19.570:	Current page is: SettingsTerminal
10:28:19.570:	page count is: 98
10:28:19.570:	The method "setBooleanValue(no)" are called
10:28:19.689:	The method "setBooleanValue(yes)" are called
10:28:19.949:	The method "reachPage()" are called
10:28:19.949:	method reachPage(GP, Purchase) is called.
10:28:20.586:	method goToSidemenuPage(Purchase) is called.
10:28:20.586:	method findCurrentPage(0) is called.
10:28:21.087:	
10:28:21.399:	Current page is: SettingsTerminal
10:28:21.400:	method clickOnPage(SettingsTerminal, Purchase, [Ljava.lang.String;@1a2a089) is called.
10:28:21.400:	method findCurrentPage(0) is called.
10:28:21.900:	
10:28:22.174:	Current page is: SettingsTerminal
10:28:24.760:	Current page is: Purchase
10:28:24.760:	page count is: 548
10:28:24.760:	The method "singlePurchase(9999)" are called
10:28:24.760:	method singlePurchase(1100, Total, 9999, no, ) is called.
10:28:24.760:	method findCurrentPage(1) is called.
10:28:25.261:	
10:28:25.386:	Current page is: Purchase
10:28:25.386:	method enterPurchaseAmount(1100) is called.
10:28:25.386:	method enterNumPadOK (1100) is called.
10:28:25.386:	method enterNumPad (1100) is called.
10:28:25.386:	Number to be entered is: 1100
10:28:28.012:	method findCurrentPage(1) is called.
10:28:28.513:	
10:28:31.492:	Current page is: PurchaseDescription
10:28:31.614:	method findCurrentPage(1) is called.
10:28:32.115:	
10:28:35.956:	Current page is: SetTipDuringPurchase
10:28:35.956:	method setTipType(Total, 9999) is called.
10:28:36.033:	exception caught during button click, failed to find SetTipDuringPurchaseCustomTip
10:28:36.033:	method findCurrentPage(1) is called.
10:28:36.534:	
10:28:39.570:	Current page is: SetTipDuringPurchase
10:28:39.570:	method setTipType(Total, 9999) is called.
10:28:39.641:	exception caught during button click, failed to find SetTipDuringPurchaseCustomTip
10:28:39.641:	method findCurrentPage(1) is called.
10:28:40.142:	
10:28:43.223:	Current page is: SetTipDuringPurchase
10:28:43.223:	method setTipType(Total, 9999) is called.
10:28:43.298:	exception caught during button click, failed to find SetTipDuringPurchaseCustomTip
10:28:43.298:	method findCurrentPage(1) is called.
10:28:43.799:	
10:28:46.856:	Current page is: SetTipDuringPurchase
10:28:46.856:	method setTipType(Total, 9999) is called.
10:28:46.928:	exception caught during button click, failed to find SetTipDuringPurchaseCustomTip
10:28:46.928:	method findCurrentPage(1) is called.
10:28:47.428:	
