---------Start of logs---------
10:55:44.866:	The method "logComment()" are called
10:55:44.866:	<font color='grey'>Start of base purchase test case - please have SUCCESS testing card placed at the back of device!</font>
10:55:44.866:	The method "launch()" are called
10:55:44.866:	method launch (120) is called.
10:55:44.866:	method launch (CBA, 120) is called.
10:55:44.866:	method findCurrentPage(120) is called.
10:55:45.367:	
10:55:53.201:	Current page is: 
10:55:53.201:	This page  is not recognized.
10:55:53.201:	method findCurrentPage(120) is called.
10:55:53.702:	
10:56:03.641:	Current page is: 
10:56:03.641:	This page  is not recognized.
10:56:03.641:	method findCurrentPage(120) is called.
10:56:04.141:	
10:56:05.377:	Current page is: MerchantSignIn
10:56:05.377:	method merchantSignin (taoyenbc90123101) is called.
10:56:06.722:	method findCurrentPage(120) is called.
10:56:07.222:	
10:56:13.559:	Current page is: 
10:56:13.559:	This page  is not recognized.
10:56:13.559:	method findCurrentPage(120) is called.
10:56:14.060:	
10:56:15.677:	Current page is: MerchantPassword
10:56:15.678:	method merchantPassword (MBQeu{8C) is called.
10:56:17.106:	method findCurrentPage(120) is called.
10:56:17.606:	
10:56:27.216:	Current page is: 
10:56:27.217:	This page  is not recognized.
10:56:27.217:	method findCurrentPage(120) is called.
10:56:27.717:	
10:56:35.052:	Current page is: 
10:56:35.052:	This page  is not recognized.
10:56:35.052:	method findCurrentPage(120) is called.
10:56:35.552:	
10:56:45.751:	Current page is: 
10:56:45.751:	This page  is not recognized.
10:56:45.751:	method findCurrentPage(120) is called.
10:56:46.251:	
10:56:52.464:	Current page is: UpdateRequired
10:56:52.586:	method findCurrentPage(120) is called.
10:56:53.086:	
10:56:55.947:	Current page is: UpdatingSecureElement
10:57:25.947:	method findCurrentPage(120) is called.
10:57:26.448:	
10:57:57.050:	Current page is: UpdatingSecureElement
10:58:27.050:	method findCurrentPage(120) is called.
10:58:27.551:	
10:58:30.023:	Current page is: UpdatingSecureElement
10:59:00.023:	method findCurrentPage(120) is called.
10:59:00.524:	
10:59:01.714:	Current page is: ProvisionUpdateComplete
10:59:01.782:	exception caught during button click, failed to find ProvisionUpdateCompleteDone
10:59:01.782:	method findCurrentPage(120) is called.
10:59:02.283:	
10:59:03.711:	Current page is: ProvisionUpdateComplete
10:59:03.796:	exception caught during button click, failed to find ProvisionUpdateCompleteDone
10:59:03.796:	method findCurrentPage(120) is called.
10:59:04.297:	
10:59:05.457:	Current page is: ProvisionUpdateComplete
10:59:05.525:	exception caught during button click, failed to find ProvisionUpdateCompleteDone
10:59:05.525:	method findCurrentPage(120) is called.
10:59:06.026:	
10:59:07.112:	Current page is: ProvisionUpdateComplete
10:59:07.173:	exception caught during button click, failed to find ProvisionUpdateCompleteDone
10:59:07.173:	method findCurrentPage(120) is called.
10:59:07.673:	
10:59:08.600:	Current page is: ProvisionUpdateComplete
10:59:08.655:	exception caught during button click, failed to find ProvisionUpdateCompleteDone
10:59:08.655:	method findCurrentPage(120) is called.
10:59:09.156:	
10:59:10.228:	Current page is: ProvisionUpdateComplete
10:59:10.302:	exception caught during button click, failed to find ProvisionUpdateCompleteDone
10:59:10.302:	method findCurrentPage(120) is called.
10:59:10.803:	
10:59:11.913:	Current page is: ProvisionUpdateComplete
10:59:11.975:	exception caught during button click, failed to find ProvisionUpdateCompleteDone
10:59:11.976:	method findCurrentPage(120) is called.
10:59:12.477:	
10:59:13.579:	Current page is: ProvisionUpdateComplete
10:59:13.646:	exception caught during button click, failed to find ProvisionUpdateCompleteDone
10:59:13.647:	method findCurrentPage(120) is called.
10:59:14.147:	
10:59:15.251:	Current page is: ProvisionUpdateComplete
10:59:15.317:	exception caught during button click, failed to find ProvisionUpdateCompleteDone
10:59:15.318:	method findCurrentPage(120) is called.
10:59:15.819:	
10:59:17.551:	Current page is: ProvisionUpdateComplete
10:59:17.612:	exception caught during button click, failed to find ProvisionUpdateCompleteDone
10:59:17.612:	method findCurrentPage(120) is called.
10:59:18.113:	
10:59:19.194:	Current page is: ProvisionUpdateComplete
10:59:19.271:	exception caught during button click, failed to find ProvisionUpdateCompleteDone
10:59:19.271:	method findCurrentPage(120) is called.
10:59:19.771:	
10:59:20.848:	Current page is: ProvisionUpdateComplete
10:59:20.914:	exception caught during button click, failed to find ProvisionUpdateCompleteDone
10:59:20.914:	method findCurrentPage(120) is called.
10:59:21.414:	
10:59:22.481:	Current page is: ProvisionUpdateComplete
10:59:22.546:	exception caught during button click, failed to find ProvisionUpdateCompleteDone
10:59:22.546:	method findCurrentPage(120) is called.
10:59:23.046:	
10:59:24.123:	Current page is: ProvisionUpdateComplete
10:59:24.182:	exception caught during button click, failed to find ProvisionUpdateCompleteDone
10:59:24.182:	method findCurrentPage(120) is called.
10:59:24.683:	
10:59:25.779:	Current page is: ProvisionUpdateComplete
10:59:25.841:	exception caught during button click, failed to find ProvisionUpdateCompleteDone
10:59:25.841:	method findCurrentPage(120) is called.
10:59:26.342:	
10:59:27.414:	Current page is: ProvisionUpdateComplete
10:59:27.472:	exception caught during button click, failed to find ProvisionUpdateCompleteDone
10:59:27.472:	method findCurrentPage(120) is called.
10:59:27.973:	
10:59:29.031:	Current page is: ProvisionUpdateComplete
10:59:29.096:	exception caught during button click, failed to find ProvisionUpdateCompleteDone
10:59:29.096:	method findCurrentPage(120) is called.
10:59:29.597:	
10:59:30.682:	Current page is: ProvisionUpdateComplete
10:59:30.743:	exception caught during button click, failed to find ProvisionUpdateCompleteDone
10:59:30.743:	method findCurrentPage(120) is called.
10:59:31.243:	
10:59:32.306:	Current page is: ProvisionUpdateComplete
10:59:32.376:	exception caught during button click, failed to find ProvisionUpdateCompleteDone
10:59:32.376:	method findCurrentPage(120) is called.
10:59:32.877:	
10:59:33.924:	Current page is: ProvisionUpdateComplete
10:59:34.002:	exception caught during button click, failed to find ProvisionUpdateCompleteDone
10:59:34.002:	method findCurrentPage(120) is called.
10:59:34.503:	
10:59:35.536:	Current page is: ProvisionUpdateComplete
10:59:35.602:	exception caught during button click, failed to find ProvisionUpdateCompleteDone
10:59:35.602:	method findCurrentPage(120) is called.
10:59:36.103:	
10:59:37.167:	Current page is: ProvisionUpdateComplete
10:59:37.226:	exception caught during button click, failed to find ProvisionUpdateCompleteDone
10:59:37.226:	method findCurrentPage(120) is called.
10:59:37.726:	
10:59:38.747:	Current page is: ProvisionUpdateComplete
10:59:38.808:	exception caught during button click, failed to find ProvisionUpdateCompleteDone
10:59:38.808:	method findCurrentPage(120) is called.
10:59:39.309:	
10:59:40.408:	Current page is: ProvisionUpdateComplete
10:59:40.477:	exception caught during button click, failed to find ProvisionUpdateCompleteDone
10:59:40.477:	method findCurrentPage(120) is called.
10:59:40.979:	
10:59:41.990:	Current page is: ProvisionUpdateComplete
10:59:42.050:	exception caught during button click, failed to find ProvisionUpdateCompleteDone
10:59:42.050:	method findCurrentPage(120) is called.
10:59:42.550:	
10:59:43.536:	Current page is: ProvisionUpdateComplete
10:59:43.609:	exception caught during button click, failed to find ProvisionUpdateCompleteDone
10:59:43.609:	method findCurrentPage(120) is called.
10:59:44.110:	
10:59:45.114:	Current page is: ProvisionUpdateComplete
10:59:45.182:	exception caught during button click, failed to find ProvisionUpdateCompleteDone
10:59:45.182:	method findCurrentPage(120) is called.
10:59:45.682:	
10:59:46.648:	Current page is: ProvisionUpdateComplete
10:59:46.707:	exception caught during button click, failed to find ProvisionUpdateCompleteDone
10:59:46.707:	method findCurrentPage(120) is called.
10:59:47.208:	
10:59:48.276:	Current page is: ProvisionUpdateComplete
10:59:48.346:	exception caught during button click, failed to find ProvisionUpdateCompleteDone
10:59:48.346:	method findCurrentPage(120) is called.
10:59:48.847:	
10:59:49.898:	Current page is: ProvisionUpdateComplete
10:59:49.960:	exception caught during button click, failed to find ProvisionUpdateCompleteDone
10:59:49.960:	method findCurrentPage(120) is called.
10:59:50.460:	
10:59:51.594:	Current page is: ProvisionUpdateComplete
10:59:51.667:	exception caught during button click, failed to find ProvisionUpdateCompleteDone
10:59:51.667:	method findCurrentPage(120) is called.
10:59:52.167:	
10:59:53.232:	Current page is: ProvisionUpdateComplete
10:59:53.306:	exception caught during button click, failed to find ProvisionUpdateCompleteDone
10:59:53.306:	method findCurrentPage(120) is called.
10:59:53.806:	
10:59:54.857:	Current page is: ProvisionUpdateComplete
10:59:54.922:	exception caught during button click, failed to find ProvisionUpdateCompleteDone
10:59:54.922:	method findCurrentPage(120) is called.
10:59:55.422:	
10:59:56.508:	Current page is: ProvisionUpdateComplete
10:59:56.581:	exception caught during button click, failed to find ProvisionUpdateCompleteDone
10:59:56.581:	method findCurrentPage(120) is called.
10:59:57.082:	
10:59:58.134:	Current page is: ProvisionUpdateComplete
10:59:58.204:	exception caught during button click, failed to find ProvisionUpdateCompleteDone
10:59:58.204:	method findCurrentPage(120) is called.
10:59:58.704:	
10:59:59.746:	Current page is: ProvisionUpdateComplete
10:59:59.814:	exception caught during button click, failed to find ProvisionUpdateCompleteDone
10:59:59.814:	method findCurrentPage(120) is called.
11:00:00.315:	
11:00:01.305:	Current page is: ProvisionUpdateComplete
11:00:01.368:	exception caught during button click, failed to find ProvisionUpdateCompleteDone
11:00:01.368:	method findCurrentPage(120) is called.
11:00:01.869:	
11:00:02.812:	Current page is: ProvisionUpdateComplete
11:00:02.880:	exception caught during button click, failed to find ProvisionUpdateCompleteDone
11:00:02.880:	method findCurrentPage(120) is called.
11:00:03.381:	
11:00:04.644:	Current page is: ProvisionUpdateComplete
11:00:04.707:	exception caught during button click, failed to find ProvisionUpdateCompleteDone
11:00:04.707:	method findCurrentPage(120) is called.
11:00:05.207:	
11:00:06.175:	Current page is: ProvisionUpdateComplete
11:00:06.241:	exception caught during button click, failed to find ProvisionUpdateCompleteDone
11:00:06.241:	method findCurrentPage(120) is called.
11:00:06.742:	
11:00:07.759:	Current page is: ProvisionUpdateComplete
11:00:07.821:	exception caught during button click, failed to find ProvisionUpdateCompleteDone
11:00:07.821:	method findCurrentPage(120) is called.
11:00:08.321:	
11:00:09.303:	Current page is: ProvisionUpdateComplete
11:00:09.364:	exception caught during button click, failed to find ProvisionUpdateCompleteDone
11:00:09.364:	method findCurrentPage(120) is called.
11:00:09.865:	
11:00:10.839:	Current page is: ProvisionUpdateComplete
11:00:10.901:	exception caught during button click, failed to find ProvisionUpdateCompleteDone
11:00:10.901:	method findCurrentPage(120) is called.
11:00:11.401:	
11:00:12.368:	Current page is: ProvisionUpdateComplete
11:00:12.427:	exception caught during button click, failed to find ProvisionUpdateCompleteDone
11:00:12.427:	method findCurrentPage(120) is called.
11:00:12.928:	
11:00:13.879:	Current page is: ProvisionUpdateComplete
11:00:13.937:	exception caught during button click, failed to find ProvisionUpdateCompleteDone
11:00:13.937:	method findCurrentPage(120) is called.
11:00:14.438:	
11:00:15.392:	Current page is: ProvisionUpdateComplete
11:00:15.464:	exception caught during button click, failed to find ProvisionUpdateCompleteDone
11:00:15.464:	method findCurrentPage(120) is called.
11:00:15.965:	
11:00:17.473:	Current page is: ProvisionUpdateComplete
11:00:17.534:	exception caught during button click, failed to find ProvisionUpdateCompleteDone
11:00:17.534:	method findCurrentPage(120) is called.
11:00:18.035:	
11:00:24.124:	Current page is: 
11:00:24.124:	This page  is not recognized.
11:00:24.124:	method findCurrentPage(120) is called.
11:00:24.624:	
11:00:29.664:	Current page is: 
11:00:29.664:	This page  is not recognized.
11:00:29.664:	method findCurrentPage(120) is called.
11:00:30.165:	
