---------Start of logs---------
10:43:01.632:	The method "logComment()" are called
10:43:01.632:	<font color='grey'>Start of base purchase test case - please have SUCCESS testing card placed at the back of device!</font>
10:43:01.633:	The method "launch()" are called
10:43:01.633:	method launch (120) is called.
10:43:01.633:	method launch (CBA, 120) is called.
10:43:01.633:	method findCurrentPage(120) is called.
10:43:02.133:	
10:43:12.185:	Current page is: 
10:43:12.185:	This page  is not recognized.
10:43:12.185:	method findCurrentPage(120) is called.
10:43:12.686:	
10:43:14.060:	Current page is: SignInSelection
10:43:14.234:	method findCurrentPage(120) is called.
10:43:14.734:	
10:43:16.177:	Current page is: EnterPIN
10:43:16.177:	<font color='grey'>App launched and awaiting for login.</font>
10:43:16.177:	The method "login()" are called
10:43:16.177:	method login(1) is called.
10:43:17.178:	method enterNumPadOK (123456) is called.
10:43:17.178:	method enterNumPad (123456) is called.
10:43:17.178:	Number to be entered is: 123456
10:43:21.340:	<font color='grey'>User Authentication performed.</font>
10:43:21.340:	The method "waitUntilPage()" are called
10:43:30.316:	Current page is: 
10:43:30.441:	Current page is: Purchase
10:43:30.441:	page count is: 534
10:43:30.941:	The method "reachPage()" are called
10:43:30.941:	method reachPage(GP, SettingsTerminal) is called.
10:43:30.941:	method reachPage(GP, Purchase) is called.
10:43:31.054:	method goToSidemenuPage(Purchase) is called.
10:43:31.055:	method findCurrentPage(0) is called.
10:43:31.556:	
10:43:31.717:	Current page is: Purchase
10:43:31.717:	method findCurrentPage(0) is called.
10:43:32.218:	
10:43:32.397:	Current page is: Purchase
10:43:33.663:	method login(1) is called.
10:43:34.663:	method enterNumPadOK (123456) is called.
10:43:34.663:	method enterNumPad (123456) is called.
10:43:34.663:	Number to be entered is: 123456
10:43:38.978:	<font color='grey'>User Authentication performed.</font>
10:43:40.811:	Current page is: SettingsTerminal
10:43:40.811:	page count is: 95
10:43:40.811:	The method "setBooleanValue(no)" are called
10:43:40.961:	The method "setBooleanValue(no)" are called
10:43:41.079:	The method "reachPage()" are called
10:43:41.079:	method reachPage(GP, Purchase) is called.
10:43:41.166:	method goToSidemenuPage(Purchase) is called.
10:43:41.166:	method findCurrentPage(0) is called.
10:43:41.666:	
10:43:41.927:	Current page is: SettingsTerminal
10:43:41.927:	method clickOnPage(SettingsTerminal, Purchase, [Ljava.lang.String;@1c28a83) is called.
10:43:41.927:	method findCurrentPage(0) is called.
10:43:42.427:	
10:43:42.699:	Current page is: SettingsTerminal
10:43:45.331:	Current page is: Purchase
10:43:45.331:	page count is: 537
10:43:45.331:	The method "singlePurchase()" are called
10:43:45.331:	method singlePurchase(1000, no, , no, ) is called.
10:43:45.331:	method findCurrentPage(1) is called.
10:43:45.831:	
10:43:45.980:	Current page is: Purchase
10:43:45.980:	method enterPurchaseAmount(1000) is called.
10:43:45.980:	method enterNumPadOK (1000) is called.
10:43:45.980:	method enterNumPad (1000) is called.
10:43:45.980:	Number to be entered is: 1000
10:43:48.670:	method findCurrentPage(1) is called.
10:43:49.170:	
10:43:52.329:	Current page is: PurchaseDescription
10:43:52.440:	method findCurrentPage(1) is called.
10:43:52.940:	
10:44:00.682:	Current page is: 
10:44:00.682:	reached an unrecognized page: 
10:44:00.682:	exception caught during button click, failed to find NoNetworkConnectionretry
10:44:00.682:	method findCurrentPage(1) is called.
10:44:01.183:	
10:44:10.407:	Current page is: 
10:44:10.407:	reached an unrecognized page: 
10:44:10.407:	exception caught during button click, failed to find NoNetworkConnectionretry
10:44:10.407:	method findCurrentPage(1) is called.
10:44:10.908:	
10:44:11.937:	Current page is: PurchaseResult
10:44:11.937:	<font color='grey'>Transaction is made, Processing time is: 26 seconds.</font>
10:44:11.937:	The method "test()" are called
10:44:12.618:	Current page is: PurchaseResult
10:44:12.618:	page count is: 20
10:44:12.619:	The method "test()" are called
10:44:12.786:	The method "clickButton()" are called
10:44:12.984:	The method "waitUntilPage()" are called
10:44:14.255:	Current page is: Purchase
10:44:14.255:	page count is: 539
10:44:14.255:	The method "test()" are called
10:44:14.397:	Current page is: Purchase
10:44:14.397:	page count is: 540
10:44:14.397:	The method "reachPage()" are called
10:44:14.397:	method reachPage(GP, TransactionHistory) is called.
10:44:14.397:	method reachPage(GP, Purchase) is called.
10:44:14.490:	method goToSidemenuPage(Purchase) is called.
10:44:14.490:	method findCurrentPage(0) is called.
10:44:14.991:	
10:44:15.132:	Current page is: Purchase
10:44:15.132:	method goToSidemenuPage(TransactionHistory) is called.
10:44:15.132:	method findCurrentPage(0) is called.
10:44:15.633:	
10:44:15.770:	Current page is: Purchase
10:44:15.770:	method clickOnPage(Purchase, TransactionHistory, [Ljava.lang.String;@b507b9) is called.
10:44:15.770:	method findCurrentPage(0) is called.
10:44:16.271:	
10:44:16.435:	Current page is: Purchase
10:44:20.507:	Current page is: TransactionHistory
10:44:20.507:	page count is: 29
10:44:20.507:	The method "test()" are called
10:44:21.924:	Current page is: TransactionHistory
10:44:21.924:	page count is: 30
10:44:21.924:	The method "test()" are called
10:44:22.161:	The method "clickButton()" are called
10:44:22.412:	The method "waitUntilPage()" are called
10:44:24.866:	Current page is: TransactionDetails
10:44:24.866:	page count is: 17
10:44:24.866:	The method "test()" are called
10:44:25.744:	Current page is: TransactionDetails
10:44:25.744:	page count is: 18
10:44:25.744:	The method "test()" are called
10:44:25.912:	The method "test()" are called
10:44:26.080:	The method "test()" are called
10:44:26.246:	The method "test()" are called
10:44:26.399:	The method "test()" are called
10:44:26.553:	The method "clickButton()" are called
10:44:26.729:	The method "waitUntilPage()" are called
10:44:28.796:	Current page is: TransactionHistory
10:44:28.796:	page count is: 31
10:44:28.796:	The method "reachPage()" are called
10:44:28.796:	method reachPage(GP, Purchase) is called.
10:44:28.974:	method goToSidemenuPage(Purchase) is called.
10:44:28.974:	method findCurrentPage(0) is called.
10:44:29.474:	
10:44:30.258:	Current page is: TransactionHistory
10:44:30.258:	method clickOnPage(TransactionHistory, Purchase, [Ljava.lang.String;@4469d8) is called.
10:44:30.258:	method findCurrentPage(0) is called.
10:44:30.758:	
10:44:31.570:	Current page is: TransactionHistory
10:44:34.285:	Current page is: Purchase
10:44:34.285:	page count is: 544
10:44:34.285:	The method "test()" are called
10:44:34.400:	Current page is: Purchase
10:44:34.400:	page count is: 545
10:44:34.400:	<font color='blue'>Test Case: TS_1 completed.</font>
10:44:34.400:	-----------------------------------<br>
10:44:34.400:	The method "logComment()" are called
10:44:34.400:	<font color='grey'>Start of base purchase with tips/desription/email receipt - please have SUCCESS testing card placed at the back of device!</font>
10:44:34.400:	The method "logComment()" are called
10:44:34.401:	<font color='grey'>This case assumes the app starts from the Purchase page.</font>
10:44:34.401:	The method "reachPage()" are called
10:44:34.401:	method reachPage(GP, SettingsTerminal) is called.
10:44:34.401:	method reachPage(GP, Purchase) is called.
10:44:34.480:	method goToSidemenuPage(Purchase) is called.
10:44:34.480:	method findCurrentPage(0) is called.
10:44:34.981:	
10:44:35.135:	Current page is: Purchase
10:44:35.135:	method findCurrentPage(0) is called.
10:44:35.636:	
10:44:35.786:	Current page is: Purchase
10:44:37.033:	method login(1) is called.
10:44:38.035:	method enterNumPadOK (123456) is called.
10:44:38.035:	method enterNumPad (123456) is called.
10:44:38.035:	Number to be entered is: 123456
10:44:42.289:	<font color='grey'>User Authentication performed.</font>
10:44:44.211:	Current page is: SettingsTerminal
10:44:44.211:	page count is: 98
10:44:44.211:	The method "setBooleanValue(no)" are called
10:44:44.333:	The method "setBooleanValue(yes)" are called
10:44:44.612:	The method "reachPage()" are called
10:44:44.612:	method reachPage(GP, Purchase) is called.
10:44:45.248:	method goToSidemenuPage(Purchase) is called.
10:44:45.248:	method findCurrentPage(0) is called.
10:44:45.748:	
10:44:46.035:	Current page is: SettingsTerminal
10:44:46.035:	method clickOnPage(SettingsTerminal, Purchase, [Ljava.lang.String;@1056e5) is called.
10:44:46.036:	method findCurrentPage(0) is called.
10:44:46.537:	
10:44:46.799:	Current page is: SettingsTerminal
10:44:49.463:	Current page is: Purchase
10:44:49.463:	page count is: 548
10:44:49.463:	The method "singlePurchase(9999)" are called
10:44:49.463:	method singlePurchase(1100, Total, 9999, no, ) is called.
10:44:49.463:	method findCurrentPage(1) is called.
10:44:49.964:	
10:44:50.097:	Current page is: Purchase
10:44:50.097:	method enterPurchaseAmount(1100) is called.
10:44:50.097:	method enterNumPadOK (1100) is called.
10:44:50.097:	method enterNumPad (1100) is called.
10:44:50.097:	Number to be entered is: 1100
10:44:52.801:	method findCurrentPage(1) is called.
10:44:53.302:	
10:44:56.307:	Current page is: PurchaseDescription
10:44:56.419:	method findCurrentPage(1) is called.
10:44:56.919:	
10:45:00.976:	Current page is: SetTipDuringPurchase
10:45:00.976:	method setTipType(Total, 9999) is called.
10:45:01.113:	method findCurrentPage(1) is called.
10:45:01.613:	
10:45:08.229:	Current page is: AddTip
10:45:08.229:	method setTipValue(Total, 9999) is called.
10:45:08.362:	method enterNumPadOK (9999) is called.
10:45:08.362:	method enterNumPad (9999) is called.
10:45:08.362:	Number to be entered is: 9999
10:45:12.045:	method findCurrentPage(1) is called.
10:45:12.545:	
10:45:20.391:	Current page is: 
10:45:20.391:	reached an unrecognized page: 
10:45:20.391:	exception caught during button click, failed to find NoNetworkConnectionretry
10:45:20.391:	method findCurrentPage(1) is called.
10:45:20.892:	
10:45:22.644:	Current page is: PurchaseResult
10:45:22.644:	<font color='grey'>Transaction is made, Processing time is: 33 seconds.</font>
10:45:22.644:	The method "test()" are called
10:45:23.628:	Current page is: PurchaseResult
10:45:23.628:	page count is: 22
10:45:23.628:	The method "test()" are called
10:45:23.816:	The method "clickButton()" are called
10:45:24.017:	The method "waitUntilPage()" are called
10:45:26.912:	Current page is: EmailReceiptForPurchase
10:45:26.912:	page count is: 1
10:45:26.912:	The method "inputText(ytao@mobeewave.com)" are called
10:45:27.777:	The method "clickButton()" are called
10:45:28.518:	The method "waitUntilPage()" are called
10:45:31.679:	Current page is: ReceiptSentConfirmation
10:45:31.679:	page count is: 1
10:45:31.679:	The method "clickButton()" are called
10:45:31.779:	The method "waitUntilPage()" are called
10:45:38.223:	Current page is: 
10:45:38.312:	Current page is: Purchase
10:45:38.312:	page count is: 550
10:45:38.812:	The method "test()" are called
10:45:38.900:	Current page is: Purchase
10:45:38.900:	page count is: 551
10:45:38.900:	The method "reachPage()" are called
10:45:38.900:	method reachPage(GP, TransactionHistory) is called.
10:45:38.900:	method reachPage(GP, Purchase) is called.
10:45:38.971:	method goToSidemenuPage(Purchase) is called.
10:45:38.971:	method findCurrentPage(0) is called.
10:45:39.472:	
10:45:39.619:	Current page is: Purchase
10:45:39.619:	method goToSidemenuPage(TransactionHistory) is called.
10:45:39.619:	method findCurrentPage(0) is called.
10:45:40.120:	
10:45:40.251:	Current page is: Purchase
10:45:40.251:	method clickOnPage(Purchase, TransactionHistory, [Ljava.lang.String;@115052d) is called.
10:45:40.251:	method findCurrentPage(0) is called.
10:45:40.751:	
10:45:40.904:	Current page is: Purchase
10:45:44.392:	Current page is: TransactionHistory
10:45:44.392:	page count is: 34
10:45:44.392:	The method "test()" are called
10:45:45.162:	Current page is: TransactionHistory
10:45:45.162:	page count is: 35
10:45:45.162:	The method "test()" are called
10:45:45.431:	The method "clickButton()" are called
10:45:46.323:	The method "waitUntilPage()" are called
10:45:48.700:	Current page is: TransactionDetails
10:45:48.700:	page count is: 19
10:45:48.700:	The method "test()" are called
10:45:49.654:	Current page is: TransactionDetails
10:45:49.654:	page count is: 20
10:45:49.654:	The method "test()" are called
10:45:49.812:	The method "test()" are called
10:45:49.975:	The method "test()" are called
10:45:50.147:	The method "test()" are called
10:45:50.304:	The method "test()" are called
10:45:50.467:	The method "clickButton()" are called
10:45:50.652:	The method "waitUntilPage()" are called
10:45:52.495:	Current page is: TransactionHistory
10:45:52.495:	page count is: 36
10:45:52.495:	The method "reachPage()" are called
10:45:52.495:	method reachPage(GP, Purchase) is called.
10:45:52.670:	method goToSidemenuPage(Purchase) is called.
10:45:52.670:	method findCurrentPage(0) is called.
10:45:53.171:	
10:45:53.945:	Current page is: TransactionHistory
10:45:53.945:	method clickOnPage(TransactionHistory, Purchase, [Ljava.lang.String;@1eabd6b) is called.
10:45:53.945:	method findCurrentPage(0) is called.
10:45:54.446:	
10:45:55.225:	Current page is: TransactionHistory
10:45:57.888:	Current page is: Purchase
10:45:57.888:	page count is: 555
10:45:57.888:	The method "test()" are called
10:45:58.024:	Current page is: Purchase
10:45:58.024:	page count is: 556
10:45:58.024:	The method "logComment()" are called
10:45:58.024:	<font color='grey'>Email Receipt sent. Please check manually the email receipt is received and correct.</font>
10:45:58.024:	<font color='blue'>Test Case: TS_2&3&4 completed.</font>
10:45:58.024:	-----------------------------------<br>
10:45:58.024:	The method "logComment()" are called
10:45:58.024:	<font color='grey'>Start of purchase void testing - please have SUCCESS testing card placed at the back of device!</font>
10:45:58.024:	The method "logComment()" are called
10:45:58.024:	<font color='grey'>This case assumes the app starts from the Purchase page.</font>
10:45:58.025:	The method "reachPage()" are called
10:45:58.025:	method reachPage(GP, SettingsTerminal) is called.
10:45:58.025:	method reachPage(GP, Purchase) is called.
10:45:58.115:	method goToSidemenuPage(Purchase) is called.
10:45:58.115:	method findCurrentPage(0) is called.
10:45:58.615:	
10:45:58.753:	Current page is: Purchase
10:45:58.753:	method findCurrentPage(0) is called.
10:45:59.253:	
10:45:59.391:	Current page is: Purchase
10:46:00.596:	method login(1) is called.
10:46:01.598:	method enterNumPadOK (123456) is called.
10:46:01.598:	method enterNumPad (123456) is called.
10:46:01.598:	Number to be entered is: 123456
10:46:05.901:	<font color='grey'>User Authentication performed.</font>
10:46:07.796:	Current page is: SettingsTerminal
10:46:07.796:	page count is: 101
10:46:07.796:	The method "setBooleanValue(no)" are called
10:46:07.905:	The method "setBooleanValue(no)" are called
10:46:08.172:	The method "reachPage()" are called
10:46:08.172:	method reachPage(GP, Purchase) is called.
10:46:08.821:	method goToSidemenuPage(Purchase) is called.
10:46:08.821:	method findCurrentPage(0) is called.
10:46:09.321:	
10:46:09.569:	Current page is: SettingsTerminal
10:46:09.569:	method clickOnPage(SettingsTerminal, Purchase, [Ljava.lang.String;@47c72e) is called.
10:46:09.570:	method findCurrentPage(0) is called.
10:46:10.070:	
10:46:10.277:	Current page is: SettingsTerminal
10:46:12.809:	Current page is: Purchase
10:46:12.809:	page count is: 559
10:46:12.809:	The method "singlePurchase()" are called
10:46:12.809:	method singlePurchase(1400, no, , no, ) is called.
10:46:12.809:	method findCurrentPage(1) is called.
10:46:13.310:	
10:46:13.466:	Current page is: Purchase
10:46:13.466:	method enterPurchaseAmount(1400) is called.
10:46:13.466:	method enterNumPadOK (1400) is called.
10:46:13.466:	method enterNumPad (1400) is called.
10:46:13.466:	Number to be entered is: 1400
10:46:15.993:	method findCurrentPage(1) is called.
10:46:16.494:	
10:46:19.675:	Current page is: PurchaseDescription
10:46:19.813:	method findCurrentPage(1) is called.
10:46:20.314:	
10:46:22.345:	Current page is: TapToPay
10:46:22.345:	waiting for card tap
10:46:22.345:	method findCurrentPage(1) is called.
10:46:22.846:	
10:46:28.377:	Current page is: 
10:46:28.377:	reached an unrecognized page: 
10:46:28.377:	exception caught during button click, failed to find NoNetworkConnectionretry
10:46:28.377:	method findCurrentPage(1) is called.
10:46:28.877:	
10:46:30.487:	Current page is: PurchaseResult
10:46:30.487:	<font color='grey'>Transaction is made, Processing time is: 8 seconds.</font>
10:46:30.487:	The method "test()" are called
10:46:31.144:	Current page is: PurchaseResult
10:46:31.144:	page count is: 24
10:46:31.144:	The method "test()" are called
10:46:31.438:	The method "clickButton()" are called
10:46:31.594:	The method "waitUntilPage()" are called
10:46:38.533:	Current page is: 
10:46:38.648:	Current page is: Purchase
10:46:38.648:	page count is: 561
10:46:39.276:	Current page is: Purchase
10:46:39.276:	page count is: 562
10:46:39.912:	Current page is: Purchase
10:46:39.913:	page count is: 563
10:46:40.555:	Current page is: Purchase
10:46:40.555:	page count is: 564
10:46:41.188:	Current page is: Purchase
10:46:41.189:	page count is: 565
10:46:41.823:	Current page is: Purchase
10:46:41.823:	page count is: 566
10:46:42.478:	Current page is: Purchase
10:46:42.478:	page count is: 567
10:46:43.115:	Current page is: Purchase
10:46:43.115:	page count is: 568
10:46:43.801:	Current page is: Purchase
10:46:43.801:	page count is: 569
10:46:44.422:	Current page is: Purchase
10:46:44.422:	page count is: 570
10:46:45.079:	Current page is: Purchase
10:46:45.079:	page count is: 571
10:46:45.741:	Current page is: Purchase
10:46:45.741:	page count is: 572
10:46:46.372:	Current page is: Purchase
10:46:46.373:	page count is: 573
10:46:47.014:	Current page is: Purchase
10:46:47.014:	page count is: 574
10:46:47.636:	Current page is: Purchase
10:46:47.636:	page count is: 575
10:46:48.287:	Current page is: Purchase
10:46:48.287:	page count is: 576
10:46:48.915:	Current page is: Purchase
10:46:48.915:	page count is: 577
10:46:49.534:	Current page is: Purchase
10:46:49.534:	page count is: 578
10:46:50.182:	Current page is: Purchase
10:46:50.183:	page count is: 579
10:46:50.812:	Current page is: Purchase
10:46:50.812:	page count is: 580
10:46:51.444:	Current page is: Purchase
10:46:51.444:	page count is: 581
10:46:52.084:	Current page is: Purchase
10:46:52.084:	page count is: 582
10:46:52.698:	Current page is: Purchase
10:46:52.698:	page count is: 583
10:46:53.323:	Current page is: Purchase
10:46:53.323:	page count is: 584
10:46:53.957:	Current page is: Purchase
10:46:53.957:	page count is: 585
