---------Start of logs---------
14:23:40.427:	The method "logComment()" are called
14:23:40.427:	<font color='grey'>Start of base purchase test case - please have SUCCESS testing card placed at the back of device!</font>
14:23:40.427:	The method "launch()" are called
14:23:40.427:	method launch (120) is called.
14:23:40.427:	method launch (CBA, 120) is called.
14:23:40.427:	method findCurrentPage(120) is called.
14:23:40.928:	
14:23:50.420:	Current page is: 
14:23:50.420:	This page  is not recognized.
14:23:50.420:	method findCurrentPage(120) is called.
14:23:50.922:	
14:23:52.271:	Current page is: SignInSelection
14:23:52.440:	method findCurrentPage(120) is called.
14:23:52.942:	
14:23:54.383:	Current page is: EnterPIN
14:23:54.383:	<font color='grey'>App launched and awaiting for login.</font>
14:23:54.383:	The method "login()" are called
14:23:54.383:	method login(1) is called.
14:23:55.383:	method enterNumPadOK (123456) is called.
14:23:55.383:	method enterNumPad (123456) is called.
14:23:55.383:	Number to be entered is: 123456
14:23:59.539:	<font color='grey'>User Authentication performed.</font>
14:23:59.539:	The method "waitUntilPage()" are called
14:24:08.495:	Current page is: 
14:24:08.638:	Current page is: Purchase
14:24:08.638:	page count is: 534
14:24:09.138:	The method "reachPage()" are called
14:24:09.138:	method reachPage(GP, SettingsTerminal) is called.
14:24:09.138:	method reachPage(GP, Purchase) is called.
14:24:09.241:	method goToSidemenuPage(Purchase) is called.
14:24:09.241:	method findCurrentPage(0) is called.
14:24:09.742:	
14:24:09.879:	Current page is: Purchase
14:24:09.879:	method findCurrentPage(0) is called.
14:24:10.379:	
14:24:11.002:	Current page is: Purchase
14:24:12.333:	method login(1) is called.
14:24:13.333:	method enterNumPadOK (123456) is called.
14:24:13.333:	method enterNumPad (123456) is called.
14:24:13.334:	Number to be entered is: 123456
14:24:17.546:	<font color='grey'>User Authentication performed.</font>
14:24:19.336:	Current page is: SettingsTerminal
14:24:19.336:	page count is: 95
14:24:19.336:	The method "setBooleanValue(no)" are called
14:24:19.466:	The method "setBooleanValue(no)" are called
14:24:19.596:	The method "setBooleanValue(no)" are called
14:24:19.725:	The method "reachPage()" are called
14:24:19.725:	method reachPage(GP, Purchase) is called.
14:24:19.822:	method goToSidemenuPage(Purchase) is called.
14:24:19.822:	method findCurrentPage(0) is called.
14:24:20.322:	
14:24:20.599:	Current page is: SettingsTerminal
14:24:20.599:	method clickOnPage(SettingsTerminal, Purchase, [Ljava.lang.String;@18432b) is called.
14:24:20.599:	method findCurrentPage(0) is called.
14:24:21.099:	
14:24:21.371:	Current page is: SettingsTerminal
14:24:23.993:	Current page is: Purchase
14:24:23.993:	page count is: 537
14:24:23.993:	The method "singlePurchase()" are called
14:24:23.993:	method singlePurchase(1000, no, , no, ) is called.
14:24:23.993:	method findCurrentPage(1) is called.
14:24:24.493:	
14:24:24.642:	Current page is: Purchase
14:24:24.642:	method enterPurchaseAmount(1000) is called.
14:24:24.642:	method enterNumPadOK (1000) is called.
14:24:24.642:	method enterNumPad (1000) is called.
14:24:24.642:	Number to be entered is: 1000
14:24:27.262:	method findCurrentPage(1) is called.
14:24:27.762:	
14:24:29.658:	Current page is: TapToPay
14:24:29.659:	waiting for card tap
14:24:29.659:	method findCurrentPage(1) is called.
14:24:30.160:	
14:24:36.017:	Current page is: 
14:24:36.018:	reached an unrecognized page: 
14:24:36.018:	exception caught during button click, failed to find NoNetworkConnectionretry
14:24:36.018:	method findCurrentPage(1) is called.
14:24:36.518:	
14:24:38.601:	Current page is: PurchaseResult
14:24:38.601:	<font color='grey'>Transaction is made, Processing time is: 8 seconds.</font>
14:24:38.601:	The method "test()" are called
14:24:39.384:	Current page is: PurchaseResult
14:24:39.384:	page count is: 20
14:24:39.385:	The method "test()" are called
14:24:39.516:	The method "clickButton()" are called
14:24:39.668:	The method "waitUntilPage()" are called
14:24:40.739:	Current page is: Purchase
14:24:40.739:	page count is: 539
14:24:40.739:	The method "test()" are called
14:24:40.845:	Current page is: Purchase
14:24:40.845:	page count is: 540
14:24:40.845:	The method "reachPage()" are called
14:24:40.845:	method reachPage(GP, TransactionHistory) is called.
14:24:40.845:	method reachPage(GP, Purchase) is called.
14:24:40.938:	method goToSidemenuPage(Purchase) is called.
14:24:40.938:	method findCurrentPage(0) is called.
14:24:41.438:	
14:24:41.574:	Current page is: Purchase
14:24:41.574:	method goToSidemenuPage(TransactionHistory) is called.
14:24:41.574:	method findCurrentPage(0) is called.
14:24:42.075:	
14:24:42.223:	Current page is: Purchase
14:24:42.223:	method clickOnPage(Purchase, TransactionHistory, [Ljava.lang.String;@78695f) is called.
14:24:42.223:	method findCurrentPage(0) is called.
14:24:42.724:	
14:24:42.860:	Current page is: Purchase
14:24:46.688:	Current page is: TransactionHistory
14:24:46.688:	page count is: 29
14:24:46.688:	The method "test()" are called
14:24:48.056:	Current page is: TransactionHistory
14:24:48.056:	page count is: 30
14:24:48.056:	The method "test()" are called
14:24:48.271:	The method "clickButton()" are called
14:24:48.487:	The method "waitUntilPage()" are called
14:24:50.935:	Current page is: TransactionDetails
14:24:50.935:	page count is: 17
14:24:50.935:	The method "test()" are called
14:24:51.821:	Current page is: TransactionDetails
14:24:51.821:	page count is: 18
14:24:51.821:	The method "test()" are called
14:24:51.990:	The method "test()" are called
14:24:52.152:	The method "test()" are called
14:24:52.318:	The method "test()" are called
14:24:52.483:	The method "test()" are called
14:24:52.642:	The method "test()" are called
14:24:52.772:	The method "clickButton()" are called
14:24:52.943:	The method "waitUntilPage()" are called
14:24:54.992:	Current page is: TransactionHistory
14:24:54.992:	page count is: 31
14:24:54.992:	The method "reachPage()" are called
14:24:54.992:	method reachPage(GP, Purchase) is called.
14:24:55.169:	method goToSidemenuPage(Purchase) is called.
14:24:55.169:	method findCurrentPage(0) is called.
14:24:55.669:	
14:24:56.404:	Current page is: TransactionHistory
14:24:56.404:	method clickOnPage(TransactionHistory, Purchase, [Ljava.lang.String;@866946) is called.
14:24:56.404:	method findCurrentPage(0) is called.
14:24:56.905:	
14:24:57.759:	Current page is: TransactionHistory
14:25:00.480:	Current page is: Purchase
14:25:00.480:	page count is: 544
14:25:00.480:	The method "test()" are called
14:25:00.606:	Current page is: Purchase
14:25:00.607:	page count is: 545
14:25:00.607:	<font color='blue'>Test Case: TS_1 completed.</font>
14:25:00.607:	-----------------------------------<br>
14:25:00.607:	The method "logComment()" are called
14:25:00.607:	<font color='grey'>Start of base purchase with tips/desription/email receipt - please have SUCCESS testing card placed at the back of device!</font>
14:25:00.607:	The method "logComment()" are called
14:25:00.607:	<font color='grey'>This case assumes the app starts from the Purchase page.</font>
14:25:00.607:	The method "reachPage()" are called
14:25:00.607:	method reachPage(GP, SettingsTerminal) is called.
14:25:00.607:	method reachPage(GP, Purchase) is called.
14:25:00.705:	method goToSidemenuPage(Purchase) is called.
14:25:00.705:	method findCurrentPage(0) is called.
14:25:01.205:	
14:25:01.331:	Current page is: Purchase
14:25:01.331:	method findCurrentPage(0) is called.
14:25:01.831:	
14:25:01.977:	Current page is: Purchase
14:25:03.197:	method login(1) is called.
14:25:04.198:	method enterNumPadOK (123456) is called.
14:25:04.198:	method enterNumPad (123456) is called.
14:25:04.198:	Number to be entered is: 123456
14:25:08.537:	<font color='grey'>User Authentication performed.</font>
14:25:10.827:	Current page is: SettingsTerminal
14:25:10.827:	page count is: 98
14:25:10.828:	The method "setBooleanValue(no)" are called
14:25:11.021:	The method "setBooleanValue(yes)" are called
14:25:11.293:	The method "setBooleanValue(yes)" are called
14:25:12.146:	The method "reachPage()" are called
14:25:12.146:	method reachPage(GP, Purchase) is called.
14:25:12.779:	method goToSidemenuPage(Purchase) is called.
14:25:12.779:	method findCurrentPage(0) is called.
14:25:13.280:	
14:25:13.528:	Current page is: SettingsTerminal
14:25:13.528:	method clickOnPage(SettingsTerminal, Purchase, [Ljava.lang.String;@1329bbd) is called.
14:25:13.528:	method findCurrentPage(0) is called.
14:25:14.028:	
14:25:14.309:	Current page is: SettingsTerminal
14:25:16.869:	Current page is: Purchase
14:25:16.870:	page count is: 548
14:25:16.870:	The method "singlePurchase(9999)" are called
14:25:16.870:	method singlePurchase(1100, Total, 9999, yes, This is a purchase description test.) is called.
14:25:16.870:	method findCurrentPage(1) is called.
14:25:17.371:	
14:25:17.489:	Current page is: Purchase
14:25:17.489:	method enterPurchaseAmount(1100) is called.
14:25:17.489:	method enterNumPadOK (1100) is called.
14:25:17.489:	method enterNumPad (1100) is called.
14:25:17.489:	Number to be entered is: 1100
14:25:20.283:	method findCurrentPage(1) is called.
14:25:20.783:	
14:25:23.917:	Current page is: PurchaseDescription
14:25:25.530:	method findCurrentPage(1) is called.
14:25:26.031:	
