---------Start of logs---------
13:31:19.332:	writeElement is called
13:31:19.333:	method get (ActivatingSecureElement) is called.
13:31:19.333:	weight is: 0
13:31:19.333:	method get (AllowBatterySettingsChange) is called.
13:31:19.333:	weight is: 0
13:31:19.333:	method get (AllowTimeoutSettingsChange) is called.
13:31:19.333:	weight is: 9
13:31:19.333:	method get (AndroidAlert) is called.
13:31:19.333:	weight is: 0
13:31:19.333:	method get (AndroidDeviceSettings) is called.
13:31:19.333:	weight is: 1
13:31:19.334:	method get (EnterPIN) is called.
13:31:19.335:	weight is: 7
13:31:19.336:	method get (MerchantPassword) is called.
13:31:19.336:	weight is: 1
13:31:19.336:	method get (MerchantSignIn) is called.
13:31:19.336:	weight is: 1
13:31:19.336:	method get (NoNetworkConnection) is called.
13:31:19.336:	weight is: 0
13:31:19.337:	method get (ProvisionUpdateComplete) is called.
13:31:19.337:	weight is: 0
13:31:19.337:	method get (PurchaseDescription) is called.
13:31:19.337:	weight is: 0
13:31:19.337:	method get (SettingsAdvanced) is called.
13:31:19.337:	weight is: 0
13:31:19.337:	method get (SettingsTerminal) is called.
13:31:19.337:	weight is: 27
13:31:19.340:	method get (SignInSelection) is called.
13:31:19.340:	weight is: 6
13:31:19.340:	method get (PurchaseResult) is called.
13:31:19.340:	weight is: 202
13:31:19.341:	method get (UpdateRequired) is called.
13:31:19.341:	weight is: 0
13:31:19.341:	method get (ConnectionErrorDuringProvision) is called.
13:31:19.341:	weight is: 0
13:31:19.342:	method get (PleaseRestartYourPhone) is called.
13:31:19.342:	weight is: 0
13:31:19.343:	method get (UpdatingSecureElement) is called.
13:31:19.343:	weight is: 0
13:31:19.343:	method get (TermsAndConditions) is called.
13:31:19.343:	weight is: 0
13:31:19.343:	method get (ContactUs) is called.
13:31:19.343:	weight is: 0
13:31:19.344:	method get (UserManagement) is called.
13:31:19.344:	weight is: 0
13:31:19.345:	method get (EditUser) is called.
13:31:19.345:	weight is: 0
13:31:19.346:	method get (DeleteUserConfirmation) is called.
13:31:19.346:	weight is: 0
13:31:19.346:	method get (AddNewUser) is called.
13:31:19.346:	weight is: 0
13:31:19.347:	method get (UserCreated) is called.
13:31:19.347:	weight is: 0
13:31:19.348:	method get (TransactionReports) is called.
13:31:19.348:	weight is: 0
13:31:19.349:	method get (TransactionHistory) is called.
13:31:19.349:	weight is: 5
13:31:19.351:	method get (NewTagScanned) is called.
13:31:19.351:	weight is: 0
13:31:19.351:	method get (Purchase) is called.
13:31:19.351:	weight is: 157
13:31:19.354:	method get (TapToPay) is called.
13:31:19.354:	weight is: 7
13:31:19.355:	method get (CardNotSupported) is called.
13:31:19.355:	weight is: 0
13:31:19.355:	method get (Emailreceipt) is called.
13:31:19.355:	weight is: 0
13:31:19.356:	method get (ReceiptSentConfirmation) is called.
13:31:19.357:	weight is: 0
13:31:19.357:	method get (ProcessingPayment) is called.
13:31:19.357:	weight is: 207
13:31:19.358:	method get (PurchaseNotCompleted) is called.
13:31:19.358:	weight is: 0
13:31:19.358:	method get (SetTipDuringPurchase) is called.
13:31:19.358:	weight is: 0
13:31:19.360:	method get (AddTip) is called.
13:31:19.360:	weight is: 0
13:31:19.361:	method get (CreateNewPassword) is called.
13:31:19.361:	weight is: 0
13:31:19.362:	method get (EnterNewPIN) is called.
13:31:19.362:	weight is: 0
13:31:19.363:	method get (ConfirmNewPIN) is called.
13:31:19.363:	weight is: 0
13:31:19.363:	method get (CancelTransaction) is called.
13:31:19.363:	weight is: 4
13:31:19.365:	method get (PurchaseTimedOut) is called.
13:31:19.365:	weight is: 0
13:31:19.366:	method get (TransactionSearch) is called.
13:31:19.366:	weight is: 0
13:31:19.368:	method get (TransactionDetails) is called.
13:31:19.368:	weight is: 2
13:31:19.370:	method get (AccountLocked) is called.
13:31:19.370:	weight is: 0
13:31:19.371:	method get (ForgotPIN) is called.
13:31:19.371:	weight is: 0
13:31:19.372:	method get (ResetPIN) is called.
13:31:19.372:	weight is: 0
13:31:19.374:	method get (InvalidCredentials) is called.
13:31:19.374:	weight is: 0
13:31:19.375:	method get (VoidProcessingPayment) is called.
13:31:19.375:	weight is: 0
13:31:19.375:	method get (SecurityImage) is called.
13:31:19.375:	weight is: 0
13:31:19.377:	method get (ProvisionActivateComplete) is called.
13:31:19.377:	weight is: 0
13:31:19.379:	method get (PaymentAcceptanceSetup) is called.
13:31:19.379:	weight is: 0
13:31:19.381:	method get (DatePicker) is called.
13:31:19.381:	weight is: 0
13:31:19.382:	method get (ReportSentConfirmation) is called.
13:31:19.382:	weight is: 0
13:31:19.383:	method get (EnterOldPIN) is called.
13:31:19.383:	weight is: 0
13:31:19.383:	method get (PINUpdated) is called.
13:31:19.383:	weight is: 0
13:31:19.384:	method get (TransactionSearchResult) is called.
13:31:19.384:	weight is: 0
13:31:19.385:	method get (Signature) is called.
13:31:19.385:	weight is: 0
13:31:19.386:	.\src\Testcase configuration\Element Config\app elements - CBA Pre-Prod Debug.csvhas been read.
13:31:19.387:	.\src\Testcase configuration\Element Config\app elements - CBA Pre-Prod Debug.csvhas been written.
13:31:19.614:	reportHeader is: <!DOCTYPE html PUBLIC "-//W3C//DTD XHTML 1.1//EN" "http://www.w3.org/TR/xhtml11/DTD/xhtml11.dtd">
<html xmlns="http://www.w3.org/1999/xhtml">
<head>
<meta http-equiv="content-type" content="text/html; charset=UTF-8"/>
<title>Mobeewave Automation Report</title>
<style type="text/css">table {margin-bottom:10px;border-collapse:collapse;empty-cells:show}th,td {border:1px solid #009;padding:.25em .5em}th {vertical-align:bottom}td {vertical-align:top}table a {font-weight:bold}.stripe td {background-color: #E6EBF9}.num {text-align:right}.passedodd td {background-color: #3F3}.passedeven td {background-color: #0A0}.skippedodd td {background-color: #DDD}.skippedeven td {background-color: #CCC}.failedodd td,.attn {background-color: #F33}.failedeven td,.stripe .attn {background-color: #D00}.stacktrace {white-space:pre;font-family:monospace}.totop {font-size:85%;text-align:center;border-bottom:2px solid #000}.invisible {display:none}</style>
</head>
<body>
<table>
<tr><th colspan="7">Test Statistics</th></tr>
<tr><td><a href="#t0">Default test</a></td><td class="num">18,571</td></tr>
</table>
<h2>Default test</h2>
<table class="result"><tr><th>Result</th></tr><tr><td><div class="stacktrace">
13:31:19.614:	reportFooter is: </div></td></tr></table><p class="totop"><a href="#summary">back to summary</a></p>
</body>
</html>
13:31:19.614:	reportContent is: <font color='grey'>Start of base purchase cancellation - please make sure NO card is placed behind the device!</font>
<br><font color='grey'>App launched and awaiting for login.</font>
<br><font color='grey'>User Authentication performed.</font>
<br><font color='grey'>User Authentication performed.</font>
<br>Current page is equal to Purchase, <font color='green'>test passed</font>.<br>
<font color='blue'>Test Case: TS_5 completed.</font>
<br>-----------------------------------<br>
<br><font color='grey'>Start of base purchase cancellation - please make sure NO card is placed behind the device!</font>
<br><font color='grey'>This case assumes the app starts from the Purchase page.</font>
<br><font color='grey'>User Authentication performed.</font>
<br><font color='grey'>User Authentication performed.</font>
<br>Current page is equal to Purchase, <font color='green'>test passed</font>.<br>
<font color='blue'>Test Case: TS_6 completed.</font>
<br>-----------------------------------<br>
<br>
