---------Start of logs---------
14:34:37.112:	writeElement is called
14:34:37.113:	method get (ActivatingSecureElement) is called.
14:34:37.113:	weight is: 0
14:34:37.113:	method get (AllowBatterySettingsChange) is called.
14:34:37.113:	weight is: 0
14:34:37.114:	method get (AllowTimeoutSettingsChange) is called.
14:34:37.114:	weight is: 0
14:34:37.115:	method get (AndroidAlert) is called.
14:34:37.115:	weight is: 0
14:34:37.115:	method get (AndroidDeviceSettings) is called.
14:34:37.115:	weight is: 0
14:34:37.115:	method get (EnterPIN) is called.
14:34:37.117:	weight is: 1
14:34:37.117:	method get (MerchantPassword) is called.
14:34:37.117:	weight is: 0
14:34:37.117:	method get (MerchantSignIn) is called.
14:34:37.117:	weight is: 0
14:34:37.117:	method get (NoNetworkConnection) is called.
14:34:37.117:	weight is: 0
14:34:37.118:	method get (ProvisionUpdateComplete) is called.
14:34:37.118:	weight is: 0
14:34:37.118:	method get (PurchaseDescription) is called.
14:34:37.118:	weight is: 0
14:34:37.118:	method get (SettingsAdvanced) is called.
14:34:37.119:	weight is: 4
14:34:37.120:	method get (SettingsTerminal) is called.
14:34:37.120:	weight is: 5
14:34:37.121:	method get (SignInSelection) is called.
14:34:37.122:	weight is: 0
14:34:37.122:	method get (PurchaseResult) is called.
14:34:37.122:	weight is: 5
14:34:37.122:	method get (UpdateRequired) is called.
14:34:37.122:	weight is: 0
14:34:37.123:	method get (ConnectionErrorDuringProvision) is called.
14:34:37.123:	weight is: 0
14:34:37.123:	method get (PleaseRestartYourPhone) is called.
14:34:37.123:	weight is: 0
14:34:37.124:	method get (UpdatingSecureElement) is called.
14:34:37.124:	weight is: 0
14:34:37.124:	method get (TermsAndConditions) is called.
14:34:37.124:	weight is: 0
14:34:37.125:	method get (ContactUs) is called.
14:34:37.125:	weight is: 0
14:34:37.126:	method get (UserManagement) is called.
14:34:37.126:	weight is: 0
14:34:37.126:	method get (EditUser) is called.
14:34:37.126:	weight is: 0
14:34:37.128:	method get (DeleteUserConfirmation) is called.
14:34:37.128:	weight is: 0
14:34:37.129:	method get (AddNewUser) is called.
14:34:37.129:	weight is: 0
14:34:37.130:	method get (UserCreated) is called.
14:34:37.130:	weight is: 0
14:34:37.131:	method get (TransactionReports) is called.
14:34:37.131:	weight is: 0
14:34:37.133:	method get (TransactionHistory) is called.
14:34:37.133:	weight is: 14
14:34:37.134:	method get (NewTagScanned) is called.
14:34:37.134:	weight is: 0
14:34:37.135:	method get (Purchase) is called.
14:34:37.135:	weight is: 21
14:34:37.137:	method get (TapToPay) is called.
14:34:37.137:	weight is: 0
14:34:37.138:	method get (CardNotSupported) is called.
14:34:37.138:	weight is: 0
14:34:37.138:	method get (EmailReceiptForPurchase) is called.
14:34:37.138:	weight is: 0
14:34:37.140:	method get (ReceiptSentConfirmation) is called.
14:34:37.140:	weight is: 0
14:34:37.140:	method get (ProcessingPayment) is called.
14:34:37.140:	weight is: 0
14:34:37.140:	method get (PurchaseNotCompleted) is called.
14:34:37.140:	weight is: 0
14:34:37.142:	method get (SetTipDuringPurchase) is called.
14:34:37.142:	weight is: 0
14:34:37.143:	method get (AddTip) is called.
14:34:37.143:	weight is: 0
14:34:37.145:	method get (CreateNewPassword) is called.
14:34:37.146:	weight is: 0
14:34:37.147:	method get (EnterNewPIN) is called.
14:34:37.147:	weight is: 0
14:34:37.148:	method get (ConfirmNewPIN) is called.
14:34:37.148:	weight is: 0
14:34:37.148:	method get (CancelTransaction) is called.
14:34:37.148:	weight is: 0
14:34:37.151:	method get (PurchaseTimedOut) is called.
14:34:37.151:	weight is: 0
14:34:37.152:	method get (TransactionSearch) is called.
14:34:37.152:	weight is: 0
14:34:37.155:	method get (TransactionDetails) is called.
14:34:37.155:	weight is: 8
14:34:37.157:	method get (AccountLocked) is called.
14:34:37.157:	weight is: 0
14:34:37.158:	method get (ForgotPIN) is called.
14:34:37.158:	weight is: 0
14:34:37.159:	method get (ResetPIN) is called.
14:34:37.159:	weight is: 0
14:34:37.161:	method get (InvalidCredentials) is called.
14:34:37.161:	weight is: 0
14:34:37.162:	method get (VoidProcessingPayment) is called.
14:34:37.162:	weight is: 0
14:34:37.163:	method get (SecurityImage) is called.
14:34:37.163:	weight is: 0
14:34:37.164:	method get (ProvisionActivateComplete) is called.
14:34:37.164:	weight is: 0
14:34:37.165:	method get (PaymentAcceptanceSetup) is called.
14:34:37.165:	weight is: 0
14:34:37.167:	method get (DatePicker) is called.
14:34:37.167:	weight is: 0
14:34:37.167:	method get (ReportSentConfirmation) is called.
14:34:37.167:	weight is: 0
14:34:37.169:	method get (EnterOldPIN) is called.
14:34:37.169:	weight is: 0
14:34:37.169:	method get (PINUpdated) is called.
14:34:37.169:	weight is: 0
14:34:37.170:	method get (EnterRefundAmount) is called.
14:34:37.171:	weight is: 2
14:34:37.171:	method get (Signature) is called.
14:34:37.171:	weight is: 1
14:34:37.172:	.\src\Testcase configuration\Element Config\app elements - GP Debug.csvhas been read.
14:34:37.173:	.\src\Testcase configuration\Element Config\app elements - GP Debug.csvhas been written.
14:34:37.431:	reportHeader is: <!DOCTYPE html PUBLIC "-//W3C//DTD XHTML 1.1//EN" "http://www.w3.org/TR/xhtml11/DTD/xhtml11.dtd">
<html xmlns="http://www.w3.org/1999/xhtml">
<head>
<meta http-equiv="content-type" content="text/html; charset=UTF-8"/>
<title>Mobeewave Automation Report</title>
<style type="text/css">table {margin-bottom:10px;border-collapse:collapse;empty-cells:show}th,td {border:1px solid #009;padding:.25em .5em}th {vertical-align:bottom}td {vertical-align:top}table a {font-weight:bold}.stripe td {background-color: #E6EBF9}.num {text-align:right}.passedodd td {background-color: #3F3}.passedeven td {background-color: #0A0}.skippedodd td {background-color: #DDD}.skippedeven td {background-color: #CCC}.failedodd td,.attn {background-color: #F33}.failedeven td,.stripe .attn {background-color: #D00}.stacktrace {white-space:pre;font-family:monospace}.totop {font-size:85%;text-align:center;border-bottom:2px solid #000}.invisible {display:none}</style>
</head>
<body>
<table>
<tr><th colspan="7">Test Statistics</th></tr>
<tr><td><a href="#t0">Default test</a></td><td class="num">18,571</td></tr>
</table>
<h2>Default test</h2>
<table class="result"><tr><th>Result</th></tr><tr><td><div class="stacktrace">
14:34:37.432:	reportFooter is: </div></td></tr></table><p class="totop"><a href="#summary">back to summary</a></p>
</body>
</html>
14:34:37.432:	reportContent is: <font color='grey'>Start of purchase void testing - please have SUCCESS testing card placed at the back of device!</font>
<br><font color='grey'>This case assumes the app starts from the Purchase page.</font>
<br><font color='grey'>App launched and awaiting for login.</font>
<br><font color='grey'>User Authentication performed.</font>
<br><font color='grey'>User Authentication performed.</font>
<br><font color='grey'>Transaction is made, Processing time is: 20 seconds.</font>
<br>Current page is equal to PurchaseResult, <font color='green'>test passed</font>.<br>
PurchaseResultResultText is equal to PURCHASE APPROVED, <font color='green'>test passed</font>.<br>
Current page is equal to Purchase, <font color='green'>test passed</font>.<br>
Current page is equal to TransactionHistory, <font color='green'>test passed</font>.<br>
TransactionHistoryTransactionAmount is equal to CA$14.00, <font color='green'>test passed</font>.<br>
Current page is equal to TransactionDetails, <font color='green'>test passed</font>.<br>
TransactionDetailsTitle is equal to PURCHASE APPROVED, <font color='green'>test passed</font>.<br>
TransactionDetailsAmount is equal to CA$14.00, <font color='green'>test passed</font>.<br>
TransactionDetailsMerchantName is equal to taoye, <font color='green'>test passed</font>.<br>
TransactionDetailsEmailReceipt is equal to EMAIL RECEIPT, <font color='green'>test passed</font>.<br>
TransactionDetailsVoid is equal to VOID, <font color='green'>test passed</font>.<br>
<font color='grey'>User Authentication performed.</font>
<br>Current page is equal to SettingsTerminal, <font color='green'>test passed</font>.<br>
Current page is equal to SettingsAdvanced, <font color='green'>test passed</font>.<br>
<font color='grey'>Testing Version Number Display</font>
<br>SettingsAdvancedAppVersionValue is expected to be <font color='brown'>1.4.7(4)</font>, but is actually equal to: <font color='brown'>1.4.9(12)</font>, <font color='red'>test failed</font>.<br>
Current page is equal to TransactionHistory, <font color='green'>test passed</font>.<br>
TransactionHistoryTransactionAmount is equal to CA$14.00, <font color='green'>test passed</font>.<br>
Current page is equal to TransactionDetails, <font color='green'>test passed</font>.<br>
TransactionDetailsTitle is equal to PURCHASE APPROVED, <font color='green'>test passed</font>.<br>
TransactionDetailsAmount is equal to CA$14.00, <font color='green'>test passed</font>.<br>
TransactionDetailsMerchantName is equal to taoye, <font color='green'>test passed</font>.<br>
TransactionDetailsEmailReceipt is equal to EMAIL RECEIPT, <font color='green'>test passed</font>.<br>
TransactionDetailsVoid is equal to REFUND, <font color='green'>test passed</font>.<br>
<font color='grey'>User Authentication performed.</font>
<br>Current page is equal to EnterRefundAmount, <font color='green'>test passed</font>.<br>
<font color='grey'>Making Signature</font>
<br>Current page is equal to TransactionHistory, <font color='green'>test passed</font>.<br>
TransactionHistoryTransactionAmount is equal to - CA$14.00, <font color='green'>test passed</font>.<br>
Current page is equal to TransactionDetails, <font color='green'>test passed</font>.<br>
TransactionDetailsTitle is equal to REFUND APPROVED, <font color='green'>test passed</font>.<br>
TransactionDetailsAmount is equal to - CA$14.00, <font color='green'>test passed</font>.<br>
TransactionDetailsMerchantName is equal to taoye, <font color='green'>test passed</font>.<br>
TransactionDetailsEmailReceipt is equal to EMAIL RECEIPT, <font color='green'>test passed</font>.<br>
TransactionDetailsVoid is equal to VOID, <font color='green'>test passed</font>.<br>
<font color='grey'>Refund testing completed.</font>
<br><font color='grey'>User Authentication performed.</font>
<br>Current page is equal to PurchaseResult, <font color='green'>test passed</font>.<br>
PurchaseResultResultText is equal to VOID APPROVED, <font color='green'>test passed</font>.<br>
Current page is equal to TransactionHistory, <font color='green'>test passed</font>.<br>
TransactionHistoryTransactionAmount is equal to CA$14.00, <font color='green'>test passed</font>.<br>
Current page is equal to TransactionDetails, <font color='green'>test passed</font>.<br>
TransactionDetailsTitle is equal to VOID APPROVED, <font color='green'>test passed</font>.<br>
TransactionDetailsAmount is equal to CA$14.00, <font color='green'>test passed</font>.<br>
TransactionDetailsMerchantName is equal to taoye, <font color='green'>test passed</font>.<br>
TransactionDetailsEmailReceipt is equal to EMAIL RECEIPT, <font color='green'>test passed</font>.<br>
TransactionDetailsVoid is equal to element not found, <font color='green'>test passed</font>.<br>
Current page is equal to Purchase, <font color='green'>test passed</font>.<br>
<font color='blue'>Test Case: TS_8&TS_9 completed.</font>
<br>-----------------------------------<br>
<br>
