---------Start of logs---------
13:55:40.332:	The method "logComment()" are called
13:55:40.332:	<font color='grey'>Start of purchase void testing - please have SUCCESS testing card placed at the back of device!</font>
13:55:40.332:	The method "logComment()" are called
13:55:40.332:	<font color='grey'>This case assumes the app starts from the Purchase page.</font>
13:55:40.332:	The method "launch()" are called
13:55:40.332:	method launch (120) is called.
13:55:40.332:	method launch (CBA, 120) is called.
13:55:40.332:	method findCurrentPage(120) is called.
13:55:40.834:	
13:55:50.817:	Current page is: 
13:55:50.817:	This page  is not recognized.
13:55:50.817:	method findCurrentPage(120) is called.
13:55:51.317:	
13:55:52.595:	Current page is: EnterPIN
13:55:52.595:	<font color='grey'>App launched and awaiting for login.</font>
13:55:52.596:	The method "login()" are called
13:55:52.596:	method login(1) is called.
13:55:53.596:	method enterNumPadOK (123456) is called.
13:55:53.596:	method enterNumPad (123456) is called.
13:55:53.596:	Number to be entered is: 123456
13:55:57.792:	<font color='grey'>User Authentication performed.</font>
13:55:57.792:	The method "waitUntilPage()" are called
13:56:07.286:	Current page is: 
13:56:07.437:	Current page is: Purchase
13:56:07.437:	page count is: 127
13:56:07.938:	The method "reachPage()" are called
13:56:07.938:	method reachPage(GP, SettingsTerminal) is called.
13:56:07.938:	method reachPage(GP, Purchase) is called.
13:56:08.086:	method goToSidemenuPage(Purchase) is called.
13:56:08.086:	method findCurrentPage(0) is called.
13:56:08.586:	
13:56:08.784:	Current page is: Purchase
13:56:08.784:	method findCurrentPage(0) is called.
13:56:09.284:	
13:56:09.451:	Current page is: Purchase
13:56:11.047:	method login(1) is called.
13:56:12.047:	method enterNumPadOK (123456) is called.
13:56:12.047:	method enterNumPad (123456) is called.
13:56:12.047:	Number to be entered is: 123456
13:56:17.164:	<font color='grey'>User Authentication performed.</font>
13:56:19.318:	Current page is: SettingsTerminal
13:56:19.318:	page count is: 31
13:56:19.319:	The method "setBooleanValue(no)" are called
13:56:19.492:	The method "setBooleanValue(no)" are called
13:56:19.704:	The method "setBooleanValue(no)" are called
13:56:19.913:	The method "reachPage()" are called
13:56:19.913:	method reachPage(GP, Purchase) is called.
13:56:20.050:	method goToSidemenuPage(Purchase) is called.
13:56:20.050:	method findCurrentPage(0) is called.
13:56:20.550:	
13:56:21.195:	Current page is: SettingsTerminal
13:56:21.195:	method clickOnPage(SettingsTerminal, Purchase, [Ljava.lang.String;@1a67c3a) is called.
13:56:21.195:	method findCurrentPage(0) is called.
13:56:21.695:	
13:56:22.967:	Current page is: SettingsTerminal
13:56:25.728:	Current page is: Purchase
13:56:25.728:	page count is: 130
13:56:25.728:	The method "singlePurchase()" are called
13:56:25.728:	method singlePurchase(1400, no, , no, ) is called.
13:56:25.728:	method findCurrentPage(1) is called.
13:56:26.229:	
13:56:26.389:	Current page is: Purchase
13:56:26.389:	method enterPurchaseAmount(1400) is called.
13:56:26.389:	method enterNumPadOK (1400) is called.
13:56:26.389:	method enterNumPad (1400) is called.
13:56:26.389:	Number to be entered is: 1400
13:56:29.111:	method findCurrentPage(1) is called.
13:56:29.612:	
13:56:40.195:	Current page is: 
13:56:40.195:	reached an unrecognized page: 
13:56:40.346:	exception caught during button click, failed to find NoNetworkConnectionretry
13:56:40.346:	method findCurrentPage(1) is called.
13:56:40.847:	
13:56:41.699:	Current page is: PurchaseResult
13:56:41.699:	<font color='grey'>Transaction is made, Processing time is: 15 seconds.</font>
13:56:41.699:	The method "test()" are called
13:56:42.596:	Current page is: PurchaseResult
13:56:42.596:	page count is: 32
13:56:42.599:	The method "test()" are called
13:56:42.777:	The method "clickButton()" are called
13:56:42.993:	The method "waitUntilPage()" are called
13:56:44.112:	Current page is: Purchase
13:56:44.112:	page count is: 132
13:56:44.112:	The method "test()" are called
13:56:44.265:	Current page is: Purchase
13:56:44.265:	page count is: 133
13:56:44.265:	The method "reachPage()" are called
13:56:44.265:	method reachPage(GP, TransactionHistory) is called.
13:56:44.265:	method reachPage(GP, Purchase) is called.
13:56:44.392:	method goToSidemenuPage(Purchase) is called.
13:56:44.392:	method findCurrentPage(0) is called.
13:56:44.892:	
13:56:45.052:	Current page is: Purchase
13:56:45.053:	method goToSidemenuPage(TransactionHistory) is called.
13:56:45.053:	method findCurrentPage(0) is called.
13:56:45.553:	
13:56:45.707:	Current page is: Purchase
13:56:45.708:	method clickOnPage(Purchase, TransactionHistory, [Ljava.lang.String;@11abd11) is called.
13:56:45.708:	method findCurrentPage(0) is called.
13:56:46.209:	
13:56:46.386:	Current page is: Purchase
13:56:49.669:	Current page is: TransactionHistory
13:56:49.669:	page count is: 85
13:56:49.669:	The method "test()" are called
13:56:50.026:	Current page is: TransactionHistory
13:56:50.027:	page count is: 86
13:56:50.027:	The method "test()" are called
13:56:50.210:	The method "clickButton()" are called
13:56:50.504:	The method "waitUntilPage()" are called
13:56:52.339:	Current page is: TransactionDetails
13:56:52.339:	page count is: 49
13:56:52.339:	The method "test()" are called
13:56:53.006:	Current page is: TransactionDetails
13:56:53.006:	page count is: 50
13:56:53.006:	The method "test()" are called
13:56:53.181:	The method "test()" are called
13:56:53.355:	The method "test()" are called
13:56:53.530:	The method "test()" are called
13:56:53.701:	The method "test()" are called
13:56:53.884:	The method "clickButton()" are called
13:56:54.110:	The method "waitUntilPage()" are called
13:56:55.649:	Current page is: TransactionHistory
13:56:55.649:	page count is: 87
13:56:55.649:	The method "reachPage()" are called
13:56:55.649:	method reachPage(GP, SettingsTerminal) is called.
13:56:55.649:	method reachPage(GP, Purchase) is called.
13:56:55.847:	method goToSidemenuPage(Purchase) is called.
13:56:55.847:	method findCurrentPage(0) is called.
13:56:56.348:	
13:56:56.829:	Current page is: TransactionHistory
13:56:56.829:	method clickOnPage(TransactionHistory, Purchase, [Ljava.lang.String;@27a6c1) is called.
13:56:56.829:	method findCurrentPage(0) is called.
13:56:57.330:	
13:56:57.782:	Current page is: TransactionHistory
13:57:00.510:	Current page is: Purchase
13:57:00.510:	page count is: 137
13:57:00.510:	method findCurrentPage(0) is called.
13:57:01.011:	
13:57:01.161:	Current page is: Purchase
13:57:02.407:	method login(1) is called.
13:57:03.408:	method enterNumPadOK (123456) is called.
13:57:03.408:	method enterNumPad (123456) is called.
13:57:03.408:	Number to be entered is: 123456
13:57:07.759:	<font color='grey'>User Authentication performed.</font>
13:57:09.731:	Current page is: SettingsTerminal
13:57:09.731:	page count is: 34
13:57:09.731:	The method "test()" are called
13:57:13:	Current page is: 
13:57:13.001:	The method "clickButton()" are called
13:57:13.016:	exception caught during button click, failed to find SettingsTerminalAdvancedTab
13:57:13.016:	The method "waitUntilPage()" are called
13:57:14.148:	Current page is: 
13:57:16.242:	Current page is: 
13:57:19.828:	Current page is: 
