---------Start of logs---------
10:54:40.089:	The method "logComment()" are called
10:54:40.089:	<font color='grey'>Start of purchase void testing - please have SUCCESS testing card placed at the back of device!</font>
10:54:40.089:	The method "logComment()" are called
10:54:40.089:	<font color='grey'>This case assumes the app starts from the Purchase page.</font>
10:54:40.089:	The method "reachPage()" are called
10:54:40.089:	method reachPage(GP, SettingsTerminal) is called.
10:54:40.089:	method reachPage(GP, Purchase) is called.
10:54:40.617:	method reachPage(GP, EnterPIN) is called.
10:54:40.618:	method launch (GP, 1) is called.
10:54:40.619:	method findCurrentPage(1) is called.
10:54:41.120:	
10:54:44.662:	Current page is: SignInSelection
10:54:47.325:	Current page is: EnterPIN
10:54:47.325:	page count is: 10
10:54:47.325:	method login(0) is called.
10:54:47.325:	method enterNumPadOK (123456) is called.
10:54:47.325:	method enterNumPad (123456) is called.
10:54:47.325:	Number to be entered is: 123456
10:54:51.747:	<font color='grey'>User Authentication performed.</font>
10:55:01.244:	Current page is: 
10:55:01.397:	Current page is: Purchase
10:55:01.397:	page count is: 534
10:55:01.898:	method findCurrentPage(0) is called.
10:55:02.398:	
10:55:02.567:	Current page is: Purchase
10:55:03.801:	method login(1) is called.
10:55:04.802:	method enterNumPadOK (123456) is called.
10:55:04.802:	method enterNumPad (123456) is called.
10:55:04.802:	Number to be entered is: 123456
10:55:09.811:	<font color='grey'>User Authentication performed.</font>
10:55:11.795:	Current page is: SettingsTerminal
10:55:11.795:	page count is: 95
10:55:11.795:	The method "setBooleanValue(no)" are called
10:55:11.955:	The method "setBooleanValue(no)" are called
10:55:12.126:	The method "reachPage()" are called
10:55:12.126:	method reachPage(GP, Purchase) is called.
10:55:12.249:	method goToSidemenuPage(Purchase) is called.
10:55:12.249:	method findCurrentPage(0) is called.
10:55:12.749:	
10:55:13.045:	Current page is: SettingsTerminal
10:55:13.045:	method clickOnPage(SettingsTerminal, Purchase, [Ljava.lang.String;@bfd80d) is called.
10:55:13.045:	method findCurrentPage(0) is called.
10:55:13.545:	
10:55:13.842:	Current page is: SettingsTerminal
10:55:16.589:	Current page is: Purchase
10:55:16.589:	page count is: 536
10:55:16.589:	The method "singlePurchase()" are called
10:55:16.589:	method singlePurchase(1400, no, , no, ) is called.
10:55:16.589:	method findCurrentPage(1) is called.
10:55:17.089:	
10:55:17.254:	Current page is: Purchase
10:55:17.254:	method enterPurchaseAmount(1400) is called.
10:55:17.254:	method enterNumPadOK (1400) is called.
10:55:17.254:	method enterNumPad (1400) is called.
10:55:17.254:	Number to be entered is: 1400
10:55:20.132:	method findCurrentPage(1) is called.
10:55:20.633:	
10:55:23.966:	Current page is: PurchaseDescription
10:55:24.114:	method findCurrentPage(1) is called.
10:55:24.614:	
10:55:26.911:	Current page is: TapToPay
10:55:26.911:	waiting for card tap
10:55:26.911:	method findCurrentPage(1) is called.
10:55:27.413:	
10:55:28.716:	Current page is: TapToPay
10:55:28.716:	waiting for card tap
10:55:28.716:	method findCurrentPage(1) is called.
10:55:29.217:	
10:55:30.146:	Current page is: TapToPay
10:55:30.146:	waiting for card tap
10:55:30.146:	method findCurrentPage(1) is called.
10:55:30.646:	
10:55:38.895:	Current page is: 
10:55:38.895:	reached an unrecognized page: 
10:55:38.895:	exception caught during button click, failed to find NoNetworkConnectionretry
10:55:38.895:	method findCurrentPage(1) is called.
10:55:39.396:	
10:55:40.138:	Current page is: PurchaseResult
10:55:40.138:	<font color='grey'>Transaction is made, Processing time is: 9 seconds.</font>
10:55:40.138:	The method "test()" are called
10:55:40.967:	Current page is: PurchaseResult
10:55:40.967:	page count is: 20
10:55:40.969:	The method "test()" are called
10:55:41.158:	The method "clickButton()" are called
10:55:41.370:	The method "waitUntilPage()" are called
10:55:42.535:	Current page is: Purchase
10:55:42.535:	page count is: 538
10:55:42.656:	Current page is: Purchase
10:55:42.656:	page count is: 539
10:55:43.285:	Current page is: Purchase
10:55:43.285:	page count is: 540
10:55:43.896:	Current page is: Purchase
10:55:43.896:	page count is: 541
10:55:44.551:	Current page is: Purchase
10:55:44.551:	page count is: 542
10:55:45.195:	Current page is: Purchase
10:55:45.195:	page count is: 543
10:55:45.840:	Current page is: Purchase
10:55:45.840:	page count is: 544
10:55:46.494:	Current page is: Purchase
10:55:46.494:	page count is: 545
10:55:47.164:	Current page is: Purchase
10:55:47.164:	page count is: 546
10:55:47.844:	Current page is: Purchase
10:55:47.844:	page count is: 547
10:55:48.498:	Current page is: Purchase
10:55:48.498:	page count is: 548
10:55:49.166:	Current page is: Purchase
10:55:49.166:	page count is: 549
10:55:49.805:	Current page is: Purchase
10:55:49.805:	page count is: 550
10:55:50.468:	Current page is: Purchase
10:55:50.468:	page count is: 551
10:55:51.127:	Current page is: Purchase
10:55:51.127:	page count is: 552
10:55:51.768:	Current page is: Purchase
10:55:51.769:	page count is: 553
10:55:52.427:	Current page is: Purchase
10:55:52.427:	page count is: 554
10:55:53.104:	Current page is: Purchase
10:55:53.104:	page count is: 555
10:55:53.763:	Current page is: Purchase
10:55:53.763:	page count is: 556
10:55:54.422:	Current page is: Purchase
10:55:54.422:	page count is: 557
10:55:55.078:	Current page is: Purchase
10:55:55.078:	page count is: 558
10:55:55.751:	Current page is: Purchase
10:55:55.751:	page count is: 559
