---------Start of logs---------
11:26:43.800:	The method "logComment()" are called
11:26:43.800:	<font color='grey'>Start of purchase void testing - please have SUCCESS testing card placed at the back of device!</font>
11:26:43.801:	The method "logComment()" are called
11:26:43.801:	<font color='grey'>This case assumes the app starts from the Purchase page.</font>
11:26:43.801:	The method "launch()" are called
11:26:43.801:	method launch (120) is called.
11:26:43.801:	method launch (CBA, 120) is called.
11:26:43.801:	method findCurrentPage(120) is called.
11:26:44.303:	
11:26:54.288:	Current page is: 
11:26:54.288:	This page  is not recognized.
11:26:54.288:	method findCurrentPage(120) is called.
11:26:54.788:	
11:26:55.950:	Current page is: EnterPIN
11:26:55.950:	<font color='grey'>App launched and awaiting for login.</font>
11:26:55.950:	The method "login()" are called
11:26:55.950:	method login(1) is called.
11:26:56.951:	method enterNumPadOK (123456) is called.
11:26:56.951:	method enterNumPad (123456) is called.
11:26:56.951:	Number to be entered is: 123456
11:27:01.101:	<font color='grey'>User Authentication performed.</font>
11:27:01.101:	The method "waitUntilPage()" are called
11:27:10.283:	Current page is: 
11:27:10.419:	Current page is: Purchase
11:27:10.419:	page count is: 43
11:27:10.920:	The method "reachPage()" are called
11:27:10.920:	method reachPage(GP, SettingsTerminal) is called.
11:27:10.920:	method reachPage(GP, Purchase) is called.
11:27:11.283:	method goToSidemenuPage(Purchase) is called.
11:27:11.283:	method findCurrentPage(0) is called.
11:27:11.784:	
11:27:11.938:	Current page is: Purchase
11:27:11.938:	method findCurrentPage(0) is called.
11:27:12.439:	
11:27:12.600:	Current page is: Purchase
11:27:13.907:	method login(1) is called.
11:27:14.908:	method enterNumPadOK (123456) is called.
11:27:14.908:	method enterNumPad (123456) is called.
11:27:14.908:	Number to be entered is: 123456
11:27:19.624:	<font color='grey'>User Authentication performed.</font>
11:27:21.748:	Current page is: SettingsTerminal
11:27:21.748:	page count is: 11
11:27:21.749:	The method "setBooleanValue(no)" are called
11:27:21.879:	The method "setBooleanValue(no)" are called
11:27:22.003:	The method "setBooleanValue(no)" are called
11:27:22.648:	The method "reachPage()" are called
11:27:22.648:	method reachPage(GP, Purchase) is called.
11:27:22.749:	method goToSidemenuPage(Purchase) is called.
11:27:22.749:	method findCurrentPage(0) is called.
11:27:23.250:	
11:27:23.749:	Current page is: SettingsTerminal
11:27:23.749:	method clickOnPage(SettingsTerminal, Purchase, [Ljava.lang.String;@c85b0c) is called.
11:27:23.749:	method findCurrentPage(0) is called.
11:27:24.250:	
11:27:24.810:	Current page is: SettingsTerminal
11:27:27.427:	Current page is: Purchase
11:27:27.427:	page count is: 46
11:27:27.428:	The method "singlePurchase()" are called
11:27:27.428:	method singlePurchase(1400, no, , no, ) is called.
11:27:27.428:	method findCurrentPage(1) is called.
11:27:27.929:	
11:27:28.089:	Current page is: Purchase
11:27:28.089:	method enterPurchaseAmount(1400) is called.
11:27:28.089:	method enterNumPadOK (1400) is called.
11:27:28.089:	method enterNumPad (1400) is called.
11:27:28.089:	Number to be entered is: 1400
11:27:30.728:	method findCurrentPage(1) is called.
11:27:31.228:	
11:27:40.245:	Current page is: 
11:27:40.245:	reached an unrecognized page: 
11:27:40.352:	exception caught during button click, failed to find NoNetworkConnectionretry
11:27:40.352:	method findCurrentPage(1) is called.
11:27:40.852:	
11:27:41.372:	Current page is: PurchaseResult
11:27:41.372:	<font color='grey'>Transaction is made, Processing time is: 13 seconds.</font>
11:27:41.372:	The method "test()" are called
11:27:41.998:	Current page is: PurchaseResult
11:27:41.998:	page count is: 12
11:27:42:	The method "test()" are called
11:27:42.141:	The method "clickButton()" are called
11:27:42.304:	The method "waitUntilPage()" are called
11:27:43.417:	Current page is: Purchase
11:27:43.417:	page count is: 48
11:27:43.417:	The method "test()" are called
11:27:43.525:	Current page is: Purchase
11:27:43.525:	page count is: 49
11:27:43.525:	The method "reachPage()" are called
11:27:43.525:	method reachPage(GP, TransactionHistory) is called.
11:27:43.525:	method reachPage(GP, Purchase) is called.
11:27:43.611:	method goToSidemenuPage(Purchase) is called.
11:27:43.611:	method findCurrentPage(0) is called.
11:27:44.112:	
11:27:44.265:	Current page is: Purchase
11:27:44.265:	method goToSidemenuPage(TransactionHistory) is called.
11:27:44.265:	method findCurrentPage(0) is called.
11:27:44.766:	
11:27:44.895:	Current page is: Purchase
11:27:44.895:	method clickOnPage(Purchase, TransactionHistory, [Ljava.lang.String;@13f3ba0) is called.
11:27:44.895:	method findCurrentPage(0) is called.
11:27:45.396:	
11:27:45.495:	Current page is: Purchase
11:27:48.851:	Current page is: TransactionHistory
11:27:48.851:	page count is: 29
11:27:48.851:	The method "test()" are called
11:27:49.261:	Current page is: TransactionHistory
11:27:49.261:	page count is: 30
11:27:49.261:	The method "test()" are called
11:27:49.472:	The method "clickButton()" are called
11:27:49.706:	The method "waitUntilPage()" are called
11:27:51.515:	Current page is: TransactionDetails
11:27:51.515:	page count is: 17
11:27:51.515:	The method "test()" are called
11:27:52.146:	Current page is: TransactionDetails
11:27:52.146:	page count is: 18
11:27:52.146:	The method "test()" are called
11:27:52.296:	The method "test()" are called
11:27:52.456:	The method "test()" are called
11:27:52.629:	The method "test()" are called
11:27:52.783:	The method "test()" are called
11:27:52.946:	The method "clickButton()" are called
11:27:53.126:	The method "waitUntilPage()" are called
11:27:54.621:	Current page is: TransactionHistory
11:27:54.621:	page count is: 31
11:27:54.621:	The method "reachPage()" are called
11:27:54.621:	method reachPage(GP, SettingsTerminal) is called.
11:27:54.621:	method reachPage(GP, Purchase) is called.
11:27:54.795:	method goToSidemenuPage(Purchase) is called.
11:27:54.795:	method findCurrentPage(0) is called.
11:27:55.296:	
11:27:55.697:	Current page is: TransactionHistory
11:27:55.697:	method clickOnPage(TransactionHistory, Purchase, [Ljava.lang.String;@fe8a4f) is called.
11:27:55.697:	method findCurrentPage(0) is called.
11:27:56.198:	
11:27:56.605:	Current page is: TransactionHistory
11:27:59.340:	Current page is: Purchase
11:27:59.340:	page count is: 53
11:27:59.341:	method findCurrentPage(0) is called.
11:27:59.841:	
11:27:59.996:	Current page is: Purchase
11:28:01.288:	method login(1) is called.
11:28:02.289:	method enterNumPadOK (123456) is called.
11:28:02.289:	method enterNumPad (123456) is called.
11:28:02.289:	Number to be entered is: 123456
11:28:06.686:	<font color='grey'>User Authentication performed.</font>
11:28:08.776:	Current page is: SettingsTerminal
11:28:08.777:	page count is: 14
11:28:08.777:	The method "test()" are called
11:28:09.358:	Current page is: SettingsTerminal
11:28:09.358:	page count is: 15
11:28:09.358:	The method "clickButton()" are called
11:28:09.492:	The method "waitUntilPage()" are called
11:28:11.781:	Current page is: SettingsAdvanced
11:28:11.781:	page count is: 9
11:28:11.782:	The method "test()" are called
11:28:12.414:	Current page is: SettingsAdvanced
11:28:12.414:	page count is: 10
11:28:12.414:	The method "logComment()" are called
11:28:12.414:	<font color='grey'>Testing Version Number Display</font>
11:28:12.414:	The method "test()" are called
11:28:12.528:	The method "clickButton()" are called
11:28:12.661:	The method "reachPage()" are called
11:28:12.661:	method reachPage(GP, TransactionHistory) is called.
11:28:12.661:	method reachPage(GP, Purchase) is called.
11:28:13.836:	method goToSidemenuPage(Purchase) is called.
11:28:13.836:	method findCurrentPage(0) is called.
11:28:14.336:	
11:28:14.979:	Current page is: SettingsAdvanced
11:28:14.979:	method clickOnPage(SettingsAdvanced, Purchase, [Ljava.lang.String;@d4a6a) is called.
11:28:14.979:	method findCurrentPage(0) is called.
11:28:15.480:	
11:28:16.389:	Current page is: SettingsAdvanced
11:28:18.940:	Current page is: Purchase
11:28:18.940:	page count is: 55
11:28:18.940:	method goToSidemenuPage(TransactionHistory) is called.
11:28:18.940:	method findCurrentPage(0) is called.
11:28:19.441:	
11:28:19.567:	Current page is: Purchase
11:28:19.567:	method clickOnPage(Purchase, TransactionHistory, [Ljava.lang.String;@123be6c) is called.
11:28:19.567:	method findCurrentPage(0) is called.
11:28:20.068:	
11:28:20.201:	Current page is: Purchase
11:28:23.257:	Current page is: TransactionHistory
11:28:23.257:	page count is: 34
11:28:23.257:	The method "test()" are called
11:28:23.632:	Current page is: TransactionHistory
11:28:23.632:	page count is: 35
11:28:23.632:	The method "test()" are called
11:28:23.830:	The method "clickButton()" are called
11:28:24.045:	The method "waitUntilPage()" are called
11:28:25.869:	Current page is: TransactionDetails
11:28:25.869:	page count is: 19
11:28:25.869:	The method "test()" are called
11:28:26.511:	Current page is: TransactionDetails
11:28:26.511:	page count is: 20
11:28:26.511:	The method "test()" are called
11:28:26.668:	The method "test()" are called
11:28:26.828:	The method "test()" are called
11:28:26.987:	The method "test()" are called
11:28:27.146:	The method "test()" are called
11:28:27.304:	The method "clickButton()" are called
11:28:27.480:	The method "login()" are called
11:28:27.480:	method login(1) is called.
11:28:28.481:	method enterNumPadOK (123456) is called.
11:28:28.481:	method enterNumPad (123456) is called.
11:28:28.481:	Number to be entered is: 123456
11:28:32.568:	<font color='grey'>User Authentication performed.</font>
11:28:32.568:	The method "waitUntilPage()" are called
11:28:35.129:	Current page is: EnterRefundAmount
11:28:35.129:	page count is: 5
11:28:35.129:	The method "test()" are called
11:28:35.899:	Current page is: EnterRefundAmount
11:28:35.899:	page count is: 6
11:28:35.899:	The method "clickButton()" are called
11:28:36.044:	The method "waitUntilPage()" are called
11:28:43.327:	Current page is: 
11:28:43.852:	Current page is: Signature
11:28:43.853:	page count is: 3
11:28:44.354:	The method "logComment()" are called
11:28:44.354:	<font color='grey'>Making Signature</font>
11:28:44.354:	The method "sign()" are called
11:28:44.354:	starting to tap SignatureSignArea
11:29:10.022:	The method "clickButton()" are called
11:29:11.902:	exception caught during button click, failed to find SignatureConfirm
11:29:11.903:	The method "waitUntilPage()" are called
11:29:16.745:	Current page is: 
