---------Start of logs---------
14:13:41.306:	The method "logComment()" are called
14:13:41.306:	<font color='grey'>Start of refund and void refund testing - please have SUCCESS testing card placed at the back of device!</font>
14:13:41.306:	The method "logComment()" are called
14:13:41.306:	<font color='grey'>This case assumes the app starts from the Purchase page.</font>
14:13:41.306:	The method "launch()" are called
14:13:41.306:	method launch (120) is called.
14:13:41.306:	method launch (CBA, 120) is called.
14:13:41.307:	method findCurrentPage(120) is called.
14:13:41.809:	
14:13:49.040:	Current page is: 
14:13:49.040:	This page  is not recognized.
14:13:49.041:	method findCurrentPage(120) is called.
14:13:49.542:	
14:13:54.211:	Current page is: 
14:13:54.211:	This page  is not recognized.
14:13:54.211:	method findCurrentPage(120) is called.
14:13:54.711:	
14:13:59.604:	Current page is: 
14:13:59.604:	This page  is not recognized.
14:13:59.604:	method findCurrentPage(120) is called.
14:14:00.105:	
