---------Start of logs---------
11:01:54.567:	The method "logComment()" are called
11:01:54.567:	<font color='grey'>Start of purchase void testing - please have SUCCESS testing card placed at the back of device!</font>
11:01:54.567:	The method "logComment()" are called
11:01:54.567:	<font color='grey'>This case assumes the app starts from the Purchase page.</font>
11:01:54.567:	The method "reachPage()" are called
11:01:54.567:	method reachPage(GP, SettingsTerminal) is called.
11:01:54.567:	method reachPage(GP, Purchase) is called.
11:01:55.095:	method reachPage(GP, EnterPIN) is called.
11:01:55.097:	method launch (GP, 1) is called.
11:01:55.097:	method findCurrentPage(1) is called.
11:01:55.598:	
11:01:59.004:	Current page is: SignInSelection
11:02:02.103:	Current page is: EnterPIN
11:02:02.103:	page count is: 10
11:02:02.103:	method login(0) is called.
11:02:02.103:	method enterNumPadOK (123456) is called.
11:02:02.103:	method enterNumPad (123456) is called.
11:02:02.103:	Number to be entered is: 123456
11:02:06.394:	<font color='grey'>User Authentication performed.</font>
11:02:16.236:	Current page is: 
11:02:16.359:	Current page is: Purchase
11:02:16.359:	page count is: 534
11:02:16.860:	method findCurrentPage(0) is called.
11:02:17.361:	
11:02:17.534:	Current page is: Purchase
11:02:18.865:	method login(1) is called.
11:02:19.866:	method enterNumPadOK (123456) is called.
11:02:19.866:	method enterNumPad (123456) is called.
11:02:19.866:	Number to be entered is: 123456
11:02:24.869:	<font color='grey'>User Authentication performed.</font>
11:02:26.826:	Current page is: SettingsTerminal
11:02:26.826:	page count is: 95
11:02:26.826:	The method "setBooleanValue(no)" are called
11:02:26.995:	The method "setBooleanValue(no)" are called
11:02:27.174:	The method "reachPage()" are called
11:02:27.174:	method reachPage(GP, Purchase) is called.
11:02:27.288:	method goToSidemenuPage(Purchase) is called.
11:02:27.288:	method findCurrentPage(0) is called.
11:02:27.789:	
11:02:28.090:	Current page is: SettingsTerminal
11:02:28.091:	method clickOnPage(SettingsTerminal, Purchase, [Ljava.lang.String;@116e95f) is called.
11:02:28.091:	method findCurrentPage(0) is called.
11:02:28.591:	
11:02:28.890:	Current page is: SettingsTerminal
11:02:31.592:	Current page is: Purchase
11:02:31.592:	page count is: 536
11:02:31.592:	The method "singlePurchase()" are called
11:02:31.592:	method singlePurchase(1400, no, , no, ) is called.
11:02:31.593:	method findCurrentPage(1) is called.
11:02:32.093:	
11:02:32.240:	Current page is: Purchase
11:02:32.240:	method enterPurchaseAmount(1400) is called.
11:02:32.241:	method enterNumPadOK (1400) is called.
11:02:32.241:	method enterNumPad (1400) is called.
11:02:32.241:	Number to be entered is: 1400
11:02:35.086:	method findCurrentPage(1) is called.
11:02:35.587:	
11:02:38.803:	Current page is: PurchaseDescription
11:02:38.928:	method findCurrentPage(1) is called.
11:02:39.429:	
11:02:47.601:	Current page is: 
11:02:47.601:	reached an unrecognized page: 
11:02:47.601:	exception caught during button click, failed to find NoNetworkConnectionretry
11:02:47.601:	method findCurrentPage(1) is called.
11:02:48.101:	
11:02:56.135:	Current page is: 
11:02:56.135:	reached an unrecognized page: 
11:02:56.135:	exception caught during button click, failed to find NoNetworkConnectionretry
11:02:56.135:	method findCurrentPage(1) is called.
11:02:56.636:	
11:02:57.432:	Current page is: PurchaseResult
11:02:57.432:	<font color='grey'>Transaction is made, Processing time is: 25 seconds.</font>
11:02:57.432:	The method "test()" are called
11:02:58.182:	Current page is: PurchaseResult
11:02:58.182:	page count is: 20
11:02:58.187:	The method "test()" are called
11:02:58.356:	The method "clickButton()" are called
11:02:58.544:	The method "waitUntilPage()" are called
11:03:06.192:	Current page is: 
11:03:06.325:	Current page is: Purchase
11:03:06.325:	page count is: 538
11:03:06.971:	Current page is: Purchase
11:03:06.971:	page count is: 539
11:03:07.643:	Current page is: Purchase
11:03:07.643:	page count is: 540
11:03:08.299:	Current page is: Purchase
11:03:08.300:	page count is: 541
