---------Start of logs---------
09:42:43.390:	writeElement is called
09:42:43.390:	method get (ActivatingSecureElement) is called.
09:42:43.390:	weight is: 0
09:42:43.390:	method get (AllowBatterySettingsChange) is called.
09:42:43.390:	weight is: 0
09:42:43.390:	method get (AllowTimeoutSettingsChange) is called.
09:42:43.390:	weight is: 0
09:42:43.390:	method get (AndroidAlert) is called.
09:42:43.390:	weight is: 0
09:42:43.390:	method get (AndroidDeviceSettings) is called.
09:42:43.390:	weight is: 0
09:42:43.391:	method get (EnterPIN) is called.
09:42:43.391:	weight is: 9
09:42:43.392:	method get (MerchantPassword) is called.
09:42:43.392:	weight is: 1
09:42:43.392:	method get (MerchantSignIn) is called.
09:42:43.392:	weight is: 1
09:42:43.392:	method get (NoNetworkConnection) is called.
09:42:43.392:	weight is: 0
09:42:43.393:	method get (ProvisionUpdateComplete) is called.
09:42:43.393:	weight is: 1
09:42:43.394:	method get (PurchaseDescription) is called.
09:42:43.394:	weight is: 0
09:42:43.394:	method get (SettingsAdvanced) is called.
09:42:43.394:	weight is: 11
09:42:43.394:	method get (SettingsTerminal) is called.
09:42:43.394:	weight is: 88
09:42:43.396:	method get (SignInSelection) is called.
09:42:43.396:	weight is: 2
09:42:43.397:	method get (PurchaseResult) is called.
09:42:43.397:	weight is: 18
09:42:43.398:	method get (UpdateRequired) is called.
09:42:43.398:	weight is: 1
09:42:43.398:	method get (ConnectionErrorDuringProvision) is called.
09:42:43.398:	weight is: 0
09:42:43.399:	method get (PleaseRestartYourPhone) is called.
09:42:43.399:	weight is: 0
09:42:43.400:	method get (UpdatingSecureElement) is called.
09:42:43.400:	weight is: 2
09:42:43.400:	method get (TermsAndConditions) is called.
09:42:43.400:	weight is: 0
09:42:43.400:	method get (ContactUs) is called.
09:42:43.400:	weight is: 0
09:42:43.402:	method get (UserManagement) is called.
09:42:43.402:	weight is: 0
09:42:43.402:	method get (EditUser) is called.
09:42:43.403:	weight is: 0
09:42:43.404:	method get (DeleteUserConfirmation) is called.
09:42:43.404:	weight is: 0
09:42:43.405:	method get (AddNewUser) is called.
09:42:43.405:	weight is: 0
09:42:43.407:	method get (UserCreated) is called.
09:42:43.407:	weight is: 0
09:42:43.407:	method get (TransactionReports) is called.
09:42:43.407:	weight is: 0
09:42:43.409:	method get (TransactionHistory) is called.
09:42:43.409:	weight is: 28
09:42:43.410:	method get (NewTagScanned) is called.
09:42:43.411:	weight is: 0
09:42:43.411:	method get (Purchase) is called.
09:42:43.411:	weight is: 522
09:42:43.414:	method get (TapToPay) is called.
09:42:43.414:	weight is: 33
09:42:43.414:	method get (CardNotSupported) is called.
09:42:43.414:	weight is: 0
09:42:43.414:	method get (EmailReceiptForPurchase) is called.
09:42:43.414:	weight is: 0
09:42:43.416:	method get (ReceiptSentConfirmation) is called.
09:42:43.416:	weight is: 0
09:42:43.416:	method get (ProcessingPayment) is called.
09:42:43.416:	weight is: 0
09:42:43.418:	method get (PurchaseNotCompleted) is called.
09:42:43.418:	weight is: 0
09:42:43.418:	method get (SetTipDuringPurchase) is called.
09:42:43.418:	weight is: 0
09:42:43.420:	method get (AddTip) is called.
09:42:43.420:	weight is: 0
09:42:43.422:	method get (CreateNewPassword) is called.
09:42:43.422:	weight is: 0
09:42:43.424:	method get (EnterNewPIN) is called.
09:42:43.424:	weight is: 0
09:42:43.425:	method get (ConfirmNewPIN) is called.
09:42:43.425:	weight is: 0
09:42:43.425:	method get (CancelTransaction) is called.
09:42:43.425:	weight is: 13
09:42:43.427:	method get (PurchaseTimedOut) is called.
09:42:43.427:	weight is: 0
09:42:43.429:	method get (TransactionSearch) is called.
09:42:43.429:	weight is: 0
09:42:43.432:	method get (TransactionDetails) is called.
09:42:43.432:	weight is: 16
09:42:43.434:	method get (AccountLocked) is called.
09:42:43.434:	weight is: 0
09:42:43.434:	method get (ForgotPIN) is called.
09:42:43.434:	weight is: 0
09:42:43.436:	method get (ResetPIN) is called.
09:42:43.436:	weight is: 0
09:42:43.438:	method get (InvalidCredentials) is called.
09:42:43.439:	weight is: 0
09:42:43.440:	method get (VoidProcessingPayment) is called.
09:42:43.440:	weight is: 0
09:42:43.440:	method get (SecurityImage) is called.
09:42:43.440:	weight is: 0
09:42:43.442:	method get (ProvisionActivateComplete) is called.
09:42:43.442:	weight is: 0
09:42:43.443:	method get (PaymentAcceptanceSetup) is called.
09:42:43.443:	weight is: 0
09:42:43.445:	method get (DatePicker) is called.
09:42:43.445:	weight is: 0
09:42:43.446:	method get (ReportSentConfirmation) is called.
09:42:43.446:	weight is: 0
09:42:43.447:	method get (EnterOldPIN) is called.
09:42:43.447:	weight is: 0
09:42:43.447:	method get (PINUpdated) is called.
09:42:43.447:	weight is: 0
09:42:43.448:	method get (EnterRefundAmount) is called.
09:42:43.448:	weight is: 4
09:42:43.449:	method get (Signature) is called.
09:42:43.449:	weight is: 6
09:42:43.451:	method get (ConfirmSettlement) is called.
09:42:43.451:	weight is: 1
09:42:43.452:	.\src\Testcase configuration\Element Config\app elements - Pep Debug.csvhas been read.
09:42:43.453:	.\src\Testcase configuration\Element Config\app elements - Pep Debug.csvhas been written.
09:42:43.770:	reportHeader is: <!DOCTYPE html PUBLIC "-//W3C//DTD XHTML 1.1//EN" "http://www.w3.org/TR/xhtml11/DTD/xhtml11.dtd">
<html xmlns="http://www.w3.org/1999/xhtml">
<head>
<meta http-equiv="content-type" content="text/html; charset=UTF-8"/>
<title>Mobeewave Automation Report</title>
<style type="text/css">table {margin-bottom:10px;border-collapse:collapse;empty-cells:show}th,td {border:1px solid #009;padding:.25em .5em}th {vertical-align:bottom}td {vertical-align:top}table a {font-weight:bold}.stripe td {background-color: #E6EBF9}.num {text-align:right}.passedodd td {background-color: #3F3}.passedeven td {background-color: #0A0}.skippedodd td {background-color: #DDD}.skippedeven td {background-color: #CCC}.failedodd td,.attn {background-color: #F33}.failedeven td,.stripe .attn {background-color: #D00}.stacktrace {white-space:pre;font-family:monospace}.totop {font-size:85%;text-align:center;border-bottom:2px solid #000}.invisible {display:none}</style>
</head>
<body>
<table>
<tr><th colspan="7">Test Statistics</th></tr>
<tr><td><a href="#t0">Default test</a></td><td class="num">18,571</td></tr>
</table>
<h2>Default test</h2>
<table class="result"><tr><th>Result</th></tr><tr><td><div class="stacktrace">
09:42:43.770:	reportFooter is: </div></td></tr></table><p class="totop"><a href="#summary">back to summary</a></p>
</body>
</html>
09:42:43.770:	reportContent is: <font color='grey'>Start of base purchase cancellation - please make sure NO card is placed behind the device!</font>
<br><font color='grey'>App launched and awaiting for login.</font>
<br><font color='grey'>User Authentication performed.</font>
<br><font color='grey'>User Authentication performed.</font>
<br>Current page is equal to Purchase, <font color='green'>test passed</font>.<br>
<font color='blue'>Test Case: TS_5 completed.</font>
<br>-----------------------------------<br>
<br><font color='grey'>Start of base purchase cancellation - please make sure NO card is placed behind the device!</font>
<br><font color='grey'>This case assumes the app starts from the Purchase page.</font>
<br><font color='grey'>User Authentication performed.</font>
<br><font color='grey'>User Authentication performed.</font>
<br>Current page is equal to Purchase, <font color='green'>test passed</font>.<br>
<font color='blue'>Test Case: TS_6 completed.</font>
<br>-----------------------------------<br>
<br>
