---------Start of logs---------
11:45:08.672:	The method "logComment()" are called
11:45:08.672:	<font color='grey'>Start of purchase void testing - please have SUCCESS testing card placed at the back of device!</font>
11:45:08.672:	The method "logComment()" are called
11:45:08.672:	<font color='grey'>This case assumes the app starts from the Purchase page.</font>
11:45:08.672:	The method "launch()" are called
11:45:08.672:	method launch (120) is called.
11:45:08.672:	method launch (CBA, 120) is called.
11:45:08.672:	method findCurrentPage(120) is called.
11:45:09.173:	
11:45:20.012:	Current page is: 
11:45:20.012:	This page  is not recognized.
11:45:20.012:	method findCurrentPage(120) is called.
11:45:20.513:	
11:45:21.661:	Current page is: EnterPIN
11:45:21.662:	<font color='grey'>App launched and awaiting for login.</font>
11:45:21.662:	The method "login()" are called
11:45:21.662:	method login(1) is called.
11:45:22.662:	method enterNumPadOK (123456) is called.
11:45:22.662:	method enterNumPad (123456) is called.
11:45:22.662:	Number to be entered is: 123456
11:45:26.841:	<font color='grey'>User Authentication performed.</font>
11:45:26.841:	The method "waitUntilPage()" are called
11:45:35.643:	Current page is: 
11:45:35.787:	Current page is: Purchase
11:45:35.787:	page count is: 64
11:45:36.288:	The method "reachPage()" are called
11:45:36.288:	method reachPage(GP, SettingsTerminal) is called.
11:45:36.288:	method reachPage(GP, Purchase) is called.
11:45:36.415:	method goToSidemenuPage(Purchase) is called.
11:45:36.415:	method findCurrentPage(0) is called.
11:45:36.916:	
11:45:37.062:	Current page is: Purchase
11:45:37.062:	method findCurrentPage(0) is called.
11:45:37.562:	
11:45:37.721:	Current page is: Purchase
11:45:39.012:	method login(1) is called.
11:45:40.012:	method enterNumPadOK (123456) is called.
11:45:40.012:	method enterNumPad (123456) is called.
11:45:40.012:	Number to be entered is: 123456
11:45:44.333:	<font color='grey'>User Authentication performed.</font>
11:45:46.558:	Current page is: SettingsTerminal
11:45:46.559:	page count is: 16
11:45:46.559:	The method "setBooleanValue(no)" are called
11:45:46.686:	The method "setBooleanValue(no)" are called
11:45:46.846:	The method "setBooleanValue(no)" are called
11:45:47.030:	The method "reachPage()" are called
11:45:47.030:	method reachPage(GP, Purchase) is called.
11:45:47.162:	method goToSidemenuPage(Purchase) is called.
11:45:47.162:	method findCurrentPage(0) is called.
11:45:47.662:	
11:45:48.243:	Current page is: SettingsTerminal
11:45:48.243:	method clickOnPage(SettingsTerminal, Purchase, [Ljava.lang.String;@1427b69) is called.
11:45:48.243:	method findCurrentPage(0) is called.
11:45:48.744:	
11:45:49.322:	Current page is: SettingsTerminal
11:45:51.990:	Current page is: Purchase
11:45:51.990:	page count is: 67
11:45:51.990:	The method "singlePurchase()" are called
11:45:51.990:	method singlePurchase(1400, no, , no, ) is called.
11:45:51.990:	method findCurrentPage(1) is called.
11:45:52.490:	
11:45:52.661:	Current page is: Purchase
11:45:52.661:	method enterPurchaseAmount(1400) is called.
11:45:52.661:	method enterNumPadOK (1400) is called.
11:45:52.661:	method enterNumPad (1400) is called.
11:45:52.661:	Number to be entered is: 1400
11:45:55.433:	method findCurrentPage(1) is called.
11:45:55.934:	
11:46:03.474:	Current page is: 
11:46:03.474:	reached an unrecognized page: 
11:46:03.560:	exception caught during button click, failed to find NoNetworkConnectionretry
11:46:03.560:	method findCurrentPage(1) is called.
11:46:04.061:	
11:46:05.949:	Current page is: PurchaseResult
11:46:05.950:	<font color='grey'>Transaction is made, Processing time is: 13 seconds.</font>
11:46:05.950:	The method "test()" are called
11:46:06.705:	Current page is: PurchaseResult
11:46:06.706:	page count is: 17
11:46:06.707:	The method "test()" are called
11:46:06.842:	The method "clickButton()" are called
11:46:06.994:	The method "waitUntilPage()" are called
11:46:08.053:	Current page is: Purchase
11:46:08.053:	page count is: 69
11:46:08.053:	The method "test()" are called
11:46:08.203:	Current page is: Purchase
11:46:08.203:	page count is: 70
11:46:08.203:	The method "reachPage()" are called
11:46:08.203:	method reachPage(GP, TransactionHistory) is called.
11:46:08.203:	method reachPage(GP, Purchase) is called.
11:46:08.303:	method goToSidemenuPage(Purchase) is called.
11:46:08.303:	method findCurrentPage(0) is called.
11:46:08.804:	
11:46:08.919:	Current page is: Purchase
11:46:08.919:	method goToSidemenuPage(TransactionHistory) is called.
11:46:08.919:	method findCurrentPage(0) is called.
11:46:09.419:	
11:46:09.569:	Current page is: Purchase
11:46:09.569:	method clickOnPage(Purchase, TransactionHistory, [Ljava.lang.String;@1d01788) is called.
11:46:09.569:	method findCurrentPage(0) is called.
11:46:10.069:	
11:46:10.218:	Current page is: Purchase
11:46:13.508:	Current page is: TransactionHistory
11:46:13.508:	page count is: 43
11:46:13.508:	The method "test()" are called
11:46:13.854:	Current page is: TransactionHistory
11:46:13.854:	page count is: 44
11:46:13.854:	The method "test()" are called
11:46:14.035:	The method "clickButton()" are called
11:46:14.239:	The method "waitUntilPage()" are called
11:46:16.035:	Current page is: TransactionDetails
11:46:16.035:	page count is: 25
11:46:16.035:	The method "test()" are called
11:46:16.680:	Current page is: TransactionDetails
11:46:16.680:	page count is: 26
11:46:16.680:	The method "test()" are called
11:46:16.856:	The method "test()" are called
11:46:17.040:	The method "test()" are called
11:46:17.224:	The method "test()" are called
11:46:17.413:	The method "test()" are called
11:46:17.589:	The method "clickButton()" are called
11:46:17.797:	The method "waitUntilPage()" are called
11:46:19.300:	Current page is: TransactionHistory
11:46:19.300:	page count is: 45
11:46:19.300:	The method "reachPage()" are called
11:46:19.300:	method reachPage(GP, SettingsTerminal) is called.
11:46:19.300:	method reachPage(GP, Purchase) is called.
11:46:19.427:	method goToSidemenuPage(Purchase) is called.
11:46:19.427:	method findCurrentPage(0) is called.
11:46:19.927:	
11:46:20.293:	Current page is: TransactionHistory
11:46:20.293:	method clickOnPage(TransactionHistory, Purchase, [Ljava.lang.String;@64e035) is called.
11:46:20.293:	method findCurrentPage(0) is called.
11:46:20.794:	
11:46:21.248:	Current page is: TransactionHistory
11:46:23.935:	Current page is: Purchase
11:46:23.935:	page count is: 74
11:46:23.935:	method findCurrentPage(0) is called.
11:46:24.435:	
11:46:24.566:	Current page is: Purchase
11:46:25.776:	method login(1) is called.
11:46:26.776:	method enterNumPadOK (123456) is called.
11:46:26.776:	method enterNumPad (123456) is called.
11:46:26.777:	Number to be entered is: 123456
11:46:31.658:	<font color='grey'>User Authentication performed.</font>
11:46:33.670:	Current page is: SettingsTerminal
11:46:33.670:	page count is: 19
11:46:33.670:	The method "test()" are called
11:46:34.267:	Current page is: SettingsTerminal
11:46:34.267:	page count is: 20
11:46:34.267:	The method "clickButton()" are called
11:46:34.422:	The method "waitUntilPage()" are called
11:46:35.978:	Current page is: SettingsAdvanced
11:46:35.978:	page count is: 13
11:46:35.979:	The method "test()" are called
11:46:36.703:	Current page is: SettingsAdvanced
11:46:36.703:	page count is: 14
11:46:36.703:	The method "logComment()" are called
11:46:36.703:	<font color='grey'>Testing Version Number Display</font>
11:46:36.703:	The method "test()" are called
11:46:36.823:	The method "clickButton()" are called
11:46:36.957:	The method "reachPage()" are called
11:46:36.957:	method reachPage(GP, TransactionHistory) is called.
11:46:36.957:	method reachPage(GP, Purchase) is called.
11:46:37.548:	method goToSidemenuPage(Purchase) is called.
11:46:37.549:	method findCurrentPage(0) is called.
11:46:38.050:	
11:46:38.911:	Current page is: SettingsAdvanced
11:46:38.911:	method clickOnPage(SettingsAdvanced, Purchase, [Ljava.lang.String;@566842) is called.
11:46:38.911:	method findCurrentPage(0) is called.
11:46:39.412:	
11:46:40.560:	Current page is: SettingsAdvanced
11:46:43.205:	Current page is: Purchase
11:46:43.205:	page count is: 76
11:46:43.205:	method goToSidemenuPage(TransactionHistory) is called.
11:46:43.205:	method findCurrentPage(0) is called.
11:46:43.706:	
11:46:43.878:	Current page is: Purchase
11:46:43.878:	method clickOnPage(Purchase, TransactionHistory, [Ljava.lang.String;@282fdd) is called.
11:46:43.878:	method findCurrentPage(0) is called.
11:46:44.378:	
11:46:44.528:	Current page is: Purchase
11:46:47.814:	Current page is: TransactionHistory
11:46:47.814:	page count is: 48
11:46:47.815:	The method "test()" are called
11:46:48.229:	Current page is: TransactionHistory
11:46:48.229:	page count is: 49
11:46:48.229:	The method "test()" are called
11:46:48.447:	The method "clickButton()" are called
11:46:48.698:	The method "waitUntilPage()" are called
11:46:50.512:	Current page is: TransactionDetails
11:46:50.512:	page count is: 27
11:46:50.512:	The method "test()" are called
11:46:51.145:	Current page is: TransactionDetails
11:46:51.145:	page count is: 28
11:46:51.145:	The method "test()" are called
11:46:51.332:	The method "test()" are called
11:46:51.514:	The method "test()" are called
11:46:51.696:	The method "test()" are called
11:46:51.869:	The method "test()" are called
11:46:52.067:	The method "clickButton()" are called
11:46:52.272:	The method "login()" are called
11:46:52.272:	method login(1) is called.
11:46:53.273:	method enterNumPadOK (123456) is called.
11:46:53.273:	method enterNumPad (123456) is called.
11:46:53.273:	Number to be entered is: 123456
11:46:57.360:	<font color='grey'>User Authentication performed.</font>
11:46:57.361:	The method "waitUntilPage()" are called
11:46:59.895:	Current page is: EnterRefundAmount
11:46:59.895:	page count is: 7
11:46:59.895:	The method "test()" are called
11:47:00.768:	Current page is: EnterRefundAmount
11:47:00.768:	page count is: 8
11:47:00.768:	The method "clickButton()" are called
11:47:00.916:	The method "waitUntilPage()" are called
11:47:08.617:	Current page is: 
11:47:09.176:	Current page is: Signature
11:47:09.177:	page count is: 4
11:47:09.678:	The method "logComment()" are called
11:47:09.678:	<font color='grey'>Making Signature</font>
11:47:09.678:	The method "sign()" are called
11:47:09.678:	starting to tap SignatureSignArea
11:47:12.414:	The method "clickButton()" are called
11:47:12.556:	The method "waitUntilPage()" are called
11:47:15.287:	Current page is: PurchaseResult
11:47:15.287:	page count is: 18
11:47:15.287:	The method "clickButton()" are called
11:47:15.351:	The method "waitUntilPage()" are called
11:47:16.392:	Current page is: Purchase
11:47:16.392:	page count is: 79
11:47:16.393:	The method "reachPage()" are called
11:47:16.393:	method reachPage(GP, TransactionHistory) is called.
11:47:16.393:	method reachPage(GP, Purchase) is called.
11:47:16.484:	method goToSidemenuPage(Purchase) is called.
11:47:16.484:	method findCurrentPage(0) is called.
11:47:16.985:	
11:47:17.129:	Current page is: Purchase
11:47:17.129:	method goToSidemenuPage(TransactionHistory) is called.
11:47:17.129:	method findCurrentPage(0) is called.
11:47:17.629:	
11:47:17.800:	Current page is: Purchase
11:47:17.800:	method clickOnPage(Purchase, TransactionHistory, [Ljava.lang.String;@14e7004) is called.
11:47:17.800:	method findCurrentPage(0) is called.
11:47:18.301:	
11:47:18.452:	Current page is: Purchase
11:47:21.571:	Current page is: TransactionHistory
11:47:21.571:	page count is: 50
11:47:21.571:	The method "test()" are called
11:47:21.977:	Current page is: TransactionHistory
11:47:21.978:	page count is: 51
11:47:21.978:	The method "test()" are called
11:47:22.550:	The method "clickButton()" are called
11:47:22.831:	The method "waitUntilPage()" are called
11:47:24.632:	Current page is: TransactionDetails
11:47:24.632:	page count is: 29
11:47:24.632:	The method "test()" are called
11:47:25.296:	Current page is: TransactionDetails
11:47:25.296:	page count is: 30
11:47:25.296:	The method "test()" are called
11:47:25.454:	The method "test()" are called
11:47:25.619:	The method "test()" are called
11:47:25.782:	The method "test()" are called
11:47:25.943:	The method "test()" are called
11:47:26.119:	The method "logComment()" are called
11:47:26.119:	<font color='grey'>Refund testing completed.</font>
11:47:26.119:	The method "clickButton()" are called
11:47:26.327:	The method "login()" are called
11:47:26.328:	method login(1) is called.
11:47:27.329:	method enterNumPadOK (123456) is called.
11:47:27.329:	method enterNumPad (123456) is called.
11:47:27.329:	Number to be entered is: 123456
11:47:31.532:	<font color='grey'>User Authentication performed.</font>
11:47:31.532:	The method "waitUntilPage()" are called
11:47:34.609:	Current page is: PurchaseResult
11:47:34.609:	page count is: 19
11:47:34.609:	The method "test()" are called
11:47:35.300:	Current page is: PurchaseResult
11:47:35.300:	page count is: 20
11:47:35.300:	The method "test()" are called
11:47:35.430:	The method "clickButton()" are called
11:47:35.584:	The method "waitUntilPage()" are called
11:47:37.114:	Current page is: TransactionHistory
11:47:37.114:	page count is: 52
11:47:37.114:	The method "test()" are called
11:47:37.470:	Current page is: TransactionHistory
11:47:37.470:	page count is: 53
11:47:37.470:	The method "test()" are called
11:47:37.684:	The method "clickButton()" are called
11:47:37.931:	The method "waitUntilPage()" are called
11:47:39.742:	Current page is: TransactionDetails
11:47:39.742:	page count is: 31
11:47:39.742:	The method "test()" are called
11:47:40.407:	Current page is: TransactionDetails
11:47:40.407:	page count is: 32
11:47:40.407:	The method "test()" are called
11:47:40.597:	The method "test()" are called
11:47:40.783:	The method "test()" are called
11:47:41.179:	The method "test()" are called
11:47:41.519:	The method "test()" are called
11:47:41.674:	The method "clickButton()" are called
11:47:41.879:	The method "waitUntilPage()" are called
11:47:43.178:	Current page is: TransactionHistory
11:47:43.178:	page count is: 54
11:47:43.179:	The method "reachPage()" are called
11:47:43.179:	method reachPage(GP, Purchase) is called.
11:47:43.333:	method goToSidemenuPage(Purchase) is called.
11:47:43.333:	method findCurrentPage(0) is called.
11:47:43.834:	
11:47:44.159:	Current page is: TransactionHistory
11:47:44.159:	method clickOnPage(TransactionHistory, Purchase, [Ljava.lang.String;@476c16) is called.
11:47:44.159:	method findCurrentPage(0) is called.
11:47:44.659:	
11:47:44.988:	Current page is: TransactionHistory
11:47:47.578:	Current page is: Purchase
11:47:47.578:	page count is: 83
11:47:47.579:	The method "test()" are called
11:47:47.721:	Current page is: Purchase
11:47:47.721:	page count is: 84
11:47:47.721:	<font color='blue'>Test Case: TS_8&TS_9 completed.</font>
11:47:47.721:	-----------------------------------<br>
