---------Start of logs---------
14:44:41.251:	The method "logComment()" are called
14:44:41.251:	<font color='grey'>Start of base purchase test case - please have SUCCESS testing card placed at the back of device!</font>
14:44:41.251:	The method "launch()" are called
14:44:41.251:	method launch (120) is called.
14:44:41.252:	method launch (CBA, 120) is called.
14:44:41.252:	method findCurrentPage(120) is called.
14:44:41.753:	
14:44:50.442:	Current page is: 
14:44:50.443:	This page  is not recognized.
14:44:50.443:	method findCurrentPage(120) is called.
14:44:50.945:	
14:44:52.497:	Current page is: SignInSelection
14:44:52.674:	method findCurrentPage(120) is called.
14:44:53.175:	
14:44:55.643:	Current page is: EnterPIN
14:44:55.643:	<font color='grey'>App launched and awaiting for login.</font>
14:44:55.644:	The method "login()" are called
14:44:55.644:	method login(1) is called.
14:44:56.644:	method enterNumPadOK (123456) is called.
14:44:56.644:	method enterNumPad (123456) is called.
14:44:56.644:	Number to be entered is: 123456
14:45:01.104:	<font color='grey'>User Authentication performed.</font>
14:45:01.104:	The method "waitUntilPage()" are called
14:45:09.657:	Current page is: 
14:45:09.768:	Current page is: Purchase
14:45:09.768:	page count is: 534
14:45:10.268:	The method "reachPage()" are called
14:45:10.268:	method reachPage(GP, SettingsTerminal) is called.
14:45:10.268:	method reachPage(GP, Purchase) is called.
14:45:10.387:	method goToSidemenuPage(Purchase) is called.
14:45:10.388:	method findCurrentPage(0) is called.
14:45:10.889:	
14:45:11.055:	Current page is: Purchase
14:45:11.055:	method findCurrentPage(0) is called.
14:45:11.556:	
14:45:11.775:	Current page is: Purchase
14:45:13.054:	method login(1) is called.
14:45:14.054:	method enterNumPadOK (123456) is called.
14:45:14.054:	method enterNumPad (123456) is called.
14:45:14.054:	Number to be entered is: 123456
14:45:18.377:	<font color='grey'>User Authentication performed.</font>
14:45:20.287:	Current page is: SettingsTerminal
14:45:20.287:	page count is: 95
14:45:20.287:	The method "setBooleanValue(no)" are called
14:45:20.396:	The method "setBooleanValue(no)" are called
14:45:20.495:	exception caught during click, failed to find SettingsTerminalAddTipValue
14:45:20.495:	The method "setBooleanValue(no)" are called
14:45:20.611:	The method "reachPage()" are called
14:45:20.611:	method reachPage(GP, Purchase) is called.
14:45:20.701:	method goToSidemenuPage(Purchase) is called.
14:45:20.701:	method findCurrentPage(0) is called.
14:45:21.201:	
14:45:21.432:	Current page is: SettingsTerminal
14:45:21.432:	method clickOnPage(SettingsTerminal, Purchase, [Ljava.lang.String;@8b35bf) is called.
14:45:21.432:	method findCurrentPage(0) is called.
14:45:21.932:	
14:45:22.166:	Current page is: SettingsTerminal
14:45:24.789:	Current page is: Purchase
14:45:24.789:	page count is: 537
14:45:24.789:	The method "singlePurchase()" are called
14:45:24.789:	method singlePurchase(1000, no, , no, ) is called.
14:45:24.789:	method findCurrentPage(1) is called.
14:45:25.290:	
14:45:25.433:	Current page is: Purchase
14:45:25.433:	method enterPurchaseAmount(1000) is called.
14:45:25.433:	method enterNumPadOK (1000) is called.
14:45:25.433:	method enterNumPad (1000) is called.
14:45:25.433:	Number to be entered is: 1000
14:45:28.561:	method findCurrentPage(1) is called.
14:45:29.062:	
14:45:31.208:	Current page is: TapToPay
14:45:31.208:	waiting for card tap
14:45:31.208:	method findCurrentPage(1) is called.
14:45:31.709:	
14:45:33.264:	Current page is: TapToPay
14:45:33.264:	waiting for card tap
14:45:33.264:	method findCurrentPage(1) is called.
14:45:33.765:	
14:45:34.971:	Current page is: TapToPay
14:45:34.972:	waiting for card tap
14:45:34.972:	method findCurrentPage(1) is called.
14:45:35.473:	
14:45:36.973:	Current page is: TapToPay
14:45:36.973:	waiting for card tap
14:45:36.973:	method findCurrentPage(1) is called.
14:45:37.473:	
14:45:38.991:	Current page is: TapToPay
14:45:38.991:	waiting for card tap
14:45:38.991:	method findCurrentPage(1) is called.
14:45:39.492:	
14:45:40.311:	Current page is: TapToPay
14:45:40.312:	waiting for card tap
14:45:40.312:	method findCurrentPage(1) is called.
14:45:40.812:	
14:45:41.325:	Current page is: TapToPay
14:45:41.325:	waiting for card tap
14:45:41.325:	method findCurrentPage(1) is called.
14:45:41.826:	
14:45:42.287:	Current page is: TapToPay
14:45:42.287:	waiting for card tap
14:45:42.287:	method findCurrentPage(1) is called.
14:45:42.788:	
14:45:44.223:	Current page is: TapToPay
14:45:44.223:	waiting for card tap
14:45:44.223:	The method "test()" are called
14:45:45.226:	Current page is: TapToPay
14:45:45.226:	page count is: 45
14:45:45.229:	The method "test()" are called
14:45:45.329:	The method "clickButton()" are called
14:45:46.094:	exception caught during button click, failed to find PurchaseResultNoReceipt
14:45:46.094:	The method "waitUntilPage()" are called
14:45:47.073:	Current page is: TapToPay
14:45:47.073:	page count is: 46
14:45:48.084:	Current page is: TapToPay
14:45:48.085:	page count is: 47
14:45:50.061:	Current page is: TapToPay
14:45:50.061:	page count is: 48
14:45:51.337:	Current page is: TapToPay
14:45:51.337:	page count is: 49
14:45:52.350:	Current page is: TapToPay
14:45:52.350:	page count is: 50
14:45:53.371:	Current page is: TapToPay
14:45:53.371:	page count is: 51
14:45:56.086:	Current page is: TapToPay
14:45:56.086:	page count is: 52
14:45:57.345:	Current page is: TapToPay
14:45:57.345:	page count is: 53
14:45:58.390:	Current page is: TapToPay
14:45:58.390:	page count is: 54
14:45:59.396:	Current page is: TapToPay
14:45:59.396:	page count is: 55
14:46:03.816:	Current page is: PurchaseTimedOut
14:46:03.816:	page count is: 1
14:46:07.880:	Current page is: PurchaseTimedOut
14:46:07.880:	page count is: 2
