---------Start of logs---------
12:01:49.213:	The method "logComment()" are called
12:01:49.213:	<font color='grey'>Start of base purchase test case - please have SUCCESS testing card placed at the back of device!</font>
12:01:49.213:	The method "launch()" are called
12:01:49.214:	method launch (120) is called.
12:01:49.214:	method launch (CBA, 120) is called.
12:01:49.214:	method findCurrentPage(120) is called.
12:01:49.714:	
12:01:53.025:	Current page is: MerchantSignIn
12:01:53.025:	method merchantSignin (taoye67890123008) is called.
12:01:54.610:	method findCurrentPage(120) is called.
12:01:55.111:	
12:02:02.449:	Current page is: 
12:02:02.449:	This page  is not recognized.
12:02:02.449:	method findCurrentPage(120) is called.
12:02:02.949:	
12:02:08.158:	Current page is: 
12:02:08.158:	This page  is not recognized.
12:02:08.158:	method findCurrentPage(120) is called.
12:02:08.658:	
12:02:13.749:	Current page is: 
12:02:13.749:	This page  is not recognized.
12:02:13.749:	method findCurrentPage(120) is called.
12:02:14.250:	
12:02:19.889:	Current page is: 
12:02:19.889:	This page  is not recognized.
12:02:19.889:	method findCurrentPage(120) is called.
12:02:20.390:	
12:02:25.252:	Current page is: 
12:02:25.252:	This page  is not recognized.
12:02:25.252:	method findCurrentPage(120) is called.
12:02:25.752:	
12:02:30.874:	Current page is: 
12:02:30.874:	This page  is not recognized.
12:02:30.874:	method findCurrentPage(120) is called.
12:02:31.375:	
