---------Start of logs---------
09:56:21.292:	The method "logComment()" are called
09:56:21.292:	<font color='grey'>Start of base purchase cancellation - please make sure NO card is placed behind the device!</font>
09:56:21.292:	The method "launch()" are called
09:56:21.292:	method launch (120) is called.
09:56:21.292:	method launch (CBA, 120) is called.
09:56:21.292:	method findCurrentPage(120) is called.
09:56:21.793:	
09:56:27.493:	Current page is: 
09:56:27.493:	This page  is not recognized.
09:56:27.493:	method findCurrentPage(120) is called.
09:56:27.994:	
09:56:32.558:	Current page is: 
09:56:32.558:	This page  is not recognized.
09:56:32.558:	method findCurrentPage(120) is called.
09:56:33.059:	
09:56:37.223:	Current page is: 
09:56:37.223:	This page  is not recognized.
09:56:37.223:	method findCurrentPage(120) is called.
09:56:37.724:	
09:56:41.769:	Current page is: 
09:56:41.770:	This page  is not recognized.
09:56:41.770:	method findCurrentPage(120) is called.
09:56:42.271:	
09:56:45.825:	Current page is: 
09:56:45.825:	This page  is not recognized.
09:56:45.825:	The method "login()" are called
09:56:45.825:	method login(1) is called.
09:56:46.826:	method enterNumPadOK (123456) is called.
09:56:46.826:	method enterNumPad (123456) is called.
09:56:46.826:	Number to be entered is: 123456
09:56:46.913:	exception caught, not on PIN entering page.
09:56:46.975:	exception caught, not on PIN entering page.
09:56:46.975:	<font color='grey'>User Authentication performed.</font>
09:56:46.975:	The method "waitUntilPage()" are called
09:56:51.217:	Current page is: 
09:56:54.669:	Current page is: 
09:56:59.053:	Current page is: 
09:57:04.337:	Current page is: 
