---------Start of logs---------
06:33:29.376:	writeElement is called
06:33:29.376:	method get (ActivatingSecureElement) is called.
06:33:29.376:	weight is: 0
06:33:29.376:	method get (AllowBatterySettingsChange) is called.
06:33:29.376:	weight is: 0
06:33:29.376:	method get (AllowTimeoutSettingsChange) is called.
06:33:29.376:	weight is: 0
06:33:29.376:	method get (AndroidAlert) is called.
06:33:29.377:	weight is: 0
06:33:29.377:	method get (AndroidDeviceSettings) is called.
06:33:29.377:	weight is: 0
06:33:29.378:	method get (EnterPIN) is called.
06:33:29.379:	weight is: 9
06:33:29.379:	method get (MerchantPassword) is called.
06:33:29.379:	weight is: 1
06:33:29.379:	method get (MerchantSignIn) is called.
06:33:29.379:	weight is: 1
06:33:29.379:	method get (NoNetworkConnection) is called.
06:33:29.379:	weight is: 0
06:33:29.379:	method get (ProvisionUpdateComplete) is called.
06:33:29.379:	weight is: 1
06:33:29.379:	method get (PurchaseDescription) is called.
06:33:29.379:	weight is: 0
06:33:29.380:	method get (SettingsAdvanced) is called.
06:33:29.380:	weight is: 11
06:33:29.381:	method get (SettingsTerminal) is called.
06:33:29.382:	weight is: 70
06:33:29.384:	method get (SignInSelection) is called.
06:33:29.384:	weight is: 2
06:33:29.384:	method get (PurchaseResult) is called.
06:33:29.384:	weight is: 18
06:33:29.385:	method get (UpdateRequired) is called.
06:33:29.385:	weight is: 1
06:33:29.385:	method get (ConnectionErrorDuringProvision) is called.
06:33:29.385:	weight is: 0
06:33:29.386:	method get (PleaseRestartYourPhone) is called.
06:33:29.387:	weight is: 0
06:33:29.387:	method get (UpdatingSecureElement) is called.
06:33:29.387:	weight is: 2
06:33:29.387:	method get (TermsAndConditions) is called.
06:33:29.387:	weight is: 0
06:33:29.387:	method get (ContactUs) is called.
06:33:29.387:	weight is: 0
06:33:29.389:	method get (UserManagement) is called.
06:33:29.389:	weight is: 0
06:33:29.389:	method get (EditUser) is called.
06:33:29.389:	weight is: 0
06:33:29.391:	method get (DeleteUserConfirmation) is called.
06:33:29.391:	weight is: 0
06:33:29.391:	method get (AddNewUser) is called.
06:33:29.392:	weight is: 0
06:33:29.393:	method get (UserCreated) is called.
06:33:29.393:	weight is: 0
06:33:29.395:	method get (TransactionReports) is called.
06:33:29.395:	weight is: 0
06:33:29.397:	method get (TransactionHistory) is called.
06:33:29.397:	weight is: 28
06:33:29.399:	method get (NewTagScanned) is called.
06:33:29.399:	weight is: 0
06:33:29.399:	method get (Purchase) is called.
06:33:29.399:	weight is: 489
06:33:29.401:	method get (TapToPay) is called.
06:33:29.401:	weight is: 27
06:33:29.403:	method get (CardNotSupported) is called.
06:33:29.403:	weight is: 0
06:33:29.403:	method get (EmailReceiptForPurchase) is called.
06:33:29.403:	weight is: 0
06:33:29.403:	method get (ReceiptSentConfirmation) is called.
06:33:29.403:	weight is: 0
06:33:29.405:	method get (ProcessingPayment) is called.
06:33:29.405:	weight is: 0
06:33:29.405:	method get (PurchaseNotCompleted) is called.
06:33:29.405:	weight is: 0
06:33:29.405:	method get (SetTipDuringPurchase) is called.
06:33:29.406:	weight is: 0
06:33:29.408:	method get (AddTip) is called.
06:33:29.408:	weight is: 0
06:33:29.410:	method get (CreateNewPassword) is called.
06:33:29.410:	weight is: 0
06:33:29.412:	method get (EnterNewPIN) is called.
06:33:29.412:	weight is: 0
06:33:29.413:	method get (ConfirmNewPIN) is called.
06:33:29.413:	weight is: 0
06:33:29.414:	method get (CancelTransaction) is called.
06:33:29.414:	weight is: 10
06:33:29.416:	method get (PurchaseTimedOut) is called.
06:33:29.416:	weight is: 0
06:33:29.417:	method get (TransactionSearch) is called.
06:33:29.417:	weight is: 0
06:33:29.421:	method get (TransactionDetails) is called.
06:33:29.421:	weight is: 16
06:33:29.423:	method get (AccountLocked) is called.
06:33:29.423:	weight is: 0
06:33:29.424:	method get (ForgotPIN) is called.
06:33:29.424:	weight is: 0
06:33:29.425:	method get (ResetPIN) is called.
06:33:29.425:	weight is: 0
06:33:29.427:	method get (InvalidCredentials) is called.
06:33:29.427:	weight is: 0
06:33:29.428:	method get (VoidProcessingPayment) is called.
06:33:29.429:	weight is: 0
06:33:29.429:	method get (SecurityImage) is called.
06:33:29.429:	weight is: 0
06:33:29.430:	method get (ProvisionActivateComplete) is called.
06:33:29.431:	weight is: 0
06:33:29.432:	method get (PaymentAcceptanceSetup) is called.
06:33:29.432:	weight is: 0
06:33:29.434:	method get (DatePicker) is called.
06:33:29.434:	weight is: 0
06:33:29.435:	method get (ReportSentConfirmation) is called.
06:33:29.435:	weight is: 0
06:33:29.436:	method get (EnterOldPIN) is called.
06:33:29.436:	weight is: 0
06:33:29.436:	method get (PINUpdated) is called.
06:33:29.436:	weight is: 0
06:33:29.438:	method get (EnterRefundAmount) is called.
06:33:29.438:	weight is: 4
06:33:29.438:	method get (Signature) is called.
06:33:29.438:	weight is: 6
06:33:29.440:	method get (ConfirmSettlement) is called.
06:33:29.440:	weight is: 1
06:33:29.440:	.\src\Testcase configuration\Element Config\app elements - Pep Debug.csvhas been read.
06:33:29.441:	.\src\Testcase configuration\Element Config\app elements - Pep Debug.csvhas been written.
06:33:29.859:	reportHeader is: <!DOCTYPE html PUBLIC "-//W3C//DTD XHTML 1.1//EN" "http://www.w3.org/TR/xhtml11/DTD/xhtml11.dtd">
<html xmlns="http://www.w3.org/1999/xhtml">
<head>
<meta http-equiv="content-type" content="text/html; charset=UTF-8"/>
<title>Mobeewave Automation Report</title>
<style type="text/css">table {margin-bottom:10px;border-collapse:collapse;empty-cells:show}th,td {border:1px solid #009;padding:.25em .5em}th {vertical-align:bottom}td {vertical-align:top}table a {font-weight:bold}.stripe td {background-color: #E6EBF9}.num {text-align:right}.passedodd td {background-color: #3F3}.passedeven td {background-color: #0A0}.skippedodd td {background-color: #DDD}.skippedeven td {background-color: #CCC}.failedodd td,.attn {background-color: #F33}.failedeven td,.stripe .attn {background-color: #D00}.stacktrace {white-space:pre;font-family:monospace}.totop {font-size:85%;text-align:center;border-bottom:2px solid #000}.invisible {display:none}</style>
</head>
<body>
<table>
<tr><th colspan="7">Test Statistics</th></tr>
<tr><td><a href="#t0">Default test</a></td><td class="num">18,571</td></tr>
</table>
<h2>Default test</h2>
<table class="result"><tr><th>Result</th></tr><tr><td><div class="stacktrace">
06:33:29.859:	reportFooter is: </div></td></tr></table><p class="totop"><a href="#summary">back to summary</a></p>
</body>
</html>
06:33:29.859:	reportContent is: 
