---------Start of logs---------
10:00:46.530:	writeElement is called
10:00:46.531:	method get (ActivatingSecureElement) is called.
10:00:46.531:	weight is: 0
10:00:46.531:	method get (AllowBatterySettingsChange) is called.
10:00:46.531:	weight is: 0
10:00:46.531:	method get (AllowTimeoutSettingsChange) is called.
10:00:46.531:	weight is: 9
10:00:46.532:	method get (AndroidAlert) is called.
10:00:46.532:	weight is: 0
10:00:46.532:	method get (AndroidDeviceSettings) is called.
10:00:46.532:	weight is: 1
10:00:46.532:	method get (EnterPIN) is called.
10:00:46.533:	weight is: 6
10:00:46.533:	method get (MerchantPassword) is called.
10:00:46.534:	weight is: 1
10:00:46.534:	method get (MerchantSignIn) is called.
10:00:46.534:	weight is: 1
10:00:46.534:	method get (NoNetworkConnection) is called.
10:00:46.534:	weight is: 0
10:00:46.534:	method get (ProvisionUpdateComplete) is called.
10:00:46.534:	weight is: 0
10:00:46.534:	method get (PurchaseDescription) is called.
10:00:46.534:	weight is: 0
10:00:46.535:	method get (SettingsAdvanced) is called.
10:00:46.535:	weight is: 0
10:00:46.535:	method get (SettingsTerminal) is called.
10:00:46.535:	weight is: 21
10:00:46.537:	method get (SignInSelection) is called.
10:00:46.537:	weight is: 5
10:00:46.537:	method get (PurchaseResult) is called.
10:00:46.537:	weight is: 202
10:00:46.538:	method get (UpdateRequired) is called.
10:00:46.538:	weight is: 0
10:00:46.539:	method get (ConnectionErrorDuringProvision) is called.
10:00:46.539:	weight is: 0
10:00:46.539:	method get (PleaseRestartYourPhone) is called.
10:00:46.539:	weight is: 0
10:00:46.540:	method get (UpdatingSecureElement) is called.
10:00:46.540:	weight is: 0
10:00:46.540:	method get (TermsAndConditions) is called.
10:00:46.540:	weight is: 0
10:00:46.540:	method get (ContactUs) is called.
10:00:46.540:	weight is: 0
10:00:46.540:	method get (UserManagement) is called.
10:00:46.540:	weight is: 0
10:00:46.541:	method get (EditUser) is called.
10:00:46.541:	weight is: 0
10:00:46.542:	method get (DeleteUserConfirmation) is called.
10:00:46.543:	weight is: 0
10:00:46.543:	method get (AddNewUser) is called.
10:00:46.543:	weight is: 0
10:00:46.544:	method get (UserCreated) is called.
10:00:46.544:	weight is: 0
10:00:46.544:	method get (TransactionReports) is called.
10:00:46.544:	weight is: 0
10:00:46.545:	method get (TransactionHistory) is called.
10:00:46.545:	weight is: 5
10:00:46.546:	method get (NewTagScanned) is called.
10:00:46.546:	weight is: 0
10:00:46.546:	method get (Purchase) is called.
10:00:46.546:	weight is: 146
10:00:46.548:	method get (TapToPay) is called.
10:00:46.548:	weight is: 7
10:00:46.548:	method get (CardNotSupported) is called.
10:00:46.548:	weight is: 0
10:00:46.548:	method get (Emailreceipt) is called.
10:00:46.548:	weight is: 0
10:00:46.550:	method get (ReceiptSentConfirmation) is called.
10:00:46.550:	weight is: 0
10:00:46.550:	method get (ProcessingPayment) is called.
10:00:46.550:	weight is: 207
10:00:46.551:	method get (PurchaseNotCompleted) is called.
10:00:46.551:	weight is: 0
10:00:46.552:	method get (SetTipDuringPurchase) is called.
10:00:46.552:	weight is: 0
10:00:46.553:	method get (AddTip) is called.
10:00:46.553:	weight is: 0
10:00:46.554:	method get (CreateNewPassword) is called.
10:00:46.554:	weight is: 0
10:00:46.555:	method get (EnterNewPIN) is called.
10:00:46.555:	weight is: 0
10:00:46.556:	method get (ConfirmNewPIN) is called.
10:00:46.556:	weight is: 0
10:00:46.556:	method get (CancelTransaction) is called.
10:00:46.556:	weight is: 3
10:00:46.558:	method get (PurchaseTimedOut) is called.
10:00:46.558:	weight is: 0
10:00:46.558:	method get (TransactionSearch) is called.
10:00:46.558:	weight is: 0
10:00:46.561:	method get (TransactionDetails) is called.
10:00:46.561:	weight is: 2
10:00:46.562:	method get (AccountLocked) is called.
10:00:46.562:	weight is: 0
10:00:46.563:	method get (ForgotPIN) is called.
10:00:46.563:	weight is: 0
10:00:46.563:	method get (ResetPIN) is called.
10:00:46.564:	weight is: 0
10:00:46.565:	method get (InvalidCredentials) is called.
10:00:46.565:	weight is: 0
10:00:46.566:	method get (VoidProcessingPayment) is called.
10:00:46.566:	weight is: 0
10:00:46.566:	method get (SecurityImage) is called.
10:00:46.566:	weight is: 0
10:00:46.568:	method get (ProvisionActivateComplete) is called.
10:00:46.568:	weight is: 0
10:00:46.569:	method get (PaymentAcceptanceSetup) is called.
10:00:46.570:	weight is: 0
10:00:46.571:	method get (DatePicker) is called.
10:00:46.571:	weight is: 0
10:00:46.572:	method get (ReportSentConfirmation) is called.
10:00:46.572:	weight is: 0
10:00:46.572:	method get (EnterOldPIN) is called.
10:00:46.572:	weight is: 0
10:00:46.572:	method get (PINUpdated) is called.
10:00:46.572:	weight is: 0
10:00:46.574:	method get (TransactionSearchResult) is called.
10:00:46.574:	weight is: 0
10:00:46.574:	method get (Signature) is called.
10:00:46.574:	weight is: 0
10:00:46.575:	.\src\Testcase configuration\Element Config\app elements - CBA Pre-Prod Debug.csvhas been read.
10:00:46.576:	.\src\Testcase configuration\Element Config\app elements - CBA Pre-Prod Debug.csvhas been written.
10:00:46.819:	reportHeader is: <!DOCTYPE html PUBLIC "-//W3C//DTD XHTML 1.1//EN" "http://www.w3.org/TR/xhtml11/DTD/xhtml11.dtd">
<html xmlns="http://www.w3.org/1999/xhtml">
<head>
<meta http-equiv="content-type" content="text/html; charset=UTF-8"/>
<title>Mobeewave Automation Report</title>
<style type="text/css">table {margin-bottom:10px;border-collapse:collapse;empty-cells:show}th,td {border:1px solid #009;padding:.25em .5em}th {vertical-align:bottom}td {vertical-align:top}table a {font-weight:bold}.stripe td {background-color: #E6EBF9}.num {text-align:right}.passedodd td {background-color: #3F3}.passedeven td {background-color: #0A0}.skippedodd td {background-color: #DDD}.skippedeven td {background-color: #CCC}.failedodd td,.attn {background-color: #F33}.failedeven td,.stripe .attn {background-color: #D00}.stacktrace {white-space:pre;font-family:monospace}.totop {font-size:85%;text-align:center;border-bottom:2px solid #000}.invisible {display:none}</style>
</head>
<body>
<table>
<tr><th colspan="7">Test Statistics</th></tr>
<tr><td><a href="#t0">Default test</a></td><td class="num">18,571</td></tr>
</table>
<h2>Default test</h2>
<table class="result"><tr><th>Result</th></tr><tr><td><div class="stacktrace">
10:00:46.819:	reportFooter is: </div></td></tr></table><p class="totop"><a href="#summary">back to summary</a></p>
</body>
</html>
10:00:46.819:	reportContent is: <font color='grey'>App launched and awaiting for login.</font>
<br><font color='grey'>User Authentication performed.</font>
<br><font color='grey'>Transaction is made, Processing time is: 12 seconds.</font>
<br><font color='grey'>Transaction #1 is made.</font>
<br><font color='grey'>Transaction is made, Processing time is: 19 seconds.</font>
<br><font color='grey'>Transaction #2 is made.</font>
<br><font color='grey'>Transaction is made, Processing time is: 11 seconds.</font>
<br><font color='grey'>Transaction #3 is made.</font>
<br><font color='grey'>Transaction is made, Processing time is: 11 seconds.</font>
<br><font color='grey'>Transaction #4 is made.</font>
<br><font color='grey'>Transaction is made, Processing time is: 11 seconds.</font>
<br><font color='grey'>Transaction #5 is made.</font>
<br><font color='grey'>Transaction is made, Processing time is: 11 seconds.</font>
<br><font color='grey'>Transaction #6 is made.</font>
<br><font color='grey'>Transaction is made, Processing time is: 12 seconds.</font>
<br><font color='grey'>Transaction #7 is made.</font>
<br><font color='grey'>Transaction is made, Processing time is: 11 seconds.</font>
<br><font color='grey'>Transaction #8 is made.</font>
<br><font color='grey'>Transaction is made, Processing time is: 10 seconds.</font>
<br><font color='grey'>Transaction #9 is made.</font>
<br><font color='grey'>Transaction is made, Processing time is: 10 seconds.</font>
<br><font color='grey'>Transaction #10 is made.</font>
<br><font color='grey'>Transaction is made, Processing time is: 16 seconds.</font>
<br><font color='grey'>Transaction #11 is made.</font>
<br><font color='grey'>Transaction is made, Processing time is: 20 seconds.</font>
<br><font color='grey'>Transaction #12 is made.</font>
<br><font color='grey'>Transaction is made, Processing time is: 10 seconds.</font>
<br><font color='grey'>Transaction #13 is made.</font>
<br><font color='grey'>Transaction is made, Processing time is: 10 seconds.</font>
<br><font color='grey'>Transaction #14 is made.</font>
<br><font color='grey'>Transaction is made, Processing time is: 11 seconds.</font>
<br><font color='grey'>Transaction #15 is made.</font>
<br><font color='grey'>Transaction is made, Processing time is: 11 seconds.</font>
<br><font color='grey'>Transaction #16 is made.</font>
<br><font color='grey'>Transaction is made, Processing time is: 10 seconds.</font>
<br><font color='grey'>Transaction #17 is made.</font>
<br><font color='grey'>Transaction is made, Processing time is: 11 seconds.</font>
<br><font color='grey'>Transaction #18 is made.</font>
<br><font color='grey'>Transaction is made, Processing time is: 11 seconds.</font>
<br><font color='grey'>Transaction #19 is made.</font>
<br><font color='grey'>Transaction is made, Processing time is: 11 seconds.</font>
<br><font color='grey'>Transaction #20 is made.</font>
<br><font color='grey'>Transaction is made, Processing time is: 11 seconds.</font>
<br><font color='grey'>Transaction #21 is made.</font>
<br><font color='grey'>Transaction is made, Processing time is: 10 seconds.</font>
<br><font color='grey'>Transaction #22 is made.</font>
<br><font color='grey'>Transaction is made, Processing time is: 11 seconds.</font>
<br><font color='grey'>Transaction #23 is made.</font>
<br><font color='grey'>Transaction is made, Processing time is: 10 seconds.</font>
<br><font color='grey'>Transaction #24 is made.</font>
<br><font color='grey'>Transaction is made, Processing time is: 10 seconds.</font>
<br><font color='grey'>Transaction #25 is made.</font>
<br><font color='grey'>Transaction is made, Processing time is: 11 seconds.</font>
<br><font color='grey'>Transaction #26 is made.</font>
<br><font color='grey'>Transaction is made, Processing time is: 10 seconds.</font>
<br><font color='grey'>Transaction #27 is made.</font>
<br><font color='grey'>Transaction is made, Processing time is: 10 seconds.</font>
<br><font color='grey'>Transaction #28 is made.</font>
<br><font color='grey'>Transaction is made, Processing time is: 11 seconds.</font>
<br><font color='grey'>Transaction #29 is made.</font>
<br><font color='grey'>Transaction is made, Processing time is: 10 seconds.</font>
<br><font color='grey'>Transaction #30 is made.</font>
<br><font color='grey'>Transaction is made, Processing time is: 10 seconds.</font>
<br><font color='grey'>Transaction #31 is made.</font>
<br><font color='grey'>Transaction is made, Processing time is: 10 seconds.</font>
<br><font color='grey'>Transaction #32 is made.</font>
<br><font color='grey'>Transaction is made, Processing time is: 17 seconds.</font>
<br><font color='grey'>Transaction #33 is made.</font>
<br><font color='grey'>Transaction is made, Processing time is: 11 seconds.</font>
<br><font color='grey'>Transaction #34 is made.</font>
<br><font color='grey'>Transaction is made, Processing time is: 10 seconds.</font>
<br><font color='grey'>Transaction #35 is made.</font>
<br><font color='grey'>Transaction is made, Processing time is: 10 seconds.</font>
<br><font color='grey'>Transaction #36 is made.</font>
<br><font color='grey'>Transaction is made, Processing time is: 10 seconds.</font>
<br><font color='grey'>Transaction #37 is made.</font>
<br><font color='grey'>Transaction is made, Processing time is: 10 seconds.</font>
<br><font color='grey'>Transaction #38 is made.</font>
<br><font color='grey'>Transaction is made, Processing time is: 10 seconds.</font>
<br><font color='grey'>Transaction #39 is made.</font>
<br><font color='grey'>Transaction is made, Processing time is: 16 seconds.</font>
<br><font color='grey'>Transaction #40 is made.</font>
<br><font color='grey'>Transaction is made, Processing time is: 16 seconds.</font>
<br><font color='grey'>Transaction #41 is made.</font>
<br><font color='grey'>Transaction is made, Processing time is: 10 seconds.</font>
<br><font color='grey'>Transaction #42 is made.</font>
<br><font color='grey'>Transaction is made, Processing time is: 17 seconds.</font>
<br><font color='grey'>Transaction #43 is made.</font>
<br><font color='grey'>Transaction is made, Processing time is: 10 seconds.</font>
<br><font color='grey'>Transaction #44 is made.</font>
<br><font color='grey'>Transaction is made, Processing time is: 11 seconds.</font>
<br><font color='grey'>Transaction #45 is made.</font>
<br><font color='grey'>Transaction is made, Processing time is: 10 seconds.</font>
<br><font color='grey'>Transaction #46 is made.</font>
<br><font color='grey'>Transaction is made, Processing time is: 10 seconds.</font>
<br><font color='grey'>Transaction #47 is made.</font>
<br><font color='grey'>Transaction is made, Processing time is: 21 seconds.</font>
<br><font color='grey'>Transaction #48 is made.</font>
<br><font color='grey'>Transaction is made, Processing time is: 10 seconds.</font>
<br><font color='grey'>Transaction #49 is made.</font>
<br><font color='grey'>Transaction is made, Processing time is: 11 seconds.</font>
<br><font color='grey'>Transaction #50 is made.</font>
<br><font color='grey'>Transaction is made, Processing time is: 10 seconds.</font>
<br><font color='grey'>Transaction #51 is made.</font>
<br><font color='grey'>Transaction is made, Processing time is: 10 seconds.</font>
<br><font color='grey'>Transaction #52 is made.</font>
<br><font color='grey'>Transaction is made, Processing time is: 10 seconds.</font>
<br><font color='grey'>Transaction #53 is made.</font>
<br><font color='grey'>Transaction is made, Processing time is: 11 seconds.</font>
<br><font color='grey'>Transaction #54 is made.</font>
<br><font color='grey'>Transaction is made, Processing time is: 12 seconds.</font>
<br><font color='grey'>Transaction #55 is made.</font>
<br><font color='grey'>Transaction is made, Processing time is: 10 seconds.</font>
<br><font color='grey'>Transaction #56 is made.</font>
<br><font color='grey'>Transaction is made, Processing time is: 10 seconds.</font>
<br><font color='grey'>Transaction #57 is made.</font>
<br><font color='grey'>Transaction is made, Processing time is: 10 seconds.</font>
<br><font color='grey'>Transaction #58 is made.</font>
<br><font color='grey'>Transaction is made, Processing time is: 10 seconds.</font>
<br><font color='grey'>Transaction #59 is made.</font>
<br><font color='grey'>Transaction is made, Processing time is: 10 seconds.</font>
<br><font color='grey'>Transaction #60 is made.</font>
<br><font color='grey'>Transaction is made, Processing time is: 10 seconds.</font>
<br><font color='grey'>Transaction #61 is made.</font>
<br><font color='grey'>Transaction is made, Processing time is: 10 seconds.</font>
<br><font color='grey'>Transaction #62 is made.</font>
<br><font color='grey'>Transaction is made, Processing time is: 11 seconds.</font>
<br><font color='grey'>Transaction #63 is made.</font>
<br><font color='grey'>Transaction is made, Processing time is: 10 seconds.</font>
<br><font color='grey'>Transaction #64 is made.</font>
<br><font color='grey'>Transaction is made, Processing time is: 10 seconds.</font>
<br><font color='grey'>Transaction #65 is made.</font>
<br><font color='grey'>Transaction is made, Processing time is: 11 seconds.</font>
<br><font color='grey'>Transaction #66 is made.</font>
<br><font color='grey'>Transaction is made, Processing time is: 10 seconds.</font>
<br><font color='grey'>Transaction #67 is made.</font>
<br><font color='grey'>Transaction is made, Processing time is: 11 seconds.</font>
<br><font color='grey'>Transaction #68 is made.</font>
<br><font color='grey'>Transaction is made, Processing time is: 11 seconds.</font>
<br><font color='grey'>Transaction #69 is made.</font>
<br><font color='grey'>Transaction is made, Processing time is: 18 seconds.</font>
<br><font color='grey'>Transaction #70 is made.</font>
<br><font color='grey'>Transaction is made, Processing time is: 19 seconds.</font>
<br><font color='grey'>Transaction #71 is made.</font>
<br><font color='grey'>Transaction is made, Processing time is: 10 seconds.</font>
<br><font color='grey'>Transaction #72 is made.</font>
<br><font color='grey'>Transaction is made, Processing time is: 10 seconds.</font>
<br><font color='grey'>Transaction #73 is made.</font>
<br><font color='grey'>Transaction is made, Processing time is: 10 seconds.</font>
<br><font color='grey'>Transaction #74 is made.</font>
<br><font color='grey'>Transaction is made, Processing time is: 10 seconds.</font>
<br><font color='grey'>Transaction #75 is made.</font>
<br><font color='grey'>Transaction is made, Processing time is: 10 seconds.</font>
<br><font color='grey'>Transaction #76 is made.</font>
<br><font color='grey'>Transaction is made, Processing time is: 11 seconds.</font>
<br><font color='grey'>Transaction #77 is made.</font>
<br><font color='grey'>Transaction is made, Processing time is: 10 seconds.</font>
<br><font color='grey'>Transaction #78 is made.</font>
<br><font color='grey'>Transaction is made, Processing time is: 10 seconds.</font>
<br><font color='grey'>Transaction #79 is made.</font>
<br><font color='grey'>Transaction is made, Processing time is: 10 seconds.</font>
<br><font color='grey'>Transaction #80 is made.</font>
<br><font color='grey'>Transaction is made, Processing time is: 10 seconds.</font>
<br><font color='grey'>Transaction #81 is made.</font>
<br><font color='grey'>Transaction is made, Processing time is: 11 seconds.</font>
<br><font color='grey'>Transaction #82 is made.</font>
<br><font color='grey'>Transaction is made, Processing time is: 10 seconds.</font>
<br><font color='grey'>Transaction #83 is made.</font>
<br><font color='grey'>Transaction is made, Processing time is: 10 seconds.</font>
<br><font color='grey'>Transaction #84 is made.</font>
<br><font color='grey'>Transaction is made, Processing time is: 10 seconds.</font>
<br><font color='grey'>Transaction #85 is made.</font>
<br><font color='grey'>Transaction is made, Processing time is: 17 seconds.</font>
<br><font color='grey'>Transaction #86 is made.</font>
<br><font color='grey'>Transaction is made, Processing time is: 19 seconds.</font>
<br><font color='grey'>Transaction #87 is made.</font>
<br><font color='grey'>Transaction is made, Processing time is: 11 seconds.</font>
<br><font color='grey'>Transaction #88 is made.</font>
<br><font color='grey'>Transaction is made, Processing time is: 11 seconds.</font>
<br><font color='grey'>Transaction #89 is made.</font>
<br><font color='grey'>Transaction is made, Processing time is: 10 seconds.</font>
<br><font color='grey'>Transaction #90 is made.</font>
<br><font color='grey'>Transaction is made, Processing time is: 10 seconds.</font>
<br><font color='grey'>Transaction #91 is made.</font>
<br><font color='grey'>Transaction is made, Processing time is: 18 seconds.</font>
<br><font color='grey'>Transaction #92 is made.</font>
<br><font color='grey'>Transaction is made, Processing time is: 10 seconds.</font>
<br><font color='grey'>Transaction #93 is made.</font>
<br><font color='grey'>Transaction is made, Processing time is: 18 seconds.</font>
<br><font color='grey'>Transaction #94 is made.</font>
<br><font color='grey'>Transaction is made, Processing time is: 11 seconds.</font>
<br><font color='grey'>Transaction #95 is made.</font>
<br><font color='grey'>Transaction is made, Processing time is: 10 seconds.</font>
<br><font color='grey'>Transaction #96 is made.</font>
<br><font color='grey'>Transaction is made, Processing time is: 11 seconds.</font>
<br><font color='grey'>Transaction #97 is made.</font>
<br><font color='grey'>Transaction is made, Processing time is: 11 seconds.</font>
<br><font color='grey'>Transaction #98 is made.</font>
<br><font color='grey'>Transaction is made, Processing time is: 10 seconds.</font>
<br><font color='grey'>Transaction #99 is made.</font>
<br><font color='grey'>Transaction is made, Processing time is: 11 seconds.</font>
<br><font color='grey'>Transaction #100 is made.</font>
<br><font color='grey'>100 consecutive purchases attempted.</font>
<br><font color='blue'>Test Case: TS_1 completed.</font>
<br>-----------------------------------<br>
<br>
