---------Start of logs---------
14:01:12.147:	pe is: ActivatingSecureElementProcessTitle<br>
14:01:12.147:	pe is: AllowBatterySettingsChangeTitle<br>
14:01:12.147:	pe is: AllowTimeoutSettingsChangeTitle<br>
14:01:12.148:	pe is: AndroidAlertTitle<br>
14:01:12.148:	pe is: AndroidDeviceSettingsback<br>
14:01:12.148:	pe is: EnterPINPepImage<br>
14:01:12.148:	pe is: MerchantPasswordpassword<br>
14:01:12.148:	pe is: MerchantSignInID<br>
14:01:12.148:	pe is: NoNetworkConnectionTitle<br>
14:01:12.148:	pe is: ProvisionUpdateCompleteProcessTitle<br>
14:01:12.148:	pe is: PurchaseDescriptionNext<br>
14:01:12.148:	pe is: SettingsAdvancedSideMenu<br>
14:01:12.148:	pe is: SettingsTerminalSideMenu<br>
14:01:12.148:	pe is: SideMenuPepImage<br>
14:01:12.148:	pe is: SignInSelectionFirstUser<br>
14:01:12.148:	pe is: PurchaseResultNoReceipt<br>
14:01:12.148:	pe is: UpdateRequiredProcessTitle<br>
14:01:12.149:	pe is: ConnectionErrorDuringProvisionImage<br>
14:01:12.149:	pe is: PleaseRestartYourPhoneTitle<br>
14:01:12.149:	pe is: UpdatingSecureElementProcessTitle<br>
14:01:12.149:	pe is: TermsAndConditionsTitle<br>
14:01:12.149:	pe is: ContactUsProcessTitle<br>
14:01:12.149:	pe is: UserManagementSideMenu<br>
14:01:12.149:	pe is: EditUserProcessTitle<br>
14:01:12.149:	pe is: DeleteUserConfirmationTitle<br>
14:01:12.149:	pe is: AddNewUserProcessTitle<br>
14:01:12.149:	pe is: UserCreatedTitle<br>
14:01:12.149:	pe is: TransactionReportsEmailReport<br>
14:01:12.149:	pe is: TransactionHistorySideMenu<br>
14:01:12.149:	pe is: NewTagScannedTitle<br>
14:01:12.149:	pe is: AllAppListingCBADebug<br>
14:01:12.149:	pe is: PurchaseSideMenu<br>
14:01:12.150:	pe is: TapToPayTitle<br>
14:01:12.150:	pe is: CardNotSupportedTitle<br>
14:01:12.150:	pe is: EmailReceiptForPurchaseTitle<br>
14:01:12.150:	pe is: ReceiptSentConfirmationTitle<br>
14:01:12.150:	pe is: ProcessingPaymentTitle<br>
14:01:12.150:	pe is: PurchaseNotCompletedTitle<br>
14:01:12.150:	pe is: SetTipDuringPurchaseTitle<br>
14:01:12.150:	pe is: AddTipProcessTitle<br>
14:01:12.150:	pe is: CreateNewPasswordProcessTitle<br>
14:01:12.150:	pe is: EnterNewPINTitle<br>
14:01:12.150:	pe is: ConfirmNewPINProcessTitle<br>
14:01:12.150:	pe is: CancelTransactionTitle<br>
14:01:12.150:	pe is: CancelTransactionEnterPINProcessTitle<br>
14:01:12.150:	pe is: PurchaseTimedOutProcessTitle<br>
14:01:12.151:	pe is: TransactionSearchBack<br>
14:01:12.151:	pe is: TransactionDetailsBack<br>
14:01:12.151:	pe is: AccountLockedBack<br>
14:01:12.151:	pe is: ForgotPINTitle<br>
14:01:12.151:	pe is: ResetPINBack<br>
14:01:12.151:	pe is: InvalidCredentialsTitle<br>
14:01:12.151:	pe is: VoidProcessingPaymentProcessTitle<br>
14:01:12.151:	pe is: SecurityImageTitle<br>
14:01:12.151:	pe is: ProvisionActivateCompleteProcessTitle<br>
14:01:12.151:	pe is: <br>
14:01:12.151:	pe is: PaymentAcceptanceSetupProcessTitle<br>
14:01:12.151:	pe is: DatePickerPreviousMonth<br>
14:01:12.151:	pe is: ReportSentConfirmationTitle<br>
14:01:12.151:	pe is: EnterOldPINProcessTitle<br>
14:01:12.151:	pe is: PINUpdatedTitle<br>
14:01:12.151:	pe is: EnterRefundAmountProcessTitle<br>
14:01:12.152:	pe is: SignatureTitle<br>
14:01:12.152:	AndroidDriver created.<br>
14:01:12.153:	The method "logComment()" are called<br>
14:01:12.153:	<font color='grey'>Start of base purchase cancellation - please make sure NO card is placed behind the device!</font><br>
14:01:12.153:	The method "launch()" are called<br>
14:01:12.153:	method launch (120) is called.<br>
14:01:12.153:	method launch (CBA, 120) is called.<br>
14:01:12.153:	method findCurrentPage(120) is called.<br>
14:01:12.653:	<br>
14:01:20.013:	Current page is: MerchantSignIn<br>
14:01:20.014:	method merchantSignin (0, 005040100000004) is called.<br>
14:01:20.014:	method inputText (0, MerchantSignInID, 005040100000004) is called.<br>
14:01:20.014:	method find(MerchantSignInID) is called.<br>
14:01:20.759:	method clickButton (0, MerchantSignInOK) is called.<br>
14:01:20.759:	method find(MerchantSignInOK) is called.<br>
14:01:21.398:	method findCurrentPage(120) is called.<br>
14:01:21.898:	<br>
14:01:28.898:	Current page is: <br>
14:01:28.898:	This page  is not recognized.<br>
14:01:28.898:	method findCurrentPage(120) is called.<br>
14:01:29.399:	<br>
14:01:30.914:	Current page is: MerchantPassword<br>
14:01:30.914:	method merchantPassword (0, {FXVo~9B) is called.<br>
14:01:30.914:	method inputText (0, MerchantPasswordpassword, {FXVo~9B) is called.<br>
14:01:30.914:	method find(MerchantPasswordpassword) is called.<br>
14:01:31.577:	method clickButton (0, MerchantPasswordContinue) is called.<br>
14:01:31.577:	method find(MerchantPasswordContinue) is called.<br>
14:01:32.169:	method findCurrentPage(120) is called.<br>
14:01:32.669:	<br>
14:01:38.069:	Current page is: SignInSelection<br>
14:01:38.069:	method clickButton (0, SignInSelectionFirstUser) is called.<br>
14:01:38.070:	method find(SignInSelectionFirstUser) is called.<br>
14:01:38.239:	method findCurrentPage(120) is called.<br>
14:01:38.740:	<br>
14:01:42.193:	Current page is: UpdateRequired<br>
14:01:42.193:	method clickButton (0, UpdateRequiredUpdatenow) is called.<br>
14:01:42.193:	method find(UpdateRequiredUpdatenow) is called.<br>
14:01:42.346:	method findCurrentPage(120) is called.<br>
14:01:42.847:	<br>
14:01:48.339:	Current page is: UpdatingSecureElement<br>
14:02:18.340:	method findCurrentPage(120) is called.<br>
14:02:18.840:	<br>
14:02:51.909:	Current page is: UpdatingSecureElement<br>
14:03:21.909:	method findCurrentPage(120) is called.<br>
14:03:22.410:	<br>
14:03:39.788:	Current page is: ProvisionUpdateComplete<br>
14:03:39.788:	method clickButton (0, ProvisionUpdateCompleteDone) is called.<br>
14:03:39.788:	method find(ProvisionUpdateCompleteDone) is called.<br>
14:03:39.910:	method findCurrentPage(120) is called.<br>
14:03:40.411:	<br>
14:03:45.041:	Current page is: SignInSelection<br>
14:03:45.041:	method clickButton (0, SignInSelectionFirstUser) is called.<br>
14:03:45.042:	method find(SignInSelectionFirstUser) is called.<br>
14:03:45.208:	The method "login()" are called<br>
14:03:45.208:	method login(1) is called.<br>
14:03:45.208:	method enterNumPadOK (1, 123456) is called.<br>
14:03:46.209:	method enterNumPad (1, 123456) is called.<br>
14:03:47.210:	Number to be entered is: 123456<br>
14:03:47.210:	method find(EnterPIN1) is called.<br>
14:03:47.400:	method find(EnterPIN2) is called.<br>
14:03:48.095:	method find(EnterPIN3) is called.<br>
14:03:48.763:	method find(EnterPIN4) is called.<br>
14:03:49.718:	method find(EnterPIN5) is called.<br>
14:03:50.392:	method find(EnterPIN6) is called.<br>
14:03:51.129:	method find(EnterPINOK) is called.<br>
14:03:51.714:	<font color='grey'>User Authentication performed.</font><br>
14:03:51.714:	The method "waitUntilPage()" are called<br>
14:03:51.714:	<br>
14:04:02.946:	Current page is: <br>
14:04:02.948:	<br>
14:04:03.104:	Current page is: Purchase<br>
14:04:03.104:	page count is: 77<br>
14:04:03.104:	page count is: 78<br>
14:04:03.604:	The method "reachPage()" are called<br>
14:04:03.604:	method reachPage(GP, SettingsTerminal) is called.<br>
14:04:03.604:	method reachPage(GP, Purchase) is called.<br>
14:04:03.604:	method find(PurchaseSideMenu) is called.<br>
14:04:03.731:	method goToSidemenuPage(Purchase) is called.<br>
14:04:03.731:	method findCurrentPage(0) is called.<br>
14:04:04.234:	<br>
14:04:04.387:	Current page is: Purchase<br>
14:04:04.388:	method findCurrentPage(0) is called.<br>
14:04:04.888:	<br>
14:04:05.029:	Current page is: Purchase<br>
14:04:05.029:	method clickButton (0, PurchaseSideMenu) is called.<br>
14:04:05.029:	method find(PurchaseSideMenu) is called.<br>
14:04:05.207:	method clickButton (1, SideMenuSettings) is called.<br>
14:04:06.208:	method find(SideMenuSettings) is called.<br>
14:04:06.517:	method login(1) is called.<br>
14:04:06.517:	method enterNumPadOK (1, 123456) is called.<br>
14:04:07.518:	method enterNumPad (1, 123456) is called.<br>
14:04:08.519:	Number to be entered is: 123456<br>
14:04:08.519:	method find(EnterPIN1) is called.<br>
14:04:09.126:	method find(EnterPIN2) is called.<br>
14:04:10.691:	method find(EnterPIN3) is called.<br>
14:04:11.358:	method find(EnterPIN4) is called.<br>
14:04:11.971:	method find(EnterPIN5) is called.<br>
14:04:12.621:	method find(EnterPIN6) is called.<br>
14:04:13.285:	method find(EnterPINOK) is called.<br>
14:04:13.944:	<font color='grey'>User Authentication performed.</font><br>
14:04:13.945:	method waitUntilPage(30, SettingsTerminal) is called.<br>
14:04:13.945:	method findCurrentPage(0) is called.<br>
14:04:14.446:	<br>
14:04:15.713:	Current page is: SettingsTerminal<br>
14:04:15.713:	The method "setBooleanValue(no)" are called<br>
14:04:16.024:	The method "setBooleanValue(no)" are called<br>
14:04:16.628:	exception caught during click, failed to find SettingsTerminalAddTipValue<br>
14:04:16.628:	The method "setBooleanValue(no)" are called<br>
14:04:16.919:	The method "reachPage()" are called<br>
14:04:16.919:	method reachPage(GP, Purchase) is called.<br>
14:04:16.920:	method find(PurchaseSideMenu) is called.<br>
14:04:17.580:	method goToSidemenuPage(Purchase) is called.<br>
14:04:17.580:	method findCurrentPage(0) is called.<br>
14:04:18.080:	<br>
14:04:18.339:	Current page is: SettingsTerminal<br>
14:04:18.339:	method clickOnPage(SettingsTerminal, Purchase, [Ljava.lang.String;@21aa9f) is called.<br>
14:04:18.339:	method findCurrentPage(0) is called.<br>
14:04:18.839:	<br>
14:04:19.064:	Current page is: SettingsTerminal<br>
14:04:19.064:	method clickButton (0, PurchaseSideMenu) is called.<br>
14:04:19.064:	method find(PurchaseSideMenu) is called.<br>
14:04:19.736:	method clickButton (0, SideMenuPurchase) is called.<br>
14:04:19.736:	method find(SideMenuPurchase) is called.<br>
14:04:20.926:	method waitUntilPage(30, Purchase) is called.<br>
14:04:20.926:	method findCurrentPage(0) is called.<br>
14:04:21.427:	<br>
14:04:21.747:	Current page is: Purchase<br>
14:04:21.747:	The method "enterNumPadOK()" are called<br>
14:04:21.747:	method enterNumPadOK (5, 1200) is called.<br>
14:04:26.748:	method enterNumPad (5, 1200) is called.<br>
14:04:31.748:	Number to be entered is: 1200<br>
14:04:31.748:	method find(EnterPIN1) is called.<br>
14:04:31.949:	method find(EnterPIN2) is called.<br>
14:04:32.538:	method find(EnterPIN0) is called.<br>
14:04:33.160:	method find(EnterPIN0) is called.<br>
14:04:33.742:	method find(EnterPINOK) is called.<br>
14:04:34.425:	The method "waitUntilPage()" are called<br>
14:04:34.425:	<br>
14:04:51.932:	Current page is: <br>
14:04:51.932:	<br>
14:04:52.882:	Current page is: TapToPay<br>
14:04:52.882:	page count is: 14<br>
14:04:52.882:	page count is: 15<br>
14:04:53.382:	The method "clickButton()" are called<br>
14:04:53.965:	The method "waitUntilPage()" are called<br>
14:04:53.965:	<br>
14:04:55.043:	Current page is: CancelTransaction<br>
14:04:55.043:	page count is: 7<br>
14:04:55.043:	page count is: 8<br>
14:04:55.044:	The method "clickButton()" are called<br>
14:04:55.187:	The method "waitUntilPage()" are called<br>
14:04:55.187:	<br>
14:05:02.639:	Current page is: <br>
14:05:02.639:	<br>
14:05:02.778:	Current page is: Purchase<br>
14:05:02.778:	page count is: 81<br>
14:05:02.778:	page count is: 82<br>
14:05:03.278:	The method "test()" are called<br>
14:05:03.279:	<br>
14:05:03.428:	Current page is: Purchase<br>
14:05:03.428:	page count is: 82<br>
14:05:03.428:	page count is: 83<br>
14:05:03.430:	<font color='blue'>Test Case: TS_5 completed.</font><br>
14:05:03.430:	-----------------------------------<br><br>
14:05:03.431:	The method "logComment()" are called<br>
14:05:03.431:	<font color='grey'>Start of base purchase cancellation - please make sure NO card is placed behind the device!</font><br>
14:05:03.431:	The method "logComment()" are called<br>
14:05:03.431:	<font color='grey'>This case assumes the app starts from the Purchase page.</font><br>
14:05:03.431:	The method "reachPage()" are called<br>
14:05:03.431:	method reachPage(GP, SettingsTerminal) is called.<br>
14:05:03.431:	method reachPage(GP, Purchase) is called.<br>
14:05:03.431:	method find(PurchaseSideMenu) is called.<br>
14:05:03.538:	method goToSidemenuPage(Purchase) is called.<br>
14:05:03.538:	method findCurrentPage(0) is called.<br>
14:05:04.038:	<br>
14:05:04.196:	Current page is: Purchase<br>
14:05:04.196:	method findCurrentPage(0) is called.<br>
14:05:04.696:	<br>
14:05:04.836:	Current page is: Purchase<br>
14:05:04.836:	method clickButton (0, PurchaseSideMenu) is called.<br>
14:05:04.836:	method find(PurchaseSideMenu) is called.<br>
14:05:04.996:	method clickButton (1, SideMenuSettings) is called.<br>
14:05:05.996:	method find(SideMenuSettings) is called.<br>
14:05:06.230:	method login(1) is called.<br>
14:05:06.230:	method enterNumPadOK (1, 123456) is called.<br>
14:05:07.230:	method enterNumPad (1, 123456) is called.<br>
14:05:08.231:	Number to be entered is: 123456<br>
14:05:08.231:	method find(EnterPIN1) is called.<br>
14:05:08.422:	method find(EnterPIN2) is called.<br>
14:05:09.035:	method find(EnterPIN3) is called.<br>
14:05:10.208:	method find(EnterPIN4) is called.<br>
14:05:10.797:	method find(EnterPIN5) is called.<br>
14:05:11.390:	method find(EnterPIN6) is called.<br>
14:05:12.077:	method find(EnterPINOK) is called.<br>
14:05:12.678:	<font color='grey'>User Authentication performed.</font><br>
14:05:12.678:	method waitUntilPage(30, SettingsTerminal) is called.<br>
14:05:12.678:	method findCurrentPage(0) is called.<br>
14:05:13.178:	<br>
14:05:14.223:	Current page is: SettingsTerminal<br>
14:05:14.223:	The method "setBooleanValue(yes)" are called<br>
14:05:14.478:	The method "setBooleanValue(no)" are called<br>
14:05:14.585:	exception caught during click, failed to find SettingsTerminalAddTipValue<br>
14:05:14.586:	The method "setBooleanValue(no)" are called<br>
14:05:15.149:	The method "reachPage()" are called<br>
14:05:15.150:	method reachPage(GP, Purchase) is called.<br>
14:05:15.150:	method find(PurchaseSideMenu) is called.<br>
14:05:15.261:	method goToSidemenuPage(Purchase) is called.<br>
14:05:15.261:	method findCurrentPage(0) is called.<br>
14:05:15.762:	<br>
14:05:15.997:	Current page is: SettingsTerminal<br>
14:05:15.997:	method clickOnPage(SettingsTerminal, Purchase, [Ljava.lang.String;@1accff0) is called.<br>
14:05:15.998:	method findCurrentPage(0) is called.<br>
14:05:16.498:	<br>
14:05:16.735:	Current page is: SettingsTerminal<br>
14:05:16.735:	method clickButton (0, PurchaseSideMenu) is called.<br>
14:05:16.735:	method find(PurchaseSideMenu) is called.<br>
14:05:17.390:	method clickButton (0, SideMenuPurchase) is called.<br>
14:05:17.390:	method find(SideMenuPurchase) is called.<br>
14:05:18.567:	method waitUntilPage(30, Purchase) is called.<br>
14:05:18.567:	method findCurrentPage(0) is called.<br>
14:05:19.068:	<br>
14:05:19.327:	Current page is: Purchase<br>
14:05:19.327:	The method "enterNumPadOK()" are called<br>
14:05:19.327:	method enterNumPadOK (5, 1200) is called.<br>
14:05:24.328:	method enterNumPad (5, 1200) is called.<br>
14:05:29.329:	Number to be entered is: 1200<br>
14:05:29.329:	method find(EnterPIN1) is called.<br>
14:05:29.565:	method find(EnterPIN2) is called.<br>
14:05:30.169:	method find(EnterPIN0) is called.<br>
14:05:30.809:	method find(EnterPIN0) is called.<br>
14:05:31.414:	method find(EnterPINOK) is called.<br>
14:05:32.120:	The method "waitUntilPage()" are called<br>
14:05:32.120:	<br>
14:05:51.711:	Current page is: <br>
14:05:51.711:	<br>
14:05:52.716:	Current page is: TapToPay<br>
14:05:52.716:	page count is: 15<br>
14:05:52.716:	page count is: 16<br>
14:05:53.216:	The method "clickButton()" are called<br>
14:05:53.616:	The method "login()" are called<br>
14:05:53.616:	method login(3) is called.<br>
14:05:53.616:	method enterNumPadOK (3, 123456) is called.<br>
14:05:56.616:	method enterNumPad (3, 123456) is called.<br>
14:05:59.616:	Number to be entered is: 123456<br>
14:05:59.616:	method find(EnterPIN1) is called.<br>
14:05:59.794:	method find(EnterPIN2) is called.<br>
14:06:00.495:	method find(EnterPIN3) is called.<br>
14:06:01.110:	method find(EnterPIN4) is called.<br>
14:06:01.718:	method find(EnterPIN5) is called.<br>
14:06:02.321:	method find(EnterPIN6) is called.<br>
14:06:02.939:	method find(EnterPINOK) is called.<br>
14:06:03.620:	<font color='grey'>User Authentication performed.</font><br>
14:06:03.620:	The method "waitUntilPage()" are called<br>
14:06:03.620:	<br>
14:06:05.155:	Current page is: Purchase<br>
14:06:05.155:	page count is: 86<br>
14:06:05.155:	page count is: 87<br>
14:06:05.155:	The method "test()" are called<br>
14:06:05.155:	<br>
14:06:05.297:	Current page is: Purchase<br>
14:06:05.297:	page count is: 87<br>
14:06:05.297:	page count is: 88<br>
14:06:05.297:	<font color='blue'>Test Case: TS_6 completed.</font><br>
14:06:05.297:	-----------------------------------<br><br>
