---------Start of logs---------
14:12:14.803:	pe is: ActivatingSecureElementProcessTitle<br>
14:12:14.803:	pe is: AllowBatterySettingsChangeTitle<br>
14:12:14.803:	pe is: AllowTimeoutSettingsChangeTitle<br>
14:12:14.804:	pe is: AndroidAlertTitle<br>
14:12:14.804:	pe is: AndroidDeviceSettingsback<br>
14:12:14.804:	pe is: EnterPINPepImage<br>
14:12:14.804:	pe is: MerchantPasswordpassword<br>
14:12:14.804:	pe is: MerchantSignInID<br>
14:12:14.804:	pe is: NoNetworkConnectionTitle<br>
14:12:14.804:	pe is: ProvisionUpdateCompleteProcessTitle<br>
14:12:14.804:	pe is: PurchaseDescriptionNext<br>
14:12:14.804:	pe is: SettingsAdvancedSideMenu<br>
14:12:14.804:	pe is: SettingsTerminalSideMenu<br>
14:12:14.804:	pe is: SideMenuPepImage<br>
14:12:14.804:	pe is: SignInSelectionFirstUser<br>
14:12:14.804:	pe is: PurchaseResultNoReceipt<br>
14:12:14.804:	pe is: UpdateRequiredProcessTitle<br>
14:12:14.805:	pe is: ConnectionErrorDuringProvisionImage<br>
14:12:14.805:	pe is: PleaseRestartYourPhoneTitle<br>
14:12:14.805:	pe is: UpdatingSecureElementProcessTitle<br>
14:12:14.805:	pe is: TermsAndConditionsTitle<br>
14:12:14.805:	pe is: ContactUsProcessTitle<br>
14:12:14.805:	pe is: UserManagementSideMenu<br>
14:12:14.805:	pe is: EditUserProcessTitle<br>
14:12:14.805:	pe is: DeleteUserConfirmationTitle<br>
14:12:14.805:	pe is: AddNewUserProcessTitle<br>
14:12:14.805:	pe is: UserCreatedTitle<br>
14:12:14.805:	pe is: TransactionReportsEmailReport<br>
14:12:14.805:	pe is: TransactionHistorySideMenu<br>
14:12:14.806:	pe is: NewTagScannedTitle<br>
14:12:14.806:	pe is: AllAppListingCBADebug<br>
14:12:14.806:	pe is: PurchaseSideMenu<br>
14:12:14.806:	pe is: TapToPayTitle<br>
14:12:14.806:	pe is: CardNotSupportedTitle<br>
14:12:14.806:	pe is: EmailReceiptForPurchaseTitle<br>
14:12:14.806:	pe is: ReceiptSentConfirmationTitle<br>
14:12:14.806:	pe is: ProcessingPaymentTitle<br>
14:12:14.806:	pe is: PurchaseNotCompletedTitle<br>
14:12:14.806:	pe is: SetTipDuringPurchaseTitle<br>
14:12:14.807:	pe is: AddTipProcessTitle<br>
14:12:14.807:	pe is: CreateNewPasswordProcessTitle<br>
14:12:14.807:	pe is: EnterNewPINTitle<br>
14:12:14.807:	pe is: ConfirmNewPINProcessTitle<br>
14:12:14.807:	pe is: CancelTransactionTitle<br>
14:12:14.807:	pe is: CancelTransactionEnterPINProcessTitle<br>
14:12:14.807:	pe is: PurchaseTimedOutProcessTitle<br>
14:12:14.807:	pe is: TransactionSearchBack<br>
14:12:14.807:	pe is: TransactionDetailsBack<br>
14:12:14.807:	pe is: AccountLockedBack<br>
14:12:14.808:	pe is: ForgotPINTitle<br>
14:12:14.808:	pe is: ResetPINBack<br>
14:12:14.808:	pe is: InvalidCredentialsTitle<br>
14:12:14.808:	pe is: VoidProcessingPaymentProcessTitle<br>
14:12:14.808:	pe is: SecurityImageTitle<br>
14:12:14.808:	pe is: ProvisionActivateCompleteProcessTitle<br>
14:12:14.808:	pe is: <br>
14:12:14.808:	pe is: PaymentAcceptanceSetupProcessTitle<br>
14:12:14.808:	pe is: DatePickerPreviousMonth<br>
14:12:14.808:	pe is: ReportSentConfirmationTitle<br>
14:12:14.808:	pe is: EnterOldPINProcessTitle<br>
14:12:14.808:	pe is: PINUpdatedTitle<br>
14:12:14.809:	pe is: TransactionSearchResultProcessTitle<br>
14:12:14.809:	pe is: SignatureTitle<br>
14:12:14.809:	AndroidDriver created.<br>
14:12:14.815:	The method "logComment()" are called<br>
14:12:14.815:	<font color='grey'>Start of base purchase test case - please have SUCCESS testing card placed at the back of device!</font><br>
14:12:14.815:	The method "launch()" are called<br>
14:12:14.815:	method launch (120) is called.<br>
14:12:14.815:	method launch (CBA, 120) is called.<br>
14:12:14.815:	method findCurrentPage(120) is called.<br>
14:12:15.315:	<br>
14:12:19.937:	Current page is: MerchantSignIn<br>
14:12:19.937:	method merchantSignin (0, taoye67890123008) is called.<br>
14:12:19.937:	method inputText (0, MerchantSignInID, taoye67890123008) is called.<br>
14:12:19.937:	method find(MerchantSignInID) is called.<br>
14:12:20.772:	method clickButton (0, MerchantSignInOK) is called.<br>
14:12:20.772:	method find(MerchantSignInOK) is called.<br>
14:12:21.461:	method findCurrentPage(120) is called.<br>
14:12:21.962:	<br>
14:12:28.930:	Current page is: MerchantPassword<br>
14:12:28.931:	method merchantPassword (0, Thankyou1@) is called.<br>
14:12:28.931:	method inputText (0, MerchantPasswordpassword, Thankyou1@) is called.<br>
14:12:28.931:	method find(MerchantPasswordpassword) is called.<br>
14:12:29.630:	method clickButton (0, MerchantPasswordContinue) is called.<br>
14:12:29.631:	method find(MerchantPasswordContinue) is called.<br>
14:12:30.253:	method findCurrentPage(120) is called.<br>
14:12:30.754:	<br>
14:12:36.764:	Current page is: <br>
14:12:36.764:	This page  is not recognized.<br>
14:12:36.764:	method findCurrentPage(120) is called.<br>
14:12:37.266:	<br>
