---------Start of logs---------
14:41:49.129:	writeElement is called
14:41:49.130:	method get (ActivatingSecureElement) is called.
14:41:49.130:	weight is: 0
14:41:49.130:	method get (AllowBatterySettingsChange) is called.
14:41:49.130:	weight is: 0
14:41:49.130:	method get (AllowTimeoutSettingsChange) is called.
14:41:49.130:	weight is: 0
14:41:49.130:	method get (AndroidAlert) is called.
14:41:49.130:	weight is: 0
14:41:49.131:	method get (AndroidDeviceSettings) is called.
14:41:49.131:	weight is: 0
14:41:49.131:	method get (EnterPIN) is called.
14:41:49.133:	weight is: 2
14:41:49.133:	method get (MerchantPassword) is called.
14:41:49.133:	weight is: 0
14:41:49.133:	method get (MerchantSignIn) is called.
14:41:49.133:	weight is: 0
14:41:49.133:	method get (NoNetworkConnection) is called.
14:41:49.133:	weight is: 0
14:41:49.133:	method get (ProvisionUpdateComplete) is called.
14:41:49.133:	weight is: 0
14:41:49.133:	method get (PurchaseDescription) is called.
14:41:49.133:	weight is: 0
14:41:49.134:	method get (SettingsAdvanced) is called.
14:41:49.134:	weight is: 8
14:41:49.135:	method get (SettingsTerminal) is called.
14:41:49.135:	weight is: 10
14:41:49.137:	method get (SignInSelection) is called.
14:41:49.137:	weight is: 0
14:41:49.137:	method get (PurchaseResult) is called.
14:41:49.137:	weight is: 10
14:41:49.137:	method get (UpdateRequired) is called.
14:41:49.137:	weight is: 0
14:41:49.138:	method get (ConnectionErrorDuringProvision) is called.
14:41:49.138:	weight is: 0
14:41:49.138:	method get (PleaseRestartYourPhone) is called.
14:41:49.138:	weight is: 0
14:41:49.139:	method get (UpdatingSecureElement) is called.
14:41:49.139:	weight is: 0
14:41:49.139:	method get (TermsAndConditions) is called.
14:41:49.139:	weight is: 0
14:41:49.140:	method get (ContactUs) is called.
14:41:49.140:	weight is: 0
14:41:49.141:	method get (UserManagement) is called.
14:41:49.141:	weight is: 0
14:41:49.141:	method get (EditUser) is called.
14:41:49.141:	weight is: 0
14:41:49.142:	method get (DeleteUserConfirmation) is called.
14:41:49.142:	weight is: 0
14:41:49.143:	method get (AddNewUser) is called.
14:41:49.143:	weight is: 0
14:41:49.144:	method get (UserCreated) is called.
14:41:49.144:	weight is: 0
14:41:49.145:	method get (TransactionReports) is called.
14:41:49.145:	weight is: 0
14:41:49.147:	method get (TransactionHistory) is called.
14:41:49.147:	weight is: 28
14:41:49.149:	method get (NewTagScanned) is called.
14:41:49.149:	weight is: 0
14:41:49.149:	method get (Purchase) is called.
14:41:49.149:	weight is: 42
14:41:49.151:	method get (TapToPay) is called.
14:41:49.151:	weight is: 0
14:41:49.152:	method get (CardNotSupported) is called.
14:41:49.152:	weight is: 0
14:41:49.152:	method get (EmailReceiptForPurchase) is called.
14:41:49.152:	weight is: 0
14:41:49.153:	method get (ReceiptSentConfirmation) is called.
14:41:49.153:	weight is: 0
14:41:49.154:	method get (ProcessingPayment) is called.
14:41:49.154:	weight is: 0
14:41:49.154:	method get (PurchaseNotCompleted) is called.
14:41:49.154:	weight is: 0
14:41:49.155:	method get (SetTipDuringPurchase) is called.
14:41:49.155:	weight is: 0
14:41:49.157:	method get (AddTip) is called.
14:41:49.157:	weight is: 0
14:41:49.158:	method get (CreateNewPassword) is called.
14:41:49.158:	weight is: 0
14:41:49.159:	method get (EnterNewPIN) is called.
14:41:49.159:	weight is: 0
14:41:49.160:	method get (ConfirmNewPIN) is called.
14:41:49.160:	weight is: 0
14:41:49.160:	method get (CancelTransaction) is called.
14:41:49.160:	weight is: 0
14:41:49.163:	method get (PurchaseTimedOut) is called.
14:41:49.163:	weight is: 0
14:41:49.163:	method get (TransactionSearch) is called.
14:41:49.163:	weight is: 0
14:41:49.166:	method get (TransactionDetails) is called.
14:41:49.166:	weight is: 16
14:41:49.168:	method get (AccountLocked) is called.
14:41:49.168:	weight is: 0
14:41:49.169:	method get (ForgotPIN) is called.
14:41:49.169:	weight is: 0
14:41:49.170:	method get (ResetPIN) is called.
14:41:49.170:	weight is: 0
14:41:49.172:	method get (InvalidCredentials) is called.
14:41:49.172:	weight is: 0
14:41:49.172:	method get (VoidProcessingPayment) is called.
14:41:49.172:	weight is: 0
14:41:49.173:	method get (SecurityImage) is called.
14:41:49.173:	weight is: 0
14:41:49.174:	method get (ProvisionActivateComplete) is called.
14:41:49.174:	weight is: 0
14:41:49.176:	method get (PaymentAcceptanceSetup) is called.
14:41:49.176:	weight is: 0
14:41:49.177:	method get (DatePicker) is called.
14:41:49.178:	weight is: 0
14:41:49.179:	method get (ReportSentConfirmation) is called.
14:41:49.179:	weight is: 0
14:41:49.179:	method get (EnterOldPIN) is called.
14:41:49.179:	weight is: 0
14:41:49.179:	method get (PINUpdated) is called.
14:41:49.179:	weight is: 0
14:41:49.180:	method get (EnterRefundAmount) is called.
14:41:49.180:	weight is: 4
14:41:49.181:	method get (Signature) is called.
14:41:49.181:	weight is: 2
14:41:49.182:	.\src\Testcase configuration\Element Config\app elements - GP Debug.csvhas been read.
14:41:49.183:	.\src\Testcase configuration\Element Config\app elements - GP Debug.csvhas been written.
14:41:49.421:	reportHeader is: <!DOCTYPE html PUBLIC "-//W3C//DTD XHTML 1.1//EN" "http://www.w3.org/TR/xhtml11/DTD/xhtml11.dtd">
<html xmlns="http://www.w3.org/1999/xhtml">
<head>
<meta http-equiv="content-type" content="text/html; charset=UTF-8"/>
<title>Mobeewave Automation Report</title>
<style type="text/css">table {margin-bottom:10px;border-collapse:collapse;empty-cells:show}th,td {border:1px solid #009;padding:.25em .5em}th {vertical-align:bottom}td {vertical-align:top}table a {font-weight:bold}.stripe td {background-color: #E6EBF9}.num {text-align:right}.passedodd td {background-color: #3F3}.passedeven td {background-color: #0A0}.skippedodd td {background-color: #DDD}.skippedeven td {background-color: #CCC}.failedodd td,.attn {background-color: #F33}.failedeven td,.stripe .attn {background-color: #D00}.stacktrace {white-space:pre;font-family:monospace}.totop {font-size:85%;text-align:center;border-bottom:2px solid #000}.invisible {display:none}</style>
</head>
<body>
<table>
<tr><th colspan="7">Test Statistics</th></tr>
<tr><td><a href="#t0">Default test</a></td><td class="num">18,571</td></tr>
</table>
<h2>Default test</h2>
<table class="result"><tr><th>Result</th></tr><tr><td><div class="stacktrace">
14:41:49.421:	reportFooter is: </div></td></tr></table><p class="totop"><a href="#summary">back to summary</a></p>
</body>
</html>
14:41:49.421:	reportContent is: <font color='grey'>Start of purchase void testing - please have SUCCESS testing card placed at the back of device!</font>
<br><font color='grey'>This case assumes the app starts from the Purchase page.</font>
<br><font color='grey'>App launched and awaiting for login.</font>
<br><font color='grey'>User Authentication performed.</font>
<br><font color='grey'>User Authentication performed.</font>
<br><font color='grey'>Transaction is made, Processing time is: 20 seconds.</font>
<br>Current page is equal to PurchaseResult, <font color='green'>test passed</font>.<br>
PurchaseResultResultText is equal to PURCHASE APPROVED, <font color='green'>test passed</font>.<br>
Current page is equal to Purchase, <font color='green'>test passed</font>.<br>
Current page is equal to TransactionHistory, <font color='green'>test passed</font>.<br>
TransactionHistoryTransactionAmount is equal to CA$14.00, <font color='green'>test passed</font>.<br>
Current page is equal to TransactionDetails, <font color='green'>test passed</font>.<br>
TransactionDetailsTitle is equal to PURCHASE APPROVED, <font color='green'>test passed</font>.<br>
TransactionDetailsAmount is equal to CA$14.00, <font color='green'>test passed</font>.<br>
TransactionDetailsMerchantName is equal to taoye, <font color='green'>test passed</font>.<br>
TransactionDetailsEmailReceipt is equal to EMAIL RECEIPT, <font color='green'>test passed</font>.<br>
TransactionDetailsVoid is equal to VOID, <font color='green'>test passed</font>.<br>
<font color='grey'>User Authentication performed.</font>
<br>Current page is equal to SettingsTerminal, <font color='green'>test passed</font>.<br>
Current page is equal to SettingsAdvanced, <font color='green'>test passed</font>.<br>
<font color='grey'>Testing Version Number Display</font>
<br>SettingsAdvancedAppVersionValue is expected to be <font color='brown'>1.4.7(4)</font>, but is actually equal to: <font color='brown'>1.4.9(12)</font>, <font color='red'>test failed</font>.<br>
Current page is equal to TransactionHistory, <font color='green'>test passed</font>.<br>
TransactionHistoryTransactionAmount is equal to CA$14.00, <font color='green'>test passed</font>.<br>
Current page is equal to TransactionDetails, <font color='green'>test passed</font>.<br>
TransactionDetailsTitle is equal to PURCHASE APPROVED, <font color='green'>test passed</font>.<br>
TransactionDetailsAmount is equal to CA$14.00, <font color='green'>test passed</font>.<br>
TransactionDetailsMerchantName is equal to taoye, <font color='green'>test passed</font>.<br>
TransactionDetailsEmailReceipt is equal to EMAIL RECEIPT, <font color='green'>test passed</font>.<br>
TransactionDetailsVoid is equal to REFUND, <font color='green'>test passed</font>.<br>
<font color='grey'>User Authentication performed.</font>
<br>Current page is equal to EnterRefundAmount, <font color='green'>test passed</font>.<br>
<font color='grey'>Making Signature</font>
<br>Current page is equal to TransactionHistory, <font color='green'>test passed</font>.<br>
TransactionHistoryTransactionAmount is equal to - CA$14.00, <font color='green'>test passed</font>.<br>
Current page is equal to TransactionDetails, <font color='green'>test passed</font>.<br>
TransactionDetailsTitle is equal to REFUND APPROVED, <font color='green'>test passed</font>.<br>
TransactionDetailsAmount is equal to - CA$14.00, <font color='green'>test passed</font>.<br>
TransactionDetailsMerchantName is equal to taoye, <font color='green'>test passed</font>.<br>
TransactionDetailsEmailReceipt is equal to EMAIL RECEIPT, <font color='green'>test passed</font>.<br>
TransactionDetailsVoid is equal to VOID, <font color='green'>test passed</font>.<br>
<font color='grey'>Refund testing completed.</font>
<br><font color='grey'>User Authentication performed.</font>
<br>Current page is equal to PurchaseResult, <font color='green'>test passed</font>.<br>
PurchaseResultResultText is equal to VOID APPROVED, <font color='green'>test passed</font>.<br>
Current page is equal to TransactionHistory, <font color='green'>test passed</font>.<br>
TransactionHistoryTransactionAmount is equal to CA$14.00, <font color='green'>test passed</font>.<br>
Current page is equal to TransactionDetails, <font color='green'>test passed</font>.<br>
TransactionDetailsTitle is equal to VOID APPROVED, <font color='green'>test passed</font>.<br>
TransactionDetailsAmount is equal to CA$14.00, <font color='green'>test passed</font>.<br>
TransactionDetailsMerchantName is equal to taoye, <font color='green'>test passed</font>.<br>
TransactionDetailsEmailReceipt is equal to EMAIL RECEIPT, <font color='green'>test passed</font>.<br>
TransactionDetailsVoid is equal to element not found, <font color='green'>test passed</font>.<br>
Current page is equal to Purchase, <font color='green'>test passed</font>.<br>
<font color='blue'>Test Case: TS_8&TS_9 completed.</font>
<br>-----------------------------------<br>
<br>
