---------Start of logs---------
13:27:49.145:	The method "logComment()" are called
13:27:49.145:	<font color='grey'>Start of base purchase test case - please have SUCCESS testing card placed at the back of device!</font>
13:27:49.145:	The method "launch()" are called
13:27:49.145:	method launch (120) is called.
13:27:49.145:	method launch (CBA, 120) is called.
13:27:49.145:	method findCurrentPage(120) is called.
13:27:49.645:	
13:27:59.236:	Current page is: 
13:27:59.236:	This page  is not recognized.
13:27:59.236:	method findCurrentPage(120) is called.
13:27:59.739:	
13:28:00.702:	Current page is: SignInSelection
13:28:00.882:	method findCurrentPage(120) is called.
13:28:01.383:	
13:28:02.485:	Current page is: EnterPIN
13:28:02.486:	<font color='grey'>App launched and awaiting for login.</font>
13:28:02.486:	The method "login()" are called
13:28:02.486:	method login(1) is called.
13:28:03.486:	method enterNumPadOK (123456) is called.
13:28:03.486:	method enterNumPad (123456) is called.
13:28:03.486:	Number to be entered is: 123456
13:28:07.333:	exception caught, not on PIN entering page.
13:28:07.333:	<font color='grey'>User Authentication performed.</font>
13:28:07.334:	The method "waitUntilPage()" are called
13:28:09.394:	Current page is: Purchase
13:28:09.394:	page count is: 147
13:28:09.394:	The method "reachPage()" are called
13:28:09.394:	method reachPage(GP, SettingsTerminal) is called.
13:28:09.394:	method reachPage(GP, Purchase) is called.
13:28:09.493:	method goToSidemenuPage(Purchase) is called.
13:28:09.493:	method findCurrentPage(0) is called.
13:28:09.995:	
13:28:10.406:	Current page is: Purchase
13:28:10.406:	method findCurrentPage(0) is called.
13:28:10.907:	
13:28:11.287:	Current page is: Purchase
13:28:12.524:	method login(1) is called.
13:28:13.524:	method enterNumPadOK (123456) is called.
13:28:13.524:	method enterNumPad (123456) is called.
13:28:13.524:	Number to be entered is: 123456
13:28:18.070:	<font color='grey'>User Authentication performed.</font>
13:28:19.982:	Current page is: SettingsTerminal
13:28:19.982:	page count is: 22
13:28:19.982:	The method "setBooleanValue(no)" are called
13:28:20.104:	The method "setBooleanValue(no)" are called
13:28:20.234:	The method "reachPage()" are called
13:28:20.234:	method reachPage(GP, Purchase) is called.
13:28:20.338:	method goToSidemenuPage(Purchase) is called.
13:28:20.338:	method findCurrentPage(0) is called.
13:28:20.839:	
13:28:21.281:	Current page is: SettingsTerminal
13:28:21.281:	method clickOnPage(SettingsTerminal, Purchase, [Ljava.lang.String;@104476e) is called.
13:28:21.281:	method findCurrentPage(0) is called.
13:28:21.781:	
13:28:22.207:	Current page is: SettingsTerminal
13:28:25.228:	Current page is: Purchase
13:28:25.228:	page count is: 150
13:28:25.228:	The method "singlePurchase()" are called
13:28:25.229:	method singlePurchase(1000, no, , no, ) is called.
13:28:25.229:	method findCurrentPage(1) is called.
13:28:25.730:	
13:28:26.092:	Current page is: Purchase
13:28:26.092:	method enterPurchaseAmount(1000) is called.
13:28:26.092:	method enterNumPadOK (1000) is called.
13:28:26.092:	method enterNumPad (1000) is called.
13:28:26.092:	Number to be entered is: 1000
13:28:28.846:	method findCurrentPage(1) is called.
13:28:29.347:	
13:28:31.098:	Current page is: TapToPay
13:28:31.098:	waiting for card tap
13:28:31.098:	method findCurrentPage(1) is called.
13:28:31.599:	
13:28:32.189:	Current page is: TapToPay
13:28:32.189:	waiting for card tap
13:28:32.189:	method findCurrentPage(1) is called.
13:28:32.689:	
13:28:33.298:	Current page is: TapToPay
13:28:33.298:	waiting for card tap
13:28:33.298:	method findCurrentPage(1) is called.
13:28:33.798:	
13:28:34.676:	Current page is: TapToPay
13:28:34.676:	waiting for card tap
13:28:34.676:	method findCurrentPage(1) is called.
13:28:35.176:	
13:28:35.796:	Current page is: TapToPay
13:28:35.796:	waiting for card tap
13:28:35.796:	method findCurrentPage(1) is called.
13:28:36.297:	
13:28:36.898:	Current page is: TapToPay
13:28:36.898:	waiting for card tap
13:28:36.898:	method findCurrentPage(1) is called.
13:28:37.399:	
13:28:38.011:	Current page is: TapToPay
13:28:38.012:	waiting for card tap
13:28:38.012:	method findCurrentPage(1) is called.
13:28:38.513:	
13:28:39.121:	Current page is: TapToPay
13:28:39.121:	waiting for card tap
13:28:39.121:	method findCurrentPage(1) is called.
13:28:39.622:	
13:28:40.253:	Current page is: TapToPay
13:28:40.253:	waiting for card tap
13:28:40.253:	The method "test()" are called
13:28:40.806:	Current page is: TapToPay
13:28:40.806:	page count is: 17
13:28:40.808:	The method "test()" are called
13:28:40.905:	The method "clickButton()" are called
13:28:40.995:	exception caught during button click, failed to find PurchaseResultNoReceipt
13:28:40.995:	The method "waitUntilPage()" are called
13:28:41.607:	Current page is: TapToPay
13:28:41.608:	page count is: 18
13:28:42.194:	Current page is: TapToPay
13:28:42.195:	page count is: 19
13:28:48.687:	Current page is: 
13:28:50.207:	Current page is: PurchaseResult
13:28:50.207:	page count is: 203
13:28:51.163:	Current page is: PurchaseResult
13:28:51.163:	page count is: 204
13:28:52.014:	Current page is: PurchaseResult
13:28:52.014:	page count is: 205
13:28:52.881:	Current page is: PurchaseResult
13:28:52.881:	page count is: 206
13:28:53.747:	Current page is: PurchaseResult
13:28:53.747:	page count is: 207
