---------Start of logs---------
11:22:11.186:	The method "logComment()" are called
11:22:11.186:	<font color='grey'>Start of purchase void testing - please have SUCCESS testing card placed at the back of device!</font>
11:22:11.187:	The method "logComment()" are called
11:22:11.187:	<font color='grey'>This case assumes the app starts from the Purchase page.</font>
11:22:11.187:	The method "launch()" are called
11:22:11.187:	method launch (120) is called.
11:22:11.187:	method launch (CBA, 120) is called.
11:22:11.187:	method findCurrentPage(120) is called.
11:22:11.688:	
11:22:18.028:	Current page is: UpdateRequired
11:22:18.208:	method findCurrentPage(120) is called.
11:22:18.708:	
11:22:24.236:	Current page is: UpdatingSecureElement
11:22:54.236:	method findCurrentPage(120) is called.
11:22:54.737:	
11:23:27.187:	Current page is: UpdatingSecureElement
11:23:57.187:	method findCurrentPage(120) is called.
11:23:57.687:	
11:24:13.715:	Current page is: ProvisionUpdateComplete
11:24:13.840:	method findCurrentPage(120) is called.
11:24:14.341:	
11:24:16.244:	Current page is: EnterPIN
11:24:16.244:	<font color='grey'>App launched and awaiting for login.</font>
11:24:16.244:	The method "login()" are called
11:24:16.244:	method login(1) is called.
11:24:17.245:	method enterNumPadOK (123456) is called.
11:24:17.246:	method enterNumPad (123456) is called.
11:24:17.246:	Number to be entered is: 123456
11:24:21.524:	<font color='grey'>User Authentication performed.</font>
11:24:21.524:	The method "waitUntilPage()" are called
11:24:30.202:	Current page is: 
11:24:30.322:	Current page is: Purchase
11:24:30.322:	page count is: 43
11:24:30.823:	The method "reachPage()" are called
11:24:30.823:	method reachPage(GP, SettingsTerminal) is called.
11:24:30.823:	method reachPage(GP, Purchase) is called.
11:24:30.923:	method goToSidemenuPage(Purchase) is called.
11:24:30.923:	method findCurrentPage(0) is called.
11:24:31.424:	
11:24:31.573:	Current page is: Purchase
11:24:31.573:	method findCurrentPage(0) is called.
11:24:32.073:	
11:24:32.226:	Current page is: Purchase
11:24:33.455:	method login(1) is called.
11:24:34.455:	method enterNumPadOK (123456) is called.
11:24:34.455:	method enterNumPad (123456) is called.
11:24:34.455:	Number to be entered is: 123456
11:24:38.767:	<font color='grey'>User Authentication performed.</font>
11:24:40.844:	Current page is: SettingsTerminal
11:24:40.844:	page count is: 11
11:24:40.844:	The method "setBooleanValue(no)" are called
11:24:40.991:	The method "setBooleanValue(no)" are called
11:24:41.155:	The method "setBooleanValue(no)" are called
11:24:41.339:	The method "reachPage()" are called
11:24:41.339:	method reachPage(GP, Purchase) is called.
11:24:41.457:	method goToSidemenuPage(Purchase) is called.
11:24:41.457:	method findCurrentPage(0) is called.
11:24:41.958:	
11:24:42.525:	Current page is: SettingsTerminal
11:24:42.525:	method clickOnPage(SettingsTerminal, Purchase, [Ljava.lang.String;@1a1f559) is called.
11:24:42.525:	method findCurrentPage(0) is called.
11:24:43.025:	
11:24:43.571:	Current page is: SettingsTerminal
11:24:46.210:	Current page is: Purchase
11:24:46.210:	page count is: 46
11:24:46.210:	The method "singlePurchase()" are called
11:24:46.210:	method singlePurchase(1400, no, , no, ) is called.
11:24:46.210:	method findCurrentPage(1) is called.
11:24:46.711:	
11:24:46.842:	Current page is: Purchase
11:24:46.842:	method enterPurchaseAmount(1400) is called.
11:24:46.842:	method enterNumPadOK (1400) is called.
11:24:46.842:	method enterNumPad (1400) is called.
11:24:46.842:	Number to be entered is: 1400
11:24:49.506:	method findCurrentPage(1) is called.
11:24:50.007:	
11:24:58.691:	Current page is: 
11:24:58.691:	reached an unrecognized page: 
11:24:58.760:	exception caught during button click, failed to find NoNetworkConnectionretry
11:24:58.760:	method findCurrentPage(1) is called.
11:24:59.260:	
11:24:59.798:	Current page is: PurchaseResult
11:24:59.798:	<font color='grey'>Transaction is made, Processing time is: 13 seconds.</font>
11:24:59.798:	The method "test()" are called
11:25:00.470:	Current page is: PurchaseResult
11:25:00.470:	page count is: 12
11:25:00.472:	The method "test()" are called
11:25:00.611:	The method "clickButton()" are called
11:25:00.764:	The method "waitUntilPage()" are called
11:25:07.772:	Current page is: 
11:25:07.870:	Current page is: Purchase
11:25:07.870:	page count is: 48
11:25:08.371:	The method "test()" are called
11:25:08.471:	Current page is: Purchase
11:25:08.471:	page count is: 49
11:25:08.471:	The method "reachPage()" are called
11:25:08.472:	method reachPage(GP, TransactionHistory) is called.
11:25:08.472:	method reachPage(GP, Purchase) is called.
11:25:08.554:	method goToSidemenuPage(Purchase) is called.
11:25:08.554:	method findCurrentPage(0) is called.
11:25:09.054:	
11:25:09.172:	Current page is: Purchase
11:25:09.172:	method goToSidemenuPage(TransactionHistory) is called.
11:25:09.172:	method findCurrentPage(0) is called.
11:25:09.673:	
11:25:09.823:	Current page is: Purchase
11:25:09.823:	method clickOnPage(Purchase, TransactionHistory, [Ljava.lang.String;@712ee9) is called.
11:25:09.824:	method findCurrentPage(0) is called.
11:25:10.325:	
11:25:10.459:	Current page is: Purchase
11:25:14.320:	Current page is: TransactionHistory
11:25:14.320:	page count is: 29
11:25:14.321:	The method "test()" are called
11:25:14.707:	Current page is: TransactionHistory
11:25:14.707:	page count is: 30
11:25:14.707:	The method "test()" are called
11:25:14.935:	The method "clickButton()" are called
11:25:15.163:	The method "waitUntilPage()" are called
11:25:16.765:	Current page is: TransactionDetails
11:25:16.765:	page count is: 17
11:25:16.766:	The method "test()" are called
11:25:17.157:	Current page is: TransactionDetails
11:25:17.157:	page count is: 18
11:25:17.157:	The method "test()" are called
11:25:17.333:	The method "test()" are called
11:25:17.565:	The method "test()" are called
11:25:17.702:	The method "test()" are called
11:25:17.834:	The method "test()" are called
11:25:17.976:	The method "clickButton()" are called
11:25:18.178:	The method "waitUntilPage()" are called
11:25:19.624:	Current page is: TransactionHistory
11:25:19.624:	page count is: 31
11:25:19.624:	The method "reachPage()" are called
11:25:19.624:	method reachPage(GP, SettingsTerminal) is called.
11:25:19.624:	method reachPage(GP, Purchase) is called.
11:25:19.799:	method goToSidemenuPage(Purchase) is called.
11:25:19.799:	method findCurrentPage(0) is called.
11:25:20.299:	
11:25:20.723:	Current page is: TransactionHistory
11:25:20.724:	method clickOnPage(TransactionHistory, Purchase, [Ljava.lang.String;@14283c4) is called.
11:25:20.724:	method findCurrentPage(0) is called.
11:25:21.225:	
11:25:21.639:	Current page is: TransactionHistory
11:25:23.061:	exception caught during button click, failed to find PurchaseSideMenu
11:25:24.391:	exception caught during button click, failed to find SideMenuPurchase
11:25:25.310:	Current page is: TransactionHistory
11:25:25.310:	page count is: 34
11:25:26.948:	Current page is: TransactionDetails
11:25:26.948:	page count is: 19
11:25:28.072:	Current page is: TransactionDetails
11:25:28.072:	page count is: 20
11:25:29.034:	Current page is: TransactionDetails
11:25:29.035:	page count is: 21
11:25:30.049:	Current page is: TransactionDetails
11:25:30.049:	page count is: 22
11:25:31.040:	Current page is: TransactionDetails
11:25:31.041:	page count is: 23
11:25:32.035:	Current page is: TransactionDetails
11:25:32.035:	page count is: 24
11:25:33.005:	Current page is: TransactionDetails
11:25:33.006:	page count is: 25
11:25:33.998:	Current page is: TransactionDetails
11:25:33.999:	page count is: 26
11:25:34.999:	Current page is: TransactionDetails
11:25:35:	page count is: 27
11:25:36.010:	Current page is: TransactionDetails
11:25:36.010:	page count is: 28
11:25:36.992:	Current page is: TransactionDetails
11:25:36.992:	page count is: 29
11:25:38:	Current page is: TransactionDetails
11:25:38:	page count is: 30
