---------Start of logs---------
10:38:50.617:	The method "logComment()" are called
10:38:50.617:	<font color='grey'>Start of base purchase test case - please have SUCCESS testing card placed at the back of device!</font>
10:38:50.617:	The method "launch()" are called
10:38:50.617:	method launch (120) is called.
10:38:50.617:	method launch (CBA, 120) is called.
10:38:50.617:	method findCurrentPage(120) is called.
10:38:51.117:	
10:39:00.695:	Current page is: 
10:39:00.695:	This page  is not recognized.
10:39:00.695:	method findCurrentPage(120) is called.
10:39:01.197:	
10:39:02.584:	Current page is: SignInSelection
10:39:02.739:	method findCurrentPage(120) is called.
10:39:03.239:	
10:39:04.638:	Current page is: EnterPIN
10:39:04.638:	<font color='grey'>App launched and awaiting for login.</font>
10:39:04.638:	The method "login()" are called
10:39:04.638:	method login(1) is called.
10:39:05.638:	method enterNumPadOK (123456) is called.
10:39:05.638:	method enterNumPad (123456) is called.
10:39:05.638:	Number to be entered is: 123456
10:39:09.687:	<font color='grey'>User Authentication performed.</font>
10:39:09.687:	The method "waitUntilPage()" are called
10:39:18.814:	Current page is: 
10:39:18.932:	Current page is: Purchase
10:39:18.932:	page count is: 534
10:39:19.432:	The method "reachPage()" are called
10:39:19.432:	method reachPage(GP, SettingsTerminal) is called.
10:39:19.432:	method reachPage(GP, Purchase) is called.
10:39:19.551:	method goToSidemenuPage(Purchase) is called.
10:39:19.551:	method findCurrentPage(0) is called.
10:39:20.052:	
10:39:20.218:	Current page is: Purchase
10:39:20.218:	method findCurrentPage(0) is called.
10:39:20.719:	
10:39:20.891:	Current page is: Purchase
10:39:22.104:	method login(1) is called.
10:39:23.104:	method enterNumPadOK (123456) is called.
10:39:23.104:	method enterNumPad (123456) is called.
10:39:23.104:	Number to be entered is: 123456
10:39:28.056:	<font color='grey'>User Authentication performed.</font>
10:39:30.052:	Current page is: SettingsTerminal
10:39:30.052:	page count is: 95
10:39:30.052:	The method "setBooleanValue(no)" are called
10:39:30.215:	The method "setBooleanValue(no)" are called
10:39:30.649:	The method "reachPage()" are called
10:39:30.649:	method reachPage(GP, Purchase) is called.
10:39:31.314:	method goToSidemenuPage(Purchase) is called.
10:39:31.315:	method findCurrentPage(0) is called.
10:39:31.816:	
10:39:32.073:	Current page is: SettingsTerminal
10:39:32.073:	method clickOnPage(SettingsTerminal, Purchase, [Ljava.lang.String;@8b35bf) is called.
10:39:32.073:	method findCurrentPage(0) is called.
10:39:32.574:	
10:39:32.823:	Current page is: SettingsTerminal
10:39:35.440:	Current page is: Purchase
10:39:35.440:	page count is: 537
10:39:35.440:	The method "singlePurchase()" are called
10:39:35.440:	method singlePurchase(1000, no, , no, ) is called.
10:39:35.440:	method findCurrentPage(1) is called.
10:39:35.942:	
10:39:36.085:	Current page is: Purchase
10:39:36.085:	method enterPurchaseAmount(1000) is called.
10:39:36.085:	method enterNumPadOK (1000) is called.
10:39:36.085:	method enterNumPad (1000) is called.
10:39:36.085:	Number to be entered is: 1000
10:39:38.708:	method findCurrentPage(1) is called.
10:39:39.208:	
10:39:42.397:	Current page is: PurchaseDescription
10:39:42.503:	method findCurrentPage(1) is called.
10:39:43.004:	
10:39:45.102:	Current page is: TapToPay
10:39:45.102:	waiting for card tap
10:39:45.103:	method findCurrentPage(1) is called.
10:39:45.604:	
10:39:51.679:	Current page is: 
10:39:51.679:	reached an unrecognized page: 
10:39:51.679:	exception caught during button click, failed to find NoNetworkConnectionretry
10:39:51.679:	method findCurrentPage(1) is called.
10:39:52.180:	
10:39:54.165:	Current page is: PurchaseResult
10:39:54.165:	<font color='grey'>Transaction is made, Processing time is: 9 seconds.</font>
10:39:54.165:	The method "test()" are called
10:39:54.981:	Current page is: PurchaseResult
10:39:54.981:	page count is: 20
10:39:54.983:	The method "test()" are called
10:39:55.127:	The method "clickButton()" are called
10:39:55.311:	The method "waitUntilPage()" are called
10:40:02.556:	Current page is: 
10:40:02.679:	Current page is: Purchase
10:40:02.679:	page count is: 539
10:40:03.179:	The method "test()" are called
10:40:03.315:	Current page is: Purchase
10:40:03.315:	page count is: 540
10:40:03.315:	The method "reachPage()" are called
10:40:03.315:	method reachPage(GP, TransactionHistory) is called.
10:40:03.315:	method reachPage(GP, Purchase) is called.
10:40:03.407:	method goToSidemenuPage(Purchase) is called.
10:40:03.407:	method findCurrentPage(0) is called.
10:40:03.908:	
10:40:04.038:	Current page is: Purchase
10:40:04.038:	method goToSidemenuPage(TransactionHistory) is called.
10:40:04.038:	method findCurrentPage(0) is called.
10:40:04.539:	
10:40:04.692:	Current page is: Purchase
10:40:04.692:	method clickOnPage(Purchase, TransactionHistory, [Ljava.lang.String;@11cbb1a) is called.
10:40:04.693:	method findCurrentPage(0) is called.
10:40:05.193:	
10:40:05.351:	Current page is: Purchase
10:40:09.362:	Current page is: TransactionHistory
10:40:09.362:	page count is: 29
10:40:09.362:	The method "test()" are called
10:40:11.280:	Current page is: TransactionHistory
10:40:11.280:	page count is: 30
10:40:11.280:	The method "test()" are called
10:40:11.496:	The method "clickButton()" are called
10:40:11.744:	The method "waitUntilPage()" are called
10:40:14.136:	Current page is: TransactionDetails
10:40:14.136:	page count is: 17
10:40:14.136:	The method "test()" are called
10:40:15.049:	Current page is: TransactionDetails
10:40:15.049:	page count is: 18
10:40:15.049:	The method "test()" are called
10:40:15.199:	The method "test()" are called
10:40:15.363:	The method "test()" are called
10:40:15.520:	The method "test()" are called
10:40:15.678:	The method "test()" are called
10:40:15.866:	The method "clickButton()" are called
10:40:16.045:	The method "waitUntilPage()" are called
10:40:18.080:	Current page is: TransactionHistory
10:40:18.080:	page count is: 31
10:40:18.080:	The method "reachPage()" are called
10:40:18.080:	method reachPage(GP, Purchase) is called.
10:40:18.246:	method goToSidemenuPage(Purchase) is called.
10:40:18.246:	method findCurrentPage(0) is called.
10:40:18.747:	
10:40:19.500:	Current page is: TransactionHistory
10:40:19.500:	method clickOnPage(TransactionHistory, Purchase, [Ljava.lang.String;@1206065) is called.
10:40:19.500:	method findCurrentPage(0) is called.
10:40:20:	
10:40:20.749:	Current page is: TransactionHistory
10:40:23.473:	Current page is: Purchase
10:40:23.473:	page count is: 544
10:40:23.473:	The method "test()" are called
10:40:23.612:	Current page is: Purchase
10:40:23.612:	page count is: 545
10:40:23.612:	<font color='blue'>Test Case: TS_1 completed.</font>
10:40:23.612:	-----------------------------------<br>
10:40:23.613:	The method "logComment()" are called
10:40:23.613:	<font color='grey'>Start of purchase void testing - please have SUCCESS testing card placed at the back of device!</font>
10:40:23.613:	The method "logComment()" are called
10:40:23.613:	<font color='grey'>This case assumes the app starts from the Purchase page.</font>
10:40:23.613:	The method "reachPage()" are called
10:40:23.613:	method reachPage(GP, SettingsTerminal) is called.
10:40:23.613:	method reachPage(GP, Purchase) is called.
10:40:23.702:	method goToSidemenuPage(Purchase) is called.
10:40:23.702:	method findCurrentPage(0) is called.
10:40:24.203:	
10:40:24.332:	Current page is: Purchase
10:40:24.333:	method findCurrentPage(0) is called.
10:40:24.834:	
10:40:24.967:	Current page is: Purchase
10:40:26.127:	method login(1) is called.
10:40:27.128:	method enterNumPadOK (123456) is called.
10:40:27.128:	method enterNumPad (123456) is called.
10:40:27.128:	Number to be entered is: 123456
10:40:31.468:	<font color='grey'>User Authentication performed.</font>
10:40:33.227:	Current page is: SettingsTerminal
10:40:33.227:	page count is: 98
10:40:33.227:	The method "setBooleanValue(no)" are called
10:40:33.365:	The method "setBooleanValue(no)" are called
10:40:33.489:	The method "reachPage()" are called
10:40:33.489:	method reachPage(GP, Purchase) is called.
10:40:33.576:	method goToSidemenuPage(Purchase) is called.
10:40:33.576:	method findCurrentPage(0) is called.
10:40:34.077:	
10:40:34.312:	Current page is: SettingsTerminal
10:40:34.312:	method clickOnPage(SettingsTerminal, Purchase, [Ljava.lang.String;@227a47) is called.
10:40:34.312:	method findCurrentPage(0) is called.
10:40:34.813:	
10:40:35.060:	Current page is: SettingsTerminal
10:40:37.715:	Current page is: Purchase
10:40:37.715:	page count is: 548
10:40:37.715:	The method "singlePurchase()" are called
10:40:37.715:	method singlePurchase(1400, no, , no, ) is called.
10:40:37.715:	method findCurrentPage(1) is called.
10:40:38.215:	
10:40:38.370:	Current page is: Purchase
10:40:38.370:	method enterPurchaseAmount(1400) is called.
10:40:38.370:	method enterNumPadOK (1400) is called.
10:40:38.370:	method enterNumPad (1400) is called.
10:40:38.370:	Number to be entered is: 1400
10:40:41.197:	method findCurrentPage(1) is called.
10:40:41.698:	
10:40:44.834:	Current page is: PurchaseDescription
10:40:44.950:	method findCurrentPage(1) is called.
10:40:45.451:	
10:40:47.585:	Current page is: TapToPay
10:40:47.585:	waiting for card tap
10:40:47.585:	method findCurrentPage(1) is called.
10:40:48.085:	
10:40:55.268:	Current page is: 
10:40:55.268:	reached an unrecognized page: 
10:40:55.268:	exception caught during button click, failed to find NoNetworkConnectionretry
10:40:55.268:	method findCurrentPage(1) is called.
10:40:55.769:	
10:40:56.688:	Current page is: PurchaseResult
10:40:56.689:	<font color='grey'>Transaction is made, Processing time is: 9 seconds.</font>
10:40:56.689:	The method "test()" are called
10:40:57.418:	Current page is: PurchaseResult
10:40:57.418:	page count is: 22
10:40:57.418:	The method "test()" are called
10:40:57.568:	The method "clickButton()" are called
10:40:57.706:	The method "waitUntilPage()" are called
10:40:58.789:	Current page is: Purchase
10:40:58.789:	page count is: 550
10:40:58.910:	Current page is: Purchase
10:40:58.910:	page count is: 551
10:40:59.550:	Current page is: Purchase
10:40:59.550:	page count is: 552
10:41:00.199:	Current page is: Purchase
10:41:00.200:	page count is: 553
10:41:00.816:	Current page is: Purchase
10:41:00.816:	page count is: 554
10:41:01.485:	Current page is: Purchase
10:41:01.485:	page count is: 555
10:41:02.140:	Current page is: Purchase
10:41:02.140:	page count is: 556
10:41:02.826:	Current page is: Purchase
10:41:02.826:	page count is: 557
10:41:03.469:	Current page is: Purchase
10:41:03.469:	page count is: 558
10:41:04.136:	Current page is: Purchase
10:41:04.137:	page count is: 559
10:41:04.773:	Current page is: Purchase
10:41:04.773:	page count is: 560
10:41:05.434:	Current page is: Purchase
10:41:05.434:	page count is: 561
10:41:06.079:	Current page is: Purchase
10:41:06.079:	page count is: 562
10:41:06.718:	Current page is: Purchase
10:41:06.718:	page count is: 563
10:41:07.356:	Current page is: Purchase
10:41:07.356:	page count is: 564
10:41:07.991:	Current page is: Purchase
10:41:07.991:	page count is: 565
10:41:08.653:	Current page is: Purchase
10:41:08.653:	page count is: 566
10:41:09.312:	Current page is: Purchase
10:41:09.312:	page count is: 567
10:41:09.967:	Current page is: Purchase
10:41:09.967:	page count is: 568
10:41:11.215:	Current page is: Purchase
10:41:11.216:	page count is: 569
10:41:11.899:	Current page is: Purchase
10:41:11.899:	page count is: 570
10:41:12.551:	Current page is: Purchase
10:41:12.551:	page count is: 571
10:41:13.206:	Current page is: Purchase
10:41:13.206:	page count is: 572
10:41:13.854:	Current page is: Purchase
10:41:13.854:	page count is: 573
10:41:14.512:	Current page is: Purchase
10:41:14.512:	page count is: 574
10:41:15.164:	Current page is: Purchase
10:41:15.164:	page count is: 575
10:41:15.820:	Current page is: Purchase
10:41:15.820:	page count is: 576
10:41:16.493:	Current page is: Purchase
10:41:16.493:	page count is: 577
10:41:17.154:	Current page is: Purchase
10:41:17.155:	page count is: 578
10:41:18.099:	Current page is: Purchase
10:41:18.099:	page count is: 579
10:41:18.769:	Current page is: Purchase
10:41:18.769:	page count is: 580
10:41:19.397:	Current page is: Purchase
10:41:19.397:	page count is: 581
10:41:20.051:	Current page is: Purchase
10:41:20.051:	page count is: 582
10:41:20.706:	Current page is: Purchase
10:41:20.706:	page count is: 583
10:41:21.341:	Current page is: Purchase
10:41:21.341:	page count is: 584
10:41:21.995:	Current page is: Purchase
10:41:21.995:	page count is: 585
10:41:22.655:	Current page is: Purchase
10:41:22.655:	page count is: 586
10:41:23.309:	Current page is: Purchase
10:41:23.309:	page count is: 587
10:41:23.939:	Current page is: Purchase
10:41:23.939:	page count is: 588
10:41:24.561:	Current page is: Purchase
10:41:24.561:	page count is: 589
10:41:25.181:	Current page is: Purchase
10:41:25.181:	page count is: 590
10:41:25.836:	Current page is: Purchase
10:41:25.836:	page count is: 591
10:41:26.469:	Current page is: Purchase
10:41:26.469:	page count is: 592
10:41:27.091:	Current page is: Purchase
10:41:27.091:	page count is: 593
10:41:27.724:	Current page is: Purchase
10:41:27.724:	page count is: 594
10:41:28.362:	Current page is: Purchase
10:41:28.362:	page count is: 595
10:41:28.978:	Current page is: Purchase
10:41:28.978:	page count is: 596
10:41:29.595:	Current page is: Purchase
10:41:29.595:	page count is: 597
10:41:30.243:	Current page is: Purchase
10:41:30.243:	page count is: 598
10:41:30.899:	Current page is: Purchase
10:41:30.899:	page count is: 599
10:41:31.534:	Current page is: Purchase
10:41:31.535:	page count is: 600
10:41:32.145:	Current page is: Purchase
10:41:32.145:	page count is: 601
10:41:32.750:	Current page is: Purchase
10:41:32.750:	page count is: 602
10:41:33.403:	Current page is: Purchase
10:41:33.403:	page count is: 603
10:41:34.041:	Current page is: Purchase
10:41:34.041:	page count is: 604
10:41:34.663:	Current page is: Purchase
10:41:34.663:	page count is: 605
10:41:35.297:	Current page is: Purchase
10:41:35.297:	page count is: 606
10:41:35.946:	Current page is: Purchase
10:41:35.946:	page count is: 607
10:41:36.608:	Current page is: Purchase
10:41:36.608:	page count is: 608
10:41:37.261:	Current page is: Purchase
10:41:37.261:	page count is: 609
10:41:37.905:	Current page is: Purchase
10:41:37.905:	page count is: 610
10:41:38.547:	Current page is: Purchase
10:41:38.547:	page count is: 611
10:41:39.188:	Current page is: Purchase
10:41:39.188:	page count is: 612
10:41:39.828:	Current page is: Purchase
10:41:39.828:	page count is: 613
10:41:40.464:	Current page is: Purchase
10:41:40.464:	page count is: 614
10:41:41.108:	Current page is: Purchase
10:41:41.108:	page count is: 615
10:41:41.741:	Current page is: Purchase
10:41:41.741:	page count is: 616
10:41:42.362:	Current page is: Purchase
10:41:42.362:	page count is: 617
10:41:42.985:	Current page is: Purchase
10:41:42.985:	page count is: 618
10:41:43.623:	Current page is: Purchase
10:41:43.623:	page count is: 619
10:41:44.274:	Current page is: Purchase
10:41:44.274:	page count is: 620
10:41:44.888:	Current page is: Purchase
10:41:44.888:	page count is: 621
10:41:45.511:	Current page is: Purchase
10:41:45.511:	page count is: 622
10:41:46.134:	Current page is: Purchase
10:41:46.134:	page count is: 623
10:41:46.791:	Current page is: Purchase
10:41:46.791:	page count is: 624
10:41:47.459:	Current page is: Purchase
10:41:47.459:	page count is: 625
10:41:48.103:	Current page is: Purchase
10:41:48.103:	page count is: 626
10:41:48.745:	Current page is: Purchase
10:41:48.745:	page count is: 627
10:41:49.392:	Current page is: Purchase
10:41:49.392:	page count is: 628
10:41:50.035:	Current page is: Purchase
10:41:50.035:	page count is: 629
10:41:50.679:	Current page is: Purchase
10:41:50.679:	page count is: 630
10:41:51.295:	Current page is: Purchase
10:41:51.295:	page count is: 631
10:41:51.943:	Current page is: Purchase
10:41:51.943:	page count is: 632
10:41:52.597:	Current page is: Purchase
10:41:52.597:	page count is: 633
10:41:53.225:	Current page is: Purchase
10:41:53.225:	page count is: 634
10:41:53.858:	Current page is: Purchase
10:41:53.859:	page count is: 635
10:41:54.509:	Current page is: Purchase
10:41:54.509:	page count is: 636
10:41:55.142:	Current page is: Purchase
10:41:55.142:	page count is: 637
10:41:55.772:	Current page is: Purchase
10:41:55.772:	page count is: 638
10:41:56.424:	Current page is: Purchase
10:41:56.424:	page count is: 639
10:41:57.047:	Current page is: Purchase
10:41:57.047:	page count is: 640
10:41:57.683:	Current page is: Purchase
10:41:57.683:	page count is: 641
10:41:58.339:	Current page is: Purchase
10:41:58.339:	page count is: 642
10:41:58.974:	Current page is: Purchase
10:41:58.974:	page count is: 643
10:41:59.621:	Current page is: Purchase
10:41:59.621:	page count is: 644
10:42:00.260:	Current page is: Purchase
10:42:00.260:	page count is: 645
10:42:00.904:	Current page is: Purchase
10:42:00.904:	page count is: 646
10:42:01.527:	Current page is: Purchase
10:42:01.527:	page count is: 647
10:42:02.163:	Current page is: Purchase
10:42:02.163:	page count is: 648
10:42:02.800:	Current page is: Purchase
10:42:02.800:	page count is: 649
10:42:03.453:	Current page is: Purchase
10:42:03.453:	page count is: 650
10:42:04.096:	Current page is: Purchase
10:42:04.096:	page count is: 651
10:42:04.750:	Current page is: Purchase
10:42:04.750:	page count is: 652
10:42:05.392:	Current page is: Purchase
10:42:05.392:	page count is: 653
