---------Start of logs---------
11:44:40.411:	The method "logComment()" are called
11:44:40.411:	<font color='grey'>Start of base purchase test case - please have SUCCESS testing card placed at the back of device!</font>
11:44:40.411:	The method "launch()" are called
11:44:40.411:	method launch (120) is called.
11:44:40.411:	method launch (CBA, 120) is called.
11:44:40.411:	method findCurrentPage(120) is called.
11:44:40.912:	
11:44:55.190:	Current page is: 
11:44:55.190:	This page  is not recognized.
11:44:55.190:	method findCurrentPage(120) is called.
11:44:55.690:	
11:44:57.123:	Current page is: MerchantSignIn
11:44:57.123:	method merchantSignin (taoye67890123008) is called.
11:44:58.509:	driverType Androidnot implemented for this method
11:44:58.509:	method findCurrentPage(120) is called.
11:44:59.009:	
11:45:04.965:	Current page is: 
11:45:04.965:	This page  is not recognized.
11:45:04.965:	method findCurrentPage(120) is called.
11:45:05.466:	
11:45:10.646:	Current page is: 
11:45:10.646:	This page  is not recognized.
11:45:10.646:	method findCurrentPage(120) is called.
11:45:11.146:	
11:45:17.452:	Current page is: 
11:45:17.452:	This page  is not recognized.
11:45:17.452:	method findCurrentPage(120) is called.
11:45:17.953:	
11:45:23.007:	Current page is: 
11:45:23.007:	This page  is not recognized.
11:45:23.007:	method findCurrentPage(120) is called.
11:45:23.509:	
11:45:28.642:	Current page is: 
11:45:28.643:	This page  is not recognized.
11:45:28.643:	method findCurrentPage(120) is called.
11:45:29.144:	
11:45:34.114:	Current page is: 
11:45:34.115:	This page  is not recognized.
11:45:34.115:	method findCurrentPage(120) is called.
11:45:34.615:	
11:45:38.993:	Current page is: 
11:45:38.994:	This page  is not recognized.
11:45:38.994:	method findCurrentPage(120) is called.
11:45:39.494:	
11:45:43.916:	Current page is: 
11:45:43.916:	This page  is not recognized.
11:45:43.916:	method findCurrentPage(120) is called.
11:45:44.416:	
