---------Start of logs---------
13:29:58.449:	The method "logComment()" are called
13:29:58.450:	<font color='grey'>Start of base purchase cancellation - please make sure NO card is placed behind the device!</font>
13:29:58.450:	The method "launch()" are called
13:29:58.450:	method launch (120) is called.
13:29:58.450:	method launch (CBA, 120) is called.
13:29:58.450:	method findCurrentPage(120) is called.
13:29:58.951:	
13:30:08.748:	Current page is: 
13:30:08.748:	This page  is not recognized.
13:30:08.748:	method findCurrentPage(120) is called.
13:30:09.248:	
13:30:10.337:	Current page is: SignInSelection
13:30:10.531:	method findCurrentPage(120) is called.
13:30:11.032:	
13:30:12.102:	Current page is: EnterPIN
13:30:12.102:	<font color='grey'>App launched and awaiting for login.</font>
13:30:12.102:	The method "login()" are called
13:30:12.102:	method login(1) is called.
13:30:13.102:	method enterNumPadOK (123456) is called.
13:30:13.102:	method enterNumPad (123456) is called.
13:30:13.102:	Number to be entered is: 123456
13:30:17.014:	exception caught, not on PIN entering page.
13:30:17.014:	<font color='grey'>User Authentication performed.</font>
13:30:17.014:	The method "waitUntilPage()" are called
13:30:19.248:	Current page is: Purchase
13:30:19.248:	page count is: 147
13:30:19.248:	The method "reachPage()" are called
13:30:19.248:	method reachPage(GP, SettingsTerminal) is called.
13:30:19.248:	method reachPage(GP, Purchase) is called.
13:30:19.334:	method goToSidemenuPage(Purchase) is called.
13:30:19.335:	method findCurrentPage(0) is called.
13:30:19.836:	
13:30:20.144:	Current page is: Purchase
13:30:20.144:	method findCurrentPage(0) is called.
13:30:20.644:	
13:30:21.002:	Current page is: Purchase
13:30:22.256:	method login(1) is called.
13:30:23.258:	method enterNumPadOK (123456) is called.
13:30:23.258:	method enterNumPad (123456) is called.
13:30:23.258:	Number to be entered is: 123456
13:30:27.989:	<font color='grey'>User Authentication performed.</font>
13:30:30.051:	Current page is: SettingsTerminal
13:30:30.051:	page count is: 22
13:30:30.051:	The method "setBooleanValue(no)" are called
13:30:30.187:	The method "setBooleanValue(no)" are called
13:30:30.318:	The method "reachPage()" are called
13:30:30.318:	method reachPage(GP, Purchase) is called.
13:30:30.428:	method goToSidemenuPage(Purchase) is called.
13:30:30.428:	method findCurrentPage(0) is called.
13:30:30.928:	
13:30:31.365:	Current page is: SettingsTerminal
13:30:31.365:	method clickOnPage(SettingsTerminal, Purchase, [Ljava.lang.String;@d10c1a) is called.
13:30:31.365:	method findCurrentPage(0) is called.
13:30:31.865:	
13:30:32.323:	Current page is: SettingsTerminal
13:30:35.155:	Current page is: Purchase
13:30:35.155:	page count is: 150
13:30:35.155:	The method "enterNumPadOK()" are called
13:30:35.155:	method enterNumPadOK (1200) is called.
13:30:35.155:	method enterNumPad (1200) is called.
13:30:35.155:	Number to be entered is: 1200
13:30:37.828:	The method "waitUntilPresent()" are called
13:30:43.477:	The method "clickButton()" are called
13:30:43.623:	The method "waitUntilPage()" are called
13:30:45.089:	Current page is: CancelTransaction
13:30:45.089:	page count is: 4
13:30:45.089:	The method "clickButton()" are called
13:30:45.227:	The method "waitUntilPage()" are called
13:30:46.589:	Current page is: Purchase
13:30:46.589:	page count is: 151
13:30:46.589:	The method "test()" are called
13:30:46.895:	Current page is: Purchase
13:30:46.895:	page count is: 152
13:30:46.897:	<font color='blue'>Test Case: TS_5 completed.</font>
13:30:46.897:	-----------------------------------<br>
13:30:46.897:	The method "logComment()" are called
13:30:46.897:	<font color='grey'>Start of base purchase cancellation - please make sure NO card is placed behind the device!</font>
13:30:46.897:	The method "logComment()" are called
13:30:46.897:	<font color='grey'>This case assumes the app starts from the Purchase page.</font>
13:30:46.897:	The method "reachPage()" are called
13:30:46.897:	method reachPage(GP, SettingsTerminal) is called.
13:30:46.897:	method reachPage(GP, Purchase) is called.
13:30:46.997:	method goToSidemenuPage(Purchase) is called.
13:30:46.997:	method findCurrentPage(0) is called.
13:30:47.497:	
13:30:47.837:	Current page is: Purchase
13:30:47.837:	method findCurrentPage(0) is called.
13:30:48.338:	
13:30:48.722:	Current page is: Purchase
13:30:49.909:	method login(1) is called.
13:30:50.910:	method enterNumPadOK (123456) is called.
13:30:50.910:	method enterNumPad (123456) is called.
13:30:50.910:	Number to be entered is: 123456
13:30:54.986:	<font color='grey'>User Authentication performed.</font>
13:30:56.669:	Current page is: SettingsTerminal
13:30:56.669:	page count is: 25
13:30:56.669:	The method "setBooleanValue(yes)" are called
13:30:56.935:	The method "setBooleanValue(no)" are called
13:30:57.505:	The method "reachPage()" are called
13:30:57.505:	method reachPage(GP, Purchase) is called.
13:30:57.598:	method goToSidemenuPage(Purchase) is called.
13:30:57.598:	method findCurrentPage(0) is called.
13:30:58.098:	
13:30:58.500:	Current page is: SettingsTerminal
13:30:58.500:	method clickOnPage(SettingsTerminal, Purchase, [Ljava.lang.String;@1b9aa43) is called.
13:30:58.500:	method findCurrentPage(0) is called.
13:30:59.002:	
13:30:59.412:	Current page is: SettingsTerminal
13:31:02.171:	Current page is: Purchase
13:31:02.171:	page count is: 155
13:31:02.171:	The method "enterNumPadOK()" are called
13:31:02.171:	method enterNumPadOK (1200) is called.
13:31:02.171:	method enterNumPad (1200) is called.
13:31:02.171:	Number to be entered is: 1200
13:31:04.755:	The method "waitUntilPresent()" are called
13:31:10.044:	The method "clickButton()" are called
13:31:10.209:	The method "login()" are called
13:31:10.209:	method login(3) is called.
13:31:13.210:	method enterNumPadOK (123456) is called.
13:31:13.210:	method enterNumPad (123456) is called.
13:31:13.210:	Number to be entered is: 123456
13:31:17.347:	<font color='grey'>User Authentication performed.</font>
13:31:17.347:	The method "waitUntilPage()" are called
13:31:18.985:	Current page is: Purchase
13:31:18.985:	page count is: 156
13:31:18.985:	The method "test()" are called
13:31:19.332:	Current page is: Purchase
13:31:19.332:	page count is: 157
13:31:19.332:	<font color='blue'>Test Case: TS_6 completed.</font>
13:31:19.332:	-----------------------------------<br>
