---------Start of logs---------
14:16:09.120:	The method "logComment()" are called
14:16:09.120:	<font color='grey'>Start of purchase void testing - please have SUCCESS testing card placed at the back of device!</font>
14:16:09.120:	The method "logComment()" are called
14:16:09.120:	<font color='grey'>This case assumes the app starts from the Purchase page.</font>
14:16:09.121:	The method "launch()" are called
14:16:09.121:	method launch (120) is called.
14:16:09.121:	method launch (CBA, 120) is called.
14:16:09.121:	method findCurrentPage(120) is called.
14:16:09.622:	
14:16:20.385:	Current page is: 
14:16:20.385:	This page  is not recognized.
14:16:20.385:	method findCurrentPage(120) is called.
14:16:20.885:	
14:16:22.026:	Current page is: EnterPIN
14:16:22.026:	<font color='grey'>App launched and awaiting for login.</font>
14:16:22.026:	The method "login()" are called
14:16:22.026:	method login(1) is called.
14:16:23.027:	method enterNumPadOK (123456) is called.
14:16:23.027:	method enterNumPad (123456) is called.
14:16:23.027:	Number to be entered is: 123456
14:16:27.201:	<font color='grey'>User Authentication performed.</font>
14:16:27.201:	The method "waitUntilPage()" are called
14:16:35.735:	Current page is: 
14:16:35.875:	Current page is: Purchase
14:16:35.875:	page count is: 169
14:16:36.376:	The method "reachPage()" are called
14:16:36.376:	method reachPage(GP, SettingsTerminal) is called.
14:16:36.376:	method reachPage(GP, Purchase) is called.
14:16:36.494:	method goToSidemenuPage(Purchase) is called.
14:16:36.494:	method findCurrentPage(0) is called.
14:16:36.994:	
14:16:37.159:	Current page is: Purchase
14:16:37.159:	method findCurrentPage(0) is called.
14:16:37.659:	
14:16:37.825:	Current page is: Purchase
14:16:39.095:	method login(1) is called.
14:16:40.104:	method enterNumPadOK (123456) is called.
14:16:40.105:	method enterNumPad (123456) is called.
14:16:40.105:	Number to be entered is: 123456
14:16:44.525:	<font color='grey'>User Authentication performed.</font>
14:16:46.670:	Current page is: SettingsTerminal
14:16:46.670:	page count is: 41
14:16:46.670:	The method "setBooleanValue(no)" are called
14:16:46.802:	The method "setBooleanValue(no)" are called
14:16:46.937:	The method "setBooleanValue(no)" are called
14:16:47.109:	The method "reachPage()" are called
14:16:47.109:	method reachPage(GP, Purchase) is called.
14:16:47.234:	method goToSidemenuPage(Purchase) is called.
14:16:47.234:	method findCurrentPage(0) is called.
14:16:47.735:	
14:16:48.236:	Current page is: SettingsTerminal
14:16:48.236:	method clickOnPage(SettingsTerminal, Purchase, [Ljava.lang.String;@ec4a5) is called.
14:16:48.236:	method findCurrentPage(0) is called.
14:16:48.738:	
14:16:49.311:	Current page is: SettingsTerminal
14:16:51.770:	Current page is: Purchase
14:16:51.770:	page count is: 172
14:16:51.770:	The method "singlePurchase()" are called
14:16:51.770:	method singlePurchase(1400, no, , no, ) is called.
14:16:51.770:	method findCurrentPage(1) is called.
14:16:52.270:	
14:16:52.412:	Current page is: Purchase
14:16:52.412:	method enterPurchaseAmount(1400) is called.
14:16:52.413:	method enterNumPadOK (1400) is called.
14:16:52.413:	method enterNumPad (1400) is called.
14:16:52.413:	Number to be entered is: 1400
14:16:55.085:	method findCurrentPage(1) is called.
14:16:55.586:	
14:17:06.285:	Current page is: 
14:17:06.285:	reached an unrecognized page: 
14:17:06.442:	exception caught during button click, failed to find NoNetworkConnectionretry
14:17:06.442:	method findCurrentPage(1) is called.
14:17:06.942:	
14:17:07.787:	Current page is: PurchaseResult
14:17:07.787:	<font color='grey'>Transaction is made, Processing time is: 16 seconds.</font>
14:17:07.787:	The method "test()" are called
14:17:08.537:	Current page is: PurchaseResult
14:17:08.537:	page count is: 42
14:17:08.539:	The method "test()" are called
14:17:08.653:	The method "clickButton()" are called
14:17:08.783:	The method "waitUntilPage()" are called
14:17:09.783:	Current page is: Purchase
14:17:09.784:	page count is: 174
14:17:09.784:	The method "test()" are called
14:17:09.914:	Current page is: Purchase
14:17:09.914:	page count is: 175
14:17:09.914:	The method "reachPage()" are called
14:17:09.914:	method reachPage(GP, TransactionHistory) is called.
14:17:09.914:	method reachPage(GP, Purchase) is called.
14:17:10.016:	method goToSidemenuPage(Purchase) is called.
14:17:10.016:	method findCurrentPage(0) is called.
14:17:10.517:	
14:17:11.022:	Current page is: Purchase
14:17:11.022:	method goToSidemenuPage(TransactionHistory) is called.
14:17:11.022:	method findCurrentPage(0) is called.
14:17:11.523:	
14:17:11.680:	Current page is: Purchase
14:17:11.680:	method clickOnPage(Purchase, TransactionHistory, [Ljava.lang.String;@82469c) is called.
14:17:11.680:	method findCurrentPage(0) is called.
14:17:12.180:	
14:17:12.336:	Current page is: Purchase
14:17:15.701:	Current page is: TransactionHistory
14:17:15.701:	page count is: 113
14:17:15.701:	The method "test()" are called
14:17:16.111:	Current page is: TransactionHistory
14:17:16.111:	page count is: 114
14:17:16.111:	The method "test()" are called
14:17:16.352:	The method "clickButton()" are called
14:17:16.601:	The method "waitUntilPage()" are called
14:17:18.396:	Current page is: TransactionDetails
14:17:18.396:	page count is: 65
14:17:18.397:	The method "test()" are called
14:17:19.044:	Current page is: TransactionDetails
14:17:19.044:	page count is: 66
14:17:19.044:	The method "test()" are called
14:17:19.215:	The method "test()" are called
14:17:19.394:	The method "test()" are called
14:17:19.584:	The method "test()" are called
14:17:19.757:	The method "test()" are called
14:17:19.933:	The method "clickButton()" are called
14:17:20.153:	The method "waitUntilPage()" are called
14:17:21.793:	Current page is: TransactionHistory
14:17:21.793:	page count is: 115
14:17:21.794:	The method "reachPage()" are called
14:17:21.794:	method reachPage(GP, SettingsTerminal) is called.
14:17:21.794:	method reachPage(GP, Purchase) is called.
14:17:21.980:	method goToSidemenuPage(Purchase) is called.
14:17:21.980:	method findCurrentPage(0) is called.
14:17:22.481:	
14:17:23.239:	Current page is: TransactionHistory
14:17:23.239:	method clickOnPage(TransactionHistory, Purchase, [Ljava.lang.String;@16ec9d0) is called.
14:17:23.239:	method findCurrentPage(0) is called.
14:17:23.739:	
14:17:24.162:	Current page is: TransactionHistory
14:17:26.913:	Current page is: Purchase
14:17:26.913:	page count is: 179
14:17:26.914:	method findCurrentPage(0) is called.
14:17:27.414:	
14:17:27.607:	Current page is: Purchase
14:17:28.833:	method login(1) is called.
14:17:29.833:	method enterNumPadOK (123456) is called.
14:17:29.833:	method enterNumPad (123456) is called.
14:17:29.833:	Number to be entered is: 123456
14:17:34.266:	<font color='grey'>User Authentication performed.</font>
14:17:36.300:	Current page is: SettingsTerminal
14:17:36.300:	page count is: 44
14:17:36.300:	The method "test()" are called
14:17:36.895:	Current page is: SettingsTerminal
14:17:36.895:	page count is: 45
14:17:36.895:	The method "clickButton()" are called
14:17:37.051:	The method "waitUntilPage()" are called
14:17:38.718:	Current page is: SettingsAdvanced
14:17:38.718:	page count is: 33
14:17:38.718:	The method "test()" are called
14:17:39.480:	Current page is: SettingsAdvanced
14:17:39.480:	page count is: 34
14:17:39.480:	The method "logComment()" are called
14:17:39.480:	<font color='grey'>Testing Version Number Display</font>
14:17:39.480:	The method "test()" are called
14:17:39.626:	The method "clickButton()" are called
14:17:39.767:	The method "reachPage()" are called
14:17:39.767:	method reachPage(GP, TransactionHistory) is called.
14:17:39.767:	method reachPage(GP, Purchase) is called.
14:17:40.906:	method goToSidemenuPage(Purchase) is called.
14:17:40.906:	method findCurrentPage(0) is called.
14:17:41.407:	
14:17:42.172:	Current page is: SettingsAdvanced
14:17:42.172:	method clickOnPage(SettingsAdvanced, Purchase, [Ljava.lang.String;@15ce97f) is called.
14:17:42.172:	method findCurrentPage(0) is called.
14:17:42.673:	
14:17:43.487:	Current page is: SettingsAdvanced
14:17:46.041:	Current page is: Purchase
14:17:46.041:	page count is: 181
14:17:46.041:	method goToSidemenuPage(TransactionHistory) is called.
14:17:46.041:	method findCurrentPage(0) is called.
14:17:46.541:	
14:17:46.706:	Current page is: Purchase
14:17:46.706:	method clickOnPage(Purchase, TransactionHistory, [Ljava.lang.String;@8c502c) is called.
14:17:46.706:	method findCurrentPage(0) is called.
14:17:47.207:	
14:17:47.355:	Current page is: Purchase
14:17:50.449:	Current page is: TransactionHistory
14:17:50.449:	page count is: 118
14:17:50.449:	The method "test()" are called
14:17:50.817:	Current page is: TransactionHistory
14:17:50.817:	page count is: 119
14:17:50.817:	The method "test()" are called
14:17:51.024:	The method "clickButton()" are called
14:17:51.268:	The method "waitUntilPage()" are called
14:17:52.905:	Current page is: TransactionDetails
14:17:52.905:	page count is: 67
14:17:52.905:	The method "test()" are called
14:17:53.414:	Current page is: TransactionDetails
14:17:53.414:	page count is: 68
14:17:53.414:	The method "test()" are called
14:17:53.687:	The method "test()" are called
14:17:53.849:	The method "test()" are called
14:17:54.014:	The method "test()" are called
14:17:54.205:	The method "test()" are called
14:17:54.363:	The method "clickButton()" are called
14:17:54.568:	The method "login()" are called
14:17:54.568:	method login(1) is called.
14:17:55.568:	method enterNumPadOK (123456) is called.
14:17:55.568:	method enterNumPad (123456) is called.
14:17:55.568:	Number to be entered is: 123456
14:17:59.897:	<font color='grey'>User Authentication performed.</font>
14:17:59.897:	The method "waitUntilPage()" are called
14:18:02.488:	Current page is: EnterRefundAmount
14:18:02.488:	page count is: 17
14:18:02.488:	The method "test()" are called
14:18:03.254:	Current page is: EnterRefundAmount
14:18:03.255:	page count is: 18
14:18:03.255:	The method "clickButton()" are called
14:18:03.391:	The method "waitUntilPage()" are called
14:18:05.455:	Current page is: 
14:18:06.009:	Current page is: 
14:18:07.046:	Current page is: 
14:18:08.069:	Current page is: 
14:18:09.098:	Current page is: 
14:18:10.118:	Current page is: 
14:18:11.143:	Current page is: 
14:18:12.252:	Current page is: 
14:18:13.313:	Current page is: 
14:18:14.436:	Current page is: 
14:18:15.515:	Current page is: 
14:18:16.610:	Current page is: 
14:18:18.214:	Current page is: 
14:18:19.283:	Current page is: 
14:18:20.291:	Current page is: 
14:18:21.407:	Current page is: 
