---------Start of logs---------
11:32:13.778:	The method "logComment()" are called
11:32:13.778:	<font color='grey'>Start of purchase void testing - please have SUCCESS testing card placed at the back of device!</font>
11:32:13.778:	The method "logComment()" are called
11:32:13.778:	<font color='grey'>This case assumes the app starts from the Purchase page.</font>
11:32:13.778:	The method "launch()" are called
11:32:13.778:	method launch (120) is called.
11:32:13.778:	method launch (CBA, 120) is called.
11:32:13.778:	method findCurrentPage(120) is called.
11:32:14.281:	
11:32:24.741:	Current page is: 
11:32:24.741:	This page  is not recognized.
11:32:24.741:	method findCurrentPage(120) is called.
11:32:25.242:	
11:32:26.416:	Current page is: EnterPIN
11:32:26.416:	<font color='grey'>App launched and awaiting for login.</font>
11:32:26.416:	The method "login()" are called
11:32:26.417:	method login(1) is called.
11:32:27.417:	method enterNumPadOK (123456) is called.
11:32:27.417:	method enterNumPad (123456) is called.
11:32:27.417:	Number to be entered is: 123456
11:32:31.572:	<font color='grey'>User Authentication performed.</font>
11:32:31.572:	The method "waitUntilPage()" are called
11:32:40.469:	Current page is: 
11:32:40.589:	Current page is: Purchase
11:32:40.589:	page count is: 43
11:32:41.089:	The method "reachPage()" are called
11:32:41.089:	method reachPage(GP, SettingsTerminal) is called.
11:32:41.089:	method reachPage(GP, Purchase) is called.
11:32:41.215:	method goToSidemenuPage(Purchase) is called.
11:32:41.215:	method findCurrentPage(0) is called.
11:32:41.716:	
11:32:41.853:	Current page is: Purchase
11:32:41.853:	method findCurrentPage(0) is called.
11:32:42.354:	
11:32:42.506:	Current page is: Purchase
11:32:43.722:	method login(1) is called.
11:32:44.723:	method enterNumPadOK (123456) is called.
11:32:44.723:	method enterNumPad (123456) is called.
11:32:44.723:	Number to be entered is: 123456
11:32:49.791:	<font color='grey'>User Authentication performed.</font>
11:32:51.941:	Current page is: SettingsTerminal
11:32:51.941:	page count is: 11
11:32:51.941:	The method "setBooleanValue(no)" are called
11:32:52.073:	The method "setBooleanValue(no)" are called
11:32:52.330:	The method "setBooleanValue(no)" are called
11:32:52.483:	The method "reachPage()" are called
11:32:52.483:	method reachPage(GP, Purchase) is called.
11:32:52.580:	method goToSidemenuPage(Purchase) is called.
11:32:52.580:	method findCurrentPage(0) is called.
11:32:53.081:	
11:32:53.580:	Current page is: SettingsTerminal
11:32:53.580:	method clickOnPage(SettingsTerminal, Purchase, [Ljava.lang.String;@c85b0c) is called.
11:32:53.580:	method findCurrentPage(0) is called.
11:32:54.081:	
11:32:54.587:	Current page is: SettingsTerminal
11:32:57.266:	Current page is: Purchase
11:32:57.266:	page count is: 46
11:32:57.267:	The method "singlePurchase()" are called
11:32:57.267:	method singlePurchase(1400, no, , no, ) is called.
11:32:57.267:	method findCurrentPage(1) is called.
11:32:57.768:	
11:32:57.912:	Current page is: Purchase
11:32:57.912:	method enterPurchaseAmount(1400) is called.
11:32:57.912:	method enterNumPadOK (1400) is called.
11:32:57.912:	method enterNumPad (1400) is called.
11:32:57.912:	Number to be entered is: 1400
11:33:00.604:	method findCurrentPage(1) is called.
11:33:01.104:	
11:33:12.157:	Current page is: 
11:33:12.157:	reached an unrecognized page: 
11:33:12.283:	exception caught during button click, failed to find NoNetworkConnectionretry
11:33:12.283:	method findCurrentPage(1) is called.
11:33:12.783:	
11:33:13.550:	Current page is: PurchaseResult
11:33:13.550:	<font color='grey'>Transaction is made, Processing time is: 16 seconds.</font>
11:33:13.550:	The method "test()" are called
11:33:14.335:	Current page is: PurchaseResult
11:33:14.335:	page count is: 12
11:33:14.337:	The method "test()" are called
11:33:14.516:	The method "clickButton()" are called
11:33:14.698:	The method "waitUntilPage()" are called
11:33:22.413:	Current page is: 
11:33:22.537:	Current page is: Purchase
11:33:22.537:	page count is: 48
11:33:23.038:	The method "test()" are called
11:33:23.166:	Current page is: Purchase
11:33:23.166:	page count is: 49
11:33:23.166:	The method "reachPage()" are called
11:33:23.166:	method reachPage(GP, TransactionHistory) is called.
11:33:23.167:	method reachPage(GP, Purchase) is called.
11:33:23.264:	method goToSidemenuPage(Purchase) is called.
11:33:23.264:	method findCurrentPage(0) is called.
11:33:23.765:	
11:33:23.937:	Current page is: Purchase
11:33:23.937:	method goToSidemenuPage(TransactionHistory) is called.
11:33:23.937:	method findCurrentPage(0) is called.
11:33:24.438:	
11:33:24.754:	Current page is: Purchase
11:33:24.754:	method clickOnPage(Purchase, TransactionHistory, [Ljava.lang.String;@2b2322) is called.
11:33:24.754:	method findCurrentPage(0) is called.
11:33:25.255:	
11:33:25.399:	Current page is: Purchase
11:33:28.872:	Current page is: TransactionHistory
11:33:28.872:	page count is: 29
11:33:28.872:	The method "test()" are called
11:33:29.273:	Current page is: TransactionHistory
11:33:29.273:	page count is: 30
11:33:29.273:	The method "test()" are called
11:33:29.493:	The method "clickButton()" are called
11:33:29.740:	The method "waitUntilPage()" are called
11:33:31.486:	Current page is: TransactionDetails
11:33:31.486:	page count is: 17
11:33:31.487:	The method "test()" are called
11:33:32.103:	Current page is: TransactionDetails
11:33:32.103:	page count is: 18
11:33:32.104:	The method "test()" are called
11:33:32.273:	The method "test()" are called
11:33:32.457:	The method "test()" are called
11:33:32.627:	The method "test()" are called
11:33:32.786:	The method "test()" are called
11:33:32.946:	The method "clickButton()" are called
11:33:33.138:	The method "waitUntilPage()" are called
11:33:34.640:	Current page is: TransactionHistory
11:33:34.640:	page count is: 31
11:33:34.640:	The method "reachPage()" are called
11:33:34.640:	method reachPage(GP, SettingsTerminal) is called.
11:33:34.640:	method reachPage(GP, Purchase) is called.
11:33:34.816:	method goToSidemenuPage(Purchase) is called.
11:33:34.816:	method findCurrentPage(0) is called.
11:33:35.317:	
11:33:35.894:	Current page is: TransactionHistory
11:33:35.894:	method clickOnPage(TransactionHistory, Purchase, [Ljava.lang.String;@d96250) is called.
11:33:35.894:	method findCurrentPage(0) is called.
11:33:36.395:	
11:33:36.784:	Current page is: TransactionHistory
11:33:39.547:	Current page is: Purchase
11:33:39.547:	page count is: 53
11:33:39.547:	method findCurrentPage(0) is called.
11:33:40.047:	
11:33:40.228:	Current page is: Purchase
11:33:41.447:	method login(1) is called.
11:33:42.447:	method enterNumPadOK (123456) is called.
11:33:42.447:	method enterNumPad (123456) is called.
11:33:42.447:	Number to be entered is: 123456
11:33:46.763:	<font color='grey'>User Authentication performed.</font>
11:33:48.729:	Current page is: SettingsTerminal
11:33:48.729:	page count is: 14
11:33:48.729:	The method "test()" are called
11:33:49.268:	Current page is: SettingsTerminal
11:33:49.268:	page count is: 15
11:33:49.268:	The method "clickButton()" are called
11:33:49.435:	The method "waitUntilPage()" are called
11:33:51.104:	Current page is: SettingsAdvanced
11:33:51.104:	page count is: 9
11:33:51.104:	The method "test()" are called
11:33:51.832:	Current page is: SettingsAdvanced
11:33:51.832:	page count is: 10
11:33:51.832:	The method "logComment()" are called
11:33:51.832:	<font color='grey'>Testing Version Number Display</font>
11:33:51.832:	The method "test()" are called
11:33:51.951:	The method "clickButton()" are called
11:33:52.094:	The method "reachPage()" are called
11:33:52.094:	method reachPage(GP, TransactionHistory) is called.
11:33:52.094:	method reachPage(GP, Purchase) is called.
11:33:53.284:	method goToSidemenuPage(Purchase) is called.
11:33:53.284:	method findCurrentPage(0) is called.
11:33:53.785:	
11:33:54.440:	Current page is: SettingsAdvanced
11:33:54.440:	method clickOnPage(SettingsAdvanced, Purchase, [Ljava.lang.String;@1192aef) is called.
11:33:54.440:	method findCurrentPage(0) is called.
11:33:54.941:	
11:33:55.846:	Current page is: SettingsAdvanced
11:33:58.442:	Current page is: Purchase
11:33:58.442:	page count is: 55
11:33:58.442:	method goToSidemenuPage(TransactionHistory) is called.
11:33:58.442:	method findCurrentPage(0) is called.
11:33:58.943:	
11:33:59.085:	Current page is: Purchase
11:33:59.085:	method clickOnPage(Purchase, TransactionHistory, [Ljava.lang.String;@1f6efdc) is called.
11:33:59.085:	method findCurrentPage(0) is called.
11:33:59.586:	
11:33:59.757:	Current page is: Purchase
11:34:02.948:	Current page is: TransactionHistory
11:34:02.948:	page count is: 34
11:34:02.948:	The method "test()" are called
11:34:03.355:	Current page is: TransactionHistory
11:34:03.355:	page count is: 35
11:34:03.355:	The method "test()" are called
11:34:03.568:	The method "clickButton()" are called
11:34:03.791:	The method "waitUntilPage()" are called
11:34:05.511:	Current page is: TransactionDetails
11:34:05.511:	page count is: 19
11:34:05.511:	The method "test()" are called
11:34:06.102:	Current page is: TransactionDetails
11:34:06.102:	page count is: 20
11:34:06.102:	The method "test()" are called
11:34:06.263:	The method "test()" are called
11:34:06.417:	The method "test()" are called
11:34:06.572:	The method "test()" are called
11:34:06.726:	The method "test()" are called
11:34:06.885:	The method "clickButton()" are called
11:34:07.072:	The method "login()" are called
11:34:07.072:	method login(1) is called.
11:34:08.072:	method enterNumPadOK (123456) is called.
11:34:08.072:	method enterNumPad (123456) is called.
11:34:08.072:	Number to be entered is: 123456
11:34:12.620:	<font color='grey'>User Authentication performed.</font>
11:34:12.620:	The method "waitUntilPage()" are called
11:34:15.137:	Current page is: EnterRefundAmount
11:34:15.137:	page count is: 5
11:34:15.137:	The method "test()" are called
11:34:15.922:	Current page is: EnterRefundAmount
11:34:15.922:	page count is: 6
11:34:15.922:	The method "clickButton()" are called
11:34:16.081:	The method "waitUntilPage()" are called
11:34:24.574:	Current page is: 
11:34:25.121:	Current page is: Signature
11:34:25.122:	page count is: 3
11:34:25.622:	The method "logComment()" are called
11:34:25.622:	<font color='grey'>Making Signature</font>
11:34:25.623:	The method "sign()" are called
11:34:25.623:	starting to tap SignatureSignArea
11:34:28.856:	The method "clickButton()" are called
11:34:28.984:	The method "waitUntilPage()" are called
11:34:31.735:	Current page is: PurchaseResult
11:34:31.735:	page count is: 13
11:34:31.735:	The method "clickButton()" are called
11:34:31.804:	The method "waitUntilPage()" are called
11:34:38.489:	Current page is: 
11:34:38.596:	Current page is: Purchase
11:34:38.596:	page count is: 58
11:34:39.097:	The method "reachPage()" are called
11:34:39.097:	method reachPage(GP, TransactionHistory) is called.
11:34:39.097:	method reachPage(GP, Purchase) is called.
11:34:39.203:	method goToSidemenuPage(Purchase) is called.
11:34:39.203:	method findCurrentPage(0) is called.
11:34:39.703:	
11:34:39.824:	Current page is: Purchase
11:34:39.824:	method goToSidemenuPage(TransactionHistory) is called.
11:34:39.824:	method findCurrentPage(0) is called.
11:34:40.325:	
11:34:40.460:	Current page is: Purchase
11:34:40.460:	method clickOnPage(Purchase, TransactionHistory, [Ljava.lang.String;@1b56bea) is called.
11:34:40.460:	method findCurrentPage(0) is called.
11:34:40.961:	
11:34:41.096:	Current page is: Purchase
11:34:44.144:	Current page is: TransactionHistory
11:34:44.144:	page count is: 36
11:34:44.144:	The method "test()" are called
11:34:44.485:	Current page is: TransactionHistory
11:34:44.485:	page count is: 37
11:34:44.485:	The method "test()" are called
11:34:44.639:	The method "clickButton()" are called
11:34:44.806:	The method "waitUntilPage()" are called
11:34:46.701:	Current page is: TransactionDetails
11:34:46.701:	page count is: 21
11:34:46.701:	The method "test()" are called
11:34:47.313:	Current page is: TransactionDetails
11:34:47.313:	page count is: 22
11:34:47.313:	The method "test()" are called
11:34:47.470:	The method "test()" are called
11:34:47.629:	The method "test()" are called
11:34:47.799:	The method "test()" are called
11:34:47.962:	The method "test()" are called
11:34:48.122:	The method "logComment()" are called
11:34:48.122:	<font color='grey'>Refund testing completed.</font>
11:34:48.122:	The method "clickButton()" are called
11:34:48.298:	The method "login()" are called
11:34:48.298:	method login(1) is called.
11:34:49.298:	method enterNumPadOK (123456) is called.
11:34:49.298:	method enterNumPad (123456) is called.
11:34:49.298:	Number to be entered is: 123456
11:34:53.264:	<font color='grey'>User Authentication performed.</font>
11:34:53.264:	The method "waitUntilPage()" are called
11:34:56.435:	Current page is: PurchaseResult
11:34:56.435:	page count is: 14
11:34:56.435:	The method "test()" are called
11:34:57.312:	Current page is: PurchaseResult
11:34:57.312:	page count is: 15
11:34:57.312:	The method "test()" are called
11:34:57.454:	The method "clickButton()" are called
11:34:57.624:	The method "waitUntilPage()" are called
11:34:59.185:	Current page is: TransactionHistory
11:34:59.185:	page count is: 38
11:34:59.185:	The method "test()" are called
11:34:59.563:	Current page is: TransactionHistory
11:34:59.563:	page count is: 39
11:34:59.564:	The method "test()" are called
11:34:59.765:	The method "clickButton()" are called
11:34:59.986:	The method "waitUntilPage()" are called
11:35:01.735:	Current page is: TransactionDetails
11:35:01.735:	page count is: 23
11:35:01.735:	The method "test()" are called
11:35:02.241:	Current page is: TransactionDetails
11:35:02.242:	page count is: 24
11:35:02.242:	The method "test()" are called
11:35:02.519:	The method "test()" are called
11:35:02.681:	The method "test()" are called
11:35:02.843:	The method "test()" are called
11:35:03.281:	The method "test()" are called
11:35:03.422:	The method "clickButton()" are called
11:35:03.600:	The method "waitUntilPage()" are called
11:35:05.013:	Current page is: TransactionHistory
11:35:05.013:	page count is: 40
11:35:05.013:	The method "reachPage()" are called
11:35:05.013:	method reachPage(GP, Purchase) is called.
11:35:05.188:	method goToSidemenuPage(Purchase) is called.
11:35:05.188:	method findCurrentPage(0) is called.
11:35:05.689:	
11:35:06.069:	Current page is: TransactionHistory
11:35:06.069:	method clickOnPage(TransactionHistory, Purchase, [Ljava.lang.String;@5b1b70) is called.
11:35:06.069:	method findCurrentPage(0) is called.
11:35:06.570:	
11:35:06.962:	Current page is: TransactionHistory
11:35:09.693:	Current page is: Purchase
11:35:09.693:	page count is: 62
11:35:09.693:	The method "test()" are called
11:35:09.809:	Current page is: Purchase
11:35:09.810:	page count is: 63
11:35:09.810:	<font color='blue'>Test Case: TS_8&TS_9 completed.</font>
11:35:09.810:	-----------------------------------<br>
