---------Start of logs---------
06:38:59.793:	writeElement is called
06:38:59.793:	method get (ActivatingSecureElement) is called.
06:38:59.793:	weight is: 0
06:38:59.793:	method get (AllowBatterySettingsChange) is called.
06:38:59.793:	weight is: 0
06:38:59.793:	method get (AllowTimeoutSettingsChange) is called.
06:38:59.793:	weight is: 0
06:38:59.793:	method get (AndroidAlert) is called.
06:38:59.793:	weight is: 0
06:38:59.794:	method get (AndroidDeviceSettings) is called.
06:38:59.794:	weight is: 0
06:38:59.796:	method get (EnterPIN) is called.
06:38:59.796:	weight is: 9
06:38:59.797:	method get (MerchantPassword) is called.
06:38:59.797:	weight is: 1
06:38:59.797:	method get (MerchantSignIn) is called.
06:38:59.797:	weight is: 1
06:38:59.798:	method get (NoNetworkConnection) is called.
06:38:59.798:	weight is: 0
06:38:59.798:	method get (ProvisionUpdateComplete) is called.
06:38:59.798:	weight is: 1
06:38:59.798:	method get (PurchaseDescription) is called.
06:38:59.798:	weight is: 0
06:38:59.798:	method get (SettingsAdvanced) is called.
06:38:59.798:	weight is: 11
06:38:59.799:	method get (SettingsTerminal) is called.
06:38:59.799:	weight is: 76
06:38:59.802:	method get (SignInSelection) is called.
06:38:59.802:	weight is: 2
06:38:59.802:	method get (PurchaseResult) is called.
06:38:59.802:	weight is: 18
06:38:59.802:	method get (UpdateRequired) is called.
06:38:59.802:	weight is: 1
06:38:59.803:	method get (ConnectionErrorDuringProvision) is called.
06:38:59.803:	weight is: 0
06:38:59.804:	method get (PleaseRestartYourPhone) is called.
06:38:59.804:	weight is: 0
06:38:59.804:	method get (UpdatingSecureElement) is called.
06:38:59.804:	weight is: 2
06:38:59.804:	method get (TermsAndConditions) is called.
06:38:59.804:	weight is: 0
06:38:59.804:	method get (ContactUs) is called.
06:38:59.804:	weight is: 0
06:38:59.806:	method get (UserManagement) is called.
06:38:59.806:	weight is: 0
06:38:59.806:	method get (EditUser) is called.
06:38:59.806:	weight is: 0
06:38:59.808:	method get (DeleteUserConfirmation) is called.
06:38:59.808:	weight is: 0
06:38:59.808:	method get (AddNewUser) is called.
06:38:59.808:	weight is: 0
06:38:59.810:	method get (UserCreated) is called.
06:38:59.810:	weight is: 0
06:38:59.812:	method get (TransactionReports) is called.
06:38:59.812:	weight is: 0
06:38:59.813:	method get (TransactionHistory) is called.
06:38:59.813:	weight is: 28
06:38:59.815:	method get (NewTagScanned) is called.
06:38:59.815:	weight is: 0
06:38:59.815:	method get (Purchase) is called.
06:38:59.815:	weight is: 500
06:38:59.817:	method get (TapToPay) is called.
06:38:59.817:	weight is: 29
06:38:59.818:	method get (CardNotSupported) is called.
06:38:59.818:	weight is: 0
06:38:59.818:	method get (EmailReceiptForPurchase) is called.
06:38:59.818:	weight is: 0
06:38:59.819:	method get (ReceiptSentConfirmation) is called.
06:38:59.819:	weight is: 0
06:38:59.820:	method get (ProcessingPayment) is called.
06:38:59.820:	weight is: 0
06:38:59.820:	method get (PurchaseNotCompleted) is called.
06:38:59.820:	weight is: 0
06:38:59.820:	method get (SetTipDuringPurchase) is called.
06:38:59.820:	weight is: 0
06:38:59.821:	method get (AddTip) is called.
06:38:59.821:	weight is: 0
06:38:59.823:	method get (CreateNewPassword) is called.
06:38:59.823:	weight is: 0
06:38:59.824:	method get (EnterNewPIN) is called.
06:38:59.824:	weight is: 0
06:38:59.826:	method get (ConfirmNewPIN) is called.
06:38:59.826:	weight is: 0
06:38:59.826:	method get (CancelTransaction) is called.
06:38:59.826:	weight is: 11
06:38:59.827:	method get (PurchaseTimedOut) is called.
06:38:59.827:	weight is: 0
06:38:59.828:	method get (TransactionSearch) is called.
06:38:59.828:	weight is: 0
06:38:59.831:	method get (TransactionDetails) is called.
06:38:59.831:	weight is: 16
06:38:59.833:	method get (AccountLocked) is called.
06:38:59.833:	weight is: 0
06:38:59.834:	method get (ForgotPIN) is called.
06:38:59.834:	weight is: 0
06:38:59.834:	method get (ResetPIN) is called.
06:38:59.834:	weight is: 0
06:38:59.836:	method get (InvalidCredentials) is called.
06:38:59.836:	weight is: 0
06:38:59.837:	method get (VoidProcessingPayment) is called.
06:38:59.837:	weight is: 0
06:38:59.837:	method get (SecurityImage) is called.
06:38:59.837:	weight is: 0
06:38:59.838:	method get (ProvisionActivateComplete) is called.
06:38:59.838:	weight is: 0
06:38:59.839:	method get (PaymentAcceptanceSetup) is called.
06:38:59.839:	weight is: 0
06:38:59.841:	method get (DatePicker) is called.
06:38:59.841:	weight is: 0
06:38:59.841:	method get (ReportSentConfirmation) is called.
06:38:59.841:	weight is: 0
06:38:59.842:	method get (EnterOldPIN) is called.
06:38:59.842:	weight is: 0
06:38:59.842:	method get (PINUpdated) is called.
06:38:59.842:	weight is: 0
06:38:59.843:	method get (EnterRefundAmount) is called.
06:38:59.844:	weight is: 4
06:38:59.844:	method get (Signature) is called.
06:38:59.844:	weight is: 6
06:38:59.845:	method get (ConfirmSettlement) is called.
06:38:59.845:	weight is: 1
06:38:59.846:	.\src\Testcase configuration\Element Config\app elements - Pep Debug.csvhas been read.
06:38:59.847:	.\src\Testcase configuration\Element Config\app elements - Pep Debug.csvhas been written.
06:39:00.352:	reportHeader is: <!DOCTYPE html PUBLIC "-//W3C//DTD XHTML 1.1//EN" "http://www.w3.org/TR/xhtml11/DTD/xhtml11.dtd">
<html xmlns="http://www.w3.org/1999/xhtml">
<head>
<meta http-equiv="content-type" content="text/html; charset=UTF-8"/>
<title>Mobeewave Automation Report</title>
<style type="text/css">table {margin-bottom:10px;border-collapse:collapse;empty-cells:show}th,td {border:1px solid #009;padding:.25em .5em}th {vertical-align:bottom}td {vertical-align:top}table a {font-weight:bold}.stripe td {background-color: #E6EBF9}.num {text-align:right}.passedodd td {background-color: #3F3}.passedeven td {background-color: #0A0}.skippedodd td {background-color: #DDD}.skippedeven td {background-color: #CCC}.failedodd td,.attn {background-color: #F33}.failedeven td,.stripe .attn {background-color: #D00}.stacktrace {white-space:pre;font-family:monospace}.totop {font-size:85%;text-align:center;border-bottom:2px solid #000}.invisible {display:none}</style>
</head>
<body>
<table>
<tr><th colspan="7">Test Statistics</th></tr>
<tr><td><a href="#t0">Default test</a></td><td class="num">18,571</td></tr>
</table>
<h2>Default test</h2>
<table class="result"><tr><th>Result</th></tr><tr><td><div class="stacktrace">
06:39:00.352:	reportFooter is: </div></td></tr></table><p class="totop"><a href="#summary">back to summary</a></p>
</body>
</html>
06:39:00.352:	reportContent is: 
