---------Start of logs---------
14:24:16.030:	writeElement is called
14:24:16.030:	method get (ActivatingSecureElement) is called.
14:24:16.030:	weight is: 0
14:24:16.031:	method get (AllowBatterySettingsChange) is called.
14:24:16.031:	weight is: 0
14:24:16.031:	method get (AllowTimeoutSettingsChange) is called.
14:24:16.031:	weight is: 0
14:24:16.031:	method get (AndroidAlert) is called.
14:24:16.031:	weight is: 0
14:24:16.031:	method get (AndroidDeviceSettings) is called.
14:24:16.031:	weight is: 0
14:24:16.032:	method get (EnterPIN) is called.
14:24:16.033:	weight is: 9
14:24:16.033:	method get (MerchantPassword) is called.
14:24:16.033:	weight is: 0
14:24:16.033:	method get (MerchantSignIn) is called.
14:24:16.033:	weight is: 0
14:24:16.035:	method get (NoNetworkConnection) is called.
14:24:16.035:	weight is: 0
14:24:16.035:	method get (ProvisionUpdateComplete) is called.
14:24:16.035:	weight is: 0
14:24:16.035:	method get (PurchaseDescription) is called.
14:24:16.035:	weight is: 0
14:24:16.035:	method get (SettingsAdvanced) is called.
14:24:16.035:	weight is: 36
14:24:16.036:	method get (SettingsTerminal) is called.
14:24:16.036:	weight is: 45
14:24:16.038:	method get (SignInSelection) is called.
14:24:16.038:	weight is: 0
14:24:16.038:	method get (PurchaseResult) is called.
14:24:16.038:	weight is: 45
14:24:16.040:	method get (UpdateRequired) is called.
14:24:16.040:	weight is: 0
14:24:16.040:	method get (ConnectionErrorDuringProvision) is called.
14:24:16.040:	weight is: 0
14:24:16.041:	method get (PleaseRestartYourPhone) is called.
14:24:16.041:	weight is: 0
14:24:16.042:	method get (UpdatingSecureElement) is called.
14:24:16.043:	weight is: 0
14:24:16.044:	method get (TermsAndConditions) is called.
14:24:16.044:	weight is: 0
14:24:16.044:	method get (ContactUs) is called.
14:24:16.044:	weight is: 0
14:24:16.046:	method get (UserManagement) is called.
14:24:16.046:	weight is: 0
14:24:16.047:	method get (EditUser) is called.
14:24:16.047:	weight is: 0
14:24:16.049:	method get (DeleteUserConfirmation) is called.
14:24:16.049:	weight is: 0
14:24:16.049:	method get (AddNewUser) is called.
14:24:16.049:	weight is: 0
14:24:16.051:	method get (UserCreated) is called.
14:24:16.051:	weight is: 0
14:24:16.051:	method get (TransactionReports) is called.
14:24:16.051:	weight is: 0
14:24:16.054:	method get (TransactionHistory) is called.
14:24:16.054:	weight is: 126
14:24:16.055:	method get (NewTagScanned) is called.
14:24:16.055:	weight is: 0
14:24:16.056:	method get (Purchase) is called.
14:24:16.056:	weight is: 189
14:24:16.059:	method get (TapToPay) is called.
14:24:16.059:	weight is: 0
14:24:16.060:	method get (CardNotSupported) is called.
14:24:16.060:	weight is: 0
14:24:16.062:	method get (EmailReceiptForPurchase) is called.
14:24:16.062:	weight is: 0
14:24:16.062:	method get (ReceiptSentConfirmation) is called.
14:24:16.062:	weight is: 0
14:24:16.063:	method get (ProcessingPayment) is called.
14:24:16.063:	weight is: 0
14:24:16.064:	method get (PurchaseNotCompleted) is called.
14:24:16.065:	weight is: 0
14:24:16.065:	method get (SetTipDuringPurchase) is called.
14:24:16.065:	weight is: 0
14:24:16.067:	method get (AddTip) is called.
14:24:16.067:	weight is: 0
14:24:16.069:	method get (CreateNewPassword) is called.
14:24:16.069:	weight is: 0
14:24:16.070:	method get (EnterNewPIN) is called.
14:24:16.071:	weight is: 0
14:24:16.073:	method get (ConfirmNewPIN) is called.
14:24:16.073:	weight is: 0
14:24:16.073:	method get (CancelTransaction) is called.
14:24:16.073:	weight is: 0
14:24:16.076:	method get (PurchaseTimedOut) is called.
14:24:16.077:	weight is: 0
14:24:16.078:	method get (TransactionSearch) is called.
14:24:16.079:	weight is: 0
14:24:16.083:	method get (TransactionDetails) is called.
14:24:16.083:	weight is: 72
14:24:16.085:	method get (AccountLocked) is called.
14:24:16.086:	weight is: 0
14:24:16.086:	method get (ForgotPIN) is called.
14:24:16.086:	weight is: 0
14:24:16.089:	method get (ResetPIN) is called.
14:24:16.089:	weight is: 0
14:24:16.091:	method get (InvalidCredentials) is called.
14:24:16.091:	weight is: 0
14:24:16.096:	method get (VoidProcessingPayment) is called.
14:24:16.096:	weight is: 0
14:24:16.096:	method get (SecurityImage) is called.
14:24:16.096:	weight is: 0
14:24:16.098:	method get (ProvisionActivateComplete) is called.
14:24:16.099:	weight is: 0
14:24:16.100:	method get (PaymentAcceptanceSetup) is called.
14:24:16.101:	weight is: 0
14:24:16.103:	method get (DatePicker) is called.
14:24:16.103:	weight is: 0
14:24:16.103:	method get (ReportSentConfirmation) is called.
14:24:16.103:	weight is: 0
14:24:16.105:	method get (EnterOldPIN) is called.
14:24:16.105:	weight is: 0
14:24:16.105:	method get (PINUpdated) is called.
14:24:16.105:	weight is: 0
14:24:16.106:	method get (EnterRefundAmount) is called.
14:24:16.106:	weight is: 18
14:24:16.107:	method get (Signature) is called.
14:24:16.107:	weight is: 9
14:24:16.108:	.\src\Testcase configuration\Element Config\app elements - GP Debug.csvhas been read.
14:24:16.110:	.\src\Testcase configuration\Element Config\app elements - GP Debug.csvhas been written.
14:24:16.376:	reportHeader is: <!DOCTYPE html PUBLIC "-//W3C//DTD XHTML 1.1//EN" "http://www.w3.org/TR/xhtml11/DTD/xhtml11.dtd">
<html xmlns="http://www.w3.org/1999/xhtml">
<head>
<meta http-equiv="content-type" content="text/html; charset=UTF-8"/>
<title>Mobeewave Automation Report</title>
<style type="text/css">table {margin-bottom:10px;border-collapse:collapse;empty-cells:show}th,td {border:1px solid #009;padding:.25em .5em}th {vertical-align:bottom}td {vertical-align:top}table a {font-weight:bold}.stripe td {background-color: #E6EBF9}.num {text-align:right}.passedodd td {background-color: #3F3}.passedeven td {background-color: #0A0}.skippedodd td {background-color: #DDD}.skippedeven td {background-color: #CCC}.failedodd td,.attn {background-color: #F33}.failedeven td,.stripe .attn {background-color: #D00}.stacktrace {white-space:pre;font-family:monospace}.totop {font-size:85%;text-align:center;border-bottom:2px solid #000}.invisible {display:none}</style>
</head>
<body>
<table>
<tr><th colspan="7">Test Statistics</th></tr>
<tr><td><a href="#t0">Default test</a></td><td class="num">18,571</td></tr>
</table>
<h2>Default test</h2>
<table class="result"><tr><th>Result</th></tr><tr><td><div class="stacktrace">
14:24:16.377:	reportFooter is: </div></td></tr></table><p class="totop"><a href="#summary">back to summary</a></p>
</body>
</html>
14:24:16.377:	reportContent is: <font color='grey'>Start of purchase void testing - please have SUCCESS testing card placed at the back of device!</font>
<br><font color='grey'>This case assumes the app starts from the Purchase page.</font>
<br><font color='grey'>App launched and awaiting for login.</font>
<br><font color='grey'>User Authentication performed.</font>
<br><font color='grey'>User Authentication performed.</font>
<br><font color='grey'>Transaction is made, Processing time is: 16 seconds.</font>
<br>Current page is equal to PurchaseResult, <font color='green'>test passed</font>.<br>
PurchaseResultResultText is equal to PURCHASE APPROVED, <font color='green'>test passed</font>.<br>
Current page is equal to Purchase, <font color='green'>test passed</font>.<br>
Current page is equal to TransactionHistory, <font color='green'>test passed</font>.<br>
TransactionHistoryTransactionAmount is equal to CA$14.00, <font color='green'>test passed</font>.<br>
Current page is equal to TransactionDetails, <font color='green'>test passed</font>.<br>
TransactionDetailsTitle is equal to PURCHASE APPROVED, <font color='green'>test passed</font>.<br>
TransactionDetailsAmount is equal to CA$14.00, <font color='green'>test passed</font>.<br>
TransactionDetailsMerchantName is equal to taoye, <font color='green'>test passed</font>.<br>
TransactionDetailsEmailReceipt is equal to EMAIL RECEIPT, <font color='green'>test passed</font>.<br>
TransactionDetailsVoid is equal to VOID, <font color='green'>test passed</font>.<br>
<font color='grey'>User Authentication performed.</font>
<br>Current page is equal to SettingsTerminal, <font color='green'>test passed</font>.<br>
Current page is equal to SettingsAdvanced, <font color='green'>test passed</font>.<br>
<font color='grey'>Testing Version Number Display</font>
<br>SettingsAdvancedAppVersionValue is expected to be <font color='brown'>1.4.7(4)</font>, but is actually equal to: <font color='brown'>1.4.9(12)</font>, <font color='red'>test failed</font>.<br>
Current page is equal to TransactionHistory, <font color='green'>test passed</font>.<br>
TransactionHistoryTransactionAmount is equal to CA$14.00, <font color='green'>test passed</font>.<br>
Current page is equal to TransactionDetails, <font color='green'>test passed</font>.<br>
TransactionDetailsTitle is equal to PURCHASE APPROVED, <font color='green'>test passed</font>.<br>
TransactionDetailsAmount is equal to CA$14.00, <font color='green'>test passed</font>.<br>
TransactionDetailsMerchantName is equal to taoye, <font color='green'>test passed</font>.<br>
TransactionDetailsEmailReceipt is equal to EMAIL RECEIPT, <font color='green'>test passed</font>.<br>
TransactionDetailsVoid is equal to REFUND, <font color='green'>test passed</font>.<br>
<font color='grey'>User Authentication performed.</font>
<br>Current page is equal to EnterRefundAmount, <font color='green'>test passed</font>.<br>
<font color='grey'>Making Signature</font>
<br>Current page is equal to TransactionHistory, <font color='green'>test passed</font>.<br>
TransactionHistoryTransactionAmount is equal to - CA$14.00, <font color='green'>test passed</font>.<br>
Current page is equal to TransactionDetails, <font color='green'>test passed</font>.<br>
TransactionDetailsTitle is equal to REFUND APPROVED, <font color='green'>test passed</font>.<br>
TransactionDetailsAmount is equal to - CA$14.00, <font color='green'>test passed</font>.<br>
TransactionDetailsMerchantName is equal to taoye, <font color='green'>test passed</font>.<br>
TransactionDetailsEmailReceipt is equal to EMAIL RECEIPT, <font color='green'>test passed</font>.<br>
TransactionDetailsVoid is equal to VOID, <font color='green'>test passed</font>.<br>
<font color='grey'>Refund testing completed.</font>
<br><font color='grey'>User Authentication performed.</font>
<br>Current page is equal to PurchaseResult, <font color='green'>test passed</font>.<br>
PurchaseResultResultText is equal to VOID APPROVED, <font color='green'>test passed</font>.<br>
Current page is equal to TransactionHistory, <font color='green'>test passed</font>.<br>
TransactionHistoryTransactionAmount is equal to CA$14.00, <font color='green'>test passed</font>.<br>
Current page is equal to TransactionDetails, <font color='green'>test passed</font>.<br>
TransactionDetailsTitle is equal to VOID APPROVED, <font color='green'>test passed</font>.<br>
TransactionDetailsAmount is equal to CA$14.00, <font color='green'>test passed</font>.<br>
TransactionDetailsMerchantName is equal to taoye, <font color='green'>test passed</font>.<br>
TransactionDetailsEmailReceipt is equal to EMAIL RECEIPT, <font color='green'>test passed</font>.<br>
TransactionDetailsVoid is equal to element not found, <font color='green'>test passed</font>.<br>
Current page is equal to Purchase, <font color='green'>test passed</font>.<br>
<font color='blue'>Test Case: TS_8&TS_9 completed.</font>
<br>-----------------------------------<br>
<br>
