---------Start of logs---------
13:57:58.015:	The method "logComment()" are called
13:57:58.015:	<font color='grey'>Start of purchase void testing - please have SUCCESS testing card placed at the back of device!</font>
13:57:58.015:	The method "logComment()" are called
13:57:58.015:	<font color='grey'>This case assumes the app starts from the Purchase page.</font>
13:57:58.016:	The method "launch()" are called
13:57:58.016:	method launch (120) is called.
13:57:58.016:	method launch (CBA, 120) is called.
13:57:58.016:	method findCurrentPage(120) is called.
13:57:58.517:	
13:58:08.814:	Current page is: 
13:58:08.814:	This page  is not recognized.
13:58:08.814:	method findCurrentPage(120) is called.
13:58:09.315:	
13:58:11.072:	Current page is: EnterPIN
13:58:11.072:	<font color='grey'>App launched and awaiting for login.</font>
13:58:11.073:	The method "login()" are called
13:58:11.073:	method login(1) is called.
13:58:12.082:	method enterNumPadOK (123456) is called.
13:58:12.082:	method enterNumPad (123456) is called.
13:58:12.082:	Number to be entered is: 123456
13:58:16.441:	<font color='grey'>User Authentication performed.</font>
13:58:16.441:	The method "waitUntilPage()" are called
13:58:26.295:	Current page is: 
13:58:26.423:	Current page is: Purchase
13:58:26.423:	page count is: 127
13:58:26.924:	The method "reachPage()" are called
13:58:26.924:	method reachPage(GP, SettingsTerminal) is called.
13:58:26.924:	method reachPage(GP, Purchase) is called.
13:58:27.028:	method goToSidemenuPage(Purchase) is called.
13:58:27.028:	method findCurrentPage(0) is called.
13:58:27.529:	
13:58:27.676:	Current page is: Purchase
13:58:27.676:	method findCurrentPage(0) is called.
13:58:28.176:	
13:58:28.343:	Current page is: Purchase
13:58:29.577:	method login(1) is called.
13:58:30.577:	method enterNumPadOK (123456) is called.
13:58:30.577:	method enterNumPad (123456) is called.
13:58:30.577:	Number to be entered is: 123456
13:58:34.967:	<font color='grey'>User Authentication performed.</font>
13:58:37.152:	Current page is: SettingsTerminal
13:58:37.152:	page count is: 31
13:58:37.152:	The method "setBooleanValue(no)" are called
13:58:37.301:	The method "setBooleanValue(no)" are called
13:58:37.511:	The method "setBooleanValue(no)" are called
13:58:37.693:	The method "reachPage()" are called
13:58:37.693:	method reachPage(GP, Purchase) is called.
13:58:37.804:	method goToSidemenuPage(Purchase) is called.
13:58:37.804:	method findCurrentPage(0) is called.
13:58:38.305:	
13:58:38.893:	Current page is: SettingsTerminal
13:58:38.894:	method clickOnPage(SettingsTerminal, Purchase, [Ljava.lang.String;@ec4a5) is called.
13:58:38.894:	method findCurrentPage(0) is called.
13:58:39.394:	
13:58:39.985:	Current page is: SettingsTerminal
13:58:42.683:	Current page is: Purchase
13:58:42.683:	page count is: 130
13:58:42.683:	The method "singlePurchase()" are called
13:58:42.683:	method singlePurchase(1400, no, , no, ) is called.
13:58:42.683:	method findCurrentPage(1) is called.
13:58:43.183:	
13:58:43.338:	Current page is: Purchase
13:58:43.339:	method enterPurchaseAmount(1400) is called.
13:58:43.339:	method enterNumPadOK (1400) is called.
13:58:43.339:	method enterNumPad (1400) is called.
13:58:43.339:	Number to be entered is: 1400
13:58:46.046:	method findCurrentPage(1) is called.
13:58:46.546:	
13:58:56.239:	Current page is: 
13:58:56.239:	reached an unrecognized page: 
13:58:56.358:	exception caught during button click, failed to find NoNetworkConnectionretry
13:58:56.358:	method findCurrentPage(1) is called.
13:58:56.859:	
13:58:57.450:	Current page is: PurchaseResult
13:58:57.450:	<font color='grey'>Transaction is made, Processing time is: 14 seconds.</font>
13:58:57.450:	The method "test()" are called
13:58:57.991:	Current page is: PurchaseResult
13:58:57.992:	page count is: 32
13:58:57.994:	The method "test()" are called
13:58:58.109:	The method "clickButton()" are called
13:58:58.246:	The method "waitUntilPage()" are called
13:58:59.264:	Current page is: Purchase
13:58:59.264:	page count is: 132
13:58:59.264:	The method "test()" are called
13:58:59.377:	Current page is: Purchase
13:58:59.377:	page count is: 133
13:58:59.378:	The method "reachPage()" are called
13:58:59.378:	method reachPage(GP, TransactionHistory) is called.
13:58:59.378:	method reachPage(GP, Purchase) is called.
13:58:59.454:	method goToSidemenuPage(Purchase) is called.
13:58:59.454:	method findCurrentPage(0) is called.
13:58:59.954:	
13:59:00.368:	Current page is: Purchase
13:59:00.368:	method goToSidemenuPage(TransactionHistory) is called.
13:59:00.368:	method findCurrentPage(0) is called.
13:59:00.869:	
13:59:01.013:	Current page is: Purchase
13:59:01.013:	method clickOnPage(Purchase, TransactionHistory, [Ljava.lang.String;@1af1bb3) is called.
13:59:01.013:	method findCurrentPage(0) is called.
13:59:01.513:	
13:59:01.667:	Current page is: Purchase
13:59:05.379:	Current page is: TransactionHistory
13:59:05.379:	page count is: 85
13:59:05.379:	The method "test()" are called
13:59:05.783:	Current page is: TransactionHistory
13:59:05.783:	page count is: 86
13:59:05.784:	The method "test()" are called
13:59:06.005:	The method "clickButton()" are called
13:59:06.298:	The method "waitUntilPage()" are called
13:59:08.063:	Current page is: TransactionDetails
13:59:08.064:	page count is: 49
13:59:08.064:	The method "test()" are called
13:59:08.719:	Current page is: TransactionDetails
13:59:08.719:	page count is: 50
13:59:08.719:	The method "test()" are called
13:59:08.890:	The method "test()" are called
13:59:09.061:	The method "test()" are called
13:59:09.240:	The method "test()" are called
13:59:09.420:	The method "test()" are called
13:59:09.590:	The method "clickButton()" are called
13:59:09.785:	The method "waitUntilPage()" are called
13:59:11.627:	Current page is: TransactionHistory
13:59:11.627:	page count is: 87
13:59:11.627:	The method "reachPage()" are called
13:59:11.627:	method reachPage(GP, SettingsTerminal) is called.
13:59:11.627:	method reachPage(GP, Purchase) is called.
13:59:11.818:	method goToSidemenuPage(Purchase) is called.
13:59:11.818:	method findCurrentPage(0) is called.
13:59:12.318:	
13:59:12.764:	Current page is: TransactionHistory
13:59:12.764:	method clickOnPage(TransactionHistory, Purchase, [Ljava.lang.String;@c1a023) is called.
13:59:12.764:	method findCurrentPage(0) is called.
13:59:13.265:	
13:59:13.680:	Current page is: TransactionHistory
13:59:16.436:	Current page is: Purchase
13:59:16.436:	page count is: 137
13:59:16.436:	method findCurrentPage(0) is called.
13:59:16.937:	
13:59:17.098:	Current page is: Purchase
13:59:18.319:	method login(1) is called.
13:59:19.320:	method enterNumPadOK (123456) is called.
13:59:19.320:	method enterNumPad (123456) is called.
13:59:19.320:	Number to be entered is: 123456
13:59:24.199:	<font color='grey'>User Authentication performed.</font>
13:59:26.079:	Current page is: SettingsTerminal
13:59:26.079:	page count is: 34
13:59:26.080:	The method "test()" are called
13:59:26.648:	Current page is: SettingsTerminal
13:59:26.648:	page count is: 35
13:59:26.648:	The method "clickButton()" are called
13:59:26.814:	The method "waitUntilPage()" are called
13:59:28.475:	Current page is: SettingsAdvanced
13:59:28.475:	page count is: 25
13:59:28.475:	The method "test()" are called
13:59:29.225:	Current page is: SettingsAdvanced
13:59:29.225:	page count is: 26
13:59:29.225:	The method "logComment()" are called
13:59:29.225:	<font color='grey'>Testing Version Number Display</font>
13:59:29.225:	The method "test()" are called
13:59:29.353:	The method "clickButton()" are called
13:59:29.503:	The method "reachPage()" are called
13:59:29.503:	method reachPage(GP, TransactionHistory) is called.
13:59:29.503:	method reachPage(GP, Purchase) is called.
13:59:30.655:	method goToSidemenuPage(Purchase) is called.
13:59:30.655:	method findCurrentPage(0) is called.
13:59:31.156:	
13:59:31.897:	Current page is: SettingsAdvanced
13:59:31.897:	method clickOnPage(SettingsAdvanced, Purchase, [Ljava.lang.String;@13f9ad9) is called.
13:59:31.898:	method findCurrentPage(0) is called.
13:59:32.399:	
13:59:33.219:	Current page is: SettingsAdvanced
13:59:35.816:	Current page is: Purchase
13:59:35.816:	page count is: 139
13:59:35.816:	method goToSidemenuPage(TransactionHistory) is called.
13:59:35.816:	method findCurrentPage(0) is called.
13:59:36.317:	
13:59:36.449:	Current page is: Purchase
13:59:36.449:	method clickOnPage(Purchase, TransactionHistory, [Ljava.lang.String;@6eba67) is called.
13:59:36.449:	method findCurrentPage(0) is called.
13:59:36.950:	
13:59:37.125:	Current page is: Purchase
13:59:40.384:	Current page is: TransactionHistory
13:59:40.384:	page count is: 90
13:59:40.384:	The method "test()" are called
13:59:40.796:	Current page is: TransactionHistory
13:59:40.796:	page count is: 91
13:59:40.797:	The method "test()" are called
13:59:41.017:	The method "clickButton()" are called
13:59:41.279:	The method "waitUntilPage()" are called
13:59:43.026:	Current page is: TransactionDetails
13:59:43.026:	page count is: 51
13:59:43.026:	The method "test()" are called
13:59:43.692:	Current page is: TransactionDetails
13:59:43.692:	page count is: 52
13:59:43.692:	The method "test()" are called
13:59:43.851:	The method "test()" are called
13:59:44.016:	The method "test()" are called
13:59:44.191:	The method "test()" are called
13:59:44.357:	The method "test()" are called
13:59:44.522:	The method "clickButton()" are called
13:59:44.720:	The method "login()" are called
13:59:44.721:	method login(1) is called.
13:59:45.721:	method enterNumPadOK (123456) is called.
13:59:45.721:	method enterNumPad (123456) is called.
13:59:45.721:	Number to be entered is: 123456
13:59:49.931:	<font color='grey'>User Authentication performed.</font>
13:59:49.931:	The method "waitUntilPage()" are called
13:59:52.488:	Current page is: EnterRefundAmount
13:59:52.488:	page count is: 13
13:59:52.488:	The method "test()" are called
13:59:53.381:	Current page is: EnterRefundAmount
13:59:53.381:	page count is: 14
13:59:53.381:	The method "clickButton()" are called
13:59:53.531:	The method "waitUntilPage()" are called
14:00:01.429:	Current page is: 
14:00:02.009:	Current page is: Signature
14:00:02.009:	page count is: 7
14:00:02.510:	The method "logComment()" are called
14:00:02.510:	<font color='grey'>Making Signature</font>
14:00:02.510:	The method "sign()" are called
14:00:02.510:	starting to tap SignatureSignArea
14:00:02.659:	starting to tap 21 , 210
14:00:02.835:	starting to swipe SignatureSignArea, SignatureConfirm
14:00:05.902:	The method "clickButton()" are called
14:00:06.045:	The method "waitUntilPage()" are called
14:00:08.869:	Current page is: PurchaseResult
14:00:08.869:	page count is: 33
14:00:08.869:	The method "clickButton()" are called
14:00:08.940:	The method "waitUntilPage()" are called
14:00:09.933:	Current page is: Purchase
14:00:09.933:	page count is: 142
14:00:09.933:	The method "reachPage()" are called
14:00:09.933:	method reachPage(GP, TransactionHistory) is called.
14:00:09.933:	method reachPage(GP, Purchase) is called.
14:00:10.018:	method goToSidemenuPage(Purchase) is called.
14:00:10.019:	method findCurrentPage(0) is called.
14:00:10.519:	
14:00:11.013:	Current page is: Purchase
14:00:11.013:	method goToSidemenuPage(TransactionHistory) is called.
14:00:11.014:	method findCurrentPage(0) is called.
14:00:11.515:	
14:00:11.629:	Current page is: Purchase
14:00:11.629:	method clickOnPage(Purchase, TransactionHistory, [Ljava.lang.String;@178f3d5) is called.
14:00:11.629:	method findCurrentPage(0) is called.
14:00:12.130:	
14:00:12.242:	Current page is: Purchase
14:00:15.105:	Current page is: TransactionHistory
14:00:15.105:	page count is: 92
14:00:15.105:	The method "test()" are called
14:00:15.474:	Current page is: TransactionHistory
14:00:15.475:	page count is: 93
14:00:15.475:	The method "test()" are called
14:00:15.716:	The method "clickButton()" are called
14:00:15.936:	The method "waitUntilPage()" are called
14:00:17.856:	Current page is: TransactionDetails
14:00:17.856:	page count is: 53
14:00:17.856:	The method "test()" are called
14:00:18.476:	Current page is: TransactionDetails
14:00:18.476:	page count is: 54
14:00:18.477:	The method "test()" are called
14:00:18.656:	The method "test()" are called
14:00:18.829:	The method "test()" are called
14:00:18.998:	The method "test()" are called
14:00:19.164:	The method "test()" are called
14:00:19.346:	The method "logComment()" are called
14:00:19.346:	<font color='grey'>Refund testing completed.</font>
14:00:19.346:	The method "clickButton()" are called
14:00:19.538:	The method "login()" are called
14:00:19.539:	method login(1) is called.
14:00:20.540:	method enterNumPadOK (123456) is called.
14:00:20.540:	method enterNumPad (123456) is called.
14:00:20.540:	Number to be entered is: 123456
14:00:24.874:	<font color='grey'>User Authentication performed.</font>
14:00:24.874:	The method "waitUntilPage()" are called
14:00:28.086:	Current page is: PurchaseResult
14:00:28.086:	page count is: 34
14:00:28.086:	The method "test()" are called
14:00:29.132:	Current page is: PurchaseResult
14:00:29.133:	page count is: 35
14:00:29.133:	The method "test()" are called
14:00:29.305:	The method "clickButton()" are called
14:00:29.497:	The method "waitUntilPage()" are called
14:00:30.952:	Current page is: TransactionHistory
14:00:30.952:	page count is: 94
14:00:30.952:	The method "test()" are called
14:00:31.260:	Current page is: TransactionHistory
14:00:31.260:	page count is: 95
14:00:31.261:	The method "test()" are called
14:00:31.447:	The method "clickButton()" are called
14:00:31.640:	The method "waitUntilPage()" are called
14:00:33.201:	Current page is: TransactionDetails
14:00:33.201:	page count is: 55
14:00:33.201:	The method "test()" are called
14:00:33.675:	Current page is: TransactionDetails
14:00:33.675:	page count is: 56
14:00:33.675:	The method "test()" are called
14:00:33.970:	The method "test()" are called
14:00:34.113:	The method "test()" are called
14:00:34.255:	The method "test()" are called
14:00:34.403:	The method "test()" are called
14:00:34.519:	The method "clickButton()" are called
14:00:34.687:	The method "waitUntilPage()" are called
14:00:35.945:	Current page is: TransactionHistory
14:00:35.945:	page count is: 96
14:00:35.945:	The method "reachPage()" are called
14:00:35.945:	method reachPage(GP, Purchase) is called.
14:00:36.099:	method goToSidemenuPage(Purchase) is called.
14:00:36.099:	method findCurrentPage(0) is called.
14:00:36.600:	
14:00:36.955:	Current page is: TransactionHistory
14:00:36.955:	method clickOnPage(TransactionHistory, Purchase, [Ljava.lang.String;@dae3b7) is called.
14:00:36.955:	method findCurrentPage(0) is called.
14:00:37.455:	
14:00:37.786:	Current page is: TransactionHistory
14:00:40.229:	Current page is: Purchase
14:00:40.229:	page count is: 146
14:00:40.229:	The method "test()" are called
14:00:40.355:	Current page is: Purchase
14:00:40.355:	page count is: 147
14:00:40.355:	<font color='blue'>Test Case: TS_8&TS_9 completed.</font>
14:00:40.355:	-----------------------------------<br>
