---------Start of logs---------
11:48:23.036:	The method "logComment()" are called
11:48:23.036:	<font color='grey'>Start of base purchase test case - please have SUCCESS testing card placed at the back of device!</font>
11:48:23.036:	The method "launch()" are called
11:48:23.036:	method launch (120) is called.
11:48:23.036:	method launch (CBA, 120) is called.
11:48:23.036:	method findCurrentPage(120) is called.
11:48:23.537:	
11:48:28.402:	Current page is: 
11:48:28.402:	This page  is not recognized.
11:48:28.402:	method findCurrentPage(120) is called.
11:48:28.905:	
11:48:30.316:	Current page is: 
11:48:30.316:	This page  is not recognized.
11:48:30.316:	method findCurrentPage(120) is called.
11:48:30.817:	
11:48:32.270:	Current page is: 
11:48:32.270:	This page  is not recognized.
11:48:32.271:	method findCurrentPage(120) is called.
11:48:32.772:	
11:48:35.003:	Current page is: 
11:48:35.003:	This page  is not recognized.
11:48:35.004:	method findCurrentPage(120) is called.
11:48:35.505:	
11:48:38.397:	Current page is: 
11:48:38.397:	This page  is not recognized.
11:48:38.397:	method findCurrentPage(120) is called.
11:48:38.898:	
11:48:40.688:	Current page is: 
11:48:40.688:	This page  is not recognized.
11:48:40.688:	method findCurrentPage(120) is called.
11:48:41.188:	
11:48:42.077:	Current page is: 
11:48:42.078:	This page  is not recognized.
11:48:42.078:	method findCurrentPage(120) is called.
11:48:42.579:	
11:48:43.687:	Current page is: 
11:48:43.687:	This page  is not recognized.
11:48:43.687:	method findCurrentPage(120) is called.
11:48:44.187:	
11:48:45.065:	Current page is: 
11:48:45.065:	This page  is not recognized.
11:48:45.065:	method findCurrentPage(120) is called.
11:48:45.566:	
