---------Start of logs---------
14:25:37.898:	The method "logComment()" are called
14:25:37.898:	<font color='grey'>Start of base purchase test case - please have SUCCESS testing card placed at the back of device!</font>
14:25:37.898:	The method "launch()" are called
14:25:37.898:	method launch (120) is called.
14:25:37.898:	method launch (CBA, 120) is called.
14:25:37.898:	method findCurrentPage(120) is called.
14:25:38.399:	
14:25:49.757:	Current page is: 
14:25:49.757:	This page  is not recognized.
14:25:49.757:	method findCurrentPage(120) is called.
14:25:50.259:	
14:26:08.586:	Current page is: 
14:26:08.586:	This page  is not recognized.
14:26:08.586:	method findCurrentPage(120) is called.
14:26:09.087:	
14:26:16.705:	Current page is: 
14:26:16.705:	This page  is not recognized.
14:26:16.705:	method findCurrentPage(120) is called.
14:26:17.206:	
14:26:18.813:	Current page is: SignInSelection
14:26:18.981:	method findCurrentPage(120) is called.
14:26:19.482:	
14:26:21.123:	Current page is: EnterPIN
14:26:21.123:	<font color='grey'>App launched and awaiting for login.</font>
14:26:21.123:	The method "login()" are called
14:26:21.123:	method login(1) is called.
14:26:22.124:	method enterNumPadOK (123456) is called.
14:26:22.124:	method enterNumPad (123456) is called.
14:26:22.124:	Number to be entered is: 123456
14:26:26.249:	<font color='grey'>User Authentication performed.</font>
14:26:26.249:	The method "waitUntilPage()" are called
14:26:35.983:	Current page is: 
14:26:36.154:	Current page is: Purchase
14:26:36.154:	page count is: 534
14:26:36.655:	The method "reachPage()" are called
14:26:36.655:	method reachPage(GP, SettingsTerminal) is called.
14:26:36.655:	method reachPage(GP, Purchase) is called.
14:26:36.797:	method goToSidemenuPage(Purchase) is called.
14:26:36.797:	method findCurrentPage(0) is called.
14:26:37.298:	
14:26:37.471:	Current page is: Purchase
14:26:37.471:	method findCurrentPage(0) is called.
14:26:37.971:	
14:26:38.149:	Current page is: Purchase
14:26:39.334:	method login(1) is called.
14:26:40.334:	method enterNumPadOK (123456) is called.
14:26:40.334:	method enterNumPad (123456) is called.
14:26:40.334:	Number to be entered is: 123456
14:26:45.157:	<font color='grey'>User Authentication performed.</font>
14:26:46.944:	Current page is: SettingsTerminal
14:26:46.944:	page count is: 95
14:26:46.944:	The method "setBooleanValue(no)" are called
14:26:47.058:	The method "setBooleanValue(no)" are called
14:26:47.142:	exception caught during click, failed to find SettingsTerminalAddTipValue
14:26:47.142:	The method "setBooleanValue(no)" are called
14:26:47.258:	The method "reachPage()" are called
14:26:47.258:	method reachPage(GP, Purchase) is called.
14:26:47.337:	method goToSidemenuPage(Purchase) is called.
14:26:47.337:	method findCurrentPage(0) is called.
14:26:47.837:	
14:26:48.059:	Current page is: SettingsTerminal
14:26:48.059:	method clickOnPage(SettingsTerminal, Purchase, [Ljava.lang.String;@1718b93) is called.
14:26:48.059:	method findCurrentPage(0) is called.
14:26:48.559:	
14:26:48.769:	Current page is: SettingsTerminal
14:26:51.338:	Current page is: Purchase
14:26:51.338:	page count is: 537
14:26:51.339:	The method "singlePurchase()" are called
14:26:51.339:	method singlePurchase(1000, no, , no, ) is called.
14:26:51.339:	method findCurrentPage(1) is called.
14:26:51.840:	
14:26:51.990:	Current page is: Purchase
14:26:51.990:	method enterPurchaseAmount(1000) is called.
14:26:51.990:	method enterNumPadOK (1000) is called.
14:26:51.990:	method enterNumPad (1000) is called.
14:26:51.990:	Number to be entered is: 1000
14:26:55.399:	method findCurrentPage(1) is called.
14:26:55.899:	
14:27:02.778:	Current page is: 
14:27:02.778:	reached an unrecognized page: 
14:27:02.844:	exception caught during button click, failed to find NoNetworkConnectionretry
14:27:02.844:	method findCurrentPage(1) is called.
14:27:03.345:	
14:27:09.977:	Current page is: 
14:27:09.977:	reached an unrecognized page: 
14:27:10.082:	exception caught during button click, failed to find NoNetworkConnectionretry
14:27:10.082:	method findCurrentPage(1) is called.
14:27:10.582:	
14:27:11.093:	Current page is: PurchaseResult
14:27:11.093:	<font color='grey'>Transaction is made, Processing time is: 19 seconds.</font>
14:27:11.093:	The method "test()" are called
14:27:11.686:	Current page is: PurchaseResult
14:27:11.686:	page count is: 20
14:27:11.688:	The method "test()" are called
14:27:11.835:	The method "clickButton()" are called
14:27:11.997:	The method "waitUntilPage()" are called
14:27:13.109:	Current page is: Purchase
14:27:13.109:	page count is: 539
14:27:13.110:	The method "test()" are called
14:27:13.231:	Current page is: Purchase
14:27:13.231:	page count is: 540
14:27:13.231:	The method "reachPage()" are called
14:27:13.231:	method reachPage(GP, TransactionHistory) is called.
14:27:13.231:	method reachPage(GP, Purchase) is called.
14:27:13.317:	method goToSidemenuPage(Purchase) is called.
14:27:13.317:	method findCurrentPage(0) is called.
14:27:13.818:	
14:27:13.965:	Current page is: Purchase
14:27:13.965:	method goToSidemenuPage(TransactionHistory) is called.
14:27:13.965:	method findCurrentPage(0) is called.
14:27:14.466:	
14:27:14.588:	Current page is: Purchase
14:27:14.588:	method clickOnPage(Purchase, TransactionHistory, [Ljava.lang.String;@152434e) is called.
14:27:14.588:	method findCurrentPage(0) is called.
14:27:15.089:	
14:27:15.219:	Current page is: Purchase
14:27:18.486:	Current page is: TransactionHistory
14:27:18.486:	page count is: 29
14:27:18.486:	The method "test()" are called
14:27:18.835:	Current page is: TransactionHistory
14:27:18.835:	page count is: 30
14:27:18.836:	The method "test()" are called
14:27:18.949:	The method "clickButton()" are called
14:27:19.079:	The method "waitUntilPage()" are called
14:27:21.117:	Current page is: TransactionDetails
14:27:21.117:	page count is: 17
14:27:21.117:	The method "test()" are called
14:27:22.012:	Current page is: TransactionDetails
14:27:22.012:	page count is: 18
14:27:22.012:	The method "test()" are called
14:27:22.147:	The method "test()" are called
14:27:22.301:	The method "test()" are called
14:27:22.439:	The method "test()" are called
14:27:22.596:	The method "test()" are called
14:27:22.739:	The method "test()" are called
14:27:22.846:	The method "clickButton()" are called
14:27:23.009:	The method "waitUntilPage()" are called
14:27:24.691:	Current page is: TransactionHistory
14:27:24.692:	page count is: 31
14:27:24.692:	The method "reachPage()" are called
14:27:24.692:	method reachPage(GP, Purchase) is called.
14:27:24.772:	method goToSidemenuPage(Purchase) is called.
14:27:24.772:	method findCurrentPage(0) is called.
14:27:25.273:	
14:27:25.649:	Current page is: TransactionHistory
14:27:25.650:	method clickOnPage(TransactionHistory, Purchase, [Ljava.lang.String;@40022a) is called.
14:27:25.650:	method findCurrentPage(0) is called.
14:27:26.151:	
14:27:28.432:	Current page is: TransactionHistory
14:27:31.562:	Current page is: Purchase
14:27:31.562:	page count is: 544
14:27:31.562:	The method "test()" are called
14:27:31.678:	Current page is: Purchase
14:27:31.678:	page count is: 545
14:27:31.678:	<font color='blue'>Test Case: TS_1 completed.</font>
14:27:31.678:	-----------------------------------<br>
14:27:31.678:	The method "logComment()" are called
14:27:31.678:	<font color='grey'>Start of base purchase with tips/desription/email receipt - please have SUCCESS testing card placed at the back of device!</font>
14:27:31.678:	The method "logComment()" are called
14:27:31.678:	<font color='grey'>This case assumes the app starts from the Purchase page.</font>
14:27:31.678:	The method "reachPage()" are called
14:27:31.678:	method reachPage(GP, SettingsTerminal) is called.
14:27:31.678:	method reachPage(GP, Purchase) is called.
14:27:31.768:	method goToSidemenuPage(Purchase) is called.
14:27:31.768:	method findCurrentPage(0) is called.
14:27:32.270:	
14:27:32.474:	Current page is: Purchase
14:27:32.474:	method findCurrentPage(0) is called.
14:27:32.974:	
14:27:33.142:	Current page is: Purchase
14:27:34.432:	method login(1) is called.
14:27:35.433:	method enterNumPadOK (123456) is called.
14:27:35.433:	method enterNumPad (123456) is called.
14:27:35.433:	Number to be entered is: 123456
14:27:39.713:	<font color='grey'>User Authentication performed.</font>
14:27:41.352:	Current page is: SettingsTerminal
14:27:41.352:	page count is: 98
14:27:41.352:	The method "setBooleanValue(no)" are called
14:27:41.471:	The method "setBooleanValue(yes)" are called
14:27:41.558:	exception caught during click, failed to find SettingsTerminalAddTipValue
14:27:41.558:	The method "setBooleanValue(yes)" are called
14:27:41.844:	The method "reachPage()" are called
14:27:41.844:	method reachPage(GP, Purchase) is called.
14:27:42.505:	method goToSidemenuPage(Purchase) is called.
14:27:42.505:	method findCurrentPage(0) is called.
14:27:43.006:	
14:27:43.214:	Current page is: SettingsTerminal
14:27:43.214:	method clickOnPage(SettingsTerminal, Purchase, [Ljava.lang.String;@5cbf40) is called.
14:27:43.214:	method findCurrentPage(0) is called.
14:27:43.715:	
14:27:43.918:	Current page is: SettingsTerminal
14:27:46.385:	Current page is: Purchase
14:27:46.385:	page count is: 548
14:27:46.385:	The method "singlePurchase(9999)" are called
14:27:46.385:	method singlePurchase(1100, Total, 9999, yes, This is a purchase description test.) is called.
14:27:46.385:	method findCurrentPage(1) is called.
14:27:46.885:	
14:27:47.067:	Current page is: Purchase
14:27:47.067:	method enterPurchaseAmount(1100) is called.
14:27:47.067:	method enterNumPadOK (1100) is called.
14:27:47.067:	method enterNumPad (1100) is called.
14:27:47.067:	Number to be entered is: 1100
14:27:49.838:	method findCurrentPage(1) is called.
14:27:50.338:	
14:27:53.148:	Current page is: PurchaseDescription
14:27:55.347:	method findCurrentPage(1) is called.
14:27:55.848:	
14:27:57.875:	Current page is: TapToPay
14:27:57.875:	waiting for card tap
14:27:57.875:	method findCurrentPage(1) is called.
14:27:58.376:	
14:28:05.902:	Current page is: 
14:28:05.902:	reached an unrecognized page: 
14:28:05.972:	exception caught during button click, failed to find NoNetworkConnectionretry
14:28:05.972:	method findCurrentPage(1) is called.
14:28:06.473:	
14:28:06.945:	Current page is: PurchaseResult
14:28:06.945:	<font color='grey'>Transaction is made, Processing time is: 9 seconds.</font>
14:28:06.945:	The method "test()" are called
14:28:07.309:	Current page is: PurchaseResult
14:28:07.309:	page count is: 22
14:28:07.309:	The method "test()" are called
14:28:07.406:	The method "test()" are called
14:28:07.513:	The method "clickButton()" are called
14:28:07.625:	The method "waitUntilPage()" are called
14:28:10.223:	Current page is: EmailReceiptForPurchase
14:28:10.223:	page count is: 1
14:28:10.223:	The method "inputText(ytao@mobeewave.com)" are called
14:28:11.034:	The method "clickButton()" are called
14:28:11.939:	The method "waitUntilPage()" are called
14:28:15.666:	Current page is: ReceiptSentConfirmation
14:28:15.666:	page count is: 1
14:28:15.666:	The method "clickButton()" are called
14:28:15.758:	The method "waitUntilPage()" are called
14:28:16.811:	Current page is: Purchase
14:28:16.812:	page count is: 550
14:28:16.812:	The method "test()" are called
14:28:17.132:	Current page is: Purchase
14:28:17.132:	page count is: 551
14:28:17.133:	The method "reachPage()" are called
14:28:17.133:	method reachPage(GP, TransactionHistory) is called.
14:28:17.133:	method reachPage(GP, Purchase) is called.
14:28:17.467:	method goToSidemenuPage(Purchase) is called.
14:28:17.467:	method findCurrentPage(0) is called.
14:28:17.968:	
14:28:18.113:	Current page is: Purchase
14:28:18.113:	method goToSidemenuPage(TransactionHistory) is called.
14:28:18.113:	method findCurrentPage(0) is called.
14:28:18.614:	
14:28:18.779:	Current page is: Purchase
14:28:18.779:	method clickOnPage(Purchase, TransactionHistory, [Ljava.lang.String;@1d1ad8a) is called.
14:28:18.779:	method findCurrentPage(0) is called.
14:28:19.279:	
14:28:19.466:	Current page is: Purchase
14:28:22.873:	Current page is: TransactionHistory
14:28:22.873:	page count is: 34
14:28:22.873:	The method "test()" are called
14:28:23.204:	Current page is: TransactionHistory
14:28:23.204:	page count is: 35
14:28:23.204:	The method "test()" are called
14:28:23.309:	The method "clickButton()" are called
14:28:23.446:	The method "waitUntilPage()" are called
14:28:25.323:	Current page is: TransactionDetails
14:28:25.323:	page count is: 19
14:28:25.323:	The method "test()" are called
14:28:26.126:	Current page is: TransactionDetails
14:28:26.126:	page count is: 20
14:28:26.127:	The method "test()" are called
14:28:26.239:	The method "test()" are called
14:28:26.370:	The method "test()" are called
14:28:26.481:	The method "test()" are called
14:28:26.585:	The method "test()" are called
14:28:26.830:	The method "test()" are called
14:28:27.181:	The method "clickButton()" are called
14:28:27.381:	The method "waitUntilPage()" are called
14:28:29.293:	Current page is: TransactionHistory
14:28:29.293:	page count is: 36
14:28:29.293:	The method "reachPage()" are called
14:28:29.293:	method reachPage(GP, Purchase) is called.
14:28:30.232:	method goToSidemenuPage(Purchase) is called.
14:28:30.232:	method findCurrentPage(0) is called.
14:28:30.733:	
14:28:31.176:	Current page is: TransactionHistory
14:28:31.176:	method clickOnPage(TransactionHistory, Purchase, [Ljava.lang.String;@ae0e6f) is called.
14:28:31.176:	method findCurrentPage(0) is called.
14:28:31.677:	
14:28:32.095:	Current page is: TransactionHistory
14:28:34.615:	Current page is: Purchase
14:28:34.615:	page count is: 555
14:28:34.616:	The method "test()" are called
14:28:34.749:	Current page is: Purchase
14:28:34.749:	page count is: 556
14:28:34.749:	The method "logComment()" are called
14:28:34.749:	<font color='grey'>Email Receipt sent. Please check manually the email receipt is received and correct.</font>
14:28:34.749:	<font color='blue'>Test Case: TS_2&3&4 completed.</font>
14:28:34.749:	-----------------------------------<br>
14:28:34.749:	The method "logComment()" are called
14:28:34.750:	<font color='grey'>Start of purchase void testing - please have SUCCESS testing card placed at the back of device!</font>
14:28:34.750:	The method "logComment()" are called
14:28:34.750:	<font color='grey'>This case assumes the app starts from the Purchase page.</font>
14:28:34.750:	The method "reachPage()" are called
14:28:34.750:	method reachPage(GP, SettingsTerminal) is called.
14:28:34.750:	method reachPage(GP, Purchase) is called.
14:28:34.860:	method goToSidemenuPage(Purchase) is called.
14:28:34.860:	method findCurrentPage(0) is called.
14:28:35.360:	
14:28:35.522:	Current page is: Purchase
14:28:35.522:	method findCurrentPage(0) is called.
14:28:36.022:	
14:28:36.169:	Current page is: Purchase
14:28:37.385:	method login(1) is called.
14:28:38.385:	method enterNumPadOK (123456) is called.
14:28:38.385:	method enterNumPad (123456) is called.
14:28:38.385:	Number to be entered is: 123456
14:28:42.459:	<font color='grey'>User Authentication performed.</font>
14:28:44.542:	Current page is: SettingsTerminal
14:28:44.542:	page count is: 101
14:28:44.542:	The method "setBooleanValue(no)" are called
14:28:44.659:	The method "setBooleanValue(no)" are called
14:28:44.745:	exception caught during click, failed to find SettingsTerminalAddTipValue
14:28:44.745:	The method "setBooleanValue(no)" are called
14:28:44.994:	The method "reachPage()" are called
14:28:44.994:	method reachPage(GP, Purchase) is called.
14:28:45.614:	method goToSidemenuPage(Purchase) is called.
14:28:45.615:	method findCurrentPage(0) is called.
14:28:46.115:	
14:28:46.310:	Current page is: SettingsTerminal
14:28:46.310:	method clickOnPage(SettingsTerminal, Purchase, [Ljava.lang.String;@b0ec3a) is called.
14:28:46.310:	method findCurrentPage(0) is called.
14:28:46.811:	
14:28:47.047:	Current page is: SettingsTerminal
14:28:49.660:	Current page is: Purchase
14:28:49.660:	page count is: 559
14:28:49.660:	The method "singlePurchase()" are called
14:28:49.660:	method singlePurchase(1400, no, , no, ) is called.
14:28:49.661:	method findCurrentPage(1) is called.
14:28:50.162:	
14:28:50.309:	Current page is: Purchase
14:28:50.309:	method enterPurchaseAmount(1400) is called.
14:28:50.309:	method enterNumPadOK (1400) is called.
14:28:50.309:	method enterNumPad (1400) is called.
14:28:50.310:	Number to be entered is: 1400
14:28:52.954:	method findCurrentPage(1) is called.
14:28:53.455:	
14:28:55.445:	Current page is: TapToPay
14:28:55.445:	waiting for card tap
14:28:55.445:	method findCurrentPage(1) is called.
14:28:55.945:	
14:29:00.374:	Current page is: 
14:29:00.374:	reached an unrecognized page: 
14:29:00.568:	exception caught during button click, failed to find NoNetworkConnectionretry
14:29:00.568:	method findCurrentPage(1) is called.
14:29:01.069:	
14:29:07.489:	Current page is: 
14:29:07.489:	reached an unrecognized page: 
14:29:07.550:	exception caught during button click, failed to find NoNetworkConnectionretry
14:29:07.550:	method findCurrentPage(1) is called.
14:29:08.051:	
14:29:08.575:	Current page is: PurchaseResult
14:29:08.575:	<font color='grey'>Transaction is made, Processing time is: 13 seconds.</font>
14:29:08.576:	The method "test()" are called
14:29:09.042:	Current page is: PurchaseResult
14:29:09.042:	page count is: 24
14:29:09.042:	The method "test()" are called
14:29:09.195:	The method "clickButton()" are called
14:29:09.350:	The method "login()" are called
14:29:09.350:	method login(3) is called.
14:29:12.351:	method enterNumPadOK (123456) is called.
14:29:12.351:	method enterNumPad (123456) is called.
14:29:12.351:	Number to be entered is: 123456
14:29:16.239:	<font color='grey'>User Authentication performed.</font>
14:29:16.239:	The method "waitUntilPage()" are called
14:29:22.391:	Current page is: 
14:29:25.771:	Current page is: 
14:29:30.478:	Current page is: 
14:29:31.500:	Current page is: Purchase
14:29:31.500:	page count is: 561
14:29:32.160:	Current page is: Purchase
14:29:32.160:	page count is: 562
14:29:32.823:	Current page is: Purchase
14:29:32.823:	page count is: 563
14:29:33.482:	Current page is: Purchase
14:29:33.482:	page count is: 564
14:29:34.137:	Current page is: Purchase
14:29:34.138:	page count is: 565
14:29:34.790:	Current page is: Purchase
14:29:34.790:	page count is: 566
14:29:35.454:	Current page is: Purchase
14:29:35.455:	page count is: 567
14:29:36.105:	Current page is: Purchase
14:29:36.106:	page count is: 568
14:29:36.910:	Current page is: Purchase
14:29:36.910:	page count is: 569
14:29:37.557:	Current page is: Purchase
14:29:37.557:	page count is: 570
14:29:38.211:	Current page is: Purchase
14:29:38.211:	page count is: 571
14:29:38.851:	Current page is: Purchase
14:29:38.851:	page count is: 572
14:29:39.486:	Current page is: Purchase
14:29:39.486:	page count is: 573
14:29:40.113:	Current page is: Purchase
14:29:40.113:	page count is: 574
14:29:40.741:	Current page is: Purchase
14:29:40.741:	page count is: 575
14:29:41.374:	Current page is: Purchase
14:29:41.374:	page count is: 576
14:29:41.983:	Current page is: Purchase
14:29:41.983:	page count is: 577
14:29:42.603:	Current page is: Purchase
14:29:42.603:	page count is: 578
14:29:43.228:	Current page is: Purchase
14:29:43.228:	page count is: 579
14:29:43.858:	Current page is: Purchase
14:29:43.858:	page count is: 580
14:29:44.505:	Current page is: Purchase
14:29:44.505:	page count is: 581
14:29:45.122:	Current page is: Purchase
14:29:45.122:	page count is: 582
14:29:45.771:	Current page is: Purchase
14:29:45.771:	page count is: 583
14:29:46.389:	Current page is: Purchase
14:29:46.389:	page count is: 584
14:29:46.994:	Current page is: Purchase
14:29:46.994:	page count is: 585
14:29:47.628:	Current page is: Purchase
14:29:47.628:	page count is: 586
14:29:48.249:	Current page is: Purchase
14:29:48.249:	page count is: 587
14:29:48.876:	Current page is: Purchase
14:29:48.876:	page count is: 588
14:29:49.513:	Current page is: Purchase
14:29:49.514:	page count is: 589
14:29:50.150:	Current page is: Purchase
14:29:50.150:	page count is: 590
14:29:50.772:	Current page is: Purchase
14:29:50.772:	page count is: 591
14:29:51.426:	Current page is: Purchase
14:29:51.426:	page count is: 592
14:29:52.050:	Current page is: Purchase
14:29:52.050:	page count is: 593
14:29:52.680:	Current page is: Purchase
14:29:52.680:	page count is: 594
14:29:53.315:	Current page is: Purchase
14:29:53.315:	page count is: 595
14:29:54.534:	Current page is: Purchase
14:29:54.534:	page count is: 596
14:29:55.172:	Current page is: Purchase
14:29:55.172:	page count is: 597
14:29:55.803:	Current page is: Purchase
14:29:55.804:	page count is: 598
14:29:56.449:	Current page is: Purchase
14:29:56.449:	page count is: 599
14:29:57.083:	Current page is: Purchase
14:29:57.083:	page count is: 600
14:29:57.719:	Current page is: Purchase
14:29:57.719:	page count is: 601
14:29:58.360:	Current page is: Purchase
14:29:58.360:	page count is: 602
14:29:58.998:	Current page is: Purchase
14:29:58.998:	page count is: 603
14:29:59.637:	Current page is: Purchase
14:29:59.637:	page count is: 604
14:30:00.428:	Current page is: Purchase
14:30:00.428:	page count is: 605
14:30:01.056:	Current page is: Purchase
14:30:01.056:	page count is: 606
14:30:01.682:	Current page is: Purchase
14:30:01.682:	page count is: 607
14:30:02.314:	Current page is: Purchase
14:30:02.314:	page count is: 608
14:30:02.942:	Current page is: Purchase
14:30:02.942:	page count is: 609
14:30:03.602:	Current page is: Purchase
14:30:03.602:	page count is: 610
14:30:04.266:	Current page is: Purchase
14:30:04.266:	page count is: 611
14:30:04.919:	Current page is: Purchase
14:30:04.919:	page count is: 612
14:30:05.572:	Current page is: Purchase
14:30:05.572:	page count is: 613
14:30:06.227:	Current page is: Purchase
14:30:06.228:	page count is: 614
14:30:06.862:	Current page is: Purchase
14:30:06.862:	page count is: 615
14:30:07.519:	Current page is: Purchase
14:30:07.519:	page count is: 616
14:30:08.187:	Current page is: Purchase
14:30:08.187:	page count is: 617
14:30:08.849:	Current page is: Purchase
14:30:08.849:	page count is: 618
14:30:09.527:	Current page is: Purchase
14:30:09.527:	page count is: 619
14:30:10.363:	Current page is: Purchase
14:30:10.363:	page count is: 620
14:30:11.023:	Current page is: Purchase
14:30:11.023:	page count is: 621
14:30:11.939:	Current page is: Purchase
14:30:11.939:	page count is: 622
14:30:12.552:	Current page is: Purchase
14:30:12.552:	page count is: 623
14:30:13.162:	Current page is: Purchase
14:30:13.162:	page count is: 624
14:30:13.776:	Current page is: Purchase
14:30:13.776:	page count is: 625
14:30:14.396:	Current page is: Purchase
14:30:14.396:	page count is: 626
14:30:14.990:	Current page is: Purchase
14:30:14.990:	page count is: 627
14:30:15.590:	Current page is: Purchase
14:30:15.590:	page count is: 628
14:30:16.201:	Current page is: Purchase
14:30:16.201:	page count is: 629
14:30:16.819:	Current page is: Purchase
14:30:16.819:	page count is: 630
14:30:17.412:	Current page is: Purchase
14:30:17.412:	page count is: 631
14:30:18.018:	Current page is: Purchase
14:30:18.018:	page count is: 632
14:30:18.623:	Current page is: Purchase
14:30:18.624:	page count is: 633
14:30:19.233:	Current page is: Purchase
14:30:19.233:	page count is: 634
14:30:19.896:	Current page is: Purchase
14:30:19.896:	page count is: 635
14:30:20.530:	Current page is: Purchase
14:30:20.530:	page count is: 636
14:30:21.140:	Current page is: Purchase
14:30:21.140:	page count is: 637
14:30:21.798:	Current page is: Purchase
14:30:21.798:	page count is: 638
14:30:22.442:	Current page is: Purchase
14:30:22.442:	page count is: 639
14:30:23.098:	Current page is: Purchase
14:30:23.098:	page count is: 640
14:30:23.752:	Current page is: Purchase
14:30:23.752:	page count is: 641
14:30:24.437:	Current page is: Purchase
14:30:24.437:	page count is: 642
14:30:25.073:	Current page is: Purchase
14:30:25.073:	page count is: 643
14:30:25.675:	Current page is: Purchase
14:30:25.675:	page count is: 644
14:30:26.423:	Current page is: Purchase
14:30:26.423:	page count is: 645
14:30:27.296:	Current page is: Purchase
14:30:27.296:	page count is: 646
14:30:27.968:	Current page is: Purchase
14:30:27.968:	page count is: 647
14:30:28.619:	Current page is: Purchase
14:30:28.619:	page count is: 648
14:30:29.273:	Current page is: Purchase
14:30:29.274:	page count is: 649
14:30:29.948:	Current page is: Purchase
14:30:29.948:	page count is: 650
14:30:30.568:	Current page is: Purchase
14:30:30.568:	page count is: 651
14:30:31.218:	Current page is: Purchase
14:30:31.218:	page count is: 652
14:30:31.891:	Current page is: Purchase
14:30:31.891:	page count is: 653
14:30:32.508:	Current page is: Purchase
14:30:32.508:	page count is: 654
14:30:33.140:	Current page is: Purchase
14:30:33.140:	page count is: 655
14:30:33.772:	Current page is: Purchase
14:30:33.772:	page count is: 656
14:30:34.400:	Current page is: Purchase
14:30:34.400:	page count is: 657
14:30:35.025:	Current page is: Purchase
14:30:35.025:	page count is: 658
14:30:35.652:	Current page is: Purchase
14:30:35.652:	page count is: 659
14:30:36.282:	Current page is: Purchase
14:30:36.282:	page count is: 660
14:30:36.890:	Current page is: Purchase
14:30:36.890:	page count is: 661
14:30:37.518:	Current page is: Purchase
14:30:37.519:	page count is: 662
14:30:38.267:	Current page is: Purchase
14:30:38.267:	page count is: 663
14:30:38.893:	Current page is: Purchase
14:30:38.893:	page count is: 664
14:30:39.538:	Current page is: Purchase
14:30:39.538:	page count is: 665
14:30:40.169:	Current page is: Purchase
14:30:40.169:	page count is: 666
14:30:40.802:	Current page is: Purchase
14:30:40.802:	page count is: 667
14:30:41.409:	Current page is: Purchase
14:30:41.410:	page count is: 668
14:30:42.013:	Current page is: Purchase
14:30:42.013:	page count is: 669
14:30:42.697:	Current page is: Purchase
14:30:42.697:	page count is: 670
14:30:43.347:	Current page is: Purchase
14:30:43.347:	page count is: 671
14:30:43.989:	Current page is: Purchase
14:30:43.989:	page count is: 672
14:30:44.604:	Current page is: Purchase
14:30:44.604:	page count is: 673
14:30:45.230:	Current page is: Purchase
14:30:45.230:	page count is: 674
14:30:45.870:	Current page is: Purchase
14:30:45.870:	page count is: 675
14:30:46.462:	Current page is: Purchase
14:30:46.462:	page count is: 676
14:30:47.077:	Current page is: Purchase
14:30:47.077:	page count is: 677
14:30:47.705:	Current page is: Purchase
14:30:47.706:	page count is: 678
14:30:48.355:	Current page is: Purchase
14:30:48.355:	page count is: 679
14:30:48.988:	Current page is: Purchase
14:30:48.988:	page count is: 680
14:30:49.608:	Current page is: Purchase
14:30:49.608:	page count is: 681
14:30:50.222:	Current page is: Purchase
14:30:50.222:	page count is: 682
14:30:50.855:	Current page is: Purchase
14:30:50.855:	page count is: 683
14:30:51.502:	Current page is: Purchase
14:30:51.502:	page count is: 684
14:30:52.131:	Current page is: Purchase
14:30:52.131:	page count is: 685
14:30:52.745:	Current page is: Purchase
14:30:52.745:	page count is: 686
14:30:53.377:	Current page is: Purchase
14:30:53.377:	page count is: 687
14:30:54.587:	Current page is: Purchase
14:30:54.588:	page count is: 688
14:30:55.211:	Current page is: Purchase
14:30:55.212:	page count is: 689
14:30:55.839:	Current page is: Purchase
14:30:55.839:	page count is: 690
14:30:56.509:	Current page is: Purchase
14:30:56.509:	page count is: 691
14:30:57.176:	Current page is: Purchase
14:30:57.176:	page count is: 692
14:30:57.843:	Current page is: Purchase
14:30:57.843:	page count is: 693
14:30:58.545:	Current page is: Purchase
14:30:58.545:	page count is: 694
14:30:59.418:	Current page is: Purchase
14:30:59.418:	page count is: 695
14:31:00.287:	Current page is: Purchase
14:31:00.287:	page count is: 696
14:31:00.929:	Current page is: Purchase
14:31:00.929:	page count is: 697
14:31:01.605:	Current page is: Purchase
14:31:01.605:	page count is: 698
14:31:02.275:	Current page is: Purchase
14:31:02.275:	page count is: 699
14:31:02.911:	Current page is: Purchase
14:31:02.911:	page count is: 700
14:31:03.564:	Current page is: Purchase
14:31:03.564:	page count is: 701
14:31:04.225:	Current page is: Purchase
14:31:04.225:	page count is: 702
14:31:04.859:	Current page is: Purchase
14:31:04.860:	page count is: 703
14:31:05.531:	Current page is: Purchase
14:31:05.531:	page count is: 704
14:31:06.179:	Current page is: Purchase
14:31:06.179:	page count is: 705
14:31:06.852:	Current page is: Purchase
14:31:06.852:	page count is: 706
14:31:07.505:	Current page is: Purchase
14:31:07.505:	page count is: 707
14:31:08.182:	Current page is: Purchase
14:31:08.182:	page count is: 708
14:31:08.829:	Current page is: Purchase
14:31:08.830:	page count is: 709
14:31:09.478:	Current page is: Purchase
14:31:09.478:	page count is: 710
14:31:10.165:	Current page is: Purchase
14:31:10.165:	page count is: 711
14:31:10.826:	Current page is: Purchase
14:31:10.826:	page count is: 712
14:31:11.615:	Current page is: Purchase
14:31:11.615:	page count is: 713
14:31:12.281:	Current page is: Purchase
14:31:12.281:	page count is: 714
14:31:12.934:	Current page is: Purchase
14:31:12.934:	page count is: 715
14:31:13.606:	Current page is: Purchase
14:31:13.606:	page count is: 716
14:31:14.259:	Current page is: Purchase
14:31:14.259:	page count is: 717
14:31:14.977:	Current page is: Purchase
14:31:14.977:	page count is: 718
14:31:15.646:	Current page is: Purchase
14:31:15.646:	page count is: 719
14:31:16.312:	Current page is: Purchase
14:31:16.312:	page count is: 720
14:31:16.812:	The method "test()" are called
14:31:16.975:	Current page is: Purchase
14:31:16.975:	page count is: 721
14:31:16.976:	The method "test()" are called
14:31:17.052:	The method "test()" are called
14:31:17.129:	The method "clickButton()" are called
14:31:17.198:	exception caught during button click, failed to find PurchaseResultNoReceipt
14:31:17.198:	The method "waitUntilPage()" are called
14:31:17.339:	Current page is: Purchase
14:31:17.339:	page count is: 722
14:31:17.339:	The method "test()" are called
14:31:17.470:	Current page is: Purchase
14:31:17.470:	page count is: 723
14:31:17.470:	The method "reachPage()" are called
14:31:17.470:	method reachPage(GP, TransactionHistory) is called.
14:31:17.470:	method reachPage(GP, Purchase) is called.
14:31:17.612:	method goToSidemenuPage(Purchase) is called.
14:31:17.612:	method findCurrentPage(0) is called.
14:31:18.113:	
14:31:18.282:	Current page is: Purchase
14:31:18.282:	method goToSidemenuPage(TransactionHistory) is called.
14:31:18.282:	method findCurrentPage(0) is called.
14:31:18.783:	
14:31:18.932:	Current page is: Purchase
14:31:18.932:	method clickOnPage(Purchase, TransactionHistory, [Ljava.lang.String;@e4c424) is called.
14:31:18.933:	method findCurrentPage(0) is called.
14:31:19.433:	
14:31:19.586:	Current page is: Purchase
14:31:23.372:	Current page is: TransactionHistory
14:31:23.372:	page count is: 39
14:31:23.372:	The method "test()" are called
14:31:23.709:	Current page is: TransactionHistory
14:31:23.709:	page count is: 40
14:31:23.709:	The method "test()" are called
14:31:23.813:	The method "clickButton()" are called
14:31:23.972:	The method "waitUntilPage()" are called
14:31:26.174:	Current page is: TransactionDetails
14:31:26.175:	page count is: 21
14:31:26.175:	The method "test()" are called
14:31:27.046:	Current page is: TransactionDetails
14:31:27.046:	page count is: 22
14:31:27.047:	The method "test()" are called
14:31:27.187:	The method "test()" are called
14:31:27.324:	The method "test()" are called
14:31:27.455:	The method "test()" are called
14:31:27.600:	The method "test()" are called
14:31:27.733:	The method "test()" are called
14:31:27.835:	The method "clickButton()" are called
14:31:27.987:	The method "waitUntilPage()" are called
14:31:30.478:	Current page is: TransactionHistory
14:31:30.478:	page count is: 41
14:31:30.478:	The method "reachPage()" are called
14:31:30.478:	method reachPage(GP, Purchase) is called.
14:31:30.565:	method goToSidemenuPage(Purchase) is called.
14:31:30.565:	method findCurrentPage(0) is called.
14:31:31.065:	
14:31:31.513:	Current page is: TransactionHistory
14:31:31.513:	method clickOnPage(TransactionHistory, Purchase, [Ljava.lang.String;@544e6b) is called.
14:31:31.513:	method findCurrentPage(0) is called.
14:31:32.014:	
14:31:32.470:	Current page is: TransactionHistory
14:31:34.912:	Current page is: Purchase
14:31:34.912:	page count is: 727
14:31:34.912:	The method "test()" are called
14:31:35.013:	Current page is: Purchase
14:31:35.013:	page count is: 728
14:31:35.013:	<font color='blue'>Test Case: TS_7 completed.</font>
14:31:35.013:	-----------------------------------<br>
14:31:35.014:	The method "logComment()" are called
14:31:35.014:	<font color='grey'>Start of refund and void refund testing - please have SUCCESS testing card placed at the back of device!</font>
14:31:35.014:	The method "logComment()" are called
14:31:35.014:	<font color='grey'>This case assumes the app starts from the Purchase page.</font>
14:31:35.015:	The method "launch()" are called
14:31:35.015:	method launch (120) is called.
14:31:35.015:	method launch (CBA, 120) is called.
14:31:35.015:	method findCurrentPage(120) is called.
14:31:35.515:	
14:31:35.625:	Current page is: Purchase
14:31:35.625:	This page Purchase is not recognized.
14:31:35.625:	method findCurrentPage(120) is called.
14:31:36.126:	
14:31:36.259:	Current page is: Purchase
14:31:36.260:	This page Purchase is not recognized.
14:31:36.260:	method findCurrentPage(120) is called.
14:31:36.761:	
14:31:36.872:	Current page is: Purchase
14:31:36.872:	This page Purchase is not recognized.
14:31:36.872:	method findCurrentPage(120) is called.
14:31:37.372:	
14:31:37.482:	Current page is: Purchase
14:31:37.482:	This page Purchase is not recognized.
14:31:37.482:	method findCurrentPage(120) is called.
14:31:37.983:	
14:31:38.107:	Current page is: Purchase
14:31:38.107:	This page Purchase is not recognized.
14:31:38.107:	method findCurrentPage(120) is called.
14:31:38.608:	
14:31:38.709:	Current page is: Purchase
14:31:38.709:	This page Purchase is not recognized.
14:31:38.709:	method findCurrentPage(120) is called.
14:31:39.209:	
14:31:39.343:	Current page is: Purchase
14:31:39.343:	This page Purchase is not recognized.
14:31:39.343:	method findCurrentPage(120) is called.
14:31:39.843:	
14:31:39.975:	Current page is: Purchase
14:31:39.975:	This page Purchase is not recognized.
14:31:39.975:	method findCurrentPage(120) is called.
14:31:40.476:	
14:31:40.611:	Current page is: Purchase
14:31:40.611:	This page Purchase is not recognized.
14:31:40.611:	method findCurrentPage(120) is called.
14:31:41.112:	
14:31:41.227:	Current page is: Purchase
14:31:41.227:	This page Purchase is not recognized.
14:31:41.227:	method findCurrentPage(120) is called.
14:31:41.727:	
14:31:41.840:	Current page is: Purchase
14:31:41.840:	This page Purchase is not recognized.
14:31:41.840:	method findCurrentPage(120) is called.
14:31:42.341:	
14:31:42.474:	Current page is: Purchase
14:31:42.474:	This page Purchase is not recognized.
14:31:42.474:	method findCurrentPage(120) is called.
14:31:42.975:	
14:31:43.105:	Current page is: Purchase
14:31:43.105:	This page Purchase is not recognized.
14:31:43.105:	method findCurrentPage(120) is called.
14:31:43.607:	
14:31:43.724:	Current page is: Purchase
14:31:43.724:	This page Purchase is not recognized.
14:31:43.724:	method findCurrentPage(120) is called.
14:31:44.225:	
14:31:44.359:	Current page is: Purchase
14:31:44.359:	This page Purchase is not recognized.
14:31:44.359:	method findCurrentPage(120) is called.
14:31:44.860:	
14:31:44.988:	Current page is: Purchase
14:31:44.988:	This page Purchase is not recognized.
14:31:44.988:	method findCurrentPage(120) is called.
14:31:45.489:	
14:31:45.722:	Current page is: Purchase
14:31:45.722:	This page Purchase is not recognized.
14:31:45.722:	method findCurrentPage(120) is called.
14:31:46.222:	
14:31:46.512:	Current page is: Purchase
14:31:46.512:	This page Purchase is not recognized.
14:31:46.512:	method findCurrentPage(120) is called.
14:31:47.013:	
14:31:47.258:	Current page is: Purchase
14:31:47.258:	This page Purchase is not recognized.
14:31:47.258:	method findCurrentPage(120) is called.
14:31:47.759:	
14:31:47.879:	Current page is: Purchase
14:31:47.880:	This page Purchase is not recognized.
14:31:47.880:	method findCurrentPage(120) is called.
14:31:48.380:	
14:31:48.675:	Current page is: Purchase
14:31:48.676:	This page Purchase is not recognized.
14:31:48.676:	method findCurrentPage(120) is called.
14:31:49.176:	
14:31:49.287:	Current page is: Purchase
14:31:49.287:	This page Purchase is not recognized.
14:31:49.287:	method findCurrentPage(120) is called.
14:31:49.788:	
14:31:49.927:	Current page is: Purchase
14:31:49.928:	This page Purchase is not recognized.
14:31:49.928:	method findCurrentPage(120) is called.
14:31:50.428:	
14:31:50.549:	Current page is: Purchase
14:31:50.549:	This page Purchase is not recognized.
14:31:50.549:	method findCurrentPage(120) is called.
14:31:51.049:	
14:31:51.173:	Current page is: Purchase
14:31:51.173:	This page Purchase is not recognized.
14:31:51.173:	method findCurrentPage(120) is called.
14:31:51.674:	
14:31:51.807:	Current page is: Purchase
14:31:51.807:	This page Purchase is not recognized.
14:31:51.807:	method findCurrentPage(120) is called.
14:31:52.308:	
14:31:52.419:	Current page is: Purchase
14:31:52.419:	This page Purchase is not recognized.
14:31:52.419:	method findCurrentPage(120) is called.
14:31:52.919:	
14:31:53.033:	Current page is: Purchase
14:31:53.033:	This page Purchase is not recognized.
14:31:53.033:	method findCurrentPage(120) is called.
14:31:53.534:	
14:31:53.687:	Current page is: Purchase
14:31:53.687:	This page Purchase is not recognized.
14:31:53.687:	method findCurrentPage(120) is called.
14:31:54.187:	
14:31:54.649:	Current page is: Purchase
14:31:54.649:	This page Purchase is not recognized.
14:31:54.649:	method findCurrentPage(120) is called.
14:31:55.150:	
14:31:55.286:	Current page is: Purchase
14:31:55.286:	This page Purchase is not recognized.
14:31:55.286:	method findCurrentPage(120) is called.
14:31:55.787:	
14:31:55.923:	Current page is: Purchase
14:31:55.924:	This page Purchase is not recognized.
14:31:55.924:	method findCurrentPage(120) is called.
14:31:56.424:	
14:31:56.572:	Current page is: Purchase
14:31:56.572:	This page Purchase is not recognized.
14:31:56.572:	method findCurrentPage(120) is called.
14:31:57.072:	
14:31:57.227:	Current page is: Purchase
14:31:57.227:	This page Purchase is not recognized.
14:31:57.227:	method findCurrentPage(120) is called.
14:31:57.728:	
14:31:57.852:	Current page is: Purchase
14:31:57.852:	This page Purchase is not recognized.
14:31:57.852:	method findCurrentPage(120) is called.
14:31:58.353:	
14:31:58.532:	Current page is: Purchase
14:31:58.532:	This page Purchase is not recognized.
14:31:58.532:	method findCurrentPage(120) is called.
14:31:59.032:	
14:31:59.219:	Current page is: Purchase
14:31:59.220:	This page Purchase is not recognized.
14:31:59.220:	method findCurrentPage(120) is called.
14:31:59.720:	
14:31:59.870:	Current page is: Purchase
14:31:59.870:	This page Purchase is not recognized.
14:31:59.870:	method findCurrentPage(120) is called.
14:32:00.371:	
14:32:00.547:	Current page is: Purchase
14:32:00.547:	This page Purchase is not recognized.
14:32:00.547:	method findCurrentPage(120) is called.
14:32:01.048:	
14:32:01.162:	Current page is: Purchase
14:32:01.163:	This page Purchase is not recognized.
14:32:01.163:	method findCurrentPage(120) is called.
14:32:01.663:	
14:32:01.807:	Current page is: Purchase
14:32:01.808:	This page Purchase is not recognized.
14:32:01.808:	method findCurrentPage(120) is called.
14:32:02.308:	
14:32:02.452:	Current page is: Purchase
14:32:02.452:	This page Purchase is not recognized.
14:32:02.452:	method findCurrentPage(120) is called.
14:32:02.953:	
14:32:03.125:	Current page is: Purchase
14:32:03.125:	This page Purchase is not recognized.
14:32:03.125:	method findCurrentPage(120) is called.
14:32:03.626:	
14:32:03.780:	Current page is: Purchase
14:32:03.780:	This page Purchase is not recognized.
14:32:03.780:	method findCurrentPage(120) is called.
14:32:04.280:	
14:32:04.428:	Current page is: Purchase
14:32:04.428:	This page Purchase is not recognized.
14:32:04.428:	method findCurrentPage(120) is called.
14:32:04.929:	
14:32:05.073:	Current page is: Purchase
14:32:05.073:	This page Purchase is not recognized.
14:32:05.073:	method findCurrentPage(120) is called.
14:32:05.573:	
14:32:05.724:	Current page is: Purchase
14:32:05.724:	This page Purchase is not recognized.
14:32:05.724:	method findCurrentPage(120) is called.
14:32:06.225:	
14:32:06.357:	Current page is: Purchase
14:32:06.357:	This page Purchase is not recognized.
14:32:06.357:	method findCurrentPage(120) is called.
14:32:06.858:	
14:32:07.017:	Current page is: Purchase
14:32:07.017:	This page Purchase is not recognized.
14:32:07.017:	method findCurrentPage(120) is called.
14:32:07.518:	
14:32:07.676:	Current page is: Purchase
14:32:07.676:	This page Purchase is not recognized.
14:32:07.676:	method findCurrentPage(120) is called.
14:32:08.176:	
14:32:08.327:	Current page is: Purchase
14:32:08.327:	This page Purchase is not recognized.
14:32:08.328:	method findCurrentPage(120) is called.
14:32:08.828:	
14:32:08.959:	Current page is: Purchase
14:32:08.960:	This page Purchase is not recognized.
14:32:08.960:	method findCurrentPage(120) is called.
14:32:09.461:	
14:32:09.623:	Current page is: Purchase
14:32:09.623:	This page Purchase is not recognized.
14:32:09.623:	method findCurrentPage(120) is called.
14:32:10.124:	
14:32:15.877:	Current page is: 
14:32:15.877:	This page  is not recognized.
14:32:15.877:	method findCurrentPage(120) is called.
14:32:16.378:	
