---------Start of logs---------
06:50:13.767:	writeElement is called
06:50:13.767:	method get (ActivatingSecureElement) is called.
06:50:13.767:	weight is: 0
06:50:13.768:	method get (AllowBatterySettingsChange) is called.
06:50:13.768:	weight is: 0
06:50:13.768:	method get (AllowTimeoutSettingsChange) is called.
06:50:13.768:	weight is: 0
06:50:13.768:	method get (AndroidAlert) is called.
06:50:13.768:	weight is: 0
06:50:13.768:	method get (AndroidDeviceSettings) is called.
06:50:13.768:	weight is: 0
06:50:13.769:	method get (EnterPIN) is called.
06:50:13.769:	weight is: 9
06:50:13.769:	method get (MerchantPassword) is called.
06:50:13.769:	weight is: 1
06:50:13.769:	method get (MerchantSignIn) is called.
06:50:13.769:	weight is: 1
06:50:13.769:	method get (NoNetworkConnection) is called.
06:50:13.769:	weight is: 0
06:50:13.770:	method get (ProvisionUpdateComplete) is called.
06:50:13.770:	weight is: 1
06:50:13.770:	method get (PurchaseDescription) is called.
06:50:13.770:	weight is: 0
06:50:13.770:	method get (SettingsAdvanced) is called.
06:50:13.770:	weight is: 11
06:50:13.772:	method get (SettingsTerminal) is called.
06:50:13.772:	weight is: 82
06:50:13.775:	method get (SignInSelection) is called.
06:50:13.775:	weight is: 2
06:50:13.775:	method get (PurchaseResult) is called.
06:50:13.775:	weight is: 18
06:50:13.776:	method get (UpdateRequired) is called.
06:50:13.776:	weight is: 1
06:50:13.777:	method get (ConnectionErrorDuringProvision) is called.
06:50:13.778:	weight is: 0
06:50:13.778:	method get (PleaseRestartYourPhone) is called.
06:50:13.778:	weight is: 0
06:50:13.778:	method get (UpdatingSecureElement) is called.
06:50:13.778:	weight is: 2
06:50:13.780:	method get (TermsAndConditions) is called.
06:50:13.780:	weight is: 0
06:50:13.780:	method get (ContactUs) is called.
06:50:13.780:	weight is: 0
06:50:13.781:	method get (UserManagement) is called.
06:50:13.781:	weight is: 0
06:50:13.782:	method get (EditUser) is called.
06:50:13.783:	weight is: 0
06:50:13.785:	method get (DeleteUserConfirmation) is called.
06:50:13.785:	weight is: 0
06:50:13.785:	method get (AddNewUser) is called.
06:50:13.785:	weight is: 0
06:50:13.787:	method get (UserCreated) is called.
06:50:13.788:	weight is: 0
06:50:13.788:	method get (TransactionReports) is called.
06:50:13.788:	weight is: 0
06:50:13.791:	method get (TransactionHistory) is called.
06:50:13.791:	weight is: 28
06:50:13.793:	method get (NewTagScanned) is called.
06:50:13.793:	weight is: 0
06:50:13.793:	method get (Purchase) is called.
06:50:13.793:	weight is: 511
06:50:13.797:	method get (TapToPay) is called.
06:50:13.797:	weight is: 31
06:50:13.798:	method get (CardNotSupported) is called.
06:50:13.798:	weight is: 0
06:50:13.798:	method get (EmailReceiptForPurchase) is called.
06:50:13.798:	weight is: 0
06:50:13.800:	method get (ReceiptSentConfirmation) is called.
06:50:13.800:	weight is: 0
06:50:13.800:	method get (ProcessingPayment) is called.
06:50:13.800:	weight is: 0
06:50:13.802:	method get (PurchaseNotCompleted) is called.
06:50:13.802:	weight is: 0
06:50:13.802:	method get (SetTipDuringPurchase) is called.
06:50:13.802:	weight is: 0
06:50:13.805:	method get (AddTip) is called.
06:50:13.805:	weight is: 0
06:50:13.807:	method get (CreateNewPassword) is called.
06:50:13.807:	weight is: 0
06:50:13.808:	method get (EnterNewPIN) is called.
06:50:13.809:	weight is: 0
06:50:13.809:	method get (ConfirmNewPIN) is called.
06:50:13.809:	weight is: 0
06:50:13.810:	method get (CancelTransaction) is called.
06:50:13.810:	weight is: 12
06:50:13.813:	method get (PurchaseTimedOut) is called.
06:50:13.813:	weight is: 0
06:50:13.814:	method get (TransactionSearch) is called.
06:50:13.814:	weight is: 0
06:50:13.817:	method get (TransactionDetails) is called.
06:50:13.817:	weight is: 16
06:50:13.821:	method get (AccountLocked) is called.
06:50:13.821:	weight is: 0
06:50:13.821:	method get (ForgotPIN) is called.
06:50:13.821:	weight is: 0
06:50:13.823:	method get (ResetPIN) is called.
06:50:13.823:	weight is: 0
06:50:13.825:	method get (InvalidCredentials) is called.
06:50:13.825:	weight is: 0
06:50:13.826:	method get (VoidProcessingPayment) is called.
06:50:13.826:	weight is: 0
06:50:13.827:	method get (SecurityImage) is called.
06:50:13.827:	weight is: 0
06:50:13.829:	method get (ProvisionActivateComplete) is called.
06:50:13.829:	weight is: 0
06:50:13.829:	method get (PaymentAcceptanceSetup) is called.
06:50:13.829:	weight is: 0
06:50:13.832:	method get (DatePicker) is called.
06:50:13.832:	weight is: 0
06:50:13.833:	method get (ReportSentConfirmation) is called.
06:50:13.833:	weight is: 0
06:50:13.834:	method get (EnterOldPIN) is called.
06:50:13.834:	weight is: 0
06:50:13.835:	method get (PINUpdated) is called.
06:50:13.835:	weight is: 0
06:50:13.835:	method get (EnterRefundAmount) is called.
06:50:13.835:	weight is: 4
06:50:13.835:	method get (Signature) is called.
06:50:13.835:	weight is: 6
06:50:13.837:	method get (ConfirmSettlement) is called.
06:50:13.838:	weight is: 1
06:50:13.839:	.\src\Testcase configuration\Element Config\app elements - Pep Debug.csvhas been read.
06:50:13.841:	.\src\Testcase configuration\Element Config\app elements - Pep Debug.csvhas been written.
06:50:14.258:	reportHeader is: <!DOCTYPE html PUBLIC "-//W3C//DTD XHTML 1.1//EN" "http://www.w3.org/TR/xhtml11/DTD/xhtml11.dtd">
<html xmlns="http://www.w3.org/1999/xhtml">
<head>
<meta http-equiv="content-type" content="text/html; charset=UTF-8"/>
<title>Mobeewave Automation Report</title>
<style type="text/css">table {margin-bottom:10px;border-collapse:collapse;empty-cells:show}th,td {border:1px solid #009;padding:.25em .5em}th {vertical-align:bottom}td {vertical-align:top}table a {font-weight:bold}.stripe td {background-color: #E6EBF9}.num {text-align:right}.passedodd td {background-color: #3F3}.passedeven td {background-color: #0A0}.skippedodd td {background-color: #DDD}.skippedeven td {background-color: #CCC}.failedodd td,.attn {background-color: #F33}.failedeven td,.stripe .attn {background-color: #D00}.stacktrace {white-space:pre;font-family:monospace}.totop {font-size:85%;text-align:center;border-bottom:2px solid #000}.invisible {display:none}</style>
</head>
<body>
<table>
<tr><th colspan="7">Test Statistics</th></tr>
<tr><td><a href="#t0">Default test</a></td><td class="num">18,571</td></tr>
</table>
<h2>Default test</h2>
<table class="result"><tr><th>Result</th></tr><tr><td><div class="stacktrace">
06:50:14.265:	reportFooter is: </div></td></tr></table><p class="totop"><a href="#summary">back to summary</a></p>
</body>
</html>
06:50:14.265:	reportContent is: <font color='grey'>Start of base purchase cancellation - please make sure NO card is placed behind the device!</font>
<br><font color='grey'>App launched and awaiting for login.</font>
<br><font color='grey'>User Authentication performed.</font>
<br><font color='grey'>User Authentication performed.</font>
<br>Current page is equal to Purchase, <font color='green'>test passed</font>.<br>
<font color='blue'>Test Case: TS_5 completed.</font>
<br>-----------------------------------<br>
<br><font color='grey'>Start of base purchase cancellation - please make sure NO card is placed behind the device!</font>
<br><font color='grey'>This case assumes the app starts from the Purchase page.</font>
<br><font color='grey'>User Authentication performed.</font>
<br><font color='grey'>User Authentication performed.</font>
<br>Current page is equal to Purchase, <font color='green'>test passed</font>.<br>
<font color='blue'>Test Case: TS_6 completed.</font>
<br>-----------------------------------<br>
<br>
