---------Start of logs---------
11:04:21.889:	The method "logComment()" are called
11:04:21.889:	<font color='grey'>Start of base purchase cancellation - please make sure NO card is placed behind the device!</font>
11:04:21.889:	The method "launch()" are called
11:04:21.889:	method launch (120) is called.
11:04:21.889:	method launch (CBA, 120) is called.
11:04:21.889:	method findCurrentPage(120) is called.
11:04:22.389:	
11:04:22.395:	Current page is: 
11:04:22.396:	This page  is not recognized.
11:04:22.396:	method findCurrentPage(120) is called.
11:04:22.896:	
11:04:22.898:	Current page is: 
11:04:22.898:	This page  is not recognized.
11:04:22.898:	method findCurrentPage(120) is called.
11:04:23.399:	
11:04:23.400:	Current page is: 
11:04:23.400:	This page  is not recognized.
11:04:23.400:	method findCurrentPage(120) is called.
11:04:23.901:	
11:04:23.902:	Current page is: 
11:04:23.903:	This page  is not recognized.
11:04:23.903:	method findCurrentPage(120) is called.
11:04:24.403:	
11:04:24.404:	Current page is: 
11:04:24.404:	This page  is not recognized.
11:04:24.405:	The method "login()" are called
11:04:24.405:	method login(1) is called.
11:04:25.405:	method enterNumPadOK (123456) is called.
11:04:25.405:	method enterNumPad (123456) is called.
11:04:25.405:	Number to be entered is: 123456
11:04:25.732:	exception caught, not on PIN entering page.
11:04:25.963:	exception caught, not on PIN entering page.
11:04:25.964:	<font color='grey'>User Authentication performed.</font>
11:04:25.964:	The method "waitUntilPage()" are called
11:04:28.610:	Current page is: MerchantSignIn
11:04:28.610:	page count is: 2
11:04:30.740:	Current page is: MerchantSignIn
11:04:30.740:	page count is: 3
11:04:32.592:	Current page is: MerchantSignIn
11:04:32.592:	page count is: 4
11:04:34.299:	Current page is: MerchantSignIn
11:04:34.299:	page count is: 5
11:04:35.974:	Current page is: MerchantSignIn
11:04:35.974:	page count is: 6
11:04:37.643:	Current page is: MerchantSignIn
11:04:37.643:	page count is: 7
11:04:39.397:	Current page is: MerchantSignIn
11:04:39.397:	page count is: 8
11:04:40.963:	Current page is: MerchantSignIn
11:04:40.963:	page count is: 9
11:04:42.483:	Current page is: MerchantSignIn
11:04:42.483:	page count is: 10
