---------Start of logs---------
11:15:48.806:	The method "logComment()" are called
11:15:48.806:	<font color='grey'>Start of base purchase cancellation - please make sure NO card is placed behind the device!</font>
11:15:48.806:	The method "launch()" are called
11:15:48.806:	method launch (120) is called.
11:15:48.807:	method launch (CBA, 120) is called.
11:15:48.807:	method findCurrentPage(120) is called.
11:15:49.308:	
11:15:49.310:	Current page is: 
11:15:49.310:	This page  is not recognized.
11:15:49.310:	method findCurrentPage(120) is called.
11:15:49.811:	
11:15:49.814:	Current page is: 
11:15:49.814:	This page  is not recognized.
11:15:49.814:	method findCurrentPage(120) is called.
11:15:50.315:	
11:15:50.318:	Current page is: 
11:15:50.318:	This page  is not recognized.
11:15:50.318:	method findCurrentPage(120) is called.
11:15:50.819:	
11:15:50.821:	Current page is: 
11:15:50.821:	This page  is not recognized.
11:15:50.821:	method findCurrentPage(120) is called.
11:15:51.321:	
11:15:51.321:	Current page is: 
11:15:51.321:	This page  is not recognized.
11:15:51.321:	method findCurrentPage(120) is called.
11:15:51.822:	
11:15:51.825:	Current page is: 
11:15:51.825:	This page  is not recognized.
11:15:51.825:	method findCurrentPage(120) is called.
11:15:52.325:	
11:15:52.333:	Current page is: 
11:15:52.333:	This page  is not recognized.
11:15:52.334:	method findCurrentPage(120) is called.
11:15:52.835:	
11:15:52.836:	Current page is: 
11:15:52.836:	This page  is not recognized.
11:15:52.836:	method findCurrentPage(120) is called.
11:15:53.337:	
11:15:53.340:	Current page is: 
11:15:53.340:	This page  is not recognized.
11:15:53.340:	method findCurrentPage(120) is called.
11:15:53.840:	
11:15:53.841:	Current page is: 
11:15:53.841:	This page  is not recognized.
11:15:53.841:	method findCurrentPage(120) is called.
