---------Start of logs---------
09:50:46.449:	The method "logComment()" are called
09:50:46.449:	<font color='grey'>Start of base purchase test case - please have SUCCESS testing card placed at the back of device!</font>
09:50:46.449:	The method "launch()" are called
09:50:46.449:	method launch (120) is called.
09:50:46.449:	method launch (CBA, 120) is called.
09:50:46.449:	method findCurrentPage(120) is called.
09:50:46.950:	
09:50:56.021:	Current page is: 
09:50:56.021:	This page  is not recognized.
09:50:56.021:	method findCurrentPage(120) is called.
09:50:56.523:	
09:50:57.844:	Current page is: SignInSelection
09:50:58.011:	method findCurrentPage(120) is called.
09:50:58.511:	
09:51:05.973:	Current page is: 
09:51:05.973:	This page  is not recognized.
09:51:05.974:	method findCurrentPage(120) is called.
09:51:06.475:	
09:51:14.201:	Current page is: 
09:51:14.201:	This page  is not recognized.
09:51:14.201:	method findCurrentPage(120) is called.
09:51:14.701:	
