---------Start of logs---------
11:35:09.810:	writeElement is called
11:35:09.811:	method get (ActivatingSecureElement) is called.
11:35:09.811:	weight is: 0
11:35:09.811:	method get (AllowBatterySettingsChange) is called.
11:35:09.811:	weight is: 0
11:35:09.811:	method get (AllowTimeoutSettingsChange) is called.
11:35:09.811:	weight is: 0
11:35:09.811:	method get (AndroidAlert) is called.
11:35:09.811:	weight is: 0
11:35:09.811:	method get (AndroidDeviceSettings) is called.
11:35:09.812:	weight is: 0
11:35:09.813:	method get (EnterPIN) is called.
11:35:09.813:	weight is: 3
11:35:09.815:	method get (MerchantPassword) is called.
11:35:09.815:	weight is: 0
11:35:09.815:	method get (MerchantSignIn) is called.
11:35:09.815:	weight is: 0
11:35:09.815:	method get (NoNetworkConnection) is called.
11:35:09.815:	weight is: 0
11:35:09.815:	method get (ProvisionUpdateComplete) is called.
11:35:09.815:	weight is: 0
11:35:09.815:	method get (PurchaseDescription) is called.
11:35:09.816:	weight is: 0
11:35:09.816:	method get (SettingsAdvanced) is called.
11:35:09.816:	weight is: 12
11:35:09.816:	method get (SettingsTerminal) is called.
11:35:09.816:	weight is: 15
11:35:09.818:	method get (SignInSelection) is called.
11:35:09.819:	weight is: 0
11:35:09.819:	method get (PurchaseResult) is called.
11:35:09.819:	weight is: 15
11:35:09.819:	method get (UpdateRequired) is called.
11:35:09.819:	weight is: 0
11:35:09.819:	method get (ConnectionErrorDuringProvision) is called.
11:35:09.819:	weight is: 0
11:35:09.820:	method get (PleaseRestartYourPhone) is called.
11:35:09.820:	weight is: 0
11:35:09.821:	method get (UpdatingSecureElement) is called.
11:35:09.821:	weight is: 0
11:35:09.821:	method get (TermsAndConditions) is called.
11:35:09.821:	weight is: 0
11:35:09.821:	method get (ContactUs) is called.
11:35:09.821:	weight is: 0
11:35:09.822:	method get (UserManagement) is called.
11:35:09.822:	weight is: 0
11:35:09.823:	method get (EditUser) is called.
11:35:09.823:	weight is: 0
11:35:09.825:	method get (DeleteUserConfirmation) is called.
11:35:09.825:	weight is: 0
11:35:09.825:	method get (AddNewUser) is called.
11:35:09.825:	weight is: 0
11:35:09.826:	method get (UserCreated) is called.
11:35:09.826:	weight is: 0
11:35:09.828:	method get (TransactionReports) is called.
11:35:09.828:	weight is: 0
11:35:09.829:	method get (TransactionHistory) is called.
11:35:09.829:	weight is: 42
11:35:09.830:	method get (NewTagScanned) is called.
11:35:09.830:	weight is: 0
11:35:09.831:	method get (Purchase) is called.
11:35:09.831:	weight is: 63
11:35:09.833:	method get (TapToPay) is called.
11:35:09.833:	weight is: 0
11:35:09.834:	method get (CardNotSupported) is called.
11:35:09.834:	weight is: 0
11:35:09.834:	method get (EmailReceiptForPurchase) is called.
11:35:09.834:	weight is: 0
11:35:09.835:	method get (ReceiptSentConfirmation) is called.
11:35:09.835:	weight is: 0
11:35:09.836:	method get (ProcessingPayment) is called.
11:35:09.836:	weight is: 0
11:35:09.836:	method get (PurchaseNotCompleted) is called.
11:35:09.836:	weight is: 0
11:35:09.836:	method get (SetTipDuringPurchase) is called.
11:35:09.836:	weight is: 0
11:35:09.838:	method get (AddTip) is called.
11:35:09.838:	weight is: 0
11:35:09.840:	method get (CreateNewPassword) is called.
11:35:09.840:	weight is: 0
11:35:09.842:	method get (EnterNewPIN) is called.
11:35:09.842:	weight is: 0
11:35:09.843:	method get (ConfirmNewPIN) is called.
11:35:09.843:	weight is: 0
11:35:09.844:	method get (CancelTransaction) is called.
11:35:09.844:	weight is: 0
11:35:09.846:	method get (PurchaseTimedOut) is called.
11:35:09.846:	weight is: 0
11:35:09.847:	method get (TransactionSearch) is called.
11:35:09.847:	weight is: 0
11:35:09.850:	method get (TransactionDetails) is called.
11:35:09.850:	weight is: 24
11:35:09.852:	method get (AccountLocked) is called.
11:35:09.852:	weight is: 0
11:35:09.853:	method get (ForgotPIN) is called.
11:35:09.853:	weight is: 0
11:35:09.854:	method get (ResetPIN) is called.
11:35:09.854:	weight is: 0
11:35:09.855:	method get (InvalidCredentials) is called.
11:35:09.855:	weight is: 0
11:35:09.857:	method get (VoidProcessingPayment) is called.
11:35:09.857:	weight is: 0
11:35:09.857:	method get (SecurityImage) is called.
11:35:09.857:	weight is: 0
11:35:09.858:	method get (ProvisionActivateComplete) is called.
11:35:09.858:	weight is: 0
11:35:09.860:	method get (PaymentAcceptanceSetup) is called.
11:35:09.860:	weight is: 0
11:35:09.862:	method get (DatePicker) is called.
11:35:09.862:	weight is: 0
11:35:09.862:	method get (ReportSentConfirmation) is called.
11:35:09.862:	weight is: 0
11:35:09.863:	method get (EnterOldPIN) is called.
11:35:09.863:	weight is: 0
11:35:09.863:	method get (PINUpdated) is called.
11:35:09.863:	weight is: 0
11:35:09.864:	method get (EnterRefundAmount) is called.
11:35:09.865:	weight is: 6
11:35:09.865:	method get (Signature) is called.
11:35:09.865:	weight is: 3
11:35:09.866:	.\src\Testcase configuration\Element Config\app elements - GP Debug.csvhas been read.
11:35:09.867:	.\src\Testcase configuration\Element Config\app elements - GP Debug.csvhas been written.
11:35:10.097:	reportHeader is: <!DOCTYPE html PUBLIC "-//W3C//DTD XHTML 1.1//EN" "http://www.w3.org/TR/xhtml11/DTD/xhtml11.dtd">
<html xmlns="http://www.w3.org/1999/xhtml">
<head>
<meta http-equiv="content-type" content="text/html; charset=UTF-8"/>
<title>Mobeewave Automation Report</title>
<style type="text/css">table {margin-bottom:10px;border-collapse:collapse;empty-cells:show}th,td {border:1px solid #009;padding:.25em .5em}th {vertical-align:bottom}td {vertical-align:top}table a {font-weight:bold}.stripe td {background-color: #E6EBF9}.num {text-align:right}.passedodd td {background-color: #3F3}.passedeven td {background-color: #0A0}.skippedodd td {background-color: #DDD}.skippedeven td {background-color: #CCC}.failedodd td,.attn {background-color: #F33}.failedeven td,.stripe .attn {background-color: #D00}.stacktrace {white-space:pre;font-family:monospace}.totop {font-size:85%;text-align:center;border-bottom:2px solid #000}.invisible {display:none}</style>
</head>
<body>
<table>
<tr><th colspan="7">Test Statistics</th></tr>
<tr><td><a href="#t0">Default test</a></td><td class="num">18,571</td></tr>
</table>
<h2>Default test</h2>
<table class="result"><tr><th>Result</th></tr><tr><td><div class="stacktrace">
11:35:10.104:	reportFooter is: </div></td></tr></table><p class="totop"><a href="#summary">back to summary</a></p>
</body>
</html>
11:35:10.104:	reportContent is: <font color='grey'>Start of purchase void testing - please have SUCCESS testing card placed at the back of device!</font>
<br><font color='grey'>This case assumes the app starts from the Purchase page.</font>
<br><font color='grey'>App launched and awaiting for login.</font>
<br><font color='grey'>User Authentication performed.</font>
<br><font color='grey'>User Authentication performed.</font>
<br><font color='grey'>Transaction is made, Processing time is: 16 seconds.</font>
<br>Current page is equal to PurchaseResult, <font color='green'>test passed</font>.<br>
PurchaseResultResultText is equal to PURCHASE APPROVED, <font color='green'>test passed</font>.<br>
Current page is equal to Purchase, <font color='green'>test passed</font>.<br>
Current page is equal to TransactionHistory, <font color='green'>test passed</font>.<br>
TransactionHistoryTransactionAmount is equal to CA$14.00, <font color='green'>test passed</font>.<br>
Current page is equal to TransactionDetails, <font color='green'>test passed</font>.<br>
TransactionDetailsTitle is equal to PURCHASE APPROVED, <font color='green'>test passed</font>.<br>
TransactionDetailsAmount is equal to CA$14.00, <font color='green'>test passed</font>.<br>
TransactionDetailsMerchantName is equal to taoye, <font color='green'>test passed</font>.<br>
TransactionDetailsEmailReceipt is equal to EMAIL RECEIPT, <font color='green'>test passed</font>.<br>
TransactionDetailsVoid is equal to VOID, <font color='green'>test passed</font>.<br>
<font color='grey'>User Authentication performed.</font>
<br>Current page is equal to SettingsTerminal, <font color='green'>test passed</font>.<br>
Current page is equal to SettingsAdvanced, <font color='green'>test passed</font>.<br>
<font color='grey'>Testing Version Number Display</font>
<br>SettingsAdvancedAppVersionValue is expected to be <font color='brown'>1.4.7(4)</font>, but is actually equal to: <font color='brown'>1.4.9(12)</font>, <font color='red'>test failed</font>.<br>
Current page is equal to TransactionHistory, <font color='green'>test passed</font>.<br>
TransactionHistoryTransactionAmount is equal to CA$14.00, <font color='green'>test passed</font>.<br>
Current page is equal to TransactionDetails, <font color='green'>test passed</font>.<br>
TransactionDetailsTitle is equal to PURCHASE APPROVED, <font color='green'>test passed</font>.<br>
TransactionDetailsAmount is equal to CA$14.00, <font color='green'>test passed</font>.<br>
TransactionDetailsMerchantName is equal to taoye, <font color='green'>test passed</font>.<br>
TransactionDetailsEmailReceipt is equal to EMAIL RECEIPT, <font color='green'>test passed</font>.<br>
TransactionDetailsVoid is equal to REFUND, <font color='green'>test passed</font>.<br>
<font color='grey'>User Authentication performed.</font>
<br>Current page is equal to EnterRefundAmount, <font color='green'>test passed</font>.<br>
<font color='grey'>Making Signature</font>
<br>Current page is equal to TransactionHistory, <font color='green'>test passed</font>.<br>
TransactionHistoryTransactionAmount is equal to - CA$14.00, <font color='green'>test passed</font>.<br>
Current page is equal to TransactionDetails, <font color='green'>test passed</font>.<br>
TransactionDetailsTitle is equal to REFUND APPROVED, <font color='green'>test passed</font>.<br>
TransactionDetailsAmount is equal to - CA$14.00, <font color='green'>test passed</font>.<br>
TransactionDetailsMerchantName is equal to taoye, <font color='green'>test passed</font>.<br>
TransactionDetailsEmailReceipt is equal to EMAIL RECEIPT, <font color='green'>test passed</font>.<br>
TransactionDetailsVoid is equal to VOID, <font color='green'>test passed</font>.<br>
<font color='grey'>Refund testing completed.</font>
<br><font color='grey'>User Authentication performed.</font>
<br>Current page is equal to PurchaseResult, <font color='green'>test passed</font>.<br>
PurchaseResultResultText is equal to VOID APPROVED, <font color='green'>test passed</font>.<br>
Current page is equal to TransactionHistory, <font color='green'>test passed</font>.<br>
TransactionHistoryTransactionAmount is equal to CA$14.00, <font color='green'>test passed</font>.<br>
Current page is equal to TransactionDetails, <font color='green'>test passed</font>.<br>
TransactionDetailsTitle is equal to VOID APPROVED, <font color='green'>test passed</font>.<br>
TransactionDetailsAmount is equal to CA$14.00, <font color='green'>test passed</font>.<br>
TransactionDetailsMerchantName is equal to taoye, <font color='green'>test passed</font>.<br>
TransactionDetailsEmailReceipt is equal to EMAIL RECEIPT, <font color='green'>test passed</font>.<br>
TransactionDetailsVoid is equal to element not found, <font color='green'>test passed</font>.<br>
Current page is equal to Purchase, <font color='green'>test passed</font>.<br>
<font color='blue'>Test Case: TS_8&TS_9 completed.</font>
<br>-----------------------------------<br>
<br>
