---------Start of logs---------
14:17:46.532:	writeElement is called
14:17:46.534:	method get (ActivatingSecureElement) is called.
14:17:46.534:	weight is: 0
14:17:46.535:	method get (AllowBatterySettingsChange) is called.
14:17:46.535:	weight is: 0
14:17:46.535:	method get (AllowTimeoutSettingsChange) is called.
14:17:46.535:	weight is: 0
14:17:46.536:	method get (AndroidAlert) is called.
14:17:46.536:	weight is: 0
14:17:46.536:	method get (AndroidDeviceSettings) is called.
14:17:46.536:	weight is: 0
14:17:46.537:	method get (EnterPIN) is called.
14:17:46.537:	weight is: 9
14:17:46.539:	method get (MerchantPassword) is called.
14:17:46.539:	weight is: 1
14:17:46.540:	method get (MerchantSignIn) is called.
14:17:46.540:	weight is: 1
14:17:46.540:	method get (NoNetworkConnection) is called.
14:17:46.541:	weight is: 0
14:17:46.541:	method get (ProvisionUpdateComplete) is called.
14:17:46.541:	weight is: 1
14:17:46.541:	method get (PurchaseDescription) is called.
14:17:46.541:	weight is: 0
14:17:46.541:	method get (SettingsAdvanced) is called.
14:17:46.541:	weight is: 5
14:17:46.542:	method get (SettingsTerminal) is called.
14:17:46.542:	weight is: 59
14:17:46.543:	method get (SignInSelection) is called.
14:17:46.543:	weight is: 2
14:17:46.543:	method get (PurchaseResult) is called.
14:17:46.543:	weight is: 5
14:17:46.544:	method get (UpdateRequired) is called.
14:17:46.545:	weight is: 1
14:17:46.545:	method get (ConnectionErrorDuringProvision) is called.
14:17:46.545:	weight is: 0
14:17:46.545:	method get (PleaseRestartYourPhone) is called.
14:17:46.545:	weight is: 0
14:17:46.546:	method get (UpdatingSecureElement) is called.
14:17:46.546:	weight is: 2
14:17:46.546:	method get (TermsAndConditions) is called.
14:17:46.546:	weight is: 0
14:17:46.546:	method get (ContactUs) is called.
14:17:46.546:	weight is: 0
14:17:46.547:	method get (UserManagement) is called.
14:17:46.547:	weight is: 0
14:17:46.547:	method get (EditUser) is called.
14:17:46.547:	weight is: 0
14:17:46.549:	method get (DeleteUserConfirmation) is called.
14:17:46.549:	weight is: 0
14:17:46.549:	method get (AddNewUser) is called.
14:17:46.549:	weight is: 0
14:17:46.550:	method get (UserCreated) is called.
14:17:46.550:	weight is: 0
14:17:46.550:	method get (TransactionReports) is called.
14:17:46.550:	weight is: 0
14:17:46.552:	method get (TransactionHistory) is called.
14:17:46.552:	weight is: 14
14:17:46.553:	method get (NewTagScanned) is called.
14:17:46.553:	weight is: 0
14:17:46.554:	method get (Purchase) is called.
14:17:46.554:	weight is: 117
14:17:46.556:	method get (TapToPay) is called.
14:17:46.556:	weight is: 25
14:17:46.556:	method get (CardNotSupported) is called.
14:17:46.556:	weight is: 0
14:17:46.556:	method get (EmailReceiptForPurchase) is called.
14:17:46.556:	weight is: 0
14:17:46.557:	method get (ReceiptSentConfirmation) is called.
14:17:46.558:	weight is: 0
14:17:46.558:	method get (ProcessingPayment) is called.
14:17:46.558:	weight is: 0
14:17:46.559:	method get (PurchaseNotCompleted) is called.
14:17:46.559:	weight is: 0
14:17:46.559:	method get (SetTipDuringPurchase) is called.
14:17:46.559:	weight is: 0
14:17:46.561:	method get (AddTip) is called.
14:17:46.561:	weight is: 0
14:17:46.562:	method get (CreateNewPassword) is called.
14:17:46.562:	weight is: 0
14:17:46.563:	method get (EnterNewPIN) is called.
14:17:46.563:	weight is: 0
14:17:46.564:	method get (ConfirmNewPIN) is called.
14:17:46.564:	weight is: 0
14:17:46.565:	method get (CancelTransaction) is called.
14:17:46.565:	weight is: 9
14:17:46.566:	method get (PurchaseTimedOut) is called.
14:17:46.566:	weight is: 0
14:17:46.567:	method get (TransactionSearch) is called.
14:17:46.567:	weight is: 0
14:17:46.570:	method get (TransactionDetails) is called.
14:17:46.570:	weight is: 8
14:17:46.571:	method get (AccountLocked) is called.
14:17:46.572:	weight is: 0
14:17:46.572:	method get (ForgotPIN) is called.
14:17:46.572:	weight is: 0
14:17:46.573:	method get (ResetPIN) is called.
14:17:46.573:	weight is: 0
14:17:46.575:	method get (InvalidCredentials) is called.
14:17:46.575:	weight is: 0
14:17:46.575:	method get (VoidProcessingPayment) is called.
14:17:46.575:	weight is: 0
14:17:46.576:	method get (SecurityImage) is called.
14:17:46.576:	weight is: 0
14:17:46.577:	method get (ProvisionActivateComplete) is called.
14:17:46.577:	weight is: 0
14:17:46.577:	method get (PaymentAcceptanceSetup) is called.
14:17:46.577:	weight is: 0
14:17:46.579:	method get (DatePicker) is called.
14:17:46.579:	weight is: 0
14:17:46.579:	method get (ReportSentConfirmation) is called.
14:17:46.579:	weight is: 0
14:17:46.580:	method get (EnterOldPIN) is called.
14:17:46.580:	weight is: 0
14:17:46.581:	method get (PINUpdated) is called.
14:17:46.581:	weight is: 0
14:17:46.581:	method get (EnterRefundAmount) is called.
14:17:46.581:	weight is: 2
14:17:46.581:	method get (Signature) is called.
14:17:46.581:	weight is: 6
14:17:46.582:	.\src\Testcase configuration\Element Config\app elements - Pep Debug.csvhas been read.
14:17:46.583:	.\src\Testcase configuration\Element Config\app elements - Pep Debug.csvhas been written.
14:17:46.821:	reportHeader is: <!DOCTYPE html PUBLIC "-//W3C//DTD XHTML 1.1//EN" "http://www.w3.org/TR/xhtml11/DTD/xhtml11.dtd">
<html xmlns="http://www.w3.org/1999/xhtml">
<head>
<meta http-equiv="content-type" content="text/html; charset=UTF-8"/>
<title>Mobeewave Automation Report</title>
<style type="text/css">table {margin-bottom:10px;border-collapse:collapse;empty-cells:show}th,td {border:1px solid #009;padding:.25em .5em}th {vertical-align:bottom}td {vertical-align:top}table a {font-weight:bold}.stripe td {background-color: #E6EBF9}.num {text-align:right}.passedodd td {background-color: #3F3}.passedeven td {background-color: #0A0}.skippedodd td {background-color: #DDD}.skippedeven td {background-color: #CCC}.failedodd td,.attn {background-color: #F33}.failedeven td,.stripe .attn {background-color: #D00}.stacktrace {white-space:pre;font-family:monospace}.totop {font-size:85%;text-align:center;border-bottom:2px solid #000}.invisible {display:none}</style>
</head>
<body>
<table>
<tr><th colspan="7">Test Statistics</th></tr>
<tr><td><a href="#t0">Default test</a></td><td class="num">18,571</td></tr>
</table>
<h2>Default test</h2>
<table class="result"><tr><th>Result</th></tr><tr><td><div class="stacktrace">
14:17:46.821:	reportFooter is: </div></td></tr></table><p class="totop"><a href="#summary">back to summary</a></p>
</body>
</html>
14:17:46.822:	reportContent is: <font color='grey'>Start of base purchase cancellation - please make sure NO card is placed behind the device!</font>
<br><font color='grey'>App launched and awaiting for login.</font>
<br><font color='grey'>User Authentication performed.</font>
<br><font color='grey'>User Authentication performed.</font>
<br>Current page is equal to Purchase, <font color='green'>test passed</font>.<br>
<font color='blue'>Test Case: TS_5 completed.</font>
<br>-----------------------------------<br>
<br><font color='grey'>Start of base purchase cancellation - please make sure NO card is placed behind the device!</font>
<br><font color='grey'>This case assumes the app starts from the Purchase page.</font>
<br><font color='grey'>User Authentication performed.</font>
<br><font color='grey'>User Authentication performed.</font>
<br>Current page is equal to Purchase, <font color='green'>test passed</font>.<br>
<font color='blue'>Test Case: TS_6 completed.</font>
<br>-----------------------------------<br>
<br>
