---------Start of logs---------
11:15:05.159:	The method "logComment()" are called
11:15:05.159:	<font color='grey'>Start of base purchase cancellation - please make sure NO card is placed behind the device!</font>
11:15:05.159:	The method "launch()" are called
11:15:05.159:	method launch (120) is called.
11:15:05.159:	method launch (CBA, 120) is called.
11:15:05.159:	method findCurrentPage(120) is called.
11:15:05.660:	
11:15:05.662:	Current page is: 
11:15:05.662:	This page  is not recognized.
11:15:05.662:	method findCurrentPage(120) is called.
11:15:06.163:	
11:15:06.167:	Current page is: 
11:15:06.167:	This page  is not recognized.
11:15:06.167:	method findCurrentPage(120) is called.
11:15:06.667:	
11:15:06.669:	Current page is: 
11:15:06.669:	This page  is not recognized.
11:15:06.669:	method findCurrentPage(120) is called.
11:15:07.169:	
11:15:07.171:	Current page is: 
11:15:07.171:	This page  is not recognized.
11:15:07.171:	method findCurrentPage(120) is called.
11:15:07.672:	
11:15:07.673:	Current page is: 
11:15:07.673:	This page  is not recognized.
11:15:07.673:	method findCurrentPage(120) is called.
11:15:08.173:	
11:15:08.174:	Current page is: 
11:15:08.174:	This page  is not recognized.
11:15:08.174:	method findCurrentPage(120) is called.
11:15:08.675:	
11:15:08.681:	Current page is: 
11:15:08.681:	This page  is not recognized.
11:15:08.681:	method findCurrentPage(120) is called.
11:15:09.181:	
11:15:09.182:	Current page is: 
11:15:09.182:	This page  is not recognized.
11:15:09.182:	method findCurrentPage(120) is called.
11:15:09.683:	
11:15:09.685:	Current page is: 
11:15:09.685:	This page  is not recognized.
11:15:09.686:	method findCurrentPage(120) is called.
11:15:10.187:	
11:15:10.188:	Current page is: 
11:15:10.188:	This page  is not recognized.
11:15:10.188:	method findCurrentPage(120) is called.
11:15:10.688:	
11:15:10.690:	Current page is: 
11:15:10.690:	This page  is not recognized.
11:15:10.690:	method findCurrentPage(120) is called.
11:15:11.191:	
11:15:11.192:	Current page is: 
11:15:11.192:	This page  is not recognized.
11:15:11.192:	method findCurrentPage(120) is called.
11:15:11.692:	
11:15:11.694:	Current page is: 
11:15:11.694:	This page  is not recognized.
11:15:11.694:	method findCurrentPage(120) is called.
11:15:12.195:	
11:15:12.196:	Current page is: 
11:15:12.196:	This page  is not recognized.
11:15:12.196:	method findCurrentPage(120) is called.
11:15:12.696:	
11:15:12.698:	Current page is: 
11:15:12.698:	This page  is not recognized.
11:15:12.698:	method findCurrentPage(120) is called.
11:15:13.199:	
11:15:13.200:	Current page is: 
11:15:13.200:	This page  is not recognized.
11:15:13.200:	method findCurrentPage(120) is called.
11:15:13.701:	
11:15:13.702:	Current page is: 
11:15:13.702:	This page  is not recognized.
11:15:13.702:	method findCurrentPage(120) is called.
11:15:14.202:	
11:15:14.206:	Current page is: 
11:15:14.206:	This page  is not recognized.
11:15:14.207:	method findCurrentPage(120) is called.
11:15:14.707:	
11:15:14.709:	Current page is: 
11:15:14.709:	This page  is not recognized.
11:15:14.709:	method findCurrentPage(120) is called.
11:15:15.210:	
11:15:15.214:	Current page is: 
11:15:15.214:	This page  is not recognized.
11:15:15.214:	method findCurrentPage(120) is called.
11:15:15.714:	
11:15:15.716:	Current page is: 
11:15:15.716:	This page  is not recognized.
11:15:15.716:	method findCurrentPage(120) is called.
11:15:16.217:	
11:15:16.218:	Current page is: 
11:15:16.218:	This page  is not recognized.
11:15:16.218:	method findCurrentPage(120) is called.
11:15:16.719:	
11:15:16.724:	Current page is: 
11:15:16.724:	This page  is not recognized.
11:15:16.724:	method findCurrentPage(120) is called.
11:15:17.224:	
11:15:17.225:	Current page is: 
11:15:17.225:	This page  is not recognized.
11:15:17.225:	method findCurrentPage(120) is called.
11:15:17.725:	
11:15:17.727:	Current page is: 
11:15:17.727:	This page  is not recognized.
11:15:17.727:	method findCurrentPage(120) is called.
11:15:18.228:	
11:15:18.229:	Current page is: 
11:15:18.229:	This page  is not recognized.
11:15:18.229:	method findCurrentPage(120) is called.
