---------Start of logs---------
15:39:22.253:	AndroidDriver created.
15:39:22.253:	The method "logComment()" are called
15:39:22.254:	<font color='grey'>Start of refund and void refund testing - please have SUCCESS testing card placed at the back of device!</font>
15:39:22.254:	The method "logComment()" are called
15:39:22.254:	<font color='grey'>This case assumes the app starts from the Purchase page.</font>
15:39:22.254:	The method "launch()" are called
15:39:22.254:	method launch (120) is called.
15:39:22.254:	method launch (CBA, 120) is called.
15:39:22.254:	method findCurrentPage(120) is called.
15:39:22.755:	
15:39:32.941:	Current page is: 
15:39:32.941:	This page  is not recognized.
15:39:32.941:	method findCurrentPage(120) is called.
15:39:33.441:	
15:39:34.082:	Current page is: EnterPIN
15:39:34.082:	<font color='grey'>App launched and awaiting for login.</font>
15:39:34.082:	The method "login()" are called
15:39:34.083:	method login(1) is called.
15:39:34.083:	method enterNumPadOK (1, 123456) is called.
15:39:35.084:	method enterNumPad (1, 123456) is called.
15:39:36.114:	Number to be entered is: 123456
15:39:36.114:	method find(EnterPIN1) is called.
15:39:36.313:	method find(EnterPIN2) is called.
15:39:36.968:	method find(EnterPIN3) is called.
15:39:37.667:	method find(EnterPIN4) is called.
15:39:38.305:	method find(EnterPIN5) is called.
15:39:38.934:	method find(EnterPIN6) is called.
15:39:39.553:	method find(EnterPINOK) is called.
15:39:40.170:	<font color='grey'>User Authentication performed.</font>
15:39:40.170:	The method "waitUntilPage()" are called
15:39:40.170:	
15:39:48.845:	Current page is: 
15:39:48.847:	
15:39:48.960:	Current page is: Purchase
15:39:48.960:	page count is: 117
15:39:48.960:	page count is: 118
15:39:49.461:	The method "reachPage()" are called
15:39:49.461:	method reachPage(GP, SettingsTerminal) is called.
15:39:49.461:	method reachPage(GP, Purchase) is called.
15:39:49.461:	method find(PurchaseSideMenu) is called.
15:39:49.578:	method goToSidemenuPage(Purchase) is called.
15:39:49.578:	method findCurrentPage(0) is called.
15:39:50.079:	
15:39:50.238:	Current page is: Purchase
15:39:50.238:	method findCurrentPage(0) is called.
15:39:50.739:	
15:39:50.901:	Current page is: Purchase
15:39:50.901:	method clickButton (0, PurchaseSideMenu) is called.
15:39:50.901:	method find(PurchaseSideMenu) is called.
15:39:51.047:	method clickButton (1, SideMenuSettings) is called.
15:39:52.047:	method find(SideMenuSettings) is called.
15:39:52.353:	method login(1) is called.
15:39:52.353:	method enterNumPadOK (1, 123456) is called.
15:39:53.354:	method enterNumPad (1, 123456) is called.
15:39:54.355:	Number to be entered is: 123456
15:39:54.355:	method find(EnterPIN1) is called.
15:39:54.563:	method find(EnterPIN2) is called.
15:39:55.182:	method find(EnterPIN3) is called.
15:39:56.310:	method find(EnterPIN4) is called.
15:39:57.002:	method find(EnterPIN5) is called.
15:39:57.620:	method find(EnterPIN6) is called.
15:39:58.229:	method find(EnterPINOK) is called.
15:39:58.857:	<font color='grey'>User Authentication performed.</font>
15:39:58.858:	method waitUntilPage(30, SettingsTerminal) is called.
15:39:58.858:	method findCurrentPage(0) is called.
15:39:59.359:	
15:40:00.633:	Current page is: SettingsTerminal
15:40:00.633:	The method "setBooleanValue(no)" are called
15:40:00.753:	The method "setBooleanValue(no)" are called
15:40:00.836:	exception caught during click, failed to find SettingsTerminalAddTipValue
15:40:00.836:	The method "setBooleanValue(no)" are called
15:40:00.970:	The method "reachPage()" are called
15:40:00.970:	method reachPage(GP, Purchase) is called.
15:40:00.970:	method find(PurchaseSideMenu) is called.
15:40:01.071:	method goToSidemenuPage(Purchase) is called.
15:40:01.071:	method findCurrentPage(0) is called.
15:40:01.571:	
15:40:01.854:	Current page is: SettingsTerminal
15:40:01.854:	method clickOnPage(SettingsTerminal, Purchase, [Ljava.lang.String;@1caf222) is called.
15:40:01.854:	method findCurrentPage(0) is called.
15:40:02.354:	
15:40:02.607:	Current page is: SettingsTerminal
15:40:02.607:	method clickButton (0, PurchaseSideMenu) is called.
15:40:02.607:	method find(PurchaseSideMenu) is called.
15:40:03.272:	method clickButton (0, SideMenuPurchase) is called.
15:40:03.272:	method find(SideMenuPurchase) is called.
15:40:04.514:	method waitUntilPage(30, Purchase) is called.
15:40:04.514:	method findCurrentPage(0) is called.
15:40:05.014:	
15:40:05.338:	Current page is: Purchase
15:40:05.338:	The method "singlePurchase()" are called
15:40:05.338:	method singlePurchase(1400, no, , no, ) is called.
15:40:05.338:	method findCurrentPage(1) is called.
15:40:05.838:	
15:40:06.005:	Current page is: Purchase
15:40:06.005:	method enterPurchaseAmount(0, 1400) is called.
15:40:06.005:	method enterNumPadOK (0, 1400) is called.
15:40:06.005:	method enterNumPad (0, 1400) is called.
15:40:06.005:	Number to be entered is: 1400
15:40:06.005:	method find(EnterPIN1) is called.
15:40:06.183:	method find(EnterPIN4) is called.
15:40:06.827:	method find(EnterPIN0) is called.
15:40:07.543:	method find(EnterPIN0) is called.
15:40:08.174:	method find(EnterPINOK) is called.
15:40:08.777:	method findCurrentPage(1) is called.
15:40:09.277:	
15:40:11.260:	Current page is: TapToPay
15:40:11.260:	waiting for card tap
15:40:11.260:	method findCurrentPage(1) is called.
15:40:11.761:	
15:40:13.150:	Current page is: TapToPay
15:40:13.150:	waiting for card tap
15:40:13.150:	method findCurrentPage(1) is called.
15:40:13.651:	
15:40:15.171:	Current page is: TapToPay
15:40:15.172:	waiting for card tap
15:40:15.172:	method findCurrentPage(1) is called.
15:40:15.673:	
15:40:17.221:	Current page is: TapToPay
15:40:17.221:	waiting for card tap
15:40:17.222:	method findCurrentPage(1) is called.
15:40:17.722:	
15:40:19.181:	Current page is: TapToPay
15:40:19.181:	waiting for card tap
15:40:19.181:	method findCurrentPage(1) is called.
15:40:19.682:	
15:40:21.213:	Current page is: TapToPay
15:40:21.213:	waiting for card tap
15:40:21.213:	method findCurrentPage(1) is called.
15:40:21.713:	
15:40:23.432:	Current page is: TapToPay
15:40:23.432:	waiting for card tap
15:40:23.432:	method findCurrentPage(1) is called.
15:40:23.933:	
15:40:25.250:	Current page is: TapToPay
15:40:25.251:	waiting for card tap
15:40:25.251:	method findCurrentPage(1) is called.
15:40:25.752:	
15:40:27.274:	Current page is: TapToPay
15:40:27.274:	waiting for card tap
15:40:27.275:	The method "test()" are called
15:40:27.275:	
15:40:28.309:	Current page is: TapToPay
15:40:28.310:	page count is: 34
15:40:28.310:	page count is: 35
15:40:28.316:	The method "test()" are called
15:40:28.439:	The method "clickButton()" are called
15:40:28.538:	exception caught during button click, failed to find PurchaseResultNoReceipt
15:40:28.538:	The method "waitUntilPage()" are called
15:40:28.538:	
15:40:29.522:	Current page is: TapToPay
15:40:29.522:	page count is: 35
15:40:29.522:	page count is: 36
15:40:29.522:	
15:40:30.438:	Current page is: TapToPay
15:40:30.438:	page count is: 36
15:40:30.438:	page count is: 37
15:40:30.939:	
15:40:32.257:	Current page is: TapToPay
15:40:32.257:	page count is: 37
15:40:32.257:	page count is: 38
15:40:32.758:	
15:40:34.276:	Current page is: TapToPay
15:40:34.276:	page count is: 38
15:40:34.276:	page count is: 39
15:40:34.777:	
15:40:36.274:	Current page is: TapToPay
15:40:36.274:	page count is: 39
15:40:36.274:	page count is: 40
15:40:36.774:	
15:40:38.290:	Current page is: TapToPay
15:40:38.290:	page count is: 40
15:40:38.290:	page count is: 41
15:40:38.791:	
15:40:40.312:	Current page is: TapToPay
15:40:40.312:	page count is: 41
15:40:40.312:	page count is: 42
15:40:40.812:	
15:40:44.289:	Current page is: PurchaseTimedOut
15:40:44.289:	page count is: 0
15:40:44.289:	page count is: 1
15:40:44.790:	
15:40:48.059:	Current page is: PurchaseTimedOut
15:40:48.059:	page count is: 1
15:40:48.059:	page count is: 2
15:40:48.560:	
15:40:51.313:	Current page is: PurchaseTimedOut
15:40:51.313:	page count is: 2
15:40:51.313:	page count is: 3
15:40:51.814:	
15:40:54.721:	Current page is: PurchaseTimedOut
15:40:54.721:	page count is: 3
15:40:54.721:	page count is: 4
15:40:55.223:	
15:40:58.181:	Current page is: PurchaseTimedOut
15:40:58.181:	page count is: 4
15:40:58.181:	page count is: 5
15:40:58.682:	
15:41:01.750:	Current page is: PurchaseTimedOut
15:41:01.750:	page count is: 5
15:41:01.750:	page count is: 6
15:41:02.251:	
15:41:05.200:	Current page is: PurchaseTimedOut
15:41:05.201:	page count is: 6
15:41:05.201:	page count is: 7
15:41:05.702:	
15:41:08.929:	Current page is: PurchaseTimedOut
15:41:08.930:	page count is: 7
15:41:08.930:	page count is: 8
15:41:09.430:	
15:41:12.461:	Current page is: PurchaseTimedOut
15:41:12.461:	page count is: 8
15:41:12.461:	page count is: 9
15:41:12.961:	
15:41:15.507:	Current page is: PurchaseTimedOut
15:41:15.507:	page count is: 9
15:41:15.507:	page count is: 10
15:41:16.007:	
15:41:18.694:	Current page is: PurchaseTimedOut
15:41:18.694:	page count is: 10
15:41:18.694:	page count is: 11
15:41:19.196:	
15:41:22.650:	Current page is: PurchaseTimedOut
15:41:22.650:	page count is: 11
15:41:22.650:	page count is: 12
15:41:23.150:	
15:41:26.349:	Current page is: PurchaseTimedOut
15:41:26.349:	page count is: 12
15:41:26.349:	page count is: 13
15:41:26.850:	
15:41:29.777:	Current page is: PurchaseTimedOut
15:41:29.777:	page count is: 13
15:41:29.777:	page count is: 14
15:41:30.277:	
15:41:33.604:	Current page is: PurchaseTimedOut
15:41:33.604:	page count is: 14
15:41:33.604:	page count is: 15
15:41:34.105:	
15:41:36.995:	Current page is: PurchaseTimedOut
15:41:36.995:	page count is: 15
15:41:36.995:	page count is: 16
15:41:37.496:	
15:41:40.357:	Current page is: PurchaseTimedOut
15:41:40.357:	page count is: 16
15:41:40.357:	page count is: 17
15:41:40.858:	
15:41:43.743:	Current page is: PurchaseTimedOut
15:41:43.743:	page count is: 17
15:41:43.743:	page count is: 18
15:41:44.244:	
15:41:47.005:	Current page is: PurchaseTimedOut
15:41:47.005:	page count is: 18
15:41:47.005:	page count is: 19
15:41:47.505:	
15:41:50.234:	Current page is: PurchaseTimedOut
15:41:50.234:	page count is: 19
15:41:50.234:	page count is: 20
15:41:50.735:	
15:41:53.440:	Current page is: PurchaseTimedOut
15:41:53.440:	page count is: 20
15:41:53.440:	page count is: 21
15:41:53.941:	
15:41:56.847:	Current page is: PurchaseTimedOut
15:41:56.847:	page count is: 21
15:41:56.847:	page count is: 22
15:41:57.348:	
15:41:59.933:	Current page is: PurchaseTimedOut
15:41:59.933:	page count is: 22
15:41:59.933:	page count is: 23
15:42:00.434:	
15:42:03.025:	Current page is: PurchaseTimedOut
15:42:03.025:	page count is: 23
15:42:03.025:	page count is: 24
15:42:03.525:	
15:42:06.614:	Current page is: PurchaseTimedOut
15:42:06.614:	page count is: 24
15:42:06.614:	page count is: 25
15:42:07.114:	
15:42:09.822:	Current page is: PurchaseTimedOut
15:42:09.822:	page count is: 25
15:42:09.822:	page count is: 26
15:42:10.323:	
15:42:12.745:	Current page is: PurchaseTimedOut
15:42:12.745:	page count is: 26
15:42:12.746:	page count is: 27
15:42:13.247:	
15:42:16.185:	Current page is: PurchaseTimedOut
15:42:16.185:	page count is: 27
15:42:16.185:	page count is: 28
15:42:16.686:	
15:42:18.870:	Current page is: PurchaseTimedOut
15:42:18.870:	page count is: 28
15:42:18.870:	page count is: 29
15:42:19.370:	
15:42:21.967:	Current page is: PurchaseTimedOut
15:42:21.967:	page count is: 29
15:42:21.967:	page count is: 30
15:42:22.467:	
15:42:25.578:	Current page is: PurchaseTimedOut
15:42:25.578:	page count is: 30
15:42:25.578:	page count is: 31
15:42:26.079:	
15:42:28.639:	Current page is: PurchaseTimedOut
15:42:28.639:	page count is: 31
15:42:28.639:	page count is: 32
15:42:29.140:	The method "test()" are called
15:42:29.140:	
15:42:31.768:	Current page is: PurchaseTimedOut
15:42:31.768:	page count is: 32
15:42:31.768:	page count is: 33
15:42:31.768:	The method "reachPage()" are called
15:42:31.768:	method reachPage(GP, TransactionHistory) is called.
15:42:31.768:	method reachPage(GP, Purchase) is called.
15:42:31.768:	method find(PurchaseSideMenu) is called.
15:42:31.826:	method reachPage(GP, EnterPIN) is called.
15:42:31.826:	method launch (GP, 1) is called.
15:42:31.826:	method findCurrentPage(1) is called.
15:42:32.327:	
15:42:34.879:	Current page is: PurchaseTimedOut
15:42:34.879:	This page PurchaseTimedOut is not recognized.
15:42:34.879:	method findCurrentPage(1) is called.
15:42:35.380:	
15:42:38.027:	Current page is: PurchaseTimedOut
15:42:38.027:	This page PurchaseTimedOut is not recognized.
15:42:38.027:	method findCurrentPage(1) is called.
15:42:38.528:	
15:42:40.777:	Current page is: PurchaseTimedOut
15:42:40.777:	This page PurchaseTimedOut is not recognized.
15:42:40.777:	method findCurrentPage(1) is called.
15:42:41.277:	
15:42:43.979:	Current page is: PurchaseTimedOut
15:42:43.979:	This page PurchaseTimedOut is not recognized.
15:42:43.979:	method findCurrentPage(1) is called.
15:42:44.480:	
15:42:46.892:	Current page is: PurchaseTimedOut
15:42:46.892:	This page PurchaseTimedOut is not recognized.
15:42:46.892:	method waitUntilPage(30, EnterPIN) is called.
15:42:46.892:	method findCurrentPage(0) is called.
15:42:47.393:	
15:42:49.961:	Current page is: PurchaseTimedOut
15:42:49.961:	method findCurrentPage(1) is called.
15:42:50.462:	
15:42:53.298:	Current page is: PurchaseTimedOut
15:42:53.298:	method findCurrentPage(1) is called.
15:42:53.799:	
15:42:56.416:	Current page is: PurchaseTimedOut
15:42:56.416:	method findCurrentPage(1) is called.
15:42:56.917:	
15:42:59.782:	Current page is: PurchaseTimedOut
15:42:59.783:	method findCurrentPage(1) is called.
15:43:00.283:	
15:43:02.892:	Current page is: PurchaseTimedOut
15:43:02.892:	method findCurrentPage(1) is called.
15:43:03.394:	
15:43:06.024:	Current page is: PurchaseTimedOut
15:43:06.024:	method findCurrentPage(1) is called.
15:43:06.525:	
15:43:09.475:	Current page is: PurchaseTimedOut
15:43:09.475:	method findCurrentPage(1) is called.
15:43:09.976:	
15:43:12.630:	Current page is: PurchaseTimedOut
15:43:12.630:	method findCurrentPage(1) is called.
15:43:13.130:	
15:43:15.682:	Current page is: PurchaseTimedOut
15:43:15.682:	method findCurrentPage(1) is called.
15:43:16.183:	
15:43:18.591:	Current page is: PurchaseTimedOut
15:43:18.591:	<font color='grey'>unexpected page PurchaseTimedOut reached</font>
15:43:18.591:	method goToSidemenuPage(TransactionHistory) is called.
15:43:18.591:	method findCurrentPage(0) is called.
15:43:19.091:	
15:43:21.677:	Current page is: PurchaseTimedOut
15:43:21.677:	method clickOnPage(PurchaseTimedOut, TransactionHistory, [Ljava.lang.String;@92c6c2) is called.
15:43:21.677:	method findCurrentPage(0) is called.
15:43:22.178:	
15:43:25.308:	Current page is: PurchaseTimedOut
15:43:25.308:	method clickButton (0, PurchaseSideMenu) is called.
15:43:25.308:	method find(PurchaseSideMenu) is called.
15:43:25.374:	exception caught during button click, failed to find PurchaseSideMenu
15:43:25.875:	method clickButton (0, SideMenuTransactionHistory) is called.
15:43:25.875:	method find(SideMenuTransactionHistory) is called.
15:43:25.940:	exception caught during button click, failed to find SideMenuTransactionHistory
15:43:26.440:	method waitUntilPage(30, TransactionHistory) is called.
15:43:26.440:	method findCurrentPage(0) is called.
15:43:26.940:	
15:43:29.373:	Current page is: PurchaseTimedOut
15:43:29.373:	method findCurrentPage(1) is called.
15:43:29.874:	
15:43:32.636:	Current page is: PurchaseTimedOut
15:43:32.636:	method findCurrentPage(1) is called.
15:43:33.137:	
15:43:35.568:	Current page is: PurchaseTimedOut
15:43:35.568:	method findCurrentPage(1) is called.
15:43:36.069:	
15:43:38.895:	Current page is: PurchaseTimedOut
15:43:38.895:	method findCurrentPage(1) is called.
15:43:39.395:	
15:43:42.040:	Current page is: PurchaseTimedOut
15:43:42.040:	method findCurrentPage(1) is called.
15:43:42.541:	
15:43:44.849:	Current page is: PurchaseTimedOut
15:43:44.849:	method findCurrentPage(1) is called.
15:43:45.349:	
15:43:47.671:	Current page is: PurchaseTimedOut
15:43:47.671:	method findCurrentPage(1) is called.
15:43:48.172:	
15:43:50.260:	Current page is: PurchaseTimedOut
15:43:50.260:	method findCurrentPage(1) is called.
15:43:50.761:	
15:43:53.892:	Current page is: PurchaseTimedOut
15:43:53.892:	method findCurrentPage(1) is called.
15:43:54.392:	
15:43:56.956:	Current page is: PurchaseTimedOut
15:43:56.956:	The method "test()" are called
15:43:56.956:	
15:43:59.477:	Current page is: PurchaseTimedOut
15:43:59.478:	page count is: 60
15:43:59.478:	page count is: 61
15:43:59.478:	The method "test()" are called
15:43:59.532:	The method "clickButton()" are called
15:43:59.588:	exception caught during button click, failed to find TransactionHistoryFirstTransaction
15:43:59.588:	The method "waitUntilPage()" are called
15:43:59.588:	
15:44:02.144:	Current page is: PurchaseTimedOut
15:44:02.144:	page count is: 61
15:44:02.144:	page count is: 62
15:44:02.144:	
15:44:04.643:	Current page is: PurchaseTimedOut
15:44:04.643:	page count is: 62
15:44:04.643:	page count is: 63
15:44:05.144:	
15:44:08.027:	Current page is: PurchaseTimedOut
15:44:08.027:	page count is: 63
15:44:08.027:	page count is: 64
15:44:08.528:	
15:44:10.907:	Current page is: PurchaseTimedOut
15:44:10.907:	page count is: 64
15:44:10.907:	page count is: 65
15:44:11.408:	
15:44:14.011:	Current page is: PurchaseTimedOut
15:44:14.012:	page count is: 65
15:44:14.012:	page count is: 66
15:44:14.513:	
15:44:17.025:	Current page is: PurchaseTimedOut
15:44:17.025:	page count is: 66
15:44:17.025:	page count is: 67
15:44:17.526:	
15:44:20.122:	Current page is: PurchaseTimedOut
15:44:20.123:	page count is: 67
15:44:20.123:	page count is: 68
15:44:20.624:	
15:44:23.928:	Current page is: PurchaseTimedOut
15:44:23.928:	page count is: 68
15:44:23.928:	page count is: 69
15:44:24.428:	
15:44:26.997:	Current page is: PurchaseTimedOut
15:44:26.997:	page count is: 69
15:44:26.997:	page count is: 70
15:44:27.498:	
15:44:30.060:	Current page is: PurchaseTimedOut
15:44:30.060:	page count is: 70
15:44:30.060:	page count is: 71
15:44:30.561:	
15:44:33.147:	Current page is: PurchaseTimedOut
15:44:33.147:	page count is: 71
15:44:33.147:	page count is: 72
15:44:33.648:	
15:44:36.260:	Current page is: PurchaseTimedOut
15:44:36.261:	page count is: 72
15:44:36.261:	page count is: 73
15:44:36.761:	
15:44:39.250:	Current page is: PurchaseTimedOut
15:44:39.251:	page count is: 73
15:44:39.251:	page count is: 74
15:44:39.751:	
15:44:42.069:	Current page is: PurchaseTimedOut
15:44:42.069:	page count is: 74
15:44:42.070:	page count is: 75
15:44:42.571:	
15:44:45.377:	Current page is: PurchaseTimedOut
15:44:45.377:	page count is: 75
15:44:45.377:	page count is: 76
15:44:45.878:	
15:44:48.507:	Current page is: PurchaseTimedOut
15:44:48.507:	page count is: 76
15:44:48.507:	page count is: 77
15:44:49.008:	
15:44:51.519:	Current page is: PurchaseTimedOut
15:44:51.519:	page count is: 77
15:44:51.519:	page count is: 78
15:44:52.019:	
15:44:54.730:	Current page is: PurchaseTimedOut
15:44:54.730:	page count is: 78
15:44:54.730:	page count is: 79
15:44:55.231:	
15:44:57.632:	Current page is: PurchaseTimedOut
15:44:57.632:	page count is: 79
15:44:57.632:	page count is: 80
15:44:58.133:	
15:45:00.731:	Current page is: PurchaseTimedOut
15:45:00.731:	page count is: 80
15:45:00.731:	page count is: 81
15:45:01.232:	
15:45:03.581:	Current page is: PurchaseTimedOut
15:45:03.581:	page count is: 81
15:45:03.581:	page count is: 82
15:45:04.082:	
15:45:07.210:	Current page is: PurchaseTimedOut
15:45:07.210:	page count is: 82
15:45:07.210:	page count is: 83
15:45:07.710:	
15:45:10.233:	Current page is: PurchaseTimedOut
15:45:10.233:	page count is: 83
15:45:10.233:	page count is: 84
15:45:10.734:	
15:45:13.215:	Current page is: PurchaseTimedOut
15:45:13.215:	page count is: 84
15:45:13.215:	page count is: 85
15:45:13.716:	
15:45:16.553:	Current page is: PurchaseTimedOut
15:45:16.553:	page count is: 85
15:45:16.553:	page count is: 86
15:45:17.054:	
15:45:19.608:	Current page is: PurchaseTimedOut
15:45:19.608:	page count is: 86
15:45:19.608:	page count is: 87
15:45:20.109:	
15:45:22.578:	Current page is: PurchaseTimedOut
15:45:22.578:	page count is: 87
15:45:22.578:	page count is: 88
15:45:23.080:	
15:45:25.907:	Current page is: PurchaseTimedOut
15:45:25.907:	page count is: 88
15:45:25.907:	page count is: 89
15:45:26.408:	
15:45:28.671:	Current page is: PurchaseTimedOut
15:45:28.671:	page count is: 89
15:45:28.671:	page count is: 90
15:45:29.171:	
15:45:31.600:	Current page is: PurchaseTimedOut
15:45:31.600:	page count is: 90
15:45:31.600:	page count is: 91
15:45:32.101:	
15:45:34.469:	Current page is: PurchaseTimedOut
15:45:34.469:	page count is: 91
15:45:34.469:	page count is: 92
15:45:34.970:	
15:45:37.905:	Current page is: PurchaseTimedOut
15:45:37.905:	page count is: 92
15:45:37.905:	page count is: 93
15:45:38.406:	
15:45:40.918:	Current page is: PurchaseTimedOut
15:45:40.918:	page count is: 93
15:45:40.918:	page count is: 94
15:45:41.419:	
15:45:43.811:	Current page is: PurchaseTimedOut
15:45:43.812:	page count is: 94
15:45:43.812:	page count is: 95
15:45:44.313:	
15:45:46.869:	Current page is: PurchaseTimedOut
15:45:46.870:	page count is: 95
15:45:46.870:	page count is: 96
15:45:47.371:	
15:45:49.971:	Current page is: PurchaseTimedOut
15:45:49.971:	page count is: 96
15:45:49.971:	page count is: 97
15:45:50.473:	
15:45:53.214:	Current page is: PurchaseTimedOut
15:45:53.214:	page count is: 97
15:45:53.214:	page count is: 98
15:45:53.715:	
15:45:56.257:	Current page is: PurchaseTimedOut
15:45:56.257:	page count is: 98
15:45:56.257:	page count is: 99
15:45:56.758:	
15:45:59.666:	Current page is: PurchaseTimedOut
15:45:59.666:	page count is: 99
15:45:59.666:	page count is: 100
15:46:00.167:	The method "test()" are called
15:46:00.167:	
15:46:02.450:	Current page is: PurchaseTimedOut
15:46:02.450:	page count is: 100
15:46:02.450:	page count is: 101
15:46:02.450:	The method "test()" are called
15:46:02.504:	The method "test()" are called
15:46:02.559:	The method "test()" are called
15:46:02.609:	The method "test()" are called
15:46:02.658:	The method "test()" are called
15:46:02.707:	The method "clickButton()" are called
15:46:02.759:	exception caught during button click, failed to find TransactionDetailsBack
15:46:02.759:	The method "waitUntilPage()" are called
15:46:02.759:	
15:46:05.143:	Current page is: PurchaseTimedOut
15:46:05.143:	page count is: 101
15:46:05.143:	page count is: 102
15:46:05.143:	
15:46:07.840:	Current page is: PurchaseTimedOut
15:46:07.840:	page count is: 102
15:46:07.840:	page count is: 103
15:46:08.341:	
15:46:10.579:	Current page is: PurchaseTimedOut
15:46:10.579:	page count is: 103
15:46:10.579:	page count is: 104
15:46:11.079:	
15:46:13.836:	Current page is: PurchaseTimedOut
15:46:13.836:	page count is: 104
15:46:13.836:	page count is: 105
15:46:14.337:	
15:46:16.853:	Current page is: PurchaseTimedOut
15:46:16.853:	page count is: 105
15:46:16.853:	page count is: 106
15:46:17.354:	
15:46:19.725:	Current page is: PurchaseTimedOut
15:46:19.725:	page count is: 106
15:46:19.725:	page count is: 107
15:46:20.226:	
15:46:22.556:	Current page is: PurchaseTimedOut
15:46:22.556:	page count is: 107
15:46:22.556:	page count is: 108
15:46:23.056:	
15:46:26.112:	Current page is: PurchaseTimedOut
15:46:26.112:	page count is: 108
15:46:26.112:	page count is: 109
15:46:26.613:	
15:46:29.149:	Current page is: PurchaseTimedOut
15:46:29.149:	page count is: 109
15:46:29.149:	page count is: 110
15:46:29.650:	
15:46:32.252:	Current page is: PurchaseTimedOut
15:46:32.252:	page count is: 110
15:46:32.252:	page count is: 111
15:46:32.753:	
15:46:35.431:	Current page is: PurchaseTimedOut
15:46:35.431:	page count is: 111
15:46:35.431:	page count is: 112
15:46:35.932:	
15:46:38.040:	Current page is: PurchaseTimedOut
15:46:38.040:	page count is: 112
15:46:38.041:	page count is: 113
15:46:38.542:	
15:46:41.380:	Current page is: PurchaseTimedOut
15:46:41.380:	page count is: 113
15:46:41.380:	page count is: 114
15:46:41.882:	
15:46:44.425:	Current page is: PurchaseTimedOut
15:46:44.425:	page count is: 114
15:46:44.425:	page count is: 115
15:46:44.925:	
15:46:47.452:	Current page is: PurchaseTimedOut
15:46:47.452:	page count is: 115
15:46:47.452:	page count is: 116
15:46:47.953:	
15:46:50.410:	Current page is: PurchaseTimedOut
15:46:50.410:	page count is: 116
15:46:50.410:	page count is: 117
15:46:50.910:	
15:46:53.493:	Current page is: PurchaseTimedOut
15:46:53.493:	page count is: 117
15:46:53.493:	page count is: 118
15:46:53.994:	
15:46:56.429:	Current page is: PurchaseTimedOut
15:46:56.429:	page count is: 118
15:46:56.429:	page count is: 119
15:46:56.929:	
15:46:59.369:	Current page is: PurchaseTimedOut
15:46:59.369:	page count is: 119
15:46:59.369:	page count is: 120
15:46:59.869:	
15:47:02.208:	Current page is: PurchaseTimedOut
15:47:02.208:	page count is: 120
15:47:02.208:	page count is: 121
15:47:02.709:	
15:47:05.120:	Current page is: PurchaseTimedOut
15:47:05.120:	page count is: 121
15:47:05.120:	page count is: 122
15:47:05.621:	
15:47:08.525:	Current page is: PurchaseTimedOut
15:47:08.525:	page count is: 122
15:47:08.525:	page count is: 123
15:47:09.026:	
15:47:11.584:	Current page is: PurchaseTimedOut
15:47:11.584:	page count is: 123
15:47:11.584:	page count is: 124
15:47:12.085:	
15:47:14.763:	Current page is: PurchaseTimedOut
15:47:14.763:	page count is: 124
15:47:14.763:	page count is: 125
15:47:15.264:	
15:47:17.835:	Current page is: PurchaseTimedOut
15:47:17.836:	page count is: 125
15:47:17.836:	page count is: 126
15:47:18.336:	
15:47:20.818:	Current page is: PurchaseTimedOut
15:47:20.818:	page count is: 126
15:47:20.818:	page count is: 127
15:47:21.319:	
15:47:24.467:	Current page is: PurchaseTimedOut
15:47:24.467:	page count is: 127
15:47:24.467:	page count is: 128
15:47:24.968:	
15:47:27.272:	Current page is: PurchaseTimedOut
15:47:27.272:	page count is: 128
15:47:27.272:	page count is: 129
15:47:27.773:	
15:47:30.091:	Current page is: PurchaseTimedOut
15:47:30.091:	page count is: 129
15:47:30.091:	page count is: 130
15:47:30.592:	
15:47:33.133:	Current page is: PurchaseTimedOut
15:47:33.133:	page count is: 130
15:47:33.133:	page count is: 131
15:47:33.634:	
15:47:36.472:	Current page is: PurchaseTimedOut
15:47:36.472:	page count is: 131
15:47:36.472:	page count is: 132
15:47:36.973:	
15:47:39.392:	Current page is: PurchaseTimedOut
15:47:39.392:	page count is: 132
15:47:39.392:	page count is: 133
15:47:39.893:	
15:47:42.214:	Current page is: PurchaseTimedOut
15:47:42.214:	page count is: 133
15:47:42.214:	page count is: 134
15:47:42.714:	
15:47:45.123:	Current page is: PurchaseTimedOut
15:47:45.123:	page count is: 134
15:47:45.123:	page count is: 135
15:47:45.625:	
15:47:47.958:	Current page is: PurchaseTimedOut
15:47:47.958:	page count is: 135
15:47:47.958:	page count is: 136
15:47:48.459:	
15:47:50.969:	Current page is: PurchaseTimedOut
15:47:50.969:	page count is: 136
15:47:50.969:	page count is: 137
15:47:51.470:	
15:47:53.712:	Current page is: PurchaseTimedOut
15:47:53.712:	page count is: 137
15:47:53.712:	page count is: 138
15:47:54.213:	
15:47:56.756:	Current page is: PurchaseTimedOut
15:47:56.756:	page count is: 138
15:47:56.756:	page count is: 139
15:47:57.257:	
15:47:59.798:	Current page is: PurchaseTimedOut
15:47:59.798:	page count is: 139
15:47:59.798:	page count is: 140
15:48:00.299:	
15:48:02.855:	Current page is: PurchaseTimedOut
15:48:02.855:	page count is: 140
15:48:02.855:	page count is: 141
15:48:03.355:	The method "reachPage()" are called
15:48:03.355:	method reachPage(GP, SettingsTerminal) is called.
15:48:03.355:	method reachPage(GP, Purchase) is called.
15:48:03.355:	method find(PurchaseSideMenu) is called.
15:48:03.442:	method reachPage(GP, EnterPIN) is called.
15:48:03.442:	method launch (GP, 1) is called.
15:48:03.442:	method findCurrentPage(1) is called.
15:48:03.943:	
15:48:06.906:	Current page is: PurchaseTimedOut
15:48:06.906:	This page PurchaseTimedOut is not recognized.
15:48:06.907:	method findCurrentPage(1) is called.
15:48:07.408:	
15:48:09.857:	Current page is: PurchaseTimedOut
15:48:09.857:	This page PurchaseTimedOut is not recognized.
15:48:09.857:	method findCurrentPage(1) is called.
15:48:10.358:	
15:48:12.875:	Current page is: PurchaseTimedOut
15:48:12.875:	This page PurchaseTimedOut is not recognized.
15:48:12.875:	method findCurrentPage(1) is called.
15:48:13.376:	
15:48:15.806:	Current page is: PurchaseTimedOut
15:48:15.807:	This page PurchaseTimedOut is not recognized.
15:48:15.807:	method findCurrentPage(1) is called.
15:48:16.308:	
15:48:19.290:	Current page is: PurchaseTimedOut
15:48:19.290:	This page PurchaseTimedOut is not recognized.
15:48:19.290:	method waitUntilPage(30, EnterPIN) is called.
15:48:19.290:	method findCurrentPage(0) is called.
15:48:19.790:	
15:48:22.217:	Current page is: PurchaseTimedOut
15:48:22.217:	method findCurrentPage(1) is called.
15:48:22.718:	
15:48:26.052:	Current page is: PurchaseTimedOut
15:48:26.052:	method findCurrentPage(1) is called.
15:48:26.553:	
15:48:29.327:	Current page is: PurchaseTimedOut
15:48:29.327:	method findCurrentPage(1) is called.
15:48:29.827:	
15:48:32.392:	Current page is: PurchaseTimedOut
15:48:32.392:	method findCurrentPage(1) is called.
15:48:32.893:	
15:48:35.486:	Current page is: PurchaseTimedOut
15:48:35.486:	method findCurrentPage(1) is called.
15:48:35.987:	
15:48:38.485:	Current page is: PurchaseTimedOut
15:48:38.485:	method findCurrentPage(1) is called.
15:48:38.986:	
15:48:41.300:	Current page is: PurchaseTimedOut
15:48:41.300:	method findCurrentPage(1) is called.
15:48:41.800:	
15:48:44.224:	Current page is: PurchaseTimedOut
15:48:44.224:	method findCurrentPage(1) is called.
15:48:44.725:	
15:48:47.062:	Current page is: PurchaseTimedOut
15:48:47.062:	method findCurrentPage(1) is called.
15:48:47.563:	
15:48:49.999:	Current page is: PurchaseTimedOut
15:48:49.999:	<font color='grey'>unexpected page PurchaseTimedOut reached</font>
15:48:49.999:	method findCurrentPage(0) is called.
15:48:50.500:	
15:48:52.995:	Current page is: PurchaseTimedOut
15:48:52.995:	<font color='grey'>unexpected page PurchaseTimedOut reached</font>
15:48:52.995:	The method "test()" are called
15:48:52.995:	
15:48:55.461:	Current page is: PurchaseTimedOut
15:48:55.461:	page count is: 157
15:48:55.461:	page count is: 158
15:48:55.461:	The method "clickButton()" are called
15:48:55.512:	exception caught during button click, failed to find SettingsTerminalAdvancedTab
15:48:55.512:	The method "waitUntilPage()" are called
15:48:55.512:	
15:48:57.776:	Current page is: PurchaseTimedOut
15:48:57.776:	page count is: 158
15:48:57.776:	page count is: 159
15:48:57.776:	
15:49:00.438:	Current page is: PurchaseTimedOut
15:49:00.438:	page count is: 159
15:49:00.438:	page count is: 160
15:49:00.938:	
15:49:03.204:	Current page is: PurchaseTimedOut
15:49:03.204:	page count is: 160
15:49:03.204:	page count is: 161
15:49:03.705:	
15:49:06.029:	Current page is: PurchaseTimedOut
15:49:06.029:	page count is: 161
15:49:06.029:	page count is: 162
15:49:06.529:	
15:49:08.775:	Current page is: PurchaseTimedOut
15:49:08.776:	page count is: 162
15:49:08.776:	page count is: 163
15:49:09.277:	
15:49:12.128:	Current page is: PurchaseTimedOut
15:49:12.128:	page count is: 163
15:49:12.128:	page count is: 164
15:49:12.629:	
15:49:15.165:	Current page is: PurchaseTimedOut
15:49:15.165:	page count is: 164
15:49:15.165:	page count is: 165
15:49:15.666:	
15:49:17.929:	Current page is: PurchaseTimedOut
15:49:17.929:	page count is: 165
15:49:17.929:	page count is: 166
15:49:18.430:	
15:49:21.116:	Current page is: PurchaseTimedOut
15:49:21.116:	page count is: 166
15:49:21.116:	page count is: 167
15:49:21.617:	
15:49:24.673:	Current page is: PurchaseTimedOut
15:49:24.673:	page count is: 167
15:49:24.673:	page count is: 168
15:49:25.174:	
15:49:28.296:	Current page is: PurchaseTimedOut
15:49:28.296:	page count is: 168
15:49:28.296:	page count is: 169
15:49:28.797:	
15:49:31.273:	Current page is: PurchaseTimedOut
15:49:31.273:	page count is: 169
15:49:31.273:	page count is: 170
15:49:31.773:	
15:49:34.280:	Current page is: PurchaseTimedOut
15:49:34.280:	page count is: 170
15:49:34.280:	page count is: 171
15:49:34.780:	
15:49:37.213:	Current page is: PurchaseTimedOut
15:49:37.213:	page count is: 171
15:49:37.213:	page count is: 172
15:49:37.714:	
15:49:40.255:	Current page is: PurchaseTimedOut
15:49:40.255:	page count is: 172
15:49:40.255:	page count is: 173
15:49:40.756:	
15:49:43.556:	Current page is: PurchaseTimedOut
15:49:43.556:	page count is: 173
15:49:43.556:	page count is: 174
15:49:44.057:	
15:49:46.618:	Current page is: PurchaseTimedOut
15:49:46.618:	page count is: 174
15:49:46.618:	page count is: 175
15:49:47.119:	
15:49:49.579:	Current page is: PurchaseTimedOut
15:49:49.579:	page count is: 175
15:49:49.579:	page count is: 176
15:49:50.081:	
15:49:52.906:	Current page is: PurchaseTimedOut
15:49:52.906:	page count is: 176
15:49:52.906:	page count is: 177
15:49:53.407:	
15:49:56.009:	Current page is: PurchaseTimedOut
15:49:56.009:	page count is: 177
15:49:56.009:	page count is: 178
15:49:56.510:	
15:49:59.219:	Current page is: PurchaseTimedOut
15:49:59.219:	page count is: 178
15:49:59.219:	page count is: 179
15:49:59.720:	
15:50:02.399:	Current page is: PurchaseTimedOut
15:50:02.399:	page count is: 179
15:50:02.400:	page count is: 180
15:50:02.900:	
15:50:06.271:	Current page is: PurchaseTimedOut
15:50:06.271:	page count is: 180
15:50:06.271:	page count is: 181
15:50:06.772:	
15:50:09.127:	Current page is: PurchaseTimedOut
15:50:09.127:	page count is: 181
15:50:09.127:	page count is: 182
15:50:09.627:	
15:50:11.934:	Current page is: PurchaseTimedOut
15:50:11.934:	page count is: 182
15:50:11.934:	page count is: 183
15:50:12.435:	
15:50:14.775:	Current page is: PurchaseTimedOut
15:50:14.775:	page count is: 183
15:50:14.775:	page count is: 184
15:50:15.275:	
15:50:17.610:	Current page is: PurchaseTimedOut
15:50:17.610:	page count is: 184
15:50:17.610:	page count is: 185
15:50:18.111:	
15:50:20.440:	Current page is: PurchaseTimedOut
15:50:20.440:	page count is: 185
15:50:20.440:	page count is: 186
15:50:20.940:	
15:50:23.990:	Current page is: PurchaseTimedOut
15:50:23.990:	page count is: 186
15:50:23.990:	page count is: 187
15:50:24.491:	
15:50:27.014:	Current page is: PurchaseTimedOut
15:50:27.014:	page count is: 187
15:50:27.014:	page count is: 188
15:50:27.515:	
15:50:29.765:	Current page is: PurchaseTimedOut
15:50:29.766:	page count is: 188
15:50:29.766:	page count is: 189
15:50:30.266:	
15:50:32.771:	Current page is: PurchaseTimedOut
15:50:32.771:	page count is: 189
15:50:32.771:	page count is: 190
15:50:33.271:	
15:50:35.411:	Current page is: PurchaseTimedOut
15:50:35.411:	page count is: 190
15:50:35.411:	page count is: 191
15:50:35.912:	
15:50:38.446:	Current page is: PurchaseTimedOut
15:50:38.446:	page count is: 191
15:50:38.446:	page count is: 192
15:50:38.947:	
15:50:41.421:	Current page is: PurchaseTimedOut
15:50:41.421:	page count is: 192
15:50:41.421:	page count is: 193
15:50:41.922:	
15:50:44.424:	Current page is: PurchaseTimedOut
15:50:44.425:	page count is: 193
15:50:44.425:	page count is: 194
15:50:44.926:	
15:50:47.622:	Current page is: PurchaseTimedOut
15:50:47.623:	page count is: 194
15:50:47.623:	page count is: 195
15:50:48.123:	
15:50:50.798:	Current page is: PurchaseTimedOut
15:50:50.798:	page count is: 195
15:50:50.798:	page count is: 196
15:50:51.299:	
15:50:53.730:	Current page is: PurchaseTimedOut
15:50:53.730:	page count is: 196
15:50:53.730:	page count is: 197
15:50:54.231:	
15:50:57.034:	Current page is: PurchaseTimedOut
15:50:57.034:	page count is: 197
15:50:57.034:	page count is: 198
15:50:57.534:	The method "test()" are called
15:50:57.534:	
15:51:00.126:	Current page is: PurchaseTimedOut
15:51:00.126:	page count is: 198
15:51:00.126:	page count is: 199
15:51:00.127:	The method "logComment()" are called
15:51:00.127:	<font color='grey'>Testing Version Number Display</font>
15:51:00.127:	The method "test()" are called
15:51:00.184:	The method "clickButton()" are called
15:51:00.250:	exception caught during button click, failed to find SettingsAdvancedsettlementButton
15:51:00.250:	The method "waitUntilPage()" are called
15:51:00.250:	
15:51:02.802:	Current page is: PurchaseTimedOut
15:51:02.803:	page count is: 199
15:51:02.803:	page count is: 200
15:51:02.803:	
15:51:05.367:	Current page is: PurchaseTimedOut
15:51:05.367:	page count is: 200
15:51:05.367:	page count is: 201
15:51:05.868:	
15:51:09.130:	Current page is: PurchaseTimedOut
15:51:09.130:	page count is: 201
15:51:09.130:	page count is: 202
15:51:09.631:	
15:51:11.950:	Current page is: PurchaseTimedOut
15:51:11.951:	page count is: 202
15:51:11.951:	page count is: 203
15:51:12.451:	
15:51:14.756:	Current page is: PurchaseTimedOut
15:51:14.756:	page count is: 203
15:51:14.756:	page count is: 204
15:51:15.257:	
15:51:17.808:	Current page is: PurchaseTimedOut
15:51:17.808:	page count is: 204
15:51:17.808:	page count is: 205
15:51:18.309:	
15:51:20.706:	Current page is: PurchaseTimedOut
15:51:20.706:	page count is: 205
15:51:20.706:	page count is: 206
15:51:21.207:	
15:51:24.326:	Current page is: PurchaseTimedOut
15:51:24.326:	page count is: 206
15:51:24.326:	page count is: 207
15:51:24.826:	
15:51:34.118:	Current page is: 
15:51:34.619:	
15:51:34.727:	Current page is: Purchase
15:51:34.727:	page count is: 122
15:51:34.727:	page count is: 123
15:51:35.228:	
15:51:35.363:	Current page is: Purchase
15:51:35.363:	page count is: 123
15:51:35.363:	page count is: 124
15:51:35.864:	
15:51:36:	Current page is: Purchase
15:51:36:	page count is: 124
15:51:36:	page count is: 125
15:51:36.500:	
