---------Start of logs---------
10:23:43.969:	The method "logComment()" are called
10:23:43.969:	<font color='grey'>Start of base purchase test case - please have SUCCESS testing card placed at the back of device!</font>
10:23:43.969:	The method "launch()" are called
10:23:43.970:	method launch (120) is called.
10:23:43.970:	method launch (CBA, 120) is called.
10:23:43.970:	method findCurrentPage(120) is called.
10:23:44.471:	
10:23:53.975:	Current page is: 
10:23:53.975:	This page  is not recognized.
10:23:53.975:	method findCurrentPage(120) is called.
10:23:54.476:	
10:23:55.869:	Current page is: SignInSelection
10:23:56.033:	method findCurrentPage(120) is called.
10:23:56.533:	
10:23:57.917:	Current page is: EnterPIN
10:23:57.917:	<font color='grey'>App launched and awaiting for login.</font>
10:23:57.917:	The method "login()" are called
10:23:57.917:	method login(1) is called.
10:23:58.918:	method enterNumPadOK (123456) is called.
10:23:58.918:	method enterNumPad (123456) is called.
10:23:58.918:	Number to be entered is: 123456
10:24:03.111:	<font color='grey'>User Authentication performed.</font>
10:24:03.111:	The method "waitUntilPage()" are called
10:24:12.180:	Current page is: 
10:24:12.333:	Current page is: Purchase
10:24:12.334:	page count is: 534
10:24:12.835:	The method "reachPage()" are called
10:24:12.835:	method reachPage(GP, SettingsTerminal) is called.
10:24:12.835:	method reachPage(GP, Purchase) is called.
10:24:12.972:	method goToSidemenuPage(Purchase) is called.
10:24:12.973:	method findCurrentPage(0) is called.
10:24:13.474:	
10:24:13.632:	Current page is: Purchase
10:24:13.632:	method findCurrentPage(0) is called.
10:24:14.133:	
10:24:14.315:	Current page is: Purchase
10:24:15.550:	method login(1) is called.
10:24:16.550:	method enterNumPadOK (123456) is called.
10:24:16.550:	method enterNumPad (123456) is called.
10:24:16.550:	Number to be entered is: 123456
10:24:21.508:	<font color='grey'>User Authentication performed.</font>
10:24:30.884:	Current page is: 
10:24:38.209:	Current page is: 
