---------Start of logs---------
16:30:06.300:	AndroidDriver created.
16:30:06.301:	The method "logComment()" are called
16:30:06.301:	<font color='grey'>Start of refund and void refund testing - please have SUCCESS testing card placed at the back of device!</font>
16:30:06.301:	The method "logComment()" are called
16:30:06.301:	<font color='grey'>This case assumes the app starts from the Purchase page.</font>
16:30:06.301:	The method "launch()" are called
16:30:06.302:	method launch (120) is called.
16:30:06.302:	method launch (CBA, 120) is called.
16:30:06.302:	method findCurrentPage(120) is called.
16:30:06.815:	
16:30:19.304:	Current page is: 
16:30:19.305:	This page  is not recognized.
16:30:19.305:	method findCurrentPage(120) is called.
16:30:19.805:	
16:30:20.493:	Current page is: EnterPIN
16:30:20.494:	<font color='grey'>App launched and awaiting for login.</font>
16:30:20.494:	The method "login()" are called
16:30:20.494:	method login(1) is called.
16:30:20.494:	method enterNumPadOK (1, 123456) is called.
16:30:21.495:	method enterNumPad (1, 123456) is called.
16:30:22.496:	Number to be entered is: 123456
16:30:22.496:	method find(EnterPIN1) is called.
16:30:23.362:	method find(EnterPIN2) is called.
16:30:24:	method find(EnterPIN3) is called.
16:30:24.663:	method find(EnterPIN4) is called.
16:30:25.319:	method find(EnterPIN5) is called.
16:30:25.953:	method find(EnterPIN6) is called.
16:30:26.567:	method find(EnterPINOK) is called.
16:30:27.644:	<font color='grey'>User Authentication performed.</font>
16:30:27.644:	The method "waitUntilPage()" are called
16:30:27.644:	
16:30:29.726:	Current page is: Purchase
16:30:29.727:	page count is: 117
16:30:29.727:	page count is: 118
16:30:29.727:	The method "reachPage()" are called
16:30:29.727:	method reachPage(GP, SettingsTerminal) is called.
16:30:29.727:	method reachPage(GP, Purchase) is called.
16:30:29.727:	method find(PurchaseSideMenu) is called.
16:30:29.877:	method goToSidemenuPage(Purchase) is called.
16:30:29.877:	method findCurrentPage(0) is called.
16:30:30.378:	
16:30:30.552:	Current page is: Purchase
16:30:30.552:	method findCurrentPage(0) is called.
16:30:31.053:	
16:30:31.231:	Current page is: Purchase
16:30:31.231:	method clickButton (0, PurchaseSideMenu) is called.
16:30:31.231:	method find(PurchaseSideMenu) is called.
16:30:31.418:	method clickButton (1, SideMenuSettings) is called.
16:30:32.418:	method find(SideMenuSettings) is called.
16:30:32.736:	method login(1) is called.
16:30:32.737:	method enterNumPadOK (1, 123456) is called.
16:30:33.737:	method enterNumPad (1, 123456) is called.
16:30:34.737:	Number to be entered is: 123456
16:30:34.737:	method find(EnterPIN1) is called.
16:30:34.978:	method find(EnterPIN2) is called.
16:30:35.612:	method find(EnterPIN3) is called.
16:30:36.815:	method find(EnterPIN4) is called.
16:30:37.442:	method find(EnterPIN5) is called.
16:30:38.159:	method find(EnterPIN6) is called.
16:30:39.044:	method find(EnterPINOK) is called.
16:30:39.655:	<font color='grey'>User Authentication performed.</font>
16:30:39.656:	method waitUntilPage(30, SettingsTerminal) is called.
16:30:39.656:	method findCurrentPage(0) is called.
16:30:40.157:	
16:30:41.489:	Current page is: SettingsTerminal
16:30:41.489:	The method "setBooleanValue(no)" are called
16:30:41.658:	The method "setBooleanValue(no)" are called
16:30:41.768:	exception caught during click, failed to find SettingsTerminalAddTipValue
16:30:41.768:	The method "setBooleanValue(no)" are called
16:30:41.908:	The method "reachPage()" are called
16:30:41.908:	method reachPage(GP, Purchase) is called.
16:30:41.908:	method find(PurchaseSideMenu) is called.
16:30:42.026:	method goToSidemenuPage(Purchase) is called.
16:30:42.027:	method findCurrentPage(0) is called.
16:30:42.527:	
16:30:42.793:	Current page is: SettingsTerminal
16:30:42.793:	method clickOnPage(SettingsTerminal, Purchase, [Ljava.lang.String;@55f277) is called.
16:30:42.793:	method findCurrentPage(0) is called.
16:30:43.293:	
16:30:43.600:	Current page is: SettingsTerminal
16:30:43.600:	method clickButton (0, PurchaseSideMenu) is called.
16:30:43.600:	method find(PurchaseSideMenu) is called.
16:30:44.277:	method clickButton (0, SideMenuPurchase) is called.
16:30:44.277:	method find(SideMenuPurchase) is called.
16:30:45.491:	method waitUntilPage(30, Purchase) is called.
16:30:45.491:	method findCurrentPage(0) is called.
16:30:45.996:	
16:30:46.226:	Current page is: Purchase
16:30:46.226:	The method "singlePurchase()" are called
16:30:46.226:	method singlePurchase(1400, no, , no, ) is called.
16:30:46.226:	method findCurrentPage(1) is called.
16:30:46.726:	
16:30:46.892:	Current page is: Purchase
16:30:46.892:	method enterPurchaseAmount(0, 1400) is called.
16:30:46.892:	method enterNumPadOK (0, 1400) is called.
16:30:46.893:	method enterNumPad (0, 1400) is called.
16:30:46.893:	Number to be entered is: 1400
16:30:46.893:	method find(EnterPIN1) is called.
16:30:47.084:	method find(EnterPIN4) is called.
16:30:47.709:	method find(EnterPIN0) is called.
16:30:48.354:	method find(EnterPIN0) is called.
16:30:49.041:	method find(EnterPINOK) is called.
16:30:50.034:	method findCurrentPage(1) is called.
16:30:50.535:	
16:30:52.416:	Current page is: TapToPay
16:30:52.416:	waiting for card tap
16:30:52.416:	method findCurrentPage(1) is called.
16:30:52.917:	
16:31:01.290:	Current page is: 
16:31:01.290:	reached an unrecognized page: 
16:31:01.290:	method clickButton (0, NoNetworkConnectionretry) is called.
16:31:01.290:	method find(NoNetworkConnectionretry) is called.
16:31:01.413:	exception caught during button click, failed to find NoNetworkConnectionretry
16:31:01.414:	method findCurrentPage(1) is called.
16:31:01.915:	
16:31:03.347:	Current page is: PurchaseResult
16:31:03.349:	<font color='grey'>Transaction is made, Processing time is: 10 seconds.</font>
16:31:03.349:	The method "test()" are called
16:31:03.349:	
16:31:04.642:	Current page is: PurchaseResult
16:31:04.642:	page count is: 6
16:31:04.642:	page count is: 7
16:31:04.644:	The method "test()" are called
16:31:04.829:	The method "clickButton()" are called
16:31:05.014:	The method "waitUntilPage()" are called
16:31:05.014:	
16:31:06.105:	Current page is: Purchase
16:31:06.106:	page count is: 122
16:31:06.106:	page count is: 123
16:31:06.106:	The method "test()" are called
16:31:06.106:	
16:31:06.330:	Current page is: Purchase
16:31:06.330:	page count is: 123
16:31:06.330:	page count is: 124
16:31:06.331:	The method "reachPage()" are called
16:31:06.331:	method reachPage(GP, TransactionHistory) is called.
16:31:06.331:	method reachPage(GP, Purchase) is called.
16:31:06.331:	method find(PurchaseSideMenu) is called.
16:31:07.201:	method goToSidemenuPage(Purchase) is called.
16:31:07.201:	method findCurrentPage(0) is called.
16:31:07.702:	
16:31:07.879:	Current page is: Purchase
16:31:07.879:	method goToSidemenuPage(TransactionHistory) is called.
16:31:07.879:	method findCurrentPage(0) is called.
16:31:08.379:	
16:31:08.546:	Current page is: Purchase
16:31:08.546:	method clickOnPage(Purchase, TransactionHistory, [Ljava.lang.String;@a8fd44) is called.
16:31:08.546:	method findCurrentPage(0) is called.
16:31:09.046:	
16:31:09.223:	Current page is: Purchase
16:31:09.223:	method clickButton (0, PurchaseSideMenu) is called.
16:31:09.223:	method find(PurchaseSideMenu) is called.
16:31:09.905:	method clickButton (0, SideMenuTransactionHistory) is called.
16:31:09.905:	method find(SideMenuTransactionHistory) is called.
16:31:11.116:	method waitUntilPage(30, TransactionHistory) is called.
16:31:11.116:	method findCurrentPage(0) is called.
16:31:11.620:	
16:31:12.970:	Current page is: TransactionHistory
16:31:12.971:	The method "test()" are called
16:31:12.971:	
16:31:14.633:	Current page is: TransactionHistory
16:31:14.633:	page count is: 15
16:31:14.633:	page count is: 16
16:31:14.633:	The method "test()" are called
16:31:14.893:	The method "clickButton()" are called
16:31:15.218:	The method "waitUntilPage()" are called
16:31:15.218:	
16:31:17.867:	Current page is: TransactionDetails
16:31:17.867:	page count is: 8
16:31:17.867:	page count is: 9
16:31:17.867:	The method "test()" are called
16:31:17.867:	
16:31:19.070:	Current page is: TransactionDetails
16:31:19.070:	page count is: 9
16:31:19.070:	page count is: 10
16:31:19.070:	The method "test()" are called
16:31:19.264:	The method "test()" are called
16:31:19.458:	The method "test()" are called
16:31:19.667:	The method "test()" are called
16:31:19.864:	The method "test()" are called
16:31:20.052:	The method "clickButton()" are called
16:31:20.275:	The method "waitUntilPage()" are called
16:31:20.275:	
16:31:22.190:	Current page is: TransactionHistory
16:31:22.190:	page count is: 16
16:31:22.190:	page count is: 17
16:31:22.190:	The method "reachPage()" are called
16:31:22.191:	method reachPage(GP, SettingsTerminal) is called.
16:31:22.191:	method reachPage(GP, Purchase) is called.
16:31:22.191:	method find(PurchaseSideMenu) is called.
16:31:22.346:	method goToSidemenuPage(Purchase) is called.
16:31:22.346:	method findCurrentPage(0) is called.
16:31:22.847:	
16:31:24.215:	Current page is: TransactionHistory
16:31:24.215:	method clickOnPage(TransactionHistory, Purchase, [Ljava.lang.String;@1b71f50) is called.
16:31:24.215:	method findCurrentPage(0) is called.
16:31:24.716:	
16:31:25.584:	Current page is: TransactionHistory
16:31:25.584:	method clickButton (0, PurchaseSideMenu) is called.
16:31:25.584:	method find(PurchaseSideMenu) is called.
16:31:26.342:	method clickButton (0, SideMenuPurchase) is called.
16:31:26.342:	method find(SideMenuPurchase) is called.
16:31:27.600:	method waitUntilPage(30, Purchase) is called.
16:31:27.600:	method findCurrentPage(0) is called.
16:31:28.101:	
16:31:28.348:	Current page is: Purchase
16:31:28.349:	method findCurrentPage(0) is called.
16:31:28.850:	
16:31:28.957:	Current page is: Purchase
16:31:28.957:	method clickButton (0, PurchaseSideMenu) is called.
16:31:28.957:	method find(PurchaseSideMenu) is called.
16:31:29.077:	method clickButton (1, SideMenuSettings) is called.
16:31:30.077:	method find(SideMenuSettings) is called.
16:31:30.368:	method login(1) is called.
16:31:30.368:	method enterNumPadOK (1, 123456) is called.
16:31:31.369:	method enterNumPad (1, 123456) is called.
16:31:32.369:	Number to be entered is: 123456
16:31:32.369:	method find(EnterPIN1) is called.
16:31:32.555:	method find(EnterPIN2) is called.
16:31:33.172:	method find(EnterPIN3) is called.
16:31:34.426:	method find(EnterPIN4) is called.
16:31:35.141:	method find(EnterPIN5) is called.
16:31:35.841:	method find(EnterPIN6) is called.
16:31:36.522:	method find(EnterPINOK) is called.
16:31:37.123:	<font color='grey'>User Authentication performed.</font>
16:31:37.123:	method waitUntilPage(30, SettingsTerminal) is called.
16:31:37.124:	method findCurrentPage(0) is called.
16:31:37.625:	
16:31:38.747:	Current page is: SettingsTerminal
16:31:38.747:	The method "test()" are called
16:31:38.747:	
16:31:38.983:	Current page is: SettingsTerminal
16:31:38.983:	page count is: 63
16:31:38.984:	page count is: 64
16:31:38.984:	The method "clickButton()" are called
16:31:39.160:	The method "waitUntilPage()" are called
16:31:39.160:	
16:31:41.174:	Current page is: SettingsAdvanced
16:31:41.174:	page count is: 5
16:31:41.174:	page count is: 6
16:31:41.174:	The method "test()" are called
16:31:41.174:	
16:31:42.205:	Current page is: SettingsAdvanced
16:31:42.205:	page count is: 6
16:31:42.206:	page count is: 7
16:31:42.206:	The method "logComment()" are called
16:31:42.206:	<font color='grey'>Testing Version Number Display</font>
16:31:42.206:	The method "test()" are called
16:31:42.342:	The method "clickButton()" are called
16:31:42.492:	The method "waitUntilPage()" are called
16:31:42.493:	
16:31:47.997:	Current page is: ConfirmSettlement
16:31:47.997:	page count is: 0
16:31:47.997:	page count is: 1
16:31:47.997:	The method "test()" are called
16:31:47.997:	
16:31:52.062:	Current page is: ConfirmSettlement
16:31:52.062:	page count is: 1
16:31:52.062:	page count is: 2
16:31:52.063:	The method "clickButton()" are called
16:31:52.174:	The method "waitUntilPage()" are called
16:31:52.174:	
16:31:54.205:	Current page is: SettingsAdvanced
16:31:54.205:	page count is: 7
16:31:54.205:	page count is: 8
16:31:54.205:	The method "test()" are called
16:31:54.206:	
16:31:55.704:	Current page is: SettingsAdvanced
16:31:55.704:	page count is: 8
16:31:55.704:	page count is: 9
16:31:55.704:	The method "reachPage()" are called
16:31:55.704:	method reachPage(GP, TransactionHistory) is called.
16:31:55.704:	method reachPage(GP, Purchase) is called.
16:31:55.704:	method find(PurchaseSideMenu) is called.
16:31:55.879:	method goToSidemenuPage(Purchase) is called.
16:31:55.879:	method findCurrentPage(0) is called.
16:31:56.380:	
16:31:57.554:	Current page is: SettingsAdvanced
16:31:57.554:	method clickOnPage(SettingsAdvanced, Purchase, [Ljava.lang.String;@1273273) is called.
16:31:57.554:	method findCurrentPage(0) is called.
16:31:58.054:	
16:31:59.131:	Current page is: SettingsAdvanced
16:31:59.131:	method clickButton (0, PurchaseSideMenu) is called.
16:31:59.131:	method find(PurchaseSideMenu) is called.
16:31:59.786:	method clickButton (0, SideMenuPurchase) is called.
16:31:59.786:	method find(SideMenuPurchase) is called.
16:32:00.994:	method waitUntilPage(30, Purchase) is called.
16:32:00.994:	method findCurrentPage(0) is called.
16:32:01.495:	
16:32:01.664:	Current page is: Purchase
16:32:01.664:	method goToSidemenuPage(TransactionHistory) is called.
16:32:01.664:	method findCurrentPage(0) is called.
16:32:02.165:	
16:32:02.297:	Current page is: Purchase
16:32:02.297:	method clickOnPage(Purchase, TransactionHistory, [Ljava.lang.String;@17a9786) is called.
16:32:02.298:	method findCurrentPage(0) is called.
16:32:02.798:	
16:32:02.958:	Current page is: Purchase
16:32:02.958:	method clickButton (0, PurchaseSideMenu) is called.
16:32:02.958:	method find(PurchaseSideMenu) is called.
16:32:03.586:	method clickButton (0, SideMenuTransactionHistory) is called.
16:32:03.586:	method find(SideMenuTransactionHistory) is called.
16:32:04.727:	method waitUntilPage(30, TransactionHistory) is called.
16:32:04.727:	method findCurrentPage(0) is called.
16:32:05.227:	
16:32:08.361:	Current page is: TransactionHistory
16:32:08.362:	The method "test()" are called
16:32:08.363:	
16:32:09.192:	Current page is: TransactionHistory
16:32:09.192:	page count is: 20
16:32:09.192:	page count is: 21
16:32:09.193:	The method "test()" are called
16:32:09.422:	The method "clickButton()" are called
16:32:09.676:	The method "waitUntilPage()" are called
16:32:09.678:	
16:32:12.099:	Current page is: TransactionDetails
16:32:12.099:	page count is: 10
16:32:12.100:	page count is: 11
16:32:12.100:	The method "test()" are called
16:32:12.100:	
16:32:13.065:	Current page is: TransactionDetails
16:32:13.065:	page count is: 11
16:32:13.065:	page count is: 12
16:32:13.065:	The method "test()" are called
16:32:13.223:	The method "test()" are called
16:32:13.401:	The method "test()" are called
16:32:13.572:	The method "test()" are called
16:32:13.745:	The method "test()" are called
16:32:13.945:	The method "clickButton()" are called
16:32:14.120:	The method "login()" are called
16:32:14.121:	method login(1) is called.
16:32:14.121:	method enterNumPadOK (1, 123456) is called.
16:32:15.121:	method enterNumPad (1, 123456) is called.
16:32:16.121:	Number to be entered is: 123456
16:32:16.121:	method find(EnterPIN1) is called.
16:32:16.313:	method find(EnterPIN2) is called.
16:32:17.007:	method find(EnterPIN3) is called.
16:32:17.704:	method find(EnterPIN4) is called.
16:32:18.826:	method find(EnterPIN5) is called.
16:32:19.338:	method find(EnterPIN6) is called.
16:32:20.025:	method find(EnterPINOK) is called.
16:32:20.716:	<font color='grey'>User Authentication performed.</font>
16:32:20.716:	The method "waitUntilPage()" are called
16:32:20.716:	
16:32:24.596:	Current page is: EnterRefundAmount
16:32:24.597:	page count is: 2
16:32:24.597:	page count is: 3
16:32:24.597:	The method "test()" are called
16:32:24.597:	
16:32:26.171:	Current page is: EnterRefundAmount
16:32:26.171:	page count is: 3
16:32:26.172:	page count is: 4
16:32:26.172:	The method "clickButton()" are called
16:32:26.332:	The method "waitUntilPage()" are called
16:32:26.332:	
16:32:35.374:	Current page is: 
16:32:35.375:	
16:32:36.047:	Current page is: Signature
16:32:36.047:	page count is: 6
16:32:36.047:	page count is: 7
16:32:36.548:	The method "logComment()" are called
16:32:36.548:	<font color='grey'>Making Signature</font>
16:32:36.548:	The method "sign()" are called
16:32:36.548:	starting to tap SignatureSignArea
16:32:36.548:	method find(SignatureSignArea) is called.
16:33:06.664:	The method "clickButton()" are called
16:33:07.302:	The method "waitUntilPage()" are called
16:33:07.302:	
16:33:07.942:	Current page is: Signature
16:33:07.942:	page count is: 7
16:33:07.942:	page count is: 8
16:33:07.942:	
16:33:08.571:	Current page is: Signature
16:33:08.571:	page count is: 8
16:33:08.571:	page count is: 9
16:33:09.072:	
16:33:09.635:	Current page is: Signature
16:33:09.635:	page count is: 9
16:33:09.636:	page count is: 10
16:33:10.137:	
