---------Start of logs---------
14:09:22.211:	The method "logComment()" are called
14:09:22.211:	<font color='grey'>Start of refund and void refund testing - please have SUCCESS testing card placed at the back of device!</font>
14:09:22.211:	The method "logComment()" are called
14:09:22.211:	<font color='grey'>This case assumes the app starts from the Purchase page.</font>
14:09:22.211:	The method "launch()" are called
14:09:22.211:	method launch (120) is called.
14:09:22.212:	method launch (CBA, 120) is called.
14:09:22.212:	method findCurrentPage(120) is called.
14:09:22.713:	
14:09:30.041:	Current page is: 
14:09:30.041:	This page  is not recognized.
14:09:30.041:	method findCurrentPage(120) is called.
14:09:30.542:	
14:09:36.443:	Current page is: 
14:09:36.443:	This page  is not recognized.
14:09:36.444:	method findCurrentPage(120) is called.
14:09:36.945:	
14:09:42.042:	Current page is: 
14:09:42.042:	This page  is not recognized.
14:09:42.042:	method findCurrentPage(120) is called.
14:09:42.542:	
14:09:47.471:	Current page is: 
14:09:47.471:	This page  is not recognized.
14:09:47.472:	method findCurrentPage(120) is called.
