---------Start of logs---------
14:53:42.512:	AndroidDriver created.
14:53:42.513:	The method "logComment()" are called
14:53:42.513:	<font color='grey'>Start of base purchase test case - please have SUCCESS testing card placed at the back of device!</font>
14:53:42.513:	The method "launch()" are called
14:53:42.513:	method launch (120) is called.
14:53:42.513:	method launch (CBA, 120) is called.
14:53:42.513:	method findCurrentPage(120) is called.
14:53:43.014:	
14:53:52.139:	Current page is: 
14:53:52.139:	This page  is not recognized.
14:53:52.139:	method findCurrentPage(120) is called.
14:53:52.640:	
14:53:53.303:	Current page is: EnterPIN
14:53:53.303:	<font color='grey'>App launched and awaiting for login.</font>
14:53:53.303:	The method "login()" are called
14:53:53.303:	method login(1) is called.
14:53:53.303:	method enterNumPadOK (1, 123456) is called.
14:53:54.303:	method enterNumPad (1, 123456) is called.
14:53:55.303:	Number to be entered is: 123456
14:53:55.303:	method find(EnterPIN1) is called.
14:53:55.521:	method find(EnterPIN2) is called.
14:53:56.177:	method find(EnterPIN3) is called.
14:53:56.819:	method find(EnterPIN4) is called.
14:53:57.444:	method find(EnterPIN5) is called.
14:53:58.147:	method find(EnterPIN6) is called.
14:53:58.779:	method find(EnterPINOK) is called.
14:53:59.472:	<font color='grey'>User Authentication performed.</font>
14:53:59.472:	The method "waitUntilPage()" are called
14:53:59.472:	
14:54:08.553:	Current page is: 
14:54:08.554:	
14:54:08.664:	Current page is: Purchase
14:54:08.664:	page count is: 117
14:54:08.664:	page count is: 118
14:54:09.165:	The method "reachPage()" are called
14:54:09.165:	method reachPage(GP, SettingsTerminal) is called.
14:54:09.165:	method reachPage(GP, Purchase) is called.
14:54:09.165:	method find(PurchaseSideMenu) is called.
14:54:09.296:	method goToSidemenuPage(Purchase) is called.
14:54:09.296:	method findCurrentPage(0) is called.
14:54:09.796:	
14:54:09.960:	Current page is: Purchase
14:54:09.960:	method findCurrentPage(0) is called.
14:54:10.461:	
14:54:10.614:	Current page is: Purchase
14:54:10.614:	method clickButton (0, PurchaseSideMenu) is called.
14:54:10.614:	method find(PurchaseSideMenu) is called.
14:54:10.869:	method clickButton (1, SideMenuSettings) is called.
14:54:11.869:	method find(SideMenuSettings) is called.
14:54:12.164:	method login(1) is called.
14:54:12.165:	method enterNumPadOK (1, 123456) is called.
14:54:13.166:	method enterNumPad (1, 123456) is called.
14:54:14.166:	Number to be entered is: 123456
14:54:14.166:	method find(EnterPIN1) is called.
14:54:14.365:	method find(EnterPIN2) is called.
14:54:14.975:	method find(EnterPIN3) is called.
14:54:16.161:	method find(EnterPIN4) is called.
14:54:16.756:	method find(EnterPIN5) is called.
14:54:17.358:	method find(EnterPIN6) is called.
14:54:17.974:	method find(EnterPINOK) is called.
14:54:18.586:	<font color='grey'>User Authentication performed.</font>
14:54:18.586:	method waitUntilPage(30, SettingsTerminal) is called.
14:54:18.586:	method findCurrentPage(0) is called.
14:54:19.088:	
14:54:20.322:	Current page is: SettingsTerminal
14:54:20.323:	The method "setBooleanValue(no)" are called
14:54:20.602:	The method "setBooleanValue(no)" are called
14:54:21.184:	exception caught during click, failed to find SettingsTerminalAddTipValue
14:54:21.184:	The method "setBooleanValue(no)" are called
14:54:21.305:	The method "reachPage()" are called
14:54:21.305:	method reachPage(GP, Purchase) is called.
14:54:21.305:	method find(PurchaseSideMenu) is called.
14:54:21.398:	method goToSidemenuPage(Purchase) is called.
14:54:21.398:	method findCurrentPage(0) is called.
14:54:21.899:	
14:54:22.119:	Current page is: SettingsTerminal
14:54:22.119:	method clickOnPage(SettingsTerminal, Purchase, [Ljava.lang.String;@28d990) is called.
14:54:22.119:	method findCurrentPage(0) is called.
14:54:22.620:	
14:54:22.840:	Current page is: SettingsTerminal
14:54:22.840:	method clickButton (0, PurchaseSideMenu) is called.
14:54:22.840:	method find(PurchaseSideMenu) is called.
14:54:24.080:	method clickButton (0, SideMenuPurchase) is called.
14:54:24.080:	method find(SideMenuPurchase) is called.
14:54:25.276:	method waitUntilPage(30, Purchase) is called.
14:54:25.276:	method findCurrentPage(0) is called.
14:54:25.777:	
14:54:26.046:	Current page is: Purchase
14:54:26.046:	The method "singlePurchase()" are called
14:54:26.046:	method singlePurchase(1000, no, , no, ) is called.
14:54:26.046:	method findCurrentPage(1) is called.
14:54:26.547:	
14:54:26.708:	Current page is: Purchase
14:54:26.708:	method enterPurchaseAmount(0, 1000) is called.
14:54:26.708:	method enterNumPadOK (0, 1000) is called.
14:54:26.708:	method enterNumPad (0, 1000) is called.
14:54:26.708:	Number to be entered is: 1000
14:54:26.708:	method find(EnterPIN1) is called.
14:54:26.906:	method find(EnterPIN0) is called.
14:54:27.543:	method find(EnterPIN0) is called.
14:54:28.166:	method find(EnterPIN0) is called.
14:54:28.762:	method find(EnterPINOK) is called.
14:54:29.377:	method findCurrentPage(1) is called.
14:54:29.878:	
14:54:37.684:	Current page is: 
14:54:37.684:	reached an unrecognized page: 
14:54:37.684:	method clickButton (0, NoNetworkConnectionretry) is called.
14:54:37.684:	method find(NoNetworkConnectionretry) is called.
14:54:37.764:	exception caught during button click, failed to find NoNetworkConnectionretry
14:54:37.764:	method findCurrentPage(1) is called.
14:54:38.265:	
14:54:40.622:	Current page is: PurchaseResult
14:54:40.622:	<font color='grey'>Transaction is made, Processing time is: 14 seconds.</font>
14:54:40.622:	The method "test()" are called
14:54:40.623:	
14:54:41.903:	Current page is: PurchaseResult
14:54:41.903:	page count is: 6
14:54:41.903:	page count is: 7
14:54:41.904:	The method "test()" are called
14:54:42.025:	The method "clickButton()" are called
14:54:42.196:	The method "waitUntilPage()" are called
14:54:42.196:	
14:54:43.232:	Current page is: Purchase
14:54:43.232:	page count is: 122
14:54:43.232:	page count is: 123
14:54:43.232:	The method "test()" are called
14:54:43.232:	
14:54:43.349:	Current page is: Purchase
14:54:43.349:	page count is: 123
14:54:43.349:	page count is: 124
14:54:43.349:	The method "reachPage()" are called
14:54:43.349:	method reachPage(GP, TransactionHistory) is called.
14:54:43.349:	method reachPage(GP, Purchase) is called.
14:54:43.349:	method find(PurchaseSideMenu) is called.
14:54:43.443:	method goToSidemenuPage(Purchase) is called.
14:54:43.443:	method findCurrentPage(0) is called.
14:54:43.944:	
14:54:44.085:	Current page is: Purchase
14:54:44.085:	method goToSidemenuPage(TransactionHistory) is called.
14:54:44.085:	method findCurrentPage(0) is called.
14:54:44.586:	
14:54:44.736:	Current page is: Purchase
14:54:44.736:	method clickOnPage(Purchase, TransactionHistory, [Ljava.lang.String;@e89bfe) is called.
14:54:44.736:	method findCurrentPage(0) is called.
14:54:45.237:	
14:54:45.382:	Current page is: Purchase
14:54:45.382:	method clickButton (0, PurchaseSideMenu) is called.
14:54:45.382:	method find(PurchaseSideMenu) is called.
14:54:46.030:	method clickButton (0, SideMenuTransactionHistory) is called.
14:54:46.030:	method find(SideMenuTransactionHistory) is called.
14:54:47.214:	method waitUntilPage(30, TransactionHistory) is called.
14:54:47.214:	method findCurrentPage(0) is called.
14:54:47.714:	
14:54:48.777:	Current page is: TransactionHistory
14:54:48.777:	The method "test()" are called
14:54:48.777:	
14:54:49.219:	Current page is: TransactionHistory
14:54:49.219:	page count is: 15
14:54:49.219:	page count is: 16
14:54:49.219:	The method "test()" are called
14:54:49.351:	The method "clickButton()" are called
14:54:49.500:	The method "waitUntilPage()" are called
14:54:49.500:	
14:54:51.883:	Current page is: TransactionDetails
14:54:51.883:	page count is: 8
14:54:51.883:	page count is: 9
14:54:51.883:	The method "test()" are called
14:54:51.884:	
14:54:53.252:	Current page is: TransactionDetails
14:54:53.252:	page count is: 9
14:54:53.252:	page count is: 10
14:54:53.252:	The method "test()" are called
14:54:53.411:	The method "test()" are called
14:54:53.557:	The method "test()" are called
14:54:53.669:	The method "test()" are called
14:54:53.773:	The method "test()" are called
14:54:53.876:	The method "test()" are called
14:54:53.974:	The method "clickButton()" are called
14:54:54.089:	The method "waitUntilPage()" are called
14:54:54.089:	
14:54:55.679:	Current page is: TransactionHistory
14:54:55.679:	page count is: 16
14:54:55.679:	page count is: 17
14:54:55.679:	The method "reachPage()" are called
14:54:55.679:	method reachPage(GP, Purchase) is called.
14:54:55.679:	method find(PurchaseSideMenu) is called.
14:54:55.806:	method goToSidemenuPage(Purchase) is called.
14:54:55.806:	method findCurrentPage(0) is called.
14:54:56.306:	
14:54:56.832:	Current page is: TransactionHistory
14:54:56.832:	method clickOnPage(TransactionHistory, Purchase, [Ljava.lang.String;@15ce97f) is called.
14:54:56.832:	method findCurrentPage(0) is called.
14:54:57.333:	
14:54:57.915:	Current page is: TransactionHistory
14:54:57.915:	method clickButton (0, PurchaseSideMenu) is called.
14:54:57.915:	method find(PurchaseSideMenu) is called.
14:54:58.595:	method clickButton (0, SideMenuPurchase) is called.
14:54:58.595:	method find(SideMenuPurchase) is called.
14:54:59.796:	method waitUntilPage(30, Purchase) is called.
14:54:59.796:	method findCurrentPage(0) is called.
14:55:00.297:	
14:55:00.553:	Current page is: Purchase
14:55:00.554:	The method "test()" are called
14:55:00.554:	
14:55:00.672:	Current page is: Purchase
14:55:00.672:	page count is: 128
14:55:00.672:	page count is: 129
14:55:00.672:	<font color='blue'>Test Case: TS_1 completed.</font>
14:55:00.672:	-----------------------------------<br>
14:55:00.672:	The method "logComment()" are called
14:55:00.672:	<font color='grey'>Start of base purchase with tips/desription/email receipt - please have SUCCESS testing card placed at the back of device!</font>
14:55:00.673:	The method "logComment()" are called
14:55:00.673:	<font color='grey'>This case assumes the app starts from the Purchase page.</font>
14:55:00.673:	The method "reachPage()" are called
14:55:00.673:	method reachPage(GP, SettingsTerminal) is called.
14:55:00.673:	method reachPage(GP, Purchase) is called.
14:55:00.673:	method find(PurchaseSideMenu) is called.
14:55:00.763:	method goToSidemenuPage(Purchase) is called.
14:55:00.763:	method findCurrentPage(0) is called.
14:55:01.264:	
14:55:01.398:	Current page is: Purchase
14:55:01.398:	method findCurrentPage(0) is called.
14:55:01.898:	
14:55:02.031:	Current page is: Purchase
14:55:02.031:	method clickButton (0, PurchaseSideMenu) is called.
14:55:02.031:	method find(PurchaseSideMenu) is called.
14:55:02.176:	method clickButton (1, SideMenuSettings) is called.
14:55:03.177:	method find(SideMenuSettings) is called.
14:55:03.428:	method login(1) is called.
14:55:03.428:	method enterNumPadOK (1, 123456) is called.
14:55:04.428:	method enterNumPad (1, 123456) is called.
14:55:05.429:	Number to be entered is: 123456
14:55:05.429:	method find(EnterPIN1) is called.
14:55:05.604:	method find(EnterPIN2) is called.
14:55:06.195:	method find(EnterPIN3) is called.
14:55:07.406:	method find(EnterPIN4) is called.
14:55:08.099:	method find(EnterPIN5) is called.
14:55:08.699:	method find(EnterPIN6) is called.
14:55:09.303:	method find(EnterPINOK) is called.
14:55:09.996:	<font color='grey'>User Authentication performed.</font>
14:55:09.996:	method waitUntilPage(30, SettingsTerminal) is called.
14:55:09.996:	method findCurrentPage(0) is called.
14:55:10.496:	
14:55:11.538:	Current page is: SettingsTerminal
14:55:11.538:	The method "setBooleanValue(no)" are called
14:55:11.649:	The method "setBooleanValue(yes)" are called
14:55:11.733:	exception caught during click, failed to find SettingsTerminalAddTipValue
14:55:11.733:	The method "setBooleanValue(yes)" are called
14:55:11.966:	The method "reachPage()" are called
14:55:11.966:	method reachPage(GP, Purchase) is called.
14:55:11.966:	method find(PurchaseSideMenu) is called.
14:55:12.642:	method goToSidemenuPage(Purchase) is called.
14:55:12.643:	method findCurrentPage(0) is called.
14:55:13.143:	
14:55:13.343:	Current page is: SettingsTerminal
14:55:13.343:	method clickOnPage(SettingsTerminal, Purchase, [Ljava.lang.String;@a93621) is called.
14:55:13.343:	method findCurrentPage(0) is called.
14:55:13.844:	
14:55:14.108:	Current page is: SettingsTerminal
14:55:14.108:	method clickButton (0, PurchaseSideMenu) is called.
14:55:14.109:	method find(PurchaseSideMenu) is called.
14:55:14.764:	method clickButton (0, SideMenuPurchase) is called.
14:55:14.764:	method find(SideMenuPurchase) is called.
14:55:15.922:	method waitUntilPage(30, Purchase) is called.
14:55:15.922:	method findCurrentPage(0) is called.
14:55:16.422:	
14:55:16.693:	Current page is: Purchase
14:55:16.693:	The method "singlePurchase(9999)" are called
14:55:16.693:	method singlePurchase(1100, Total, 9999, yes, This is a purchase description test.) is called.
14:55:16.693:	method findCurrentPage(1) is called.
14:55:17.193:	
14:55:17.337:	Current page is: Purchase
14:55:17.337:	method enterPurchaseAmount(0, 1100) is called.
14:55:17.337:	method enterNumPadOK (0, 1100) is called.
14:55:17.337:	method enterNumPad (0, 1100) is called.
14:55:17.341:	Number to be entered is: 1100
14:55:17.341:	method find(EnterPIN1) is called.
14:55:17.489:	method find(EnterPIN1) is called.
14:55:18.079:	method find(EnterPIN0) is called.
14:55:18.704:	method find(EnterPIN0) is called.
14:55:19.333:	method find(EnterPINOK) is called.
14:55:19.915:	method findCurrentPage(1) is called.
14:55:20.416:	
14:55:23.917:	Current page is: PurchaseDescription
14:55:23.917:	method inputText (0, PurchaseDescriptionDescription, This is a purchase description test.) is called.
14:55:23.917:	method find(PurchaseDescriptionDescription) is called.
14:55:24.767:	method clickButton (0, PurchaseDescriptionNext) is called.
14:55:24.767:	method find(PurchaseDescriptionNext) is called.
14:55:25.531:	method findCurrentPage(1) is called.
14:55:26.031:	
14:55:28.053:	Current page is: TapToPay
14:55:28.053:	waiting for card tap
14:55:28.053:	method findCurrentPage(1) is called.
14:55:28.553:	
14:55:33.737:	Current page is: 
14:55:33.737:	reached an unrecognized page: 
14:55:33.737:	method clickButton (0, NoNetworkConnectionretry) is called.
14:55:33.738:	method find(NoNetworkConnectionretry) is called.
14:55:33.811:	exception caught during button click, failed to find NoNetworkConnectionretry
14:55:33.811:	method findCurrentPage(1) is called.
14:55:34.311:	
14:55:36.379:	Current page is: PurchaseResult
14:55:36.379:	<font color='grey'>Transaction is made, Processing time is: 8 seconds.</font>
14:55:36.379:	The method "test()" are called
14:55:36.379:	
14:55:37.546:	Current page is: PurchaseResult
14:55:37.546:	page count is: 8
14:55:37.546:	page count is: 9
14:55:37.547:	The method "test()" are called
14:55:37.673:	The method "test()" are called
14:55:37.805:	The method "clickButton()" are called
14:55:37.959:	The method "waitUntilPage()" are called
14:55:37.960:	
14:55:40.717:	Current page is: EmailReceiptForPurchase
14:55:40.717:	page count is: 0
14:55:40.717:	page count is: 1
14:55:40.717:	The method "inputText(ytao@mobeewave.com)" are called
14:55:41.499:	The method "clickButton()" are called
14:55:42.245:	The method "waitUntilPage()" are called
14:55:42.245:	
14:55:45.318:	Current page is: ReceiptSentConfirmation
14:55:45.318:	page count is: 0
14:55:45.318:	page count is: 1
14:55:45.318:	The method "clickButton()" are called
14:55:45.417:	The method "waitUntilPage()" are called
14:55:45.417:	
14:55:46.516:	Current page is: Purchase
14:55:46.516:	page count is: 133
14:55:46.516:	page count is: 134
14:55:46.517:	The method "test()" are called
14:55:46.517:	
14:55:46.688:	Current page is: Purchase
14:55:46.688:	page count is: 134
14:55:46.688:	page count is: 135
14:55:46.688:	The method "reachPage()" are called
14:55:46.688:	method reachPage(GP, TransactionHistory) is called.
14:55:46.688:	method reachPage(GP, Purchase) is called.
14:55:46.688:	method find(PurchaseSideMenu) is called.
14:55:46.789:	method goToSidemenuPage(Purchase) is called.
14:55:46.789:	method findCurrentPage(0) is called.
14:55:47.290:	
14:55:47.432:	Current page is: Purchase
14:55:47.432:	method goToSidemenuPage(TransactionHistory) is called.
14:55:47.432:	method findCurrentPage(0) is called.
14:55:47.933:	
14:55:48.063:	Current page is: Purchase
14:55:48.063:	method clickOnPage(Purchase, TransactionHistory, [Ljava.lang.String;@5b6d75) is called.
14:55:48.063:	method findCurrentPage(0) is called.
14:55:48.564:	
14:55:48.708:	Current page is: Purchase
14:55:48.708:	method clickButton (0, PurchaseSideMenu) is called.
14:55:48.708:	method find(PurchaseSideMenu) is called.
14:55:49.349:	method clickButton (0, SideMenuTransactionHistory) is called.
14:55:49.349:	method find(SideMenuTransactionHistory) is called.
14:55:50.534:	method waitUntilPage(30, TransactionHistory) is called.
14:55:50.534:	method findCurrentPage(0) is called.
14:55:51.034:	
14:55:52.096:	Current page is: TransactionHistory
14:55:52.096:	The method "test()" are called
14:55:52.096:	
14:55:52.745:	Current page is: TransactionHistory
14:55:52.745:	page count is: 20
14:55:52.745:	page count is: 21
14:55:52.745:	The method "test()" are called
14:55:52.932:	The method "clickButton()" are called
14:55:53.142:	The method "waitUntilPage()" are called
14:55:53.142:	
14:55:55.351:	Current page is: TransactionDetails
14:55:55.351:	page count is: 10
14:55:55.351:	page count is: 11
14:55:55.351:	The method "test()" are called
14:55:55.351:	
14:55:56.645:	Current page is: TransactionDetails
14:55:56.645:	page count is: 11
14:55:56.645:	page count is: 12
14:55:56.645:	The method "test()" are called
14:55:56.809:	The method "test()" are called
14:55:56.970:	The method "test()" are called
14:55:57.129:	The method "test()" are called
14:55:57.282:	The method "test()" are called
14:55:57.445:	The method "test()" are called
14:55:57.611:	The method "clickButton()" are called
14:55:57.802:	The method "waitUntilPage()" are called
14:55:57.802:	
14:55:59.689:	Current page is: TransactionHistory
14:55:59.689:	page count is: 21
14:55:59.689:	page count is: 22
14:55:59.689:	The method "reachPage()" are called
14:55:59.689:	method reachPage(GP, Purchase) is called.
14:55:59.689:	method find(PurchaseSideMenu) is called.
14:55:59.838:	method goToSidemenuPage(Purchase) is called.
14:55:59.839:	method findCurrentPage(0) is called.
14:56:00.340:	
14:56:00.970:	Current page is: TransactionHistory
14:56:00.970:	method clickOnPage(TransactionHistory, Purchase, [Ljava.lang.String;@1672bd4) is called.
14:56:00.970:	method findCurrentPage(0) is called.
14:56:01.471:	
14:56:02.101:	Current page is: TransactionHistory
14:56:02.101:	method clickButton (0, PurchaseSideMenu) is called.
14:56:02.101:	method find(PurchaseSideMenu) is called.
14:56:02.817:	method clickButton (0, SideMenuPurchase) is called.
14:56:02.817:	method find(SideMenuPurchase) is called.
14:56:04.025:	method waitUntilPage(30, Purchase) is called.
14:56:04.025:	method findCurrentPage(0) is called.
14:56:04.526:	
14:56:04.710:	Current page is: Purchase
14:56:04.710:	The method "test()" are called
14:56:04.710:	
14:56:04.812:	Current page is: Purchase
14:56:04.812:	page count is: 139
14:56:04.812:	page count is: 140
14:56:04.813:	The method "logComment()" are called
14:56:04.813:	<font color='grey'>Email Receipt sent. Please check manually the email receipt is received and correct.</font>
14:56:04.813:	<font color='blue'>Test Case: TS_2&3&4 completed.</font>
14:56:04.813:	-----------------------------------<br>
14:56:04.813:	The method "logComment()" are called
14:56:04.813:	<font color='grey'>Start of purchase void testing - please have SUCCESS testing card placed at the back of device!</font>
14:56:04.813:	The method "logComment()" are called
14:56:04.813:	<font color='grey'>This case assumes the app starts from the Purchase page.</font>
14:56:04.813:	The method "reachPage()" are called
14:56:04.813:	method reachPage(GP, SettingsTerminal) is called.
14:56:04.813:	method reachPage(GP, Purchase) is called.
14:56:04.813:	method find(PurchaseSideMenu) is called.
14:56:04.891:	method goToSidemenuPage(Purchase) is called.
14:56:04.891:	method findCurrentPage(0) is called.
14:56:05.392:	
14:56:05.524:	Current page is: Purchase
14:56:05.524:	method findCurrentPage(0) is called.
14:56:06.025:	
14:56:06.150:	Current page is: Purchase
14:56:06.150:	method clickButton (0, PurchaseSideMenu) is called.
14:56:06.150:	method find(PurchaseSideMenu) is called.
14:56:06.854:	method clickButton (1, SideMenuSettings) is called.
14:56:07.854:	method find(SideMenuSettings) is called.
14:56:08.081:	method login(1) is called.
14:56:08.081:	method enterNumPadOK (1, 123456) is called.
14:56:09.081:	method enterNumPad (1, 123456) is called.
14:56:10.082:	Number to be entered is: 123456
14:56:10.082:	method find(EnterPIN1) is called.
14:56:10.266:	method find(EnterPIN2) is called.
14:56:10.860:	method find(EnterPIN3) is called.
14:56:12.135:	method find(EnterPIN4) is called.
14:56:12.718:	method find(EnterPIN5) is called.
14:56:13.319:	method find(EnterPIN6) is called.
14:56:13.938:	method find(EnterPINOK) is called.
14:56:14.605:	<font color='grey'>User Authentication performed.</font>
14:56:14.605:	method waitUntilPage(30, SettingsTerminal) is called.
14:56:14.605:	method findCurrentPage(0) is called.
14:56:15.106:	
14:56:16.488:	Current page is: SettingsTerminal
14:56:16.488:	The method "setBooleanValue(no)" are called
14:56:16.613:	The method "setBooleanValue(no)" are called
14:56:16.701:	exception caught during click, failed to find SettingsTerminalAddTipValue
14:56:16.701:	The method "setBooleanValue(no)" are called
14:56:17.065:	The method "reachPage()" are called
14:56:17.065:	method reachPage(GP, Purchase) is called.
14:56:17.065:	method find(PurchaseSideMenu) is called.
14:56:17.701:	method goToSidemenuPage(Purchase) is called.
14:56:17.701:	method findCurrentPage(0) is called.
14:56:18.202:	
14:56:18.398:	Current page is: SettingsTerminal
14:56:18.398:	method clickOnPage(SettingsTerminal, Purchase, [Ljava.lang.String;@107f613) is called.
14:56:18.398:	method findCurrentPage(0) is called.
14:56:18.899:	
14:56:19.104:	Current page is: SettingsTerminal
14:56:19.104:	method clickButton (0, PurchaseSideMenu) is called.
14:56:19.104:	method find(PurchaseSideMenu) is called.
14:56:19.723:	method clickButton (0, SideMenuPurchase) is called.
14:56:19.723:	method find(SideMenuPurchase) is called.
14:56:20.893:	method waitUntilPage(30, Purchase) is called.
14:56:20.893:	method findCurrentPage(0) is called.
14:56:21.393:	
14:56:21.569:	Current page is: Purchase
14:56:21.569:	The method "singlePurchase()" are called
14:56:21.569:	method singlePurchase(1400, no, , no, ) is called.
14:56:21.569:	method findCurrentPage(1) is called.
14:56:22.069:	
14:56:22.221:	Current page is: Purchase
14:56:22.221:	method enterPurchaseAmount(0, 1400) is called.
14:56:22.221:	method enterNumPadOK (0, 1400) is called.
14:56:22.221:	method enterNumPad (0, 1400) is called.
14:56:22.221:	Number to be entered is: 1400
14:56:22.221:	method find(EnterPIN1) is called.
14:56:22.374:	method find(EnterPIN4) is called.
14:56:23.524:	method find(EnterPIN0) is called.
14:56:24.120:	method find(EnterPIN0) is called.
14:56:24.700:	method find(EnterPINOK) is called.
14:56:25.270:	method findCurrentPage(1) is called.
14:56:25.772:	
14:56:32.947:	Current page is: 
14:56:32.947:	reached an unrecognized page: 
14:56:32.947:	method clickButton (0, NoNetworkConnectionretry) is called.
14:56:32.947:	method find(NoNetworkConnectionretry) is called.
14:56:33.002:	exception caught during button click, failed to find NoNetworkConnectionretry
14:56:33.002:	method findCurrentPage(1) is called.
14:56:33.503:	
14:56:39.278:	Current page is: 
14:56:39.278:	reached an unrecognized page: 
14:56:39.278:	method clickButton (0, NoNetworkConnectionretry) is called.
14:56:39.278:	method find(NoNetworkConnectionretry) is called.
14:56:39.353:	exception caught during button click, failed to find NoNetworkConnectionretry
14:56:39.353:	method findCurrentPage(1) is called.
14:56:39.853:	
14:56:40.753:	Current page is: PurchaseResult
14:56:40.753:	<font color='grey'>Transaction is made, Processing time is: 19 seconds.</font>
14:56:40.754:	The method "test()" are called
14:56:40.754:	
14:56:41.490:	Current page is: PurchaseResult
14:56:41.490:	page count is: 10
14:56:41.490:	page count is: 11
14:56:41.490:	The method "test()" are called
14:56:41.583:	The method "clickButton()" are called
14:56:41.701:	The method "login()" are called
14:56:41.701:	method login(3) is called.
14:56:41.701:	method enterNumPadOK (3, 123456) is called.
14:56:44.702:	method enterNumPad (3, 123456) is called.
14:56:47.702:	Number to be entered is: 123456
14:56:47.702:	method find(EnterPIN1) is called.
14:56:47.887:	method find(EnterPIN2) is called.
14:56:48.477:	method find(EnterPIN3) is called.
14:56:49.084:	method find(EnterPIN4) is called.
14:56:49.702:	method find(EnterPIN5) is called.
14:56:50.306:	method find(EnterPIN6) is called.
14:56:50.911:	method find(EnterPINOK) is called.
14:56:51.489:	<font color='grey'>User Authentication performed.</font>
14:56:51.489:	The method "waitUntilPage()" are called
14:56:51.489:	
14:56:55.263:	Current page is: PurchaseResult
14:56:55.263:	page count is: 11
14:56:55.263:	page count is: 12
14:56:55.263:	The method "test()" are called
14:56:55.263:	
14:56:56.585:	Current page is: PurchaseResult
14:56:56.585:	page count is: 12
14:56:56.585:	page count is: 13
14:56:56.585:	The method "test()" are called
14:56:56.737:	The method "test()" are called
14:56:56.941:	The method "clickButton()" are called
14:56:57.118:	The method "waitUntilPage()" are called
14:56:57.118:	
14:56:58.240:	Current page is: Purchase
14:56:58.241:	page count is: 144
14:56:58.241:	page count is: 145
14:56:58.241:	The method "test()" are called
14:56:58.241:	
14:56:58.360:	Current page is: Purchase
14:56:58.360:	page count is: 145
14:56:58.360:	page count is: 146
14:56:58.360:	The method "reachPage()" are called
14:56:58.360:	method reachPage(GP, TransactionHistory) is called.
14:56:58.360:	method reachPage(GP, Purchase) is called.
14:56:58.360:	method find(PurchaseSideMenu) is called.
14:56:58.446:	method goToSidemenuPage(Purchase) is called.
14:56:58.446:	method findCurrentPage(0) is called.
14:56:58.947:	
14:56:59.079:	Current page is: Purchase
14:56:59.079:	method goToSidemenuPage(TransactionHistory) is called.
14:56:59.079:	method findCurrentPage(0) is called.
14:56:59.579:	
14:56:59.718:	Current page is: Purchase
14:56:59.718:	method clickOnPage(Purchase, TransactionHistory, [Ljava.lang.String;@14b1838) is called.
14:56:59.718:	method findCurrentPage(0) is called.
14:57:00.219:	
14:57:00.327:	Current page is: Purchase
14:57:00.327:	method clickButton (0, PurchaseSideMenu) is called.
14:57:00.327:	method find(PurchaseSideMenu) is called.
14:57:00.977:	method clickButton (0, SideMenuTransactionHistory) is called.
14:57:00.977:	method find(SideMenuTransactionHistory) is called.
14:57:02.171:	method waitUntilPage(30, TransactionHistory) is called.
14:57:02.171:	method findCurrentPage(0) is called.
14:57:02.672:	
14:57:03.860:	Current page is: TransactionHistory
14:57:03.860:	The method "test()" are called
14:57:03.860:	
14:57:04.581:	Current page is: TransactionHistory
14:57:04.581:	page count is: 25
14:57:04.581:	page count is: 26
14:57:04.581:	The method "test()" are called
14:57:04.790:	The method "clickButton()" are called
14:57:05.591:	The method "waitUntilPage()" are called
14:57:05.591:	
14:57:07.945:	Current page is: TransactionDetails
14:57:07.945:	page count is: 12
14:57:07.946:	page count is: 13
14:57:07.946:	The method "test()" are called
14:57:07.946:	
14:57:08.911:	Current page is: TransactionDetails
14:57:08.911:	page count is: 13
14:57:08.911:	page count is: 14
14:57:08.911:	The method "test()" are called
14:57:09.065:	The method "test()" are called
14:57:09.222:	The method "test()" are called
14:57:09.383:	The method "test()" are called
14:57:09.535:	The method "test()" are called
14:57:09.667:	The method "test()" are called
14:57:09.848:	The method "clickButton()" are called
14:57:10.024:	The method "waitUntilPage()" are called
14:57:10.024:	
14:57:11.995:	Current page is: TransactionHistory
14:57:11.995:	page count is: 26
14:57:11.995:	page count is: 27
14:57:11.995:	The method "reachPage()" are called
14:57:11.995:	method reachPage(GP, Purchase) is called.
14:57:11.995:	method find(PurchaseSideMenu) is called.
14:57:12.149:	method goToSidemenuPage(Purchase) is called.
14:57:12.149:	method findCurrentPage(0) is called.
14:57:12.650:	
14:57:13.322:	Current page is: TransactionHistory
14:57:13.323:	method clickOnPage(TransactionHistory, Purchase, [Ljava.lang.String;@e2ae9a) is called.
14:57:13.323:	method findCurrentPage(0) is called.
14:57:13.824:	
14:57:14.537:	Current page is: TransactionHistory
14:57:14.537:	method clickButton (0, PurchaseSideMenu) is called.
14:57:14.537:	method find(PurchaseSideMenu) is called.
14:57:15.258:	method clickButton (0, SideMenuPurchase) is called.
14:57:15.258:	method find(SideMenuPurchase) is called.
14:57:16.472:	method waitUntilPage(30, Purchase) is called.
14:57:16.472:	method findCurrentPage(0) is called.
14:57:16.972:	
14:57:17.241:	Current page is: Purchase
14:57:17.241:	The method "test()" are called
14:57:17.241:	
14:57:17.367:	Current page is: Purchase
14:57:17.367:	page count is: 150
14:57:17.367:	page count is: 151
14:57:17.367:	<font color='blue'>Test Case: TS_7 completed.</font>
14:57:17.367:	-----------------------------------<br>
14:57:17.367:	The method "logComment()" are called
14:57:17.367:	<font color='grey'>Start of refund and void refund testing - please have SUCCESS testing card placed at the back of device!</font>
14:57:17.368:	The method "logComment()" are called
14:57:17.368:	<font color='grey'>This case assumes the app starts from the Purchase page.</font>
14:57:17.368:	The method "reachPage()" are called
14:57:17.368:	method reachPage(GP, SettingsTerminal) is called.
14:57:17.368:	method reachPage(GP, Purchase) is called.
14:57:17.368:	method find(PurchaseSideMenu) is called.
14:57:17.469:	method goToSidemenuPage(Purchase) is called.
14:57:17.469:	method findCurrentPage(0) is called.
14:57:17.970:	
14:57:18.111:	Current page is: Purchase
14:57:18.111:	method findCurrentPage(0) is called.
14:57:18.612:	
14:57:18.742:	Current page is: Purchase
14:57:18.742:	method clickButton (0, PurchaseSideMenu) is called.
14:57:18.742:	method find(PurchaseSideMenu) is called.
14:57:18.888:	method clickButton (1, SideMenuSettings) is called.
14:57:19.888:	method find(SideMenuSettings) is called.
14:57:20.280:	method login(1) is called.
14:57:20.280:	method enterNumPadOK (1, 123456) is called.
14:57:21.280:	method enterNumPad (1, 123456) is called.
14:57:22.281:	Number to be entered is: 123456
14:57:22.281:	method find(EnterPIN1) is called.
14:57:22.458:	method find(EnterPIN2) is called.
14:57:24.154:	method find(EnterPIN3) is called.
14:57:24.763:	method find(EnterPIN4) is called.
14:57:25.409:	method find(EnterPIN5) is called.
14:57:26.002:	method find(EnterPIN6) is called.
14:57:26.592:	method find(EnterPINOK) is called.
14:57:27.187:	<font color='grey'>User Authentication performed.</font>
14:57:27.187:	method waitUntilPage(30, SettingsTerminal) is called.
14:57:27.187:	method findCurrentPage(0) is called.
14:57:27.687:	
14:57:28.815:	Current page is: SettingsTerminal
14:57:28.815:	The method "setBooleanValue(no)" are called
14:57:28.913:	The method "setBooleanValue(no)" are called
14:57:28.988:	exception caught during click, failed to find SettingsTerminalAddTipValue
14:57:28.988:	The method "setBooleanValue(no)" are called
14:57:29.082:	The method "reachPage()" are called
14:57:29.082:	method reachPage(GP, Purchase) is called.
14:57:29.082:	method find(PurchaseSideMenu) is called.
14:57:29.157:	method goToSidemenuPage(Purchase) is called.
14:57:29.157:	method findCurrentPage(0) is called.
14:57:29.657:	
14:57:29.886:	Current page is: SettingsTerminal
14:57:29.886:	method clickOnPage(SettingsTerminal, Purchase, [Ljava.lang.String;@d9d817) is called.
14:57:29.886:	method findCurrentPage(0) is called.
14:57:30.386:	
14:57:30.612:	Current page is: SettingsTerminal
14:57:30.612:	method clickButton (0, PurchaseSideMenu) is called.
14:57:30.612:	method find(PurchaseSideMenu) is called.
14:57:31.229:	method clickButton (0, SideMenuPurchase) is called.
14:57:31.229:	method find(SideMenuPurchase) is called.
14:57:32.383:	method waitUntilPage(30, Purchase) is called.
14:57:32.383:	method findCurrentPage(0) is called.
14:57:32.884:	
14:57:33.099:	Current page is: Purchase
14:57:33.099:	The method "singlePurchase()" are called
14:57:33.099:	method singlePurchase(1400, no, , no, ) is called.
14:57:33.099:	method findCurrentPage(1) is called.
14:57:33.599:	
14:57:33.722:	Current page is: Purchase
14:57:33.722:	method enterPurchaseAmount(0, 1400) is called.
14:57:33.722:	method enterNumPadOK (0, 1400) is called.
14:57:33.722:	method enterNumPad (0, 1400) is called.
14:57:33.722:	Number to be entered is: 1400
14:57:33.722:	method find(EnterPIN1) is called.
14:57:33.869:	method find(EnterPIN4) is called.
14:57:34.465:	method find(EnterPIN0) is called.
14:57:35.072:	method find(EnterPIN0) is called.
14:57:35.653:	method find(EnterPINOK) is called.
14:57:36.263:	method findCurrentPage(1) is called.
14:57:36.764:	
14:57:43.969:	Current page is: 
14:57:43.969:	reached an unrecognized page: 
14:57:43.969:	method clickButton (0, NoNetworkConnectionretry) is called.
14:57:43.969:	method find(NoNetworkConnectionretry) is called.
14:57:44.031:	exception caught during button click, failed to find NoNetworkConnectionretry
14:57:44.031:	method findCurrentPage(1) is called.
14:57:44.532:	
14:57:51.611:	Current page is: 
14:57:51.611:	reached an unrecognized page: 
14:57:51.611:	method clickButton (0, NoNetworkConnectionretry) is called.
14:57:51.611:	method find(NoNetworkConnectionretry) is called.
14:57:51.708:	exception caught during button click, failed to find NoNetworkConnectionretry
14:57:51.708:	method findCurrentPage(1) is called.
14:57:52.209:	
14:57:53.298:	Current page is: PurchaseResult
14:57:53.298:	<font color='grey'>Transaction is made, Processing time is: 20 seconds.</font>
14:57:53.298:	The method "test()" are called
14:57:53.298:	
14:57:54.437:	Current page is: PurchaseResult
14:57:54.437:	page count is: 14
14:57:54.437:	page count is: 15
14:57:54.437:	The method "test()" are called
14:57:54.566:	The method "clickButton()" are called
14:57:54.715:	The method "waitUntilPage()" are called
14:57:54.716:	
14:58:00.682:	Current page is: 
14:58:00.682:	
14:58:00.808:	Current page is: Purchase
14:58:00.808:	page count is: 155
14:58:00.808:	page count is: 156
14:58:01.309:	The method "test()" are called
14:58:01.309:	
14:58:01.442:	Current page is: Purchase
14:58:01.442:	page count is: 156
14:58:01.442:	page count is: 157
14:58:01.442:	The method "reachPage()" are called
14:58:01.442:	method reachPage(GP, TransactionHistory) is called.
14:58:01.442:	method reachPage(GP, Purchase) is called.
14:58:01.442:	method find(PurchaseSideMenu) is called.
14:58:01.537:	method goToSidemenuPage(Purchase) is called.
14:58:01.537:	method findCurrentPage(0) is called.
14:58:02.038:	
14:58:02.166:	Current page is: Purchase
14:58:02.167:	method goToSidemenuPage(TransactionHistory) is called.
14:58:02.167:	method findCurrentPage(0) is called.
14:58:02.668:	
14:58:02.801:	Current page is: Purchase
14:58:02.801:	method clickOnPage(Purchase, TransactionHistory, [Ljava.lang.String;@b1f85b) is called.
14:58:02.801:	method findCurrentPage(0) is called.
14:58:03.302:	
14:58:03.449:	Current page is: Purchase
14:58:03.449:	method clickButton (0, PurchaseSideMenu) is called.
14:58:03.449:	method find(PurchaseSideMenu) is called.
14:58:04.086:	method clickButton (0, SideMenuTransactionHistory) is called.
14:58:04.086:	method find(SideMenuTransactionHistory) is called.
14:58:05.235:	method waitUntilPage(30, TransactionHistory) is called.
14:58:05.235:	method findCurrentPage(0) is called.
14:58:05.735:	
14:58:07.041:	Current page is: TransactionHistory
14:58:07.042:	The method "test()" are called
14:58:07.042:	
14:58:07.688:	Current page is: TransactionHistory
14:58:07.688:	page count is: 30
14:58:07.688:	page count is: 31
14:58:07.688:	The method "test()" are called
14:58:07.907:	The method "clickButton()" are called
14:58:08.737:	The method "waitUntilPage()" are called
14:58:08.737:	
14:58:11.099:	Current page is: TransactionDetails
14:58:11.099:	page count is: 14
14:58:11.099:	page count is: 15
14:58:11.099:	The method "test()" are called
14:58:11.099:	
14:58:12.021:	Current page is: TransactionDetails
14:58:12.021:	page count is: 15
14:58:12.021:	page count is: 16
14:58:12.021:	The method "test()" are called
14:58:12.167:	The method "test()" are called
14:58:12.307:	The method "test()" are called
14:58:12.448:	The method "test()" are called
14:58:12.596:	The method "test()" are called
14:58:12.746:	The method "clickButton()" are called
14:58:12.919:	The method "waitUntilPage()" are called
14:58:12.919:	
14:58:14.762:	Current page is: TransactionHistory
14:58:14.762:	page count is: 31
14:58:14.762:	page count is: 32
14:58:14.762:	The method "reachPage()" are called
14:58:14.762:	method reachPage(GP, SettingsTerminal) is called.
14:58:14.762:	method reachPage(GP, Purchase) is called.
14:58:14.762:	method find(PurchaseSideMenu) is called.
14:58:14.941:	method goToSidemenuPage(Purchase) is called.
14:58:14.941:	method findCurrentPage(0) is called.
14:58:15.442:	
14:58:16.197:	Current page is: TransactionHistory
14:58:16.197:	method clickOnPage(TransactionHistory, Purchase, [Ljava.lang.String;@bfe83d) is called.
14:58:16.197:	method findCurrentPage(0) is called.
14:58:16.698:	
14:58:17.465:	Current page is: TransactionHistory
14:58:17.465:	method clickButton (0, PurchaseSideMenu) is called.
14:58:17.465:	method find(PurchaseSideMenu) is called.
14:58:18.186:	method clickButton (0, SideMenuPurchase) is called.
14:58:18.186:	method find(SideMenuPurchase) is called.
14:58:19.423:	method waitUntilPage(30, Purchase) is called.
14:58:19.423:	method findCurrentPage(0) is called.
14:58:19.923:	
14:58:20.090:	Current page is: Purchase
14:58:20.090:	method findCurrentPage(0) is called.
14:58:20.591:	
14:58:20.739:	Current page is: Purchase
14:58:20.739:	method clickButton (0, PurchaseSideMenu) is called.
14:58:20.739:	method find(PurchaseSideMenu) is called.
14:58:20.885:	method clickButton (1, SideMenuSettings) is called.
14:58:21.886:	method find(SideMenuSettings) is called.
14:58:22.125:	method login(1) is called.
14:58:22.125:	method enterNumPadOK (1, 123456) is called.
14:58:23.125:	method enterNumPad (1, 123456) is called.
14:58:24.125:	Number to be entered is: 123456
14:58:24.125:	method find(EnterPIN1) is called.
14:58:24.309:	method find(EnterPIN2) is called.
14:58:24.973:	method find(EnterPIN3) is called.
14:58:26.083:	method find(EnterPIN4) is called.
14:58:26.669:	method find(EnterPIN5) is called.
14:58:27.246:	method find(EnterPIN6) is called.
14:58:27.835:	method find(EnterPINOK) is called.
14:58:28.420:	<font color='grey'>User Authentication performed.</font>
14:58:28.420:	method waitUntilPage(30, SettingsTerminal) is called.
14:58:28.420:	method findCurrentPage(0) is called.
14:58:28.921:	
14:58:30.165:	Current page is: SettingsTerminal
14:58:30.165:	The method "test()" are called
14:58:30.165:	
14:58:30.337:	Current page is: SettingsTerminal
14:58:30.337:	page count is: 72
14:58:30.337:	page count is: 73
14:58:30.337:	The method "clickButton()" are called
14:58:30.447:	The method "waitUntilPage()" are called
14:58:30.447:	
14:58:32.171:	Current page is: SettingsAdvanced
14:58:32.171:	page count is: 5
14:58:32.171:	page count is: 6
14:58:32.171:	The method "test()" are called
14:58:32.171:	
14:58:33.021:	Current page is: SettingsAdvanced
14:58:33.021:	page count is: 6
14:58:33.021:	page count is: 7
14:58:33.021:	The method "logComment()" are called
14:58:33.021:	<font color='grey'>Testing Version Number Display</font>
14:58:33.022:	The method "test()" are called
14:58:33.127:	The method "clickButton()" are called
14:58:33.248:	The method "waitUntilPage()" are called
14:58:33.248:	
14:58:37.145:	Current page is: ConfirmSettlement
14:58:37.145:	page count is: 0
14:58:37.145:	page count is: 1
14:58:37.145:	The method "test()" are called
14:58:37.145:	
14:58:40.189:	Current page is: ConfirmSettlement
14:58:40.189:	page count is: 1
14:58:40.189:	page count is: 2
14:58:40.189:	The method "clickButton()" are called
14:58:40.281:	The method "waitUntilPage()" are called
14:58:40.282:	
14:58:42.160:	Current page is: SettingsAdvanced
14:58:42.160:	page count is: 7
14:58:42.160:	page count is: 8
14:58:42.160:	The method "test()" are called
14:58:42.160:	
14:58:43.410:	Current page is: SettingsAdvanced
14:58:43.410:	page count is: 8
14:58:43.410:	page count is: 9
14:58:43.410:	The method "reachPage()" are called
14:58:43.410:	method reachPage(GP, TransactionHistory) is called.
14:58:43.410:	method reachPage(GP, Purchase) is called.
14:58:43.410:	method find(PurchaseSideMenu) is called.
14:58:43.496:	method goToSidemenuPage(Purchase) is called.
14:58:43.496:	method findCurrentPage(0) is called.
14:58:43.997:	
14:58:44.900:	Current page is: SettingsAdvanced
14:58:44.900:	method clickOnPage(SettingsAdvanced, Purchase, [Ljava.lang.String;@15f3965) is called.
14:58:44.900:	method findCurrentPage(0) is called.
14:58:45.401:	
14:58:46.087:	Current page is: SettingsAdvanced
14:58:46.087:	method clickButton (0, PurchaseSideMenu) is called.
14:58:46.087:	method find(PurchaseSideMenu) is called.
14:58:46.705:	method clickButton (0, SideMenuPurchase) is called.
14:58:46.705:	method find(SideMenuPurchase) is called.
14:58:47.874:	method waitUntilPage(30, Purchase) is called.
14:58:47.874:	method findCurrentPage(0) is called.
14:58:48.375:	
14:58:48.597:	Current page is: Purchase
14:58:48.597:	method goToSidemenuPage(TransactionHistory) is called.
14:58:48.597:	method findCurrentPage(0) is called.
14:58:49.099:	
14:58:49.240:	Current page is: Purchase
14:58:49.240:	method clickOnPage(Purchase, TransactionHistory, [Ljava.lang.String;@12efcae) is called.
14:58:49.240:	method findCurrentPage(0) is called.
14:58:49.740:	
14:58:49.873:	Current page is: Purchase
14:58:49.873:	method clickButton (0, PurchaseSideMenu) is called.
14:58:49.873:	method find(PurchaseSideMenu) is called.
14:58:50.491:	method clickButton (0, SideMenuTransactionHistory) is called.
14:58:50.491:	method find(SideMenuTransactionHistory) is called.
14:58:51.665:	method waitUntilPage(30, TransactionHistory) is called.
14:58:51.665:	method findCurrentPage(0) is called.
14:58:52.166:	
14:58:53.296:	Current page is: TransactionHistory
14:58:53.296:	The method "test()" are called
14:58:53.296:	
14:58:54.014:	Current page is: TransactionHistory
14:58:54.014:	page count is: 35
14:58:54.014:	page count is: 36
14:58:54.014:	The method "test()" are called
14:58:54.197:	The method "clickButton()" are called
14:58:55.100:	The method "waitUntilPage()" are called
14:58:55.100:	
14:58:57.250:	Current page is: TransactionDetails
14:58:57.250:	page count is: 16
14:58:57.251:	page count is: 17
14:58:57.251:	The method "test()" are called
14:58:57.251:	
14:58:58.196:	Current page is: TransactionDetails
14:58:58.196:	page count is: 17
14:58:58.196:	page count is: 18
14:58:58.196:	The method "test()" are called
14:58:58.332:	The method "test()" are called
14:58:58.472:	The method "test()" are called
14:58:58.610:	The method "test()" are called
14:58:58.755:	The method "test()" are called
14:58:58.883:	The method "clickButton()" are called
14:58:59.027:	The method "login()" are called
14:58:59.027:	method login(1) is called.
14:58:59.027:	method enterNumPadOK (1, 123456) is called.
14:59:00.028:	method enterNumPad (1, 123456) is called.
14:59:01.028:	Number to be entered is: 123456
14:59:01.028:	method find(EnterPIN1) is called.
14:59:01.182:	method find(EnterPIN2) is called.
14:59:01.776:	method find(EnterPIN3) is called.
14:59:02.373:	method find(EnterPIN4) is called.
14:59:02.977:	method find(EnterPIN5) is called.
14:59:03.659:	method find(EnterPIN6) is called.
14:59:04.239:	method find(EnterPINOK) is called.
14:59:04.842:	<font color='grey'>User Authentication performed.</font>
14:59:04.843:	The method "waitUntilPage()" are called
14:59:04.843:	
14:59:07.650:	Current page is: EnterRefundAmount
14:59:07.650:	page count is: 2
14:59:07.651:	page count is: 3
14:59:07.651:	The method "test()" are called
14:59:07.651:	
14:59:08.838:	Current page is: EnterRefundAmount
14:59:08.838:	page count is: 3
14:59:08.838:	page count is: 4
14:59:08.838:	The method "clickButton()" are called
14:59:08.971:	The method "waitUntilPage()" are called
14:59:08.971:	
14:59:11.470:	Current page is: TapToPay
14:59:11.470:	page count is: 26
14:59:11.470:	page count is: 27
14:59:11.470:	
14:59:17.051:	Current page is: 
14:59:17.551:	
14:59:20.361:	Current page is: PurchaseResult
14:59:20.361:	page count is: 15
14:59:20.361:	page count is: 16
14:59:20.862:	
14:59:21.878:	Current page is: PurchaseResult
14:59:21.878:	page count is: 16
14:59:21.878:	page count is: 17
14:59:22.378:	
14:59:24.089:	Current page is: PurchaseResult
14:59:24.089:	page count is: 17
14:59:24.089:	page count is: 18
14:59:24.590:	
14:59:25.729:	Current page is: PurchaseResult
14:59:25.729:	page count is: 18
14:59:25.729:	page count is: 19
14:59:26.229:	
14:59:27.879:	Current page is: PurchaseResult
14:59:27.879:	page count is: 19
14:59:27.879:	page count is: 20
14:59:28.380:	
14:59:29.550:	Current page is: PurchaseResult
14:59:29.550:	page count is: 20
14:59:29.550:	page count is: 21
14:59:30.051:	
14:59:31.242:	Current page is: PurchaseResult
14:59:31.242:	page count is: 21
14:59:31.242:	page count is: 22
14:59:31.743:	
14:59:32.879:	Current page is: PurchaseResult
14:59:32.879:	page count is: 22
14:59:32.879:	page count is: 23
14:59:33.379:	
14:59:34.564:	Current page is: PurchaseResult
14:59:34.564:	page count is: 23
14:59:34.564:	page count is: 24
14:59:35.065:	
14:59:36.237:	Current page is: PurchaseResult
14:59:36.237:	page count is: 24
14:59:36.237:	page count is: 25
14:59:36.738:	
14:59:37.919:	Current page is: PurchaseResult
14:59:37.919:	page count is: 25
14:59:37.919:	page count is: 26
14:59:38.420:	
14:59:39.574:	Current page is: PurchaseResult
14:59:39.574:	page count is: 26
14:59:39.574:	page count is: 27
14:59:40.075:	
14:59:41.222:	Current page is: PurchaseResult
14:59:41.223:	page count is: 27
14:59:41.223:	page count is: 28
14:59:41.724:	
14:59:42.894:	Current page is: PurchaseResult
14:59:42.894:	page count is: 28
14:59:42.894:	page count is: 29
14:59:43.395:	
14:59:44.562:	Current page is: PurchaseResult
14:59:44.563:	page count is: 29
14:59:44.563:	page count is: 30
14:59:45.064:	
14:59:46.204:	Current page is: PurchaseResult
14:59:46.204:	page count is: 30
14:59:46.204:	page count is: 31
14:59:46.705:	
14:59:47.876:	Current page is: PurchaseResult
14:59:47.876:	page count is: 31
14:59:47.876:	page count is: 32
14:59:48.376:	
14:59:49.626:	Current page is: PurchaseResult
14:59:49.626:	page count is: 32
14:59:49.626:	page count is: 33
14:59:50.127:	
14:59:51.287:	Current page is: PurchaseResult
14:59:51.287:	page count is: 33
14:59:51.287:	page count is: 34
14:59:51.787:	
14:59:52.747:	Current page is: PurchaseResult
14:59:52.747:	page count is: 34
14:59:52.747:	page count is: 35
14:59:53.247:	
14:59:54.278:	Current page is: PurchaseResult
14:59:54.278:	page count is: 35
14:59:54.279:	page count is: 36
14:59:54.779:	
14:59:56.005:	Current page is: PurchaseResult
14:59:56.006:	page count is: 36
14:59:56.006:	page count is: 37
14:59:56.507:	
14:59:57.598:	Current page is: PurchaseResult
14:59:57.599:	page count is: 37
14:59:57.599:	page count is: 38
14:59:58.100:	
14:59:59.149:	Current page is: PurchaseResult
14:59:59.149:	page count is: 38
14:59:59.149:	page count is: 39
14:59:59.650:	
15:00:00.584:	Current page is: PurchaseResult
15:00:00.584:	page count is: 39
15:00:00.584:	page count is: 40
15:00:01.085:	
15:00:02.288:	Current page is: PurchaseResult
15:00:02.288:	page count is: 40
15:00:02.288:	page count is: 41
15:00:02.789:	
15:00:03.746:	Current page is: PurchaseResult
15:00:03.746:	page count is: 41
15:00:03.746:	page count is: 42
15:00:04.247:	
15:00:05.180:	Current page is: PurchaseResult
15:00:05.180:	page count is: 42
15:00:05.180:	page count is: 43
15:00:05.681:	
15:00:07.133:	Current page is: PurchaseResult
15:00:07.133:	page count is: 43
15:00:07.133:	page count is: 44
15:00:07.634:	
15:00:09.538:	Current page is: PurchaseResult
15:00:09.538:	page count is: 44
15:00:09.538:	page count is: 45
15:00:10.039:	
15:00:11.249:	Current page is: PurchaseResult
15:00:11.249:	page count is: 45
15:00:11.249:	page count is: 46
15:00:11.749:	
15:00:12.997:	Current page is: PurchaseResult
15:00:12.997:	page count is: 46
15:00:12.997:	page count is: 47
15:00:13.498:	
15:00:14.719:	Current page is: PurchaseResult
15:00:14.719:	page count is: 47
15:00:14.719:	page count is: 48
15:00:15.219:	
15:00:16.289:	Current page is: PurchaseResult
15:00:16.289:	page count is: 48
15:00:16.289:	page count is: 49
15:00:16.790:	
15:00:17.758:	Current page is: PurchaseResult
15:00:17.758:	page count is: 49
15:00:17.758:	page count is: 50
15:00:18.260:	
15:00:19.448:	Current page is: PurchaseResult
15:00:19.448:	page count is: 50
15:00:19.448:	page count is: 51
15:00:19.949:	
15:00:20.811:	Current page is: PurchaseResult
15:00:20.811:	page count is: 51
15:00:20.811:	page count is: 52
15:00:21.312:	
15:00:22.229:	Current page is: PurchaseResult
15:00:22.230:	page count is: 52
15:00:22.230:	page count is: 53
15:00:22.730:	
15:00:24.402:	Current page is: PurchaseResult
15:00:24.403:	page count is: 53
15:00:24.403:	page count is: 54
15:00:24.904:	
15:00:26.073:	Current page is: PurchaseResult
15:00:26.073:	page count is: 54
15:00:26.073:	page count is: 55
15:00:26.574:	
15:00:27.704:	Current page is: PurchaseResult
15:00:27.704:	page count is: 55
15:00:27.704:	page count is: 56
15:00:28.205:	
15:00:29.313:	Current page is: PurchaseResult
15:00:29.313:	page count is: 56
15:00:29.313:	page count is: 57
15:00:29.813:	
15:00:31.031:	Current page is: PurchaseResult
15:00:31.031:	page count is: 57
15:00:31.032:	page count is: 58
15:00:31.533:	
15:00:32.658:	Current page is: PurchaseResult
15:00:32.658:	page count is: 58
15:00:32.658:	page count is: 59
15:00:33.159:	
15:00:34.288:	Current page is: PurchaseResult
15:00:34.288:	page count is: 59
15:00:34.289:	page count is: 60
15:00:34.790:	
15:00:35.923:	Current page is: PurchaseResult
15:00:35.923:	page count is: 60
15:00:35.923:	page count is: 61
15:00:36.424:	
15:00:37.552:	Current page is: PurchaseResult
15:00:37.552:	page count is: 61
15:00:37.552:	page count is: 62
15:00:38.053:	
15:00:39.189:	Current page is: PurchaseResult
15:00:39.189:	page count is: 62
15:00:39.189:	page count is: 63
15:00:39.690:	
15:00:40.822:	Current page is: PurchaseResult
15:00:40.822:	page count is: 63
15:00:40.822:	page count is: 64
15:00:41.323:	
15:00:42.485:	Current page is: PurchaseResult
15:00:42.485:	page count is: 64
15:00:42.485:	page count is: 65
15:00:42.985:	
15:00:44.104:	Current page is: PurchaseResult
15:00:44.104:	page count is: 65
15:00:44.104:	page count is: 66
15:00:44.605:	
15:00:45.713:	Current page is: PurchaseResult
15:00:45.713:	page count is: 66
15:00:45.713:	page count is: 67
15:00:46.214:	
15:00:47.320:	Current page is: PurchaseResult
15:00:47.320:	page count is: 67
15:00:47.320:	page count is: 68
15:00:47.821:	
15:00:48.980:	Current page is: PurchaseResult
15:00:48.980:	page count is: 68
15:00:48.980:	page count is: 69
15:00:49.481:	
15:00:50.516:	Current page is: PurchaseResult
15:00:50.516:	page count is: 69
15:00:50.516:	page count is: 70
15:00:51.017:	
15:00:52.405:	Current page is: PurchaseResult
15:00:52.405:	page count is: 70
15:00:52.405:	page count is: 71
15:00:52.905:	
15:00:53.829:	Current page is: PurchaseResult
15:00:53.829:	page count is: 71
15:00:53.829:	page count is: 72
15:00:54.329:	
15:00:55.278:	Current page is: PurchaseResult
15:00:55.278:	page count is: 72
15:00:55.278:	page count is: 73
15:00:55.779:	
15:00:56.541:	Current page is: PurchaseResult
15:00:56.541:	page count is: 73
15:00:56.541:	page count is: 74
15:00:57.041:	
15:00:58.113:	Current page is: PurchaseResult
15:00:58.113:	page count is: 74
15:00:58.113:	page count is: 75
15:00:58.613:	
15:00:59.769:	Current page is: PurchaseResult
15:00:59.769:	page count is: 75
15:00:59.769:	page count is: 76
15:01:00.269:	
15:01:01.413:	Current page is: PurchaseResult
15:01:01.413:	page count is: 76
15:01:01.413:	page count is: 77
15:01:01.913:	
15:01:03.085:	Current page is: PurchaseResult
15:01:03.085:	page count is: 77
15:01:03.085:	page count is: 78
15:01:03.585:	
15:01:04.740:	Current page is: PurchaseResult
15:01:04.740:	page count is: 78
15:01:04.740:	page count is: 79
15:01:05.241:	
15:01:06.682:	Current page is: PurchaseResult
15:01:06.682:	page count is: 79
15:01:06.682:	page count is: 80
15:01:07.183:	
15:01:08.333:	Current page is: PurchaseResult
15:01:08.333:	page count is: 80
15:01:08.333:	page count is: 81
15:01:08.834:	
15:01:09.966:	Current page is: PurchaseResult
15:01:09.966:	page count is: 81
15:01:09.967:	page count is: 82
15:01:10.467:	The method "logComment()" are called
15:01:10.467:	<font color='grey'>Making Signature</font>
15:01:10.468:	The method "sign()" are called
15:01:10.468:	method find(SignatureSignArea) is called.
15:01:10.600:	The method "clickButton()" are called
15:01:10.751:	The method "waitUntilPage()" are called
15:01:10.751:	
15:01:13.664:	Current page is: EmailReceiptForPurchase
15:01:13.664:	page count is: 1
15:01:13.664:	page count is: 2
15:01:13.665:	
15:01:14.956:	Current page is: EmailReceiptForPurchase
15:01:14.956:	page count is: 2
15:01:14.956:	page count is: 3
15:01:15.457:	
15:01:16.786:	Current page is: EmailReceiptForPurchase
15:01:16.786:	page count is: 3
15:01:16.786:	page count is: 4
15:01:17.287:	
15:01:18.612:	Current page is: EmailReceiptForPurchase
15:01:18.612:	page count is: 4
15:01:18.612:	page count is: 5
15:01:19.113:	
15:01:20.400:	Current page is: EmailReceiptForPurchase
15:01:20.400:	page count is: 5
15:01:20.400:	page count is: 6
15:01:20.900:	
15:01:22.248:	Current page is: EmailReceiptForPurchase
15:01:22.248:	page count is: 6
15:01:22.248:	page count is: 7
15:01:22.749:	
15:01:24.722:	Current page is: EmailReceiptForPurchase
15:01:24.722:	page count is: 7
15:01:24.722:	page count is: 8
15:01:25.222:	
15:01:26.566:	Current page is: EmailReceiptForPurchase
15:01:26.566:	page count is: 8
15:01:26.566:	page count is: 9
15:01:27.066:	
15:01:28.408:	Current page is: EmailReceiptForPurchase
15:01:28.408:	page count is: 9
15:01:28.409:	page count is: 10
15:01:28.910:	
15:01:30.319:	Current page is: EmailReceiptForPurchase
15:01:30.319:	page count is: 10
15:01:30.319:	page count is: 11
15:01:30.819:	
15:01:32.244:	Current page is: EmailReceiptForPurchase
15:01:32.244:	page count is: 11
15:01:32.244:	page count is: 12
15:01:32.744:	
15:01:34.255:	Current page is: EmailReceiptForPurchase
15:01:34.255:	page count is: 12
15:01:34.255:	page count is: 13
15:01:34.756:	
15:01:36.081:	Current page is: EmailReceiptForPurchase
15:01:36.081:	page count is: 13
15:01:36.081:	page count is: 14
15:01:36.582:	
15:01:37.965:	Current page is: EmailReceiptForPurchase
15:01:37.965:	page count is: 14
15:01:37.965:	page count is: 15
15:01:38.466:	
15:01:39.841:	Current page is: EmailReceiptForPurchase
15:01:39.841:	page count is: 15
15:01:39.841:	page count is: 16
15:01:40.342:	
15:01:41.597:	Current page is: EmailReceiptForPurchase
15:01:41.597:	page count is: 16
15:01:41.597:	page count is: 17
15:01:42.097:	
15:01:43.510:	Current page is: EmailReceiptForPurchase
15:01:43.510:	page count is: 17
15:01:43.510:	page count is: 18
15:01:44.010:	
15:01:45.496:	Current page is: EmailReceiptForPurchase
15:01:45.496:	page count is: 18
15:01:45.496:	page count is: 19
15:01:45.997:	
15:01:47.274:	Current page is: EmailReceiptForPurchase
15:01:47.274:	page count is: 19
15:01:47.274:	page count is: 20
15:01:47.774:	
15:01:49.260:	Current page is: EmailReceiptForPurchase
15:01:49.260:	page count is: 20
15:01:49.260:	page count is: 21
15:01:49.761:	
15:01:51.202:	Current page is: EmailReceiptForPurchase
15:01:51.202:	page count is: 21
15:01:51.202:	page count is: 22
15:01:51.703:	
15:01:53.039:	Current page is: EmailReceiptForPurchase
15:01:53.039:	page count is: 22
15:01:53.039:	page count is: 23
15:01:53.540:	
15:01:54.809:	Current page is: EmailReceiptForPurchase
15:01:54.809:	page count is: 23
15:01:54.809:	page count is: 24
15:01:55.310:	
15:01:56.710:	Current page is: EmailReceiptForPurchase
15:01:56.711:	page count is: 24
15:01:56.711:	page count is: 25
15:01:57.212:	
15:01:58.544:	Current page is: EmailReceiptForPurchase
15:01:58.544:	page count is: 25
15:01:58.544:	page count is: 26
15:01:59.045:	
15:02:00.496:	Current page is: EmailReceiptForPurchase
15:02:00.496:	page count is: 26
15:02:00.496:	page count is: 27
15:02:00.997:	
15:02:02.287:	Current page is: EmailReceiptForPurchase
15:02:02.287:	page count is: 27
15:02:02.287:	page count is: 28
15:02:02.788:	
15:02:03.880:	Current page is: EmailReceiptForPurchase
15:02:03.880:	page count is: 28
15:02:03.880:	page count is: 29
15:02:04.381:	
15:02:05.763:	Current page is: EmailReceiptForPurchase
15:02:05.763:	page count is: 29
15:02:05.763:	page count is: 30
15:02:06.264:	
15:02:08.114:	Current page is: PurchaseResult
15:02:08.114:	page count is: 82
15:02:08.114:	page count is: 83
15:02:08.614:	The method "clickButton()" are called
15:02:08.810:	The method "waitUntilPage()" are called
15:02:08.810:	
15:02:09.901:	Current page is: Purchase
15:02:09.902:	page count is: 165
15:02:09.902:	page count is: 166
15:02:09.902:	The method "reachPage()" are called
15:02:09.902:	method reachPage(GP, TransactionHistory) is called.
15:02:09.902:	method reachPage(GP, Purchase) is called.
15:02:09.902:	method find(PurchaseSideMenu) is called.
15:02:09.989:	method goToSidemenuPage(Purchase) is called.
15:02:09.990:	method findCurrentPage(0) is called.
15:02:10.491:	
15:02:10.631:	Current page is: Purchase
15:02:10.631:	method goToSidemenuPage(TransactionHistory) is called.
15:02:10.631:	method findCurrentPage(0) is called.
15:02:11.131:	
15:02:11.251:	Current page is: Purchase
15:02:11.251:	method clickOnPage(Purchase, TransactionHistory, [Ljava.lang.String;@77551c) is called.
15:02:11.251:	method findCurrentPage(0) is called.
15:02:11.751:	
15:02:11.904:	Current page is: Purchase
15:02:11.904:	method clickButton (0, PurchaseSideMenu) is called.
15:02:11.904:	method find(PurchaseSideMenu) is called.
15:02:12.537:	method clickButton (0, SideMenuTransactionHistory) is called.
15:02:12.537:	method find(SideMenuTransactionHistory) is called.
15:02:13.699:	method waitUntilPage(30, TransactionHistory) is called.
15:02:13.699:	method findCurrentPage(0) is called.
15:02:14.199:	
15:02:15.549:	Current page is: TransactionHistory
15:02:15.549:	The method "test()" are called
15:02:15.549:	
15:02:16.389:	Current page is: TransactionHistory
15:02:16.389:	page count is: 37
15:02:16.389:	page count is: 38
15:02:16.389:	The method "test()" are called
15:02:17.270:	The method "clickButton()" are called
15:02:17.482:	The method "waitUntilPage()" are called
15:02:17.482:	
15:02:19.618:	Current page is: TransactionDetails
15:02:19.618:	page count is: 18
15:02:19.618:	page count is: 19
15:02:19.618:	The method "test()" are called
15:02:19.618:	
15:02:20.632:	Current page is: TransactionDetails
15:02:20.632:	page count is: 19
15:02:20.632:	page count is: 20
15:02:20.633:	The method "test()" are called
15:02:20.763:	The method "test()" are called
15:02:20.902:	The method "test()" are called
15:02:21.036:	The method "test()" are called
15:02:21.170:	The method "test()" are called
15:02:21.313:	The method "logComment()" are called
15:02:21.313:	<font color='grey'>Refund testing completed.</font>
15:02:21.313:	The method "clickButton()" are called
15:02:21.468:	The method "login()" are called
15:02:21.468:	method login(1) is called.
15:02:21.468:	method enterNumPadOK (1, 123456) is called.
15:02:22.469:	method enterNumPad (1, 123456) is called.
15:02:23.470:	Number to be entered is: 123456
15:02:23.470:	method find(EnterPIN1) is called.
15:02:23.626:	method find(EnterPIN2) is called.
15:02:24.200:	method find(EnterPIN3) is called.
15:02:24.810:	method find(EnterPIN4) is called.
15:02:25.410:	method find(EnterPIN5) is called.
15:02:26:	method find(EnterPIN6) is called.
15:02:26.655:	method find(EnterPINOK) is called.
15:02:27.254:	<font color='grey'>User Authentication performed.</font>
15:02:27.254:	The method "waitUntilPage()" are called
15:02:27.254:	
15:02:34.609:	Current page is: 
15:02:34.609:	
15:02:35.565:	Current page is: PurchaseResult
15:02:35.565:	page count is: 83
15:02:35.565:	page count is: 84
15:02:36.066:	The method "test()" are called
15:02:36.067:	
15:02:37.026:	Current page is: PurchaseResult
15:02:37.026:	page count is: 84
15:02:37.026:	page count is: 85
15:02:37.026:	The method "test()" are called
15:02:37.134:	The method "clickButton()" are called
15:02:37.278:	The method "waitUntilPage()" are called
15:02:37.278:	
15:02:39.037:	Current page is: TransactionHistory
15:02:39.037:	page count is: 38
15:02:39.037:	page count is: 39
15:02:39.037:	The method "test()" are called
15:02:39.037:	
15:02:39.614:	Current page is: TransactionHistory
15:02:39.614:	page count is: 39
15:02:39.614:	page count is: 40
15:02:39.614:	The method "test()" are called
15:02:39.774:	The method "clickButton()" are called
15:02:39.960:	The method "waitUntilPage()" are called
15:02:39.960:	
15:02:42.246:	Current page is: TransactionDetails
15:02:42.246:	page count is: 20
15:02:42.246:	page count is: 21
15:02:42.246:	The method "test()" are called
15:02:42.246:	
15:02:43.448:	Current page is: TransactionDetails
15:02:43.448:	page count is: 21
15:02:43.448:	page count is: 22
15:02:43.448:	The method "test()" are called
15:02:43.613:	The method "test()" are called
15:02:43.812:	The method "test()" are called
15:02:44.014:	The method "test()" are called
15:02:44.185:	The method "test()" are called
15:02:44.320:	The method "clickButton()" are called
15:02:44.503:	The method "waitUntilPage()" are called
15:02:44.503:	
15:02:46.212:	Current page is: TransactionHistory
15:02:46.212:	page count is: 40
15:02:46.212:	page count is: 41
15:02:46.213:	The method "reachPage()" are called
15:02:46.213:	method reachPage(GP, Purchase) is called.
15:02:46.213:	method find(PurchaseSideMenu) is called.
15:02:46.406:	method goToSidemenuPage(Purchase) is called.
15:02:46.406:	method findCurrentPage(0) is called.
15:02:46.907:	
15:02:47.654:	Current page is: TransactionHistory
15:02:47.654:	method clickOnPage(TransactionHistory, Purchase, [Ljava.lang.String;@55167a) is called.
15:02:47.654:	method findCurrentPage(0) is called.
15:02:48.155:	
15:02:48.962:	Current page is: TransactionHistory
15:02:48.962:	method clickButton (0, PurchaseSideMenu) is called.
15:02:48.962:	method find(PurchaseSideMenu) is called.
15:02:49.700:	method clickButton (0, SideMenuPurchase) is called.
15:02:49.700:	method find(SideMenuPurchase) is called.
15:02:50.916:	method waitUntilPage(30, Purchase) is called.
15:02:50.916:	method findCurrentPage(0) is called.
15:02:51.416:	
15:02:51.759:	Current page is: Purchase
15:02:51.759:	The method "test()" are called
15:02:51.760:	
15:02:51.896:	Current page is: Purchase
15:02:51.896:	page count is: 170
15:02:51.896:	page count is: 171
15:02:51.896:	<font color='blue'>Test Case: TS_8&TS_9 completed.</font>
15:02:51.896:	-----------------------------------<br>
