---------Start of logs---------
13:23:50.625:	writeElement is called
13:23:50.626:	method get (ActivatingSecureElement) is called.
13:23:50.626:	weight is: 0
13:23:50.626:	method get (AllowBatterySettingsChange) is called.
13:23:50.626:	weight is: 0
13:23:50.626:	method get (AllowTimeoutSettingsChange) is called.
13:23:50.626:	weight is: 0
13:23:50.626:	method get (AndroidAlert) is called.
13:23:50.626:	weight is: 0
13:23:50.628:	method get (AndroidDeviceSettings) is called.
13:23:50.628:	weight is: 0
13:23:50.628:	method get (EnterPIN) is called.
13:23:50.630:	weight is: 5
13:23:50.630:	method get (MerchantPassword) is called.
13:23:50.630:	weight is: 0
13:23:50.630:	method get (MerchantSignIn) is called.
13:23:50.630:	weight is: 0
13:23:50.630:	method get (NoNetworkConnection) is called.
13:23:50.630:	weight is: 0
13:23:50.630:	method get (ProvisionUpdateComplete) is called.
13:23:50.630:	weight is: 0
13:23:50.631:	method get (PurchaseDescription) is called.
13:23:50.631:	weight is: 0
13:23:50.631:	method get (SettingsAdvanced) is called.
13:23:50.631:	weight is: 20
13:23:50.632:	method get (SettingsTerminal) is called.
13:23:50.632:	weight is: 25
13:23:50.634:	method get (SignInSelection) is called.
13:23:50.634:	weight is: 0
13:23:50.634:	method get (PurchaseResult) is called.
13:23:50.634:	weight is: 25
13:23:50.635:	method get (UpdateRequired) is called.
13:23:50.635:	weight is: 0
13:23:50.637:	method get (ConnectionErrorDuringProvision) is called.
13:23:50.637:	weight is: 0
13:23:50.638:	method get (PleaseRestartYourPhone) is called.
13:23:50.638:	weight is: 0
13:23:50.638:	method get (UpdatingSecureElement) is called.
13:23:50.638:	weight is: 0
13:23:50.639:	method get (TermsAndConditions) is called.
13:23:50.639:	weight is: 0
13:23:50.641:	method get (ContactUs) is called.
13:23:50.641:	weight is: 0
13:23:50.642:	method get (UserManagement) is called.
13:23:50.642:	weight is: 0
13:23:50.642:	method get (EditUser) is called.
13:23:50.642:	weight is: 0
13:23:50.644:	method get (DeleteUserConfirmation) is called.
13:23:50.645:	weight is: 0
13:23:50.646:	method get (AddNewUser) is called.
13:23:50.646:	weight is: 0
13:23:50.646:	method get (UserCreated) is called.
13:23:50.647:	weight is: 0
13:23:50.648:	method get (TransactionReports) is called.
13:23:50.648:	weight is: 0
13:23:50.651:	method get (TransactionHistory) is called.
13:23:50.651:	weight is: 70
13:23:50.652:	method get (NewTagScanned) is called.
13:23:50.653:	weight is: 0
13:23:50.653:	method get (Purchase) is called.
13:23:50.654:	weight is: 105
13:23:50.656:	method get (TapToPay) is called.
13:23:50.656:	weight is: 0
13:23:50.658:	method get (CardNotSupported) is called.
13:23:50.658:	weight is: 0
13:23:50.659:	method get (EmailReceiptForPurchase) is called.
13:23:50.659:	weight is: 0
13:23:50.660:	method get (ReceiptSentConfirmation) is called.
13:23:50.660:	weight is: 0
13:23:50.661:	method get (ProcessingPayment) is called.
13:23:50.661:	weight is: 0
13:23:50.661:	method get (PurchaseNotCompleted) is called.
13:23:50.661:	weight is: 0
13:23:50.662:	method get (SetTipDuringPurchase) is called.
13:23:50.662:	weight is: 0
13:23:50.664:	method get (AddTip) is called.
13:23:50.664:	weight is: 0
13:23:50.666:	method get (CreateNewPassword) is called.
13:23:50.666:	weight is: 0
13:23:50.667:	method get (EnterNewPIN) is called.
13:23:50.667:	weight is: 0
13:23:50.668:	method get (ConfirmNewPIN) is called.
13:23:50.668:	weight is: 0
13:23:50.669:	method get (CancelTransaction) is called.
13:23:50.669:	weight is: 0
13:23:50.673:	method get (PurchaseTimedOut) is called.
13:23:50.673:	weight is: 0
13:23:50.674:	method get (TransactionSearch) is called.
13:23:50.674:	weight is: 0
13:23:50.677:	method get (TransactionDetails) is called.
13:23:50.677:	weight is: 40
13:23:50.679:	method get (AccountLocked) is called.
13:23:50.679:	weight is: 0
13:23:50.680:	method get (ForgotPIN) is called.
13:23:50.681:	weight is: 0
13:23:50.682:	method get (ResetPIN) is called.
13:23:50.682:	weight is: 0
13:23:50.684:	method get (InvalidCredentials) is called.
13:23:50.684:	weight is: 0
13:23:50.685:	method get (VoidProcessingPayment) is called.
13:23:50.685:	weight is: 0
13:23:50.685:	method get (SecurityImage) is called.
13:23:50.685:	weight is: 0
13:23:50.688:	method get (ProvisionActivateComplete) is called.
13:23:50.688:	weight is: 0
13:23:50.690:	method get (PaymentAcceptanceSetup) is called.
13:23:50.690:	weight is: 0
13:23:50.692:	method get (DatePicker) is called.
13:23:50.692:	weight is: 0
13:23:50.693:	method get (ReportSentConfirmation) is called.
13:23:50.693:	weight is: 0
13:23:50.694:	method get (EnterOldPIN) is called.
13:23:50.694:	weight is: 0
13:23:50.694:	method get (PINUpdated) is called.
13:23:50.694:	weight is: 0
13:23:50.696:	method get (EnterRefundAmount) is called.
13:23:50.696:	weight is: 10
13:23:50.696:	method get (Signature) is called.
13:23:50.696:	weight is: 5
13:23:50.698:	.\src\Testcase configuration\Element Config\app elements - GP Debug.csvhas been read.
13:23:50.698:	.\src\Testcase configuration\Element Config\app elements - GP Debug.csvhas been written.
13:23:50.943:	reportHeader is: <!DOCTYPE html PUBLIC "-//W3C//DTD XHTML 1.1//EN" "http://www.w3.org/TR/xhtml11/DTD/xhtml11.dtd">
<html xmlns="http://www.w3.org/1999/xhtml">
<head>
<meta http-equiv="content-type" content="text/html; charset=UTF-8"/>
<title>Mobeewave Automation Report</title>
<style type="text/css">table {margin-bottom:10px;border-collapse:collapse;empty-cells:show}th,td {border:1px solid #009;padding:.25em .5em}th {vertical-align:bottom}td {vertical-align:top}table a {font-weight:bold}.stripe td {background-color: #E6EBF9}.num {text-align:right}.passedodd td {background-color: #3F3}.passedeven td {background-color: #0A0}.skippedodd td {background-color: #DDD}.skippedeven td {background-color: #CCC}.failedodd td,.attn {background-color: #F33}.failedeven td,.stripe .attn {background-color: #D00}.stacktrace {white-space:pre;font-family:monospace}.totop {font-size:85%;text-align:center;border-bottom:2px solid #000}.invisible {display:none}</style>
</head>
<body>
<table>
<tr><th colspan="7">Test Statistics</th></tr>
<tr><td><a href="#t0">Default test</a></td><td class="num">18,571</td></tr>
</table>
<h2>Default test</h2>
<table class="result"><tr><th>Result</th></tr><tr><td><div class="stacktrace">
13:23:50.943:	reportFooter is: </div></td></tr></table><p class="totop"><a href="#summary">back to summary</a></p>
</body>
</html>
13:23:50.943:	reportContent is: <font color='grey'>Start of purchase void testing - please have SUCCESS testing card placed at the back of device!</font>
<br><font color='grey'>This case assumes the app starts from the Purchase page.</font>
<br><font color='grey'>App launched and awaiting for login.</font>
<br><font color='grey'>User Authentication performed.</font>
<br><font color='grey'>User Authentication performed.</font>
<br><font color='grey'>Transaction is made, Processing time is: 16 seconds.</font>
<br>Current page is equal to PurchaseResult, <font color='green'>test passed</font>.<br>
PurchaseResultResultText is equal to PURCHASE APPROVED, <font color='green'>test passed</font>.<br>
Current page is equal to Purchase, <font color='green'>test passed</font>.<br>
Current page is equal to TransactionHistory, <font color='green'>test passed</font>.<br>
TransactionHistoryTransactionAmount is equal to CA$14.00, <font color='green'>test passed</font>.<br>
Current page is equal to TransactionDetails, <font color='green'>test passed</font>.<br>
TransactionDetailsTitle is equal to PURCHASE APPROVED, <font color='green'>test passed</font>.<br>
TransactionDetailsAmount is equal to CA$14.00, <font color='green'>test passed</font>.<br>
TransactionDetailsMerchantName is equal to taoye, <font color='green'>test passed</font>.<br>
TransactionDetailsEmailReceipt is equal to EMAIL RECEIPT, <font color='green'>test passed</font>.<br>
TransactionDetailsVoid is equal to VOID, <font color='green'>test passed</font>.<br>
<font color='grey'>User Authentication performed.</font>
<br>Current page is equal to SettingsTerminal, <font color='green'>test passed</font>.<br>
Current page is equal to SettingsAdvanced, <font color='green'>test passed</font>.<br>
<font color='grey'>Testing Version Number Display</font>
<br>SettingsAdvancedAppVersionValue is expected to be <font color='brown'>1.4.7(4)</font>, but is actually equal to: <font color='brown'>1.4.9(12)</font>, <font color='red'>test failed</font>.<br>
Current page is equal to TransactionHistory, <font color='green'>test passed</font>.<br>
TransactionHistoryTransactionAmount is equal to CA$14.00, <font color='green'>test passed</font>.<br>
Current page is equal to TransactionDetails, <font color='green'>test passed</font>.<br>
TransactionDetailsTitle is equal to PURCHASE APPROVED, <font color='green'>test passed</font>.<br>
TransactionDetailsAmount is equal to CA$14.00, <font color='green'>test passed</font>.<br>
TransactionDetailsMerchantName is equal to taoye, <font color='green'>test passed</font>.<br>
TransactionDetailsEmailReceipt is equal to EMAIL RECEIPT, <font color='green'>test passed</font>.<br>
TransactionDetailsVoid is equal to REFUND, <font color='green'>test passed</font>.<br>
<font color='grey'>User Authentication performed.</font>
<br>Current page is equal to EnterRefundAmount, <font color='green'>test passed</font>.<br>
<font color='grey'>Making Signature</font>
<br>Current page is equal to TransactionHistory, <font color='green'>test passed</font>.<br>
TransactionHistoryTransactionAmount is equal to - CA$14.00, <font color='green'>test passed</font>.<br>
Current page is equal to TransactionDetails, <font color='green'>test passed</font>.<br>
TransactionDetailsTitle is equal to REFUND APPROVED, <font color='green'>test passed</font>.<br>
TransactionDetailsAmount is equal to - CA$14.00, <font color='green'>test passed</font>.<br>
TransactionDetailsMerchantName is equal to taoye, <font color='green'>test passed</font>.<br>
TransactionDetailsEmailReceipt is equal to EMAIL RECEIPT, <font color='green'>test passed</font>.<br>
TransactionDetailsVoid is equal to VOID, <font color='green'>test passed</font>.<br>
<font color='grey'>Refund testing completed.</font>
<br><font color='grey'>User Authentication performed.</font>
<br>Current page is equal to PurchaseResult, <font color='green'>test passed</font>.<br>
PurchaseResultResultText is equal to VOID APPROVED, <font color='green'>test passed</font>.<br>
Current page is equal to TransactionHistory, <font color='green'>test passed</font>.<br>
TransactionHistoryTransactionAmount is equal to CA$14.00, <font color='green'>test passed</font>.<br>
Current page is equal to TransactionDetails, <font color='green'>test passed</font>.<br>
TransactionDetailsTitle is equal to VOID APPROVED, <font color='green'>test passed</font>.<br>
TransactionDetailsAmount is equal to CA$14.00, <font color='green'>test passed</font>.<br>
TransactionDetailsMerchantName is equal to taoye, <font color='green'>test passed</font>.<br>
TransactionDetailsEmailReceipt is equal to EMAIL RECEIPT, <font color='green'>test passed</font>.<br>
TransactionDetailsVoid is equal to element not found, <font color='green'>test passed</font>.<br>
Current page is equal to Purchase, <font color='green'>test passed</font>.<br>
<font color='blue'>Test Case: TS_8&TS_9 completed.</font>
<br>-----------------------------------<br>
<br>
