---------Start of logs---------
10:02:12.826:	The method "logComment()" are called
10:02:12.826:	<font color='grey'>Start of base purchase test case - please have SUCCESS testing card placed at the back of device!</font>
10:02:12.826:	The method "launch()" are called
10:02:12.826:	method launch (120) is called.
10:02:12.826:	method launch (CBA, 120) is called.
10:02:12.826:	method findCurrentPage(120) is called.
10:02:13.327:	
10:02:22.870:	Current page is: 
10:02:22.870:	This page  is not recognized.
10:02:22.870:	method findCurrentPage(120) is called.
10:02:23.373:	
10:02:24.680:	Current page is: SignInSelection
10:02:24.839:	method findCurrentPage(120) is called.
10:02:25.340:	
10:02:26.701:	Current page is: EnterPIN
10:02:26.701:	<font color='grey'>App launched and awaiting for login.</font>
10:02:26.701:	The method "login()" are called
10:02:26.701:	method login(1) is called.
10:02:27.702:	method enterNumPadOK (123456) is called.
10:02:27.702:	method enterNumPad (123456) is called.
10:02:27.702:	Number to be entered is: 123456
10:02:31.726:	<font color='grey'>User Authentication performed.</font>
10:02:31.726:	The method "waitUntilPage()" are called
10:02:40.617:	Current page is: 
10:02:40.758:	Current page is: Purchase
10:02:40.758:	page count is: 534
10:02:41.258:	The method "reachPage()" are called
10:02:41.258:	method reachPage(GP, SettingsTerminal) is called.
10:02:41.259:	method reachPage(GP, Purchase) is called.
10:02:41.398:	method goToSidemenuPage(Purchase) is called.
10:02:41.398:	method findCurrentPage(0) is called.
10:02:41.899:	
10:02:42.061:	Current page is: Purchase
10:02:42.061:	method findCurrentPage(0) is called.
10:02:42.562:	
10:02:42.732:	Current page is: Purchase
10:02:44.008:	method login(1) is called.
10:02:45.008:	method enterNumPadOK (123456) is called.
10:02:45.008:	method enterNumPad (123456) is called.
10:02:45.008:	Number to be entered is: 123456
10:02:49.348:	<font color='grey'>User Authentication performed.</font>
10:02:57.295:	Current page is: 
10:03:04.128:	Current page is: 
10:03:11.910:	Current page is: 
