---------Start of logs---------
10:33:30.271:	The method "logComment()" are called
10:33:30.271:	<font color='grey'>Start of base purchase test case - please have SUCCESS testing card placed at the back of device!</font>
10:33:30.271:	The method "launch()" are called
10:33:30.271:	method launch (120) is called.
10:33:30.271:	method launch (CBA, 120) is called.
10:33:30.271:	method findCurrentPage(120) is called.
10:33:30.772:	
10:33:34.356:	Current page is: SignInSelection
10:33:34.668:	method findCurrentPage(120) is called.
10:33:35.168:	
10:33:37.318:	Current page is: EnterPIN
10:33:37.320:	<font color='grey'>App launched and awaiting for login.</font>
10:33:37.320:	The method "login()" are called
10:33:37.320:	method login(1) is called.
10:33:38.320:	method enterNumPadOK (123456) is called.
10:33:38.320:	method enterNumPad (123456) is called.
10:33:38.320:	Number to be entered is: 123456
10:33:42.735:	<font color='grey'>User Authentication performed.</font>
10:33:42.735:	The method "waitUntilPage()" are called
10:33:53.866:	Current page is: 
10:33:54.023:	Current page is: Purchase
10:33:54.023:	page count is: 534
10:33:54.523:	The method "reachPage()" are called
10:33:54.523:	method reachPage(GP, SettingsTerminal) is called.
10:33:54.523:	method reachPage(GP, Purchase) is called.
10:33:54.655:	method goToSidemenuPage(Purchase) is called.
10:33:54.655:	method findCurrentPage(0) is called.
10:33:55.156:	
10:33:55.344:	Current page is: Purchase
10:33:55.344:	method findCurrentPage(0) is called.
10:33:55.845:	
10:33:56.008:	Current page is: Purchase
10:33:57.218:	method login(1) is called.
10:33:58.218:	method enterNumPadOK (123456) is called.
10:33:58.218:	method enterNumPad (123456) is called.
10:33:58.218:	Number to be entered is: 123456
10:34:03.341:	<font color='grey'>User Authentication performed.</font>
10:34:05.258:	Current page is: SettingsTerminal
10:34:05.258:	page count is: 95
10:34:05.258:	The method "setBooleanValue(no)" are called
10:34:05.465:	The method "setBooleanValue(no)" are called
10:34:05.971:	The method "reachPage()" are called
10:34:05.971:	method reachPage(GP, Purchase) is called.
10:34:06.686:	method goToSidemenuPage(Purchase) is called.
10:34:06.686:	method findCurrentPage(0) is called.
10:34:07.186:	
10:34:07.519:	Current page is: SettingsTerminal
10:34:07.519:	method clickOnPage(SettingsTerminal, Purchase, [Ljava.lang.String;@179a760) is called.
10:34:07.519:	method findCurrentPage(0) is called.
10:34:08.020:	
10:34:08.338:	Current page is: SettingsTerminal
10:34:11.351:	Current page is: Purchase
10:34:11.351:	page count is: 537
10:34:11.351:	The method "singlePurchase()" are called
10:34:11.351:	method singlePurchase(1000, no, , no, ) is called.
10:34:11.351:	method findCurrentPage(1) is called.
10:34:11.852:	
10:34:12.003:	Current page is: Purchase
10:34:12.003:	method enterPurchaseAmount(1000) is called.
10:34:12.003:	method enterNumPadOK (1000) is called.
10:34:12.003:	method enterNumPad (1000) is called.
10:34:12.003:	Number to be entered is: 1000
10:34:14.722:	method findCurrentPage(1) is called.
10:34:15.222:	
10:34:18.633:	Current page is: PurchaseDescription
10:34:18.744:	method findCurrentPage(1) is called.
10:34:19.244:	
10:34:27.940:	Current page is: 
10:34:27.940:	reached an unrecognized page: 
10:34:27.940:	exception caught during button click, failed to find NoNetworkConnectionretry
10:34:27.940:	method findCurrentPage(1) is called.
10:34:28.440:	
10:34:37.270:	Current page is: 
10:34:37.270:	reached an unrecognized page: 
10:34:37.270:	exception caught during button click, failed to find NoNetworkConnectionretry
10:34:37.270:	method findCurrentPage(1) is called.
10:34:37.770:	
10:34:38.458:	Current page is: PurchaseResult
10:34:38.458:	<font color='grey'>Transaction is made, Processing time is: 27 seconds.</font>
10:34:38.458:	The method "test()" are called
10:34:39.130:	Current page is: PurchaseResult
10:34:39.130:	page count is: 20
10:34:39.131:	The method "test()" are called
10:34:39.292:	The method "clickButton()" are called
10:34:39.477:	The method "waitUntilPage()" are called
10:34:46.754:	Current page is: 
10:34:46.878:	Current page is: Purchase
10:34:46.878:	page count is: 539
10:34:47.379:	The method "test()" are called
10:34:47.521:	Current page is: Purchase
10:34:47.521:	page count is: 540
10:34:47.521:	The method "reachPage()" are called
10:34:47.521:	method reachPage(GP, TransactionHistory) is called.
10:34:47.521:	method reachPage(GP, Purchase) is called.
10:34:47.618:	method goToSidemenuPage(Purchase) is called.
10:34:47.618:	method findCurrentPage(0) is called.
10:34:48.119:	
10:34:48.264:	Current page is: Purchase
10:34:48.264:	method goToSidemenuPage(TransactionHistory) is called.
10:34:48.264:	method findCurrentPage(0) is called.
10:34:48.764:	
10:34:48.911:	Current page is: Purchase
10:34:48.911:	method clickOnPage(Purchase, TransactionHistory, [Ljava.lang.String;@1f4fe5) is called.
10:34:48.911:	method findCurrentPage(0) is called.
10:34:49.412:	
10:34:49.553:	Current page is: Purchase
10:34:53.630:	Current page is: TransactionHistory
10:34:53.630:	page count is: 29
10:34:53.630:	The method "test()" are called
10:34:55.100:	Current page is: TransactionHistory
10:34:55.100:	page count is: 30
10:34:55.100:	The method "test()" are called
10:34:55.312:	The method "clickButton()" are called
10:34:55.547:	The method "waitUntilPage()" are called
10:34:57.907:	Current page is: TransactionDetails
10:34:57.907:	page count is: 17
10:34:57.907:	The method "test()" are called
10:34:58.788:	Current page is: TransactionDetails
10:34:58.788:	page count is: 18
10:34:58.788:	The method "test()" are called
10:34:58.947:	The method "test()" are called
10:34:59.109:	The method "test()" are called
10:34:59.269:	The method "test()" are called
10:34:59.424:	The method "test()" are called
10:34:59.589:	The method "clickButton()" are called
10:34:59.769:	The method "waitUntilPage()" are called
10:35:01.615:	Current page is: TransactionHistory
10:35:01.615:	page count is: 31
10:35:01.615:	The method "reachPage()" are called
10:35:01.615:	method reachPage(GP, Purchase) is called.
10:35:01.767:	method goToSidemenuPage(Purchase) is called.
10:35:01.767:	method findCurrentPage(0) is called.
10:35:02.268:	
10:35:02.886:	Current page is: TransactionHistory
10:35:02.886:	method clickOnPage(TransactionHistory, Purchase, [Ljava.lang.String;@1e2fe3c) is called.
10:35:02.886:	method findCurrentPage(0) is called.
10:35:03.386:	
10:35:04.187:	Current page is: TransactionHistory
10:35:06.937:	Current page is: Purchase
10:35:06.937:	page count is: 544
10:35:06.937:	The method "test()" are called
10:35:07.068:	Current page is: Purchase
10:35:07.068:	page count is: 545
10:35:07.068:	<font color='blue'>Test Case: TS_1 completed.</font>
10:35:07.068:	-----------------------------------<br>
10:35:07.069:	The method "logComment()" are called
10:35:07.069:	<font color='grey'>Start of base purchase with tips/desription/email receipt - please have SUCCESS testing card placed at the back of device!</font>
10:35:07.069:	The method "logComment()" are called
10:35:07.069:	<font color='grey'>This case assumes the app starts from the Purchase page.</font>
10:35:07.069:	The method "reachPage()" are called
10:35:07.069:	method reachPage(GP, SettingsTerminal) is called.
10:35:07.069:	method reachPage(GP, Purchase) is called.
10:35:07.162:	method goToSidemenuPage(Purchase) is called.
10:35:07.162:	method findCurrentPage(0) is called.
10:35:07.662:	
10:35:07.812:	Current page is: Purchase
10:35:07.812:	method findCurrentPage(0) is called.
10:35:08.313:	
10:35:08.474:	Current page is: Purchase
10:35:09.705:	method login(1) is called.
10:35:10.705:	method enterNumPadOK (123456) is called.
10:35:10.705:	method enterNumPad (123456) is called.
10:35:10.705:	Number to be entered is: 123456
10:35:15.638:	<font color='grey'>User Authentication performed.</font>
10:35:18.092:	Current page is: SettingsTerminal
10:35:18.092:	page count is: 98
10:35:18.092:	The method "setBooleanValue(no)" are called
10:35:18.253:	The method "setBooleanValue(yes)" are called
10:35:18.605:	The method "reachPage()" are called
10:35:18.605:	method reachPage(GP, Purchase) is called.
10:35:19.250:	method goToSidemenuPage(Purchase) is called.
10:35:19.250:	method findCurrentPage(0) is called.
10:35:19.751:	
10:35:20:	Current page is: SettingsTerminal
10:35:20:	method clickOnPage(SettingsTerminal, Purchase, [Ljava.lang.String;@1596ce8) is called.
10:35:20:	method findCurrentPage(0) is called.
10:35:20.501:	
10:35:20.767:	Current page is: SettingsTerminal
10:35:23.441:	Current page is: Purchase
10:35:23.441:	page count is: 548
10:35:23.441:	The method "singlePurchase(9999)" are called
10:35:23.441:	method singlePurchase(1100, Total, 9999, no, ) is called.
10:35:23.441:	method findCurrentPage(1) is called.
10:35:23.942:	
10:35:24.094:	Current page is: Purchase
10:35:24.094:	method enterPurchaseAmount(1100) is called.
10:35:24.094:	method enterNumPadOK (1100) is called.
10:35:24.094:	method enterNumPad (1100) is called.
10:35:24.094:	Number to be entered is: 1100
10:35:26.778:	method findCurrentPage(1) is called.
10:35:27.283:	
10:35:30.273:	Current page is: PurchaseDescription
10:35:30.417:	method findCurrentPage(1) is called.
10:35:30.918:	
10:35:34.880:	Current page is: SetTipDuringPurchase
10:35:34.880:	method setTipType(Total, 9999) is called.
10:35:34.999:	method findCurrentPage(1) is called.
10:35:35.499:	
10:35:41.846:	Current page is: AddTip
10:35:41.846:	method setTipValue(Total, 9999) is called.
10:35:41.971:	method enterNumPadOK (9999) is called.
10:35:41.971:	method enterNumPad (9999) is called.
10:35:41.971:	Number to be entered is: 9999
10:35:45.403:	method findCurrentPage(1) is called.
10:35:45.904:	
10:35:53.523:	Current page is: 
10:35:53.523:	reached an unrecognized page: 
10:35:53.523:	exception caught during button click, failed to find NoNetworkConnectionretry
10:35:53.523:	method findCurrentPage(1) is called.
10:35:54.024:	
10:36:01.530:	Current page is: 
10:36:01.530:	reached an unrecognized page: 
10:36:01.530:	exception caught during button click, failed to find NoNetworkConnectionretry
10:36:01.530:	method findCurrentPage(1) is called.
10:36:02.031:	
10:36:02.636:	Current page is: PurchaseResult
10:36:02.636:	<font color='grey'>Transaction is made, Processing time is: 39 seconds.</font>
10:36:02.636:	The method "test()" are called
10:36:03.243:	Current page is: PurchaseResult
10:36:03.243:	page count is: 22
10:36:03.243:	The method "test()" are called
10:36:03.367:	The method "clickButton()" are called
10:36:03.519:	The method "waitUntilPage()" are called
10:36:06.271:	Current page is: EmailReceiptForPurchase
10:36:06.271:	page count is: 1
10:36:06.271:	The method "inputText(ytao@mobeewave.com)" are called
10:36:07.105:	The method "clickButton()" are called
10:36:07.820:	The method "waitUntilPage()" are called
10:36:11.502:	Current page is: ReceiptSentConfirmation
10:36:11.502:	page count is: 1
10:36:11.502:	The method "clickButton()" are called
10:36:11.583:	The method "waitUntilPage()" are called
10:36:12.514:	Current page is: Purchase
10:36:12.514:	page count is: 550
10:36:12.514:	The method "test()" are called
10:36:12.656:	Current page is: Purchase
10:36:12.656:	page count is: 551
10:36:12.656:	The method "reachPage()" are called
10:36:12.656:	method reachPage(GP, TransactionHistory) is called.
10:36:12.656:	method reachPage(GP, Purchase) is called.
10:36:12.741:	method goToSidemenuPage(Purchase) is called.
10:36:12.741:	method findCurrentPage(0) is called.
10:36:13.242:	
10:36:13.405:	Current page is: Purchase
10:36:13.405:	method goToSidemenuPage(TransactionHistory) is called.
10:36:13.405:	method findCurrentPage(0) is called.
10:36:13.906:	
10:36:14.029:	Current page is: Purchase
10:36:14.029:	method clickOnPage(Purchase, TransactionHistory, [Ljava.lang.String;@fede7d) is called.
10:36:14.029:	method findCurrentPage(0) is called.
10:36:14.530:	
10:36:14.676:	Current page is: Purchase
10:36:18.515:	Current page is: TransactionHistory
10:36:18.515:	page count is: 34
10:36:18.515:	The method "test()" are called
10:36:19.250:	Current page is: TransactionHistory
10:36:19.250:	page count is: 35
10:36:19.250:	The method "test()" are called
10:36:19.998:	The method "clickButton()" are called
10:36:20.225:	The method "waitUntilPage()" are called
10:36:22.608:	Current page is: TransactionDetails
10:36:22.608:	page count is: 19
10:36:22.609:	The method "test()" are called
10:36:23.489:	Current page is: TransactionDetails
10:36:23.489:	page count is: 20
10:36:23.489:	The method "test()" are called
10:36:23.653:	The method "test()" are called
10:36:23.812:	The method "test()" are called
10:36:23.970:	The method "test()" are called
10:36:24.127:	The method "test()" are called
10:36:24.290:	The method "clickButton()" are called
10:36:24.468:	The method "waitUntilPage()" are called
10:36:26.760:	Current page is: TransactionHistory
10:36:26.760:	page count is: 36
10:36:26.760:	The method "reachPage()" are called
10:36:26.760:	method reachPage(GP, Purchase) is called.
10:36:26.927:	method goToSidemenuPage(Purchase) is called.
10:36:26.927:	method findCurrentPage(0) is called.
10:36:27.427:	
10:36:28.187:	Current page is: TransactionHistory
10:36:28.187:	method clickOnPage(TransactionHistory, Purchase, [Ljava.lang.String;@1cddaf8) is called.
10:36:28.187:	method findCurrentPage(0) is called.
10:36:28.687:	
10:36:29.419:	Current page is: TransactionHistory
10:36:32.139:	Current page is: Purchase
10:36:32.139:	page count is: 555
10:36:32.140:	The method "test()" are called
10:36:32.259:	Current page is: Purchase
10:36:32.259:	page count is: 556
10:36:32.259:	The method "logComment()" are called
10:36:32.259:	<font color='grey'>Email Receipt sent. Please check manually the email receipt is received and correct.</font>
10:36:32.259:	<font color='blue'>Test Case: TS_2&3&4 completed.</font>
10:36:32.259:	-----------------------------------<br>
10:36:32.259:	The method "logComment()" are called
10:36:32.260:	<font color='grey'>Start of purchase void testing - please have SUCCESS testing card placed at the back of device!</font>
10:36:32.260:	The method "logComment()" are called
10:36:32.260:	<font color='grey'>This case assumes the app starts from the Purchase page.</font>
10:36:32.260:	The method "reachPage()" are called
10:36:32.260:	method reachPage(GP, SettingsTerminal) is called.
10:36:32.260:	method reachPage(GP, Purchase) is called.
10:36:32.359:	method goToSidemenuPage(Purchase) is called.
10:36:32.359:	method findCurrentPage(0) is called.
10:36:32.860:	
10:36:32.998:	Current page is: Purchase
10:36:32.998:	method findCurrentPage(0) is called.
10:36:33.499:	
10:36:33.607:	Current page is: Purchase
10:36:34.803:	method login(1) is called.
10:36:35.803:	method enterNumPadOK (123456) is called.
10:36:35.803:	method enterNumPad (123456) is called.
10:36:35.803:	Number to be entered is: 123456
10:36:36.608:	exception caught, not on PIN entering page.
10:36:36.623:	exception caught, not on PIN entering page.
10:36:36.623:	<font color='grey'>User Authentication performed.</font>
10:36:39.494:	Current page is: 
10:36:40.310:	Current page is: 
10:36:43.753:	Current page is: 
