---------Start of logs---------
14:09:18.905:	writeElement is called
14:09:18.906:	method get (ActivatingSecureElement) is called.
14:09:18.906:	weight is: 0
14:09:18.906:	method get (AllowBatterySettingsChange) is called.
14:09:18.906:	weight is: 0
14:09:18.906:	method get (AllowTimeoutSettingsChange) is called.
14:09:18.906:	weight is: 0
14:09:18.907:	method get (AndroidAlert) is called.
14:09:18.907:	weight is: 0
14:09:18.907:	method get (AndroidDeviceSettings) is called.
14:09:18.907:	weight is: 0
14:09:18.908:	method get (EnterPIN) is called.
14:09:18.908:	weight is: 8
14:09:18.909:	method get (MerchantPassword) is called.
14:09:18.909:	weight is: 0
14:09:18.910:	method get (MerchantSignIn) is called.
14:09:18.910:	weight is: 0
14:09:18.910:	method get (NoNetworkConnection) is called.
14:09:18.910:	weight is: 0
14:09:18.912:	method get (ProvisionUpdateComplete) is called.
14:09:18.912:	weight is: 0
14:09:18.912:	method get (PurchaseDescription) is called.
14:09:18.912:	weight is: 0
14:09:18.913:	method get (SettingsAdvanced) is called.
14:09:18.913:	weight is: 32
14:09:18.914:	method get (SettingsTerminal) is called.
14:09:18.914:	weight is: 40
14:09:18.917:	method get (SignInSelection) is called.
14:09:18.917:	weight is: 0
14:09:18.917:	method get (PurchaseResult) is called.
14:09:18.917:	weight is: 40
14:09:18.919:	method get (UpdateRequired) is called.
14:09:18.919:	weight is: 0
14:09:18.920:	method get (ConnectionErrorDuringProvision) is called.
14:09:18.920:	weight is: 0
14:09:18.920:	method get (PleaseRestartYourPhone) is called.
14:09:18.920:	weight is: 0
14:09:18.922:	method get (UpdatingSecureElement) is called.
14:09:18.922:	weight is: 0
14:09:18.923:	method get (TermsAndConditions) is called.
14:09:18.923:	weight is: 0
14:09:18.923:	method get (ContactUs) is called.
14:09:18.923:	weight is: 0
14:09:18.924:	method get (UserManagement) is called.
14:09:18.924:	weight is: 0
14:09:18.926:	method get (EditUser) is called.
14:09:18.926:	weight is: 0
14:09:18.928:	method get (DeleteUserConfirmation) is called.
14:09:18.928:	weight is: 0
14:09:18.928:	method get (AddNewUser) is called.
14:09:18.928:	weight is: 0
14:09:18.930:	method get (UserCreated) is called.
14:09:18.930:	weight is: 0
14:09:18.931:	method get (TransactionReports) is called.
14:09:18.932:	weight is: 0
14:09:18.936:	method get (TransactionHistory) is called.
14:09:18.936:	weight is: 112
14:09:18.937:	method get (NewTagScanned) is called.
14:09:18.937:	weight is: 0
14:09:18.938:	method get (Purchase) is called.
14:09:18.938:	weight is: 168
14:09:18.941:	method get (TapToPay) is called.
14:09:18.941:	weight is: 0
14:09:18.942:	method get (CardNotSupported) is called.
14:09:18.942:	weight is: 0
14:09:18.942:	method get (EmailReceiptForPurchase) is called.
14:09:18.942:	weight is: 0
14:09:18.943:	method get (ReceiptSentConfirmation) is called.
14:09:18.944:	weight is: 0
14:09:18.944:	method get (ProcessingPayment) is called.
14:09:18.944:	weight is: 0
14:09:18.945:	method get (PurchaseNotCompleted) is called.
14:09:18.945:	weight is: 0
14:09:18.946:	method get (SetTipDuringPurchase) is called.
14:09:18.946:	weight is: 0
14:09:18.948:	method get (AddTip) is called.
14:09:18.948:	weight is: 0
14:09:18.950:	method get (CreateNewPassword) is called.
14:09:18.950:	weight is: 0
14:09:18.953:	method get (EnterNewPIN) is called.
14:09:18.953:	weight is: 0
14:09:18.954:	method get (ConfirmNewPIN) is called.
14:09:18.954:	weight is: 0
14:09:18.955:	method get (CancelTransaction) is called.
14:09:18.955:	weight is: 0
14:09:18.957:	method get (PurchaseTimedOut) is called.
14:09:18.957:	weight is: 0
14:09:18.958:	method get (TransactionSearch) is called.
14:09:18.958:	weight is: 0
14:09:18.963:	method get (TransactionDetails) is called.
14:09:18.963:	weight is: 64
14:09:18.967:	method get (AccountLocked) is called.
14:09:18.967:	weight is: 0
14:09:18.967:	method get (ForgotPIN) is called.
14:09:18.968:	weight is: 0
14:09:18.971:	method get (ResetPIN) is called.
14:09:18.971:	weight is: 0
14:09:18.972:	method get (InvalidCredentials) is called.
14:09:18.973:	weight is: 0
14:09:18.974:	method get (VoidProcessingPayment) is called.
14:09:18.974:	weight is: 0
14:09:18.974:	method get (SecurityImage) is called.
14:09:18.974:	weight is: 0
14:09:18.976:	method get (ProvisionActivateComplete) is called.
14:09:18.976:	weight is: 0
14:09:18.977:	method get (PaymentAcceptanceSetup) is called.
14:09:18.977:	weight is: 0
14:09:18.980:	method get (DatePicker) is called.
14:09:18.980:	weight is: 0
14:09:18.980:	method get (ReportSentConfirmation) is called.
14:09:18.981:	weight is: 0
14:09:18.984:	method get (EnterOldPIN) is called.
14:09:18.984:	weight is: 0
14:09:18.985:	method get (PINUpdated) is called.
14:09:18.985:	weight is: 0
14:09:18.985:	method get (EnterRefundAmount) is called.
14:09:18.985:	weight is: 16
14:09:18.987:	method get (Signature) is called.
14:09:18.987:	weight is: 8
14:09:18.988:	.\src\Testcase configuration\Element Config\app elements - GP Debug.csvhas been read.
14:09:18.989:	.\src\Testcase configuration\Element Config\app elements - GP Debug.csvhas been written.
14:09:19.214:	reportHeader is: <!DOCTYPE html PUBLIC "-//W3C//DTD XHTML 1.1//EN" "http://www.w3.org/TR/xhtml11/DTD/xhtml11.dtd">
<html xmlns="http://www.w3.org/1999/xhtml">
<head>
<meta http-equiv="content-type" content="text/html; charset=UTF-8"/>
<title>Mobeewave Automation Report</title>
<style type="text/css">table {margin-bottom:10px;border-collapse:collapse;empty-cells:show}th,td {border:1px solid #009;padding:.25em .5em}th {vertical-align:bottom}td {vertical-align:top}table a {font-weight:bold}.stripe td {background-color: #E6EBF9}.num {text-align:right}.passedodd td {background-color: #3F3}.passedeven td {background-color: #0A0}.skippedodd td {background-color: #DDD}.skippedeven td {background-color: #CCC}.failedodd td,.attn {background-color: #F33}.failedeven td,.stripe .attn {background-color: #D00}.stacktrace {white-space:pre;font-family:monospace}.totop {font-size:85%;text-align:center;border-bottom:2px solid #000}.invisible {display:none}</style>
</head>
<body>
<table>
<tr><th colspan="7">Test Statistics</th></tr>
<tr><td><a href="#t0">Default test</a></td><td class="num">18,571</td></tr>
</table>
<h2>Default test</h2>
<table class="result"><tr><th>Result</th></tr><tr><td><div class="stacktrace">
14:09:19.214:	reportFooter is: </div></td></tr></table><p class="totop"><a href="#summary">back to summary</a></p>
</body>
</html>
14:09:19.214:	reportContent is: <font color='grey'>Start of purchase void testing - please have SUCCESS testing card placed at the back of device!</font>
<br><font color='grey'>This case assumes the app starts from the Purchase page.</font>
<br><font color='grey'>App launched and awaiting for login.</font>
<br><font color='grey'>User Authentication performed.</font>
<br><font color='grey'>User Authentication performed.</font>
<br><font color='grey'>Transaction is made, Processing time is: 14 seconds.</font>
<br>Current page is equal to PurchaseResult, <font color='green'>test passed</font>.<br>
PurchaseResultResultText is equal to PURCHASE APPROVED, <font color='green'>test passed</font>.<br>
Current page is equal to Purchase, <font color='green'>test passed</font>.<br>
Current page is equal to TransactionHistory, <font color='green'>test passed</font>.<br>
TransactionHistoryTransactionAmount is equal to CA$14.00, <font color='green'>test passed</font>.<br>
Current page is equal to TransactionDetails, <font color='green'>test passed</font>.<br>
TransactionDetailsTitle is equal to PURCHASE APPROVED, <font color='green'>test passed</font>.<br>
TransactionDetailsAmount is equal to CA$14.00, <font color='green'>test passed</font>.<br>
TransactionDetailsMerchantName is equal to taoye, <font color='green'>test passed</font>.<br>
TransactionDetailsEmailReceipt is equal to EMAIL RECEIPT, <font color='green'>test passed</font>.<br>
TransactionDetailsVoid is equal to VOID, <font color='green'>test passed</font>.<br>
<font color='grey'>User Authentication performed.</font>
<br>Current page is equal to SettingsTerminal, <font color='green'>test passed</font>.<br>
Current page is equal to SettingsAdvanced, <font color='green'>test passed</font>.<br>
<font color='grey'>Testing Version Number Display</font>
<br>SettingsAdvancedAppVersionValue is expected to be <font color='brown'>1.4.7(4)</font>, but is actually equal to: <font color='brown'>1.4.9(12)</font>, <font color='red'>test failed</font>.<br>
Current page is equal to TransactionHistory, <font color='green'>test passed</font>.<br>
TransactionHistoryTransactionAmount is equal to CA$14.00, <font color='green'>test passed</font>.<br>
Current page is equal to TransactionDetails, <font color='green'>test passed</font>.<br>
TransactionDetailsTitle is equal to PURCHASE APPROVED, <font color='green'>test passed</font>.<br>
TransactionDetailsAmount is equal to CA$14.00, <font color='green'>test passed</font>.<br>
TransactionDetailsMerchantName is equal to taoye, <font color='green'>test passed</font>.<br>
TransactionDetailsEmailReceipt is equal to EMAIL RECEIPT, <font color='green'>test passed</font>.<br>
TransactionDetailsVoid is equal to REFUND, <font color='green'>test passed</font>.<br>
<font color='grey'>User Authentication performed.</font>
<br>Current page is equal to EnterRefundAmount, <font color='green'>test passed</font>.<br>
<font color='grey'>Making Signature</font>
<br>Current page is equal to TransactionHistory, <font color='green'>test passed</font>.<br>
TransactionHistoryTransactionAmount is equal to - CA$14.00, <font color='green'>test passed</font>.<br>
Current page is equal to TransactionDetails, <font color='green'>test passed</font>.<br>
TransactionDetailsTitle is equal to REFUND APPROVED, <font color='green'>test passed</font>.<br>
TransactionDetailsAmount is equal to - CA$14.00, <font color='green'>test passed</font>.<br>
TransactionDetailsMerchantName is equal to taoye, <font color='green'>test passed</font>.<br>
TransactionDetailsEmailReceipt is equal to EMAIL RECEIPT, <font color='green'>test passed</font>.<br>
TransactionDetailsVoid is equal to VOID, <font color='green'>test passed</font>.<br>
<font color='grey'>Refund testing completed.</font>
<br><font color='grey'>User Authentication performed.</font>
<br>Current page is equal to PurchaseResult, <font color='green'>test passed</font>.<br>
PurchaseResultResultText is equal to VOID APPROVED, <font color='green'>test passed</font>.<br>
Current page is equal to TransactionHistory, <font color='green'>test passed</font>.<br>
TransactionHistoryTransactionAmount is equal to CA$14.00, <font color='green'>test passed</font>.<br>
Current page is equal to TransactionDetails, <font color='green'>test passed</font>.<br>
TransactionDetailsTitle is equal to VOID APPROVED, <font color='green'>test passed</font>.<br>
TransactionDetailsAmount is equal to CA$14.00, <font color='green'>test passed</font>.<br>
TransactionDetailsMerchantName is equal to taoye, <font color='green'>test passed</font>.<br>
TransactionDetailsEmailReceipt is equal to EMAIL RECEIPT, <font color='green'>test passed</font>.<br>
TransactionDetailsVoid is equal to element not found, <font color='green'>test passed</font>.<br>
Current page is equal to Purchase, <font color='green'>test passed</font>.<br>
<font color='blue'>Test Case: TS_8&TS_9 completed.</font>
<br>-----------------------------------<br>
<br>
