---------Start of logs---------
13:04:07.852:	AndroidDriver created.
13:04:07.852:	The method "logComment()" are called
13:04:07.852:	<font color='grey'>Start of purchase void testing - please have SUCCESS testing card placed at the back of device!</font>
13:04:07.853:	The method "logComment()" are called
13:04:07.853:	<font color='grey'>This case assumes the app starts from the Purchase page.</font>
13:04:07.853:	The method "launch()" are called
13:04:07.853:	method launch (120) is called.
13:04:07.853:	method launch (CBA, 120) is called.
13:04:07.853:	method findCurrentPage(120) is called.
13:04:08.354:	
13:04:11.081:	Current page is: MerchantSignIn
13:04:11.081:	method merchantSignin (0, 005040100000004) is called.
13:04:11.081:	method inputText (0, MerchantSignInID, 005040100000004) is called.
13:04:11.081:	method find(MerchantSignInID) is called.
13:04:11.938:	method clickButton (0, MerchantSignInOK) is called.
13:04:11.938:	method find(MerchantSignInOK) is called.
13:04:12.636:	method findCurrentPage(120) is called.
13:04:13.137:	
13:04:21.501:	Current page is: 
13:04:21.501:	This page  is not recognized.
13:04:21.501:	method findCurrentPage(120) is called.
13:04:22.002:	
13:04:23.034:	Current page is: MerchantPassword
13:04:23.034:	method merchantPassword (0, JFnBd&1$) is called.
13:04:23.034:	method inputText (0, MerchantPasswordpassword, JFnBd&1$) is called.
13:04:23.034:	method find(MerchantPasswordpassword) is called.
13:04:24.358:	method clickButton (0, MerchantPasswordContinue) is called.
13:04:24.358:	method find(MerchantPasswordContinue) is called.
13:04:25.031:	method findCurrentPage(120) is called.
13:04:25.532:	
13:04:29.887:	Current page is: 
13:04:29.887:	This page  is not recognized.
13:04:29.887:	method findCurrentPage(120) is called.
13:04:30.388:	
13:04:36.415:	Current page is: 
13:04:36.415:	This page  is not recognized.
13:04:36.415:	method findCurrentPage(120) is called.
13:04:36.916:	
13:04:37.648:	Current page is: UpdateRequired
13:04:37.648:	method clickButton (0, UpdateRequiredUpdatenow) is called.
13:04:37.648:	method find(UpdateRequiredUpdatenow) is called.
13:04:37.769:	method findCurrentPage(120) is called.
13:04:38.270:	
13:04:40.769:	Current page is: UpdatingSecureElement
13:05:10.769:	The method "login()" are called
13:05:10.769:	method login(1) is called.
13:05:10.769:	method enterNumPadOK (1, 123456) is called.
13:05:11.770:	method enterNumPad (1, 123456) is called.
13:05:12.771:	Number to be entered is: 123456
13:05:12.771:	method find(EnterPIN1) is called.
13:05:33.085:	exception caught, not on PIN entering page.
13:05:33.085:	method find(EnterPINOK) is called.
13:05:42.724:	exception caught, not on PIN entering page.
13:05:42.724:	<font color='grey'>User Authentication performed.</font>
13:05:42.724:	The method "waitUntilPage()" are called
13:05:42.724:	
13:05:43.731:	Current page is: UpdatingSecureElement
13:05:43.731:	page count is: 3
13:05:43.731:	page count is: 4
13:05:43.733:	
13:05:44.234:	Current page is: UpdatingSecureElement
13:05:44.234:	page count is: 4
13:05:44.234:	page count is: 5
13:05:44.735:	
13:05:46.478:	Current page is: UpdatingSecureElement
13:05:46.478:	page count is: 5
13:05:46.478:	page count is: 6
13:05:46.978:	
13:05:48.493:	Current page is: UpdatingSecureElement
13:05:48.493:	page count is: 6
13:05:48.493:	page count is: 7
13:05:48.994:	
13:05:50.417:	Current page is: UpdatingSecureElement
13:05:50.417:	page count is: 7
13:05:50.417:	page count is: 8
13:05:50.918:	
