---------Start of logs---------
10:00:10.226:	writeElement is called
10:00:10.226:	method get (ActivatingSecureElement) is called.
10:00:10.226:	weight is: 0
10:00:10.226:	method get (AllowBatterySettingsChange) is called.
10:00:10.226:	weight is: 0
10:00:10.226:	method get (AllowTimeoutSettingsChange) is called.
10:00:10.226:	weight is: 0
10:00:10.227:	method get (AndroidAlert) is called.
10:00:10.227:	weight is: 0
10:00:10.227:	method get (AndroidDeviceSettings) is called.
10:00:10.227:	weight is: 0
10:00:10.227:	method get (EnterPIN) is called.
10:00:10.227:	weight is: 9
10:00:10.228:	method get (MerchantPassword) is called.
10:00:10.229:	weight is: 1
10:00:10.229:	method get (MerchantSignIn) is called.
10:00:10.229:	weight is: 1
10:00:10.229:	method get (NoNetworkConnection) is called.
10:00:10.229:	weight is: 0
10:00:10.229:	method get (ProvisionUpdateComplete) is called.
10:00:10.229:	weight is: 1
10:00:10.229:	method get (PurchaseDescription) is called.
10:00:10.229:	weight is: 0
10:00:10.229:	method get (SettingsAdvanced) is called.
10:00:10.229:	weight is: 11
10:00:10.231:	method get (SettingsTerminal) is called.
10:00:10.231:	weight is: 94
10:00:10.233:	method get (SignInSelection) is called.
10:00:10.233:	weight is: 2
10:00:10.233:	method get (PurchaseResult) is called.
10:00:10.233:	weight is: 18
10:00:10.233:	method get (UpdateRequired) is called.
10:00:10.233:	weight is: 1
10:00:10.235:	method get (ConnectionErrorDuringProvision) is called.
10:00:10.235:	weight is: 0
10:00:10.235:	method get (PleaseRestartYourPhone) is called.
10:00:10.235:	weight is: 0
10:00:10.235:	method get (UpdatingSecureElement) is called.
10:00:10.235:	weight is: 2
10:00:10.237:	method get (TermsAndConditions) is called.
10:00:10.237:	weight is: 0
10:00:10.237:	method get (ContactUs) is called.
10:00:10.237:	weight is: 0
10:00:10.237:	method get (UserManagement) is called.
10:00:10.237:	weight is: 0
10:00:10.238:	method get (EditUser) is called.
10:00:10.238:	weight is: 0
10:00:10.239:	method get (DeleteUserConfirmation) is called.
10:00:10.239:	weight is: 0
10:00:10.240:	method get (AddNewUser) is called.
10:00:10.240:	weight is: 0
10:00:10.242:	method get (UserCreated) is called.
10:00:10.242:	weight is: 0
10:00:10.242:	method get (TransactionReports) is called.
10:00:10.242:	weight is: 0
10:00:10.244:	method get (TransactionHistory) is called.
10:00:10.244:	weight is: 28
10:00:10.245:	method get (NewTagScanned) is called.
10:00:10.245:	weight is: 0
10:00:10.246:	method get (Purchase) is called.
10:00:10.246:	weight is: 533
10:00:10.247:	method get (TapToPay) is called.
10:00:10.247:	weight is: 35
10:00:10.248:	method get (CardNotSupported) is called.
10:00:10.248:	weight is: 0
10:00:10.248:	method get (EmailReceiptForPurchase) is called.
10:00:10.248:	weight is: 0
10:00:10.249:	method get (ReceiptSentConfirmation) is called.
10:00:10.250:	weight is: 0
10:00:10.250:	method get (ProcessingPayment) is called.
10:00:10.250:	weight is: 0
10:00:10.250:	method get (PurchaseNotCompleted) is called.
10:00:10.250:	weight is: 0
10:00:10.251:	method get (SetTipDuringPurchase) is called.
10:00:10.251:	weight is: 0
10:00:10.252:	method get (AddTip) is called.
10:00:10.252:	weight is: 0
10:00:10.254:	method get (CreateNewPassword) is called.
10:00:10.254:	weight is: 0
10:00:10.255:	method get (EnterNewPIN) is called.
10:00:10.255:	weight is: 0
10:00:10.256:	method get (ConfirmNewPIN) is called.
10:00:10.256:	weight is: 0
10:00:10.256:	method get (CancelTransaction) is called.
10:00:10.256:	weight is: 14
10:00:10.259:	method get (PurchaseTimedOut) is called.
10:00:10.259:	weight is: 0
10:00:10.259:	method get (TransactionSearch) is called.
10:00:10.259:	weight is: 0
10:00:10.262:	method get (TransactionDetails) is called.
10:00:10.262:	weight is: 16
10:00:10.264:	method get (AccountLocked) is called.
10:00:10.264:	weight is: 0
10:00:10.265:	method get (ForgotPIN) is called.
10:00:10.265:	weight is: 0
10:00:10.266:	method get (ResetPIN) is called.
10:00:10.266:	weight is: 0
10:00:10.268:	method get (InvalidCredentials) is called.
10:00:10.268:	weight is: 0
10:00:10.268:	method get (VoidProcessingPayment) is called.
10:00:10.268:	weight is: 0
10:00:10.270:	method get (SecurityImage) is called.
10:00:10.270:	weight is: 0
10:00:10.270:	method get (ProvisionActivateComplete) is called.
10:00:10.270:	weight is: 0
10:00:10.272:	method get (PaymentAcceptanceSetup) is called.
10:00:10.272:	weight is: 0
10:00:10.274:	method get (DatePicker) is called.
10:00:10.274:	weight is: 0
10:00:10.275:	method get (ReportSentConfirmation) is called.
10:00:10.275:	weight is: 0
10:00:10.275:	method get (EnterOldPIN) is called.
10:00:10.276:	weight is: 0
10:00:10.276:	method get (PINUpdated) is called.
10:00:10.276:	weight is: 0
10:00:10.277:	method get (EnterRefundAmount) is called.
10:00:10.277:	weight is: 4
10:00:10.277:	method get (Signature) is called.
10:00:10.277:	weight is: 6
10:00:10.279:	method get (ConfirmSettlement) is called.
10:00:10.279:	weight is: 1
10:00:10.280:	.\src\Testcase configuration\Element Config\app elements - Pep Debug.csvhas been read.
10:00:10.281:	.\src\Testcase configuration\Element Config\app elements - Pep Debug.csvhas been written.
10:00:10.599:	reportHeader is: <!DOCTYPE html PUBLIC "-//W3C//DTD XHTML 1.1//EN" "http://www.w3.org/TR/xhtml11/DTD/xhtml11.dtd">
<html xmlns="http://www.w3.org/1999/xhtml">
<head>
<meta http-equiv="content-type" content="text/html; charset=UTF-8"/>
<title>Mobeewave Automation Report</title>
<style type="text/css">table {margin-bottom:10px;border-collapse:collapse;empty-cells:show}th,td {border:1px solid #009;padding:.25em .5em}th {vertical-align:bottom}td {vertical-align:top}table a {font-weight:bold}.stripe td {background-color: #E6EBF9}.num {text-align:right}.passedodd td {background-color: #3F3}.passedeven td {background-color: #0A0}.skippedodd td {background-color: #DDD}.skippedeven td {background-color: #CCC}.failedodd td,.attn {background-color: #F33}.failedeven td,.stripe .attn {background-color: #D00}.stacktrace {white-space:pre;font-family:monospace}.totop {font-size:85%;text-align:center;border-bottom:2px solid #000}.invisible {display:none}</style>
</head>
<body>
<table>
<tr><th colspan="7">Test Statistics</th></tr>
<tr><td><a href="#t0">Default test</a></td><td class="num">18,571</td></tr>
</table>
<h2>Default test</h2>
<table class="result"><tr><th>Result</th></tr><tr><td><div class="stacktrace">
10:00:10.599:	reportFooter is: </div></td></tr></table><p class="totop"><a href="#summary">back to summary</a></p>
</body>
</html>
10:00:10.599:	reportContent is: <font color='grey'>Start of base purchase cancellation - please make sure NO card is placed behind the device!</font>
<br><font color='grey'>App launched and awaiting for login.</font>
<br><font color='grey'>User Authentication performed.</font>
<br><font color='grey'>User Authentication performed.</font>
<br>Current page is equal to Purchase, <font color='green'>test passed</font>.<br>
<font color='blue'>Test Case: TS_5 completed.</font>
<br>-----------------------------------<br>
<br><font color='grey'>Start of base purchase cancellation - please make sure NO card is placed behind the device!</font>
<br><font color='grey'>This case assumes the app starts from the Purchase page.</font>
<br><font color='grey'>User Authentication performed.</font>
<br><font color='grey'>User Authentication performed.</font>
<br>Current page is equal to Purchase, <font color='green'>test passed</font>.<br>
<font color='blue'>Test Case: TS_6 completed.</font>
<br>-----------------------------------<br>
<br>
