---------Start of logs---------
11:06:55.832:	The method "logComment()" are called
11:06:55.832:	<font color='grey'>Start of base purchase test case - please have SUCCESS testing card placed at the back of device!</font>
11:06:55.832:	The method "launch()" are called
11:06:55.832:	method launch (120) is called.
11:06:55.832:	method launch (CBA, 120) is called.
11:06:55.832:	method findCurrentPage(120) is called.
11:06:56.332:	
11:07:06.420:	Current page is: 
11:07:06.420:	This page  is not recognized.
11:07:06.420:	method findCurrentPage(120) is called.
11:07:06.923:	
11:07:08.363:	Current page is: SignInSelection
11:07:08.595:	method findCurrentPage(120) is called.
11:07:09.095:	
11:07:10.512:	Current page is: EnterPIN
11:07:10.512:	<font color='grey'>App launched and awaiting for login.</font>
11:07:10.512:	The method "login()" are called
11:07:10.512:	method login(1) is called.
11:07:11.513:	method enterNumPadOK (123456) is called.
11:07:11.513:	method enterNumPad (123456) is called.
11:07:11.513:	Number to be entered is: 123456
11:07:15.707:	<font color='grey'>User Authentication performed.</font>
11:07:15.707:	The method "waitUntilPage()" are called
11:07:25.434:	Current page is: 
11:07:25.563:	Current page is: Purchase
11:07:25.563:	page count is: 534
11:07:26.064:	The method "reachPage()" are called
11:07:26.064:	method reachPage(GP, SettingsTerminal) is called.
11:07:26.064:	method reachPage(GP, Purchase) is called.
11:07:26.212:	method goToSidemenuPage(Purchase) is called.
11:07:26.212:	method findCurrentPage(0) is called.
11:07:26.713:	
11:07:26.875:	Current page is: Purchase
11:07:26.875:	method findCurrentPage(0) is called.
11:07:27.376:	
11:07:27.537:	Current page is: Purchase
11:07:28.848:	method login(1) is called.
11:07:29.849:	method enterNumPadOK (123456) is called.
11:07:29.849:	method enterNumPad (123456) is called.
11:07:29.849:	Number to be entered is: 123456
11:07:34.735:	<font color='grey'>User Authentication performed.</font>
11:07:36.721:	Current page is: SettingsTerminal
11:07:36.721:	page count is: 95
11:07:36.721:	The method "setBooleanValue(no)" are called
11:07:36.909:	The method "setBooleanValue(no)" are called
11:07:37.085:	The method "setBooleanValue(no)" are called
11:07:37.489:	The method "reachPage()" are called
11:07:37.489:	method reachPage(GP, Purchase) is called.
11:07:38.152:	method goToSidemenuPage(Purchase) is called.
11:07:38.152:	method findCurrentPage(0) is called.
11:07:38.652:	
11:07:38.910:	Current page is: SettingsTerminal
11:07:38.910:	method clickOnPage(SettingsTerminal, Purchase, [Ljava.lang.String;@4f9535) is called.
11:07:38.910:	method findCurrentPage(0) is called.
11:07:39.410:	
11:07:39.721:	Current page is: SettingsTerminal
11:07:42.404:	Current page is: Purchase
11:07:42.404:	page count is: 537
11:07:42.404:	The method "singlePurchase()" are called
11:07:42.404:	method singlePurchase(1000, no, , no, ) is called.
11:07:42.404:	method findCurrentPage(1) is called.
11:07:42.905:	
11:07:43.059:	Current page is: Purchase
11:07:43.059:	method enterPurchaseAmount(1000) is called.
11:07:43.059:	method enterNumPadOK (1000) is called.
11:07:43.059:	method enterNumPad (1000) is called.
11:07:43.059:	Number to be entered is: 1000
11:07:45.769:	method findCurrentPage(1) is called.
11:07:46.270:	
11:07:54.860:	Current page is: 
11:07:54.860:	reached an unrecognized page: 
11:07:54.860:	exception caught during button click, failed to find NoNetworkConnectionretry
11:07:54.860:	method findCurrentPage(1) is called.
11:07:55.361:	
11:08:03.550:	Current page is: 
11:08:03.550:	reached an unrecognized page: 
11:08:03.550:	exception caught during button click, failed to find NoNetworkConnectionretry
11:08:03.550:	method findCurrentPage(1) is called.
11:08:04.051:	
11:08:04.528:	Current page is: PurchaseResult
11:08:04.528:	<font color='grey'>Transaction is made, Processing time is: 22 seconds.</font>
11:08:04.528:	The method "test()" are called
11:08:05.160:	Current page is: PurchaseResult
11:08:05.160:	page count is: 20
11:08:05.162:	The method "test()" are called
11:08:05.318:	The method "clickButton()" are called
11:08:05.502:	The method "waitUntilPage()" are called
11:08:06.747:	Current page is: Purchase
11:08:06.748:	page count is: 539
11:08:06.748:	The method "test()" are called
11:08:06.889:	Current page is: Purchase
11:08:06.889:	page count is: 540
11:08:06.889:	The method "reachPage()" are called
11:08:06.889:	method reachPage(GP, TransactionHistory) is called.
11:08:06.889:	method reachPage(GP, Purchase) is called.
11:08:06.998:	method goToSidemenuPage(Purchase) is called.
11:08:06.998:	method findCurrentPage(0) is called.
11:08:07.498:	
11:08:07.673:	Current page is: Purchase
11:08:07.673:	method goToSidemenuPage(TransactionHistory) is called.
11:08:07.673:	method findCurrentPage(0) is called.
11:08:08.174:	
11:08:08.321:	Current page is: Purchase
11:08:08.321:	method clickOnPage(Purchase, TransactionHistory, [Ljava.lang.String;@19ff4d9) is called.
11:08:08.321:	method findCurrentPage(0) is called.
11:08:08.822:	
11:08:08.963:	Current page is: Purchase
11:08:12.966:	Current page is: TransactionHistory
11:08:12.966:	page count is: 29
11:08:12.966:	The method "test()" are called
11:08:14.470:	Current page is: TransactionHistory
11:08:14.470:	page count is: 30
11:08:14.470:	The method "test()" are called
11:08:14.691:	The method "clickButton()" are called
11:08:14.944:	The method "waitUntilPage()" are called
11:08:17.116:	Current page is: TransactionDetails
11:08:17.116:	page count is: 17
11:08:17.116:	The method "test()" are called
11:08:18.453:	Current page is: TransactionDetails
11:08:18.453:	page count is: 18
11:08:18.453:	The method "test()" are called
11:08:18.618:	The method "test()" are called
11:08:18.783:	The method "test()" are called
11:08:18.948:	The method "test()" are called
11:08:19.143:	The method "test()" are called
11:08:19.322:	The method "test()" are called
11:08:19.461:	The method "clickButton()" are called
11:08:19.651:	The method "waitUntilPage()" are called
11:08:21.822:	Current page is: TransactionHistory
11:08:21.822:	page count is: 31
11:08:21.822:	The method "reachPage()" are called
11:08:21.822:	method reachPage(GP, Purchase) is called.
11:08:22.003:	method goToSidemenuPage(Purchase) is called.
11:08:22.003:	method findCurrentPage(0) is called.
11:08:22.504:	
11:08:23.300:	Current page is: TransactionHistory
11:08:23.300:	method clickOnPage(TransactionHistory, Purchase, [Ljava.lang.String;@cf594) is called.
11:08:23.300:	method findCurrentPage(0) is called.
11:08:23.800:	
11:08:24.552:	Current page is: TransactionHistory
11:08:27.339:	Current page is: Purchase
11:08:27.339:	page count is: 544
11:08:27.339:	The method "test()" are called
11:08:27.474:	Current page is: Purchase
11:08:27.474:	page count is: 545
11:08:27.474:	<font color='blue'>Test Case: TS_1 completed.</font>
11:08:27.474:	-----------------------------------<br>
11:08:27.474:	The method "logComment()" are called
11:08:27.474:	<font color='grey'>Start of base purchase with tips/desription/email receipt - please have SUCCESS testing card placed at the back of device!</font>
11:08:27.474:	The method "logComment()" are called
11:08:27.474:	<font color='grey'>This case assumes the app starts from the Purchase page.</font>
11:08:27.474:	The method "reachPage()" are called
11:08:27.474:	method reachPage(GP, SettingsTerminal) is called.
11:08:27.474:	method reachPage(GP, Purchase) is called.
11:08:27.577:	method goToSidemenuPage(Purchase) is called.
11:08:27.577:	method findCurrentPage(0) is called.
11:08:28.077:	
11:08:28.215:	Current page is: Purchase
11:08:28.215:	method findCurrentPage(0) is called.
11:08:28.715:	
11:08:28.859:	Current page is: Purchase
11:08:30.083:	method login(1) is called.
11:08:31.084:	method enterNumPadOK (123456) is called.
11:08:31.084:	method enterNumPad (123456) is called.
11:08:31.084:	Number to be entered is: 123456
11:08:36.021:	<font color='grey'>User Authentication performed.</font>
11:08:37.860:	Current page is: SettingsTerminal
11:08:37.860:	page count is: 98
11:08:37.860:	The method "setBooleanValue(no)" are called
11:08:37.985:	The method "setBooleanValue(yes)" are called
11:08:38.272:	The method "setBooleanValue(yes)" are called
11:08:39.151:	The method "reachPage()" are called
11:08:39.151:	method reachPage(GP, Purchase) is called.
11:08:39.795:	method goToSidemenuPage(Purchase) is called.
11:08:39.795:	method findCurrentPage(0) is called.
11:08:40.295:	
11:08:40.576:	Current page is: SettingsTerminal
11:08:40.576:	method clickOnPage(SettingsTerminal, Purchase, [Ljava.lang.String;@1ec6a9f) is called.
11:08:40.576:	method findCurrentPage(0) is called.
11:08:41.076:	
11:08:41.353:	Current page is: SettingsTerminal
11:08:43.941:	Current page is: Purchase
11:08:43.941:	page count is: 548
11:08:43.941:	The method "singlePurchase(9999)" are called
11:08:43.941:	method singlePurchase(1100, Total, 9999, yes, This is a purchase description test.) is called.
11:08:43.941:	method findCurrentPage(1) is called.
11:08:44.442:	
11:08:44.606:	Current page is: Purchase
11:08:44.607:	method enterPurchaseAmount(1100) is called.
11:08:44.607:	method enterNumPadOK (1100) is called.
11:08:44.607:	method enterNumPad (1100) is called.
11:08:44.607:	Number to be entered is: 1100
11:08:47.452:	method findCurrentPage(1) is called.
11:08:47.953:	
11:08:51.085:	Current page is: PurchaseDescription
11:08:52.759:	method findCurrentPage(1) is called.
11:08:53.260:	
11:08:57.454:	Current page is: SetTipDuringPurchase
11:08:57.454:	method setTipType(Total, 9999) is called.
11:08:57.584:	method findCurrentPage(1) is called.
11:08:58.084:	
11:09:05.119:	Current page is: AddTip
11:09:05.119:	method setTipValue(Total, 9999) is called.
11:09:05.272:	method enterNumPadOK (9999) is called.
11:09:05.272:	method enterNumPad (9999) is called.
11:09:05.272:	Number to be entered is: 9999
11:09:08.844:	method findCurrentPage(1) is called.
11:09:09.345:	
11:09:11.428:	Current page is: TapToPay
11:09:11.428:	waiting for card tap
11:09:11.428:	method findCurrentPage(1) is called.
11:09:11.928:	
11:09:17.669:	Current page is: 
11:09:17.669:	reached an unrecognized page: 
11:09:17.669:	exception caught during button click, failed to find NoNetworkConnectionretry
11:09:17.669:	method findCurrentPage(1) is called.
11:09:18.170:	
11:09:25.465:	Current page is: 
11:09:25.465:	reached an unrecognized page: 
11:09:25.465:	exception caught during button click, failed to find NoNetworkConnectionretry
11:09:25.465:	method findCurrentPage(1) is called.
11:09:25.966:	
11:09:26.458:	Current page is: PurchaseResult
11:09:26.458:	<font color='grey'>Transaction is made, Processing time is: 15 seconds.</font>
11:09:26.458:	The method "test()" are called
11:09:26.927:	Current page is: PurchaseResult
11:09:26.927:	page count is: 22
11:09:26.927:	The method "test()" are called
11:09:27.040:	The method "test()" are called
11:09:27.154:	The method "clickButton()" are called
11:09:27.290:	The method "waitUntilPage()" are called
11:09:30.086:	Current page is: EmailReceiptForPurchase
11:09:30.086:	page count is: 1
11:09:30.086:	The method "inputText(ytao@mobeewave.com)" are called
11:09:30.893:	The method "clickButton()" are called
11:09:31.650:	The method "waitUntilPage()" are called
11:09:35.042:	Current page is: ReceiptSentConfirmation
11:09:35.042:	page count is: 1
11:09:35.042:	The method "clickButton()" are called
11:09:35.147:	The method "waitUntilPage()" are called
11:09:36.183:	Current page is: Purchase
11:09:36.183:	page count is: 550
11:09:36.183:	The method "test()" are called
11:09:36.305:	Current page is: Purchase
11:09:36.305:	page count is: 551
11:09:36.305:	The method "reachPage()" are called
11:09:36.305:	method reachPage(GP, TransactionHistory) is called.
11:09:36.305:	method reachPage(GP, Purchase) is called.
11:09:36.384:	method goToSidemenuPage(Purchase) is called.
11:09:36.384:	method findCurrentPage(0) is called.
11:09:36.885:	
11:09:37.007:	Current page is: Purchase
11:09:37.007:	method goToSidemenuPage(TransactionHistory) is called.
11:09:37.007:	method findCurrentPage(0) is called.
11:09:37.508:	
11:09:37.625:	Current page is: Purchase
11:09:37.625:	method clickOnPage(Purchase, TransactionHistory, [Ljava.lang.String;@a362a4) is called.
11:09:37.625:	method findCurrentPage(0) is called.
11:09:38.126:	
11:09:38.273:	Current page is: Purchase
11:09:41.785:	Current page is: TransactionHistory
11:09:41.785:	page count is: 34
11:09:41.785:	The method "test()" are called
11:09:42.334:	Current page is: TransactionHistory
11:09:42.334:	page count is: 35
11:09:42.334:	The method "test()" are called
11:09:42.503:	The method "clickButton()" are called
11:09:42.757:	The method "waitUntilPage()" are called
11:09:45.204:	Current page is: TransactionDetails
11:09:45.204:	page count is: 19
11:09:45.204:	The method "test()" are called
11:09:46.116:	Current page is: TransactionDetails
11:09:46.116:	page count is: 20
11:09:46.116:	The method "test()" are called
11:09:46.275:	The method "test()" are called
11:09:46.458:	The method "test()" are called
11:09:46.629:	The method "test()" are called
11:09:46.794:	The method "test()" are called
11:09:46.956:	The method "test()" are called
11:09:47.111:	The method "clickButton()" are called
11:09:47.304:	The method "waitUntilPage()" are called
11:09:49.314:	Current page is: TransactionHistory
11:09:49.314:	page count is: 36
11:09:49.314:	The method "reachPage()" are called
11:09:49.314:	method reachPage(GP, Purchase) is called.
11:09:49.489:	method goToSidemenuPage(Purchase) is called.
11:09:49.489:	method findCurrentPage(0) is called.
11:09:49.990:	
11:09:50.772:	Current page is: TransactionHistory
11:09:50.772:	method clickOnPage(TransactionHistory, Purchase, [Ljava.lang.String;@82af25) is called.
11:09:50.773:	method findCurrentPage(0) is called.
11:09:51.274:	
11:09:52.032:	Current page is: TransactionHistory
11:09:54.777:	Current page is: Purchase
11:09:54.777:	page count is: 555
11:09:54.777:	The method "test()" are called
11:09:54.898:	Current page is: Purchase
11:09:54.898:	page count is: 556
11:09:54.899:	The method "logComment()" are called
11:09:54.899:	<font color='grey'>Email Receipt sent. Please check manually the email receipt is received and correct.</font>
11:09:54.899:	<font color='blue'>Test Case: TS_2&3&4 completed.</font>
11:09:54.899:	-----------------------------------<br>
11:09:54.899:	The method "logComment()" are called
11:09:54.899:	<font color='grey'>Start of purchase void testing - please have SUCCESS testing card placed at the back of device!</font>
11:09:54.899:	The method "logComment()" are called
11:09:54.899:	<font color='grey'>This case assumes the app starts from the Purchase page.</font>
11:09:54.899:	The method "waitUntilPage()" are called
11:09:55.029:	Current page is: Purchase
11:09:55.029:	page count is: 557
11:09:55.029:	The method "reachPage()" are called
11:09:55.029:	method reachPage(GP, SettingsTerminal) is called.
11:09:55.029:	method reachPage(GP, Purchase) is called.
11:09:55.126:	method goToSidemenuPage(Purchase) is called.
11:09:55.126:	method findCurrentPage(0) is called.
11:09:55.626:	
11:09:55.787:	Current page is: Purchase
11:09:55.788:	method findCurrentPage(0) is called.
11:09:56.289:	
11:09:56.414:	Current page is: Purchase
11:09:57.633:	method login(1) is called.
11:09:58.634:	method enterNumPadOK (123456) is called.
11:09:58.634:	method enterNumPad (123456) is called.
11:09:58.634:	Number to be entered is: 123456
11:10:02.999:	<font color='grey'>User Authentication performed.</font>
11:10:05.150:	Current page is: SettingsTerminal
11:10:05.150:	page count is: 101
11:10:05.150:	The method "setBooleanValue(no)" are called
11:10:05.277:	The method "setBooleanValue(no)" are called
11:10:05.560:	The method "setBooleanValue(no)" are called
11:10:06.402:	The method "reachPage()" are called
11:10:06.402:	method reachPage(GP, Purchase) is called.
11:10:07.035:	method goToSidemenuPage(Purchase) is called.
11:10:07.035:	method findCurrentPage(0) is called.
11:10:07.537:	
11:10:07.769:	Current page is: SettingsTerminal
11:10:07.769:	method clickOnPage(SettingsTerminal, Purchase, [Ljava.lang.String;@c491b8) is called.
11:10:07.769:	method findCurrentPage(0) is called.
11:10:08.269:	
11:10:08.485:	Current page is: SettingsTerminal
11:10:11.285:	Current page is: Purchase
11:10:11.285:	page count is: 560
11:10:11.285:	The method "singlePurchase()" are called
11:10:11.285:	method singlePurchase(1400, no, , no, ) is called.
11:10:11.285:	method findCurrentPage(1) is called.
11:10:11.786:	
11:10:11.949:	Current page is: Purchase
11:10:11.950:	method enterPurchaseAmount(1400) is called.
11:10:11.950:	method enterNumPadOK (1400) is called.
11:10:11.950:	method enterNumPad (1400) is called.
11:10:11.950:	Number to be entered is: 1400
11:10:14.658:	method findCurrentPage(1) is called.
11:10:15.158:	
11:10:23.031:	Current page is: 
11:10:23.032:	reached an unrecognized page: 
11:10:23.032:	exception caught during button click, failed to find NoNetworkConnectionretry
11:10:23.032:	method findCurrentPage(1) is called.
11:10:23.533:	
11:10:31.960:	Current page is: 
11:10:31.960:	reached an unrecognized page: 
11:10:31.961:	exception caught during button click, failed to find NoNetworkConnectionretry
11:10:31.961:	method findCurrentPage(1) is called.
11:10:32.462:	
11:10:33.119:	Current page is: PurchaseResult
11:10:33.120:	<font color='grey'>Transaction is made, Processing time is: 21 seconds.</font>
11:10:33.120:	The method "test()" are called
11:10:33.746:	Current page is: PurchaseResult
11:10:33.746:	page count is: 24
11:10:33.747:	The method "test()" are called
11:10:33.887:	The method "clickButton()" are called
11:10:34.050:	The method "login()" are called
11:10:34.050:	method login(3) is called.
11:10:37.051:	method enterNumPadOK (123456) is called.
11:10:37.051:	method enterNumPad (123456) is called.
11:10:37.051:	Number to be entered is: 123456
11:10:40.974:	<font color='grey'>User Authentication performed.</font>
11:10:40.974:	The method "waitUntilPage()" are called
11:10:49.981:	Current page is: 
11:10:50.662:	Current page is: PurchaseResult
11:10:50.662:	page count is: 25
11:10:51.163:	The method "test()" are called
11:10:51.898:	Current page is: PurchaseResult
11:10:51.898:	page count is: 26
11:10:51.898:	The method "test()" are called
11:10:52.061:	The method "test()" are called
11:10:52.229:	The method "clickButton()" are called
11:10:52.438:	The method "waitUntilPage()" are called
11:10:53.567:	Current page is: Purchase
11:10:53.567:	page count is: 562
11:10:53.567:	The method "test()" are called
11:10:53.710:	Current page is: Purchase
11:10:53.711:	page count is: 563
11:10:53.711:	The method "reachPage()" are called
11:10:53.711:	method reachPage(GP, TransactionHistory) is called.
11:10:53.711:	method reachPage(GP, Purchase) is called.
11:10:53.812:	method goToSidemenuPage(Purchase) is called.
11:10:53.812:	method findCurrentPage(0) is called.
11:10:54.312:	
11:10:54.476:	Current page is: Purchase
11:10:54.477:	method goToSidemenuPage(TransactionHistory) is called.
11:10:54.477:	method findCurrentPage(0) is called.
11:10:54.978:	
11:10:55.115:	Current page is: Purchase
11:10:55.115:	method clickOnPage(Purchase, TransactionHistory, [Ljava.lang.String;@1ceab5d) is called.
11:10:55.115:	method findCurrentPage(0) is called.
11:10:55.615:	
11:10:55.764:	Current page is: Purchase
11:10:59.172:	Current page is: TransactionHistory
11:10:59.172:	page count is: 39
11:10:59.172:	The method "test()" are called
11:10:59.786:	Current page is: TransactionHistory
11:10:59.786:	page count is: 40
11:10:59.787:	The method "test()" are called
11:10:59.955:	The method "clickButton()" are called
11:11:00.176:	The method "waitUntilPage()" are called
11:11:02.102:	Current page is: TransactionDetails
11:11:02.102:	page count is: 21
11:11:02.102:	The method "test()" are called
11:11:03.116:	Current page is: TransactionDetails
11:11:03.116:	page count is: 22
11:11:03.116:	The method "test()" are called
11:11:03.266:	The method "test()" are called
11:11:03.422:	The method "test()" are called
11:11:03.572:	The method "test()" are called
11:11:03.711:	The method "test()" are called
11:11:03.829:	The method "test()" are called
11:11:03.960:	The method "clickButton()" are called
11:11:04.138:	The method "waitUntilPage()" are called
11:11:05.871:	Current page is: TransactionHistory
11:11:05.871:	page count is: 41
11:11:05.871:	The method "reachPage()" are called
11:11:05.871:	method reachPage(GP, Purchase) is called.
11:11:06.022:	method goToSidemenuPage(Purchase) is called.
11:11:06.022:	method findCurrentPage(0) is called.
11:11:06.523:	
11:11:07.155:	Current page is: TransactionHistory
11:11:07.155:	method clickOnPage(TransactionHistory, Purchase, [Ljava.lang.String;@13c7147) is called.
11:11:07.155:	method findCurrentPage(0) is called.
11:11:07.656:	
11:11:08.368:	Current page is: TransactionHistory
11:11:11.293:	Current page is: Purchase
11:11:11.293:	page count is: 567
11:11:11.293:	The method "test()" are called
11:11:11.436:	Current page is: Purchase
11:11:11.436:	page count is: 568
11:11:11.436:	<font color='blue'>Test Case: TS_7 completed.</font>
11:11:11.436:	-----------------------------------<br>
11:11:11.437:	The method "logComment()" are called
11:11:11.437:	<font color='grey'>Start of refund and void refund testing - please have SUCCESS testing card placed at the back of device!</font>
11:11:11.437:	The method "logComment()" are called
11:11:11.437:	<font color='grey'>This case assumes the app starts from the Purchase page.</font>
11:11:11.437:	The method "waitUntilPage()" are called
11:11:11.566:	Current page is: Purchase
11:11:11.566:	page count is: 569
11:11:11.566:	The method "reachPage()" are called
11:11:11.566:	method reachPage(GP, SettingsTerminal) is called.
11:11:11.566:	method reachPage(GP, Purchase) is called.
11:11:11.645:	method goToSidemenuPage(Purchase) is called.
11:11:11.645:	method findCurrentPage(0) is called.
11:11:12.145:	
11:11:12.274:	Current page is: Purchase
11:11:12.274:	method findCurrentPage(0) is called.
11:11:12.775:	
11:11:12.903:	Current page is: Purchase
11:11:14.070:	method login(1) is called.
11:11:15.071:	method enterNumPadOK (123456) is called.
11:11:15.071:	method enterNumPad (123456) is called.
11:11:15.071:	Number to be entered is: 123456
11:11:20.087:	<font color='grey'>User Authentication performed.</font>
11:11:22.008:	Current page is: SettingsTerminal
11:11:22.008:	page count is: 104
11:11:22.008:	The method "setBooleanValue(no)" are called
11:11:22.134:	The method "setBooleanValue(no)" are called
11:11:22.268:	The method "setBooleanValue(no)" are called
11:11:22.394:	The method "reachPage()" are called
11:11:22.394:	method reachPage(GP, Purchase) is called.
11:11:22.503:	method goToSidemenuPage(Purchase) is called.
11:11:22.503:	method findCurrentPage(0) is called.
11:11:23.003:	
11:11:23.241:	Current page is: SettingsTerminal
11:11:23.241:	method clickOnPage(SettingsTerminal, Purchase, [Ljava.lang.String;@1677be9) is called.
11:11:23.241:	method findCurrentPage(0) is called.
11:11:23.742:	
11:11:23.986:	Current page is: SettingsTerminal
11:11:26.580:	Current page is: Purchase
11:11:26.580:	page count is: 572
11:11:26.580:	The method "singlePurchase()" are called
11:11:26.580:	method singlePurchase(1400, no, , no, ) is called.
11:11:26.580:	method findCurrentPage(1) is called.
11:11:27.080:	
11:11:27.226:	Current page is: Purchase
11:11:27.226:	method enterPurchaseAmount(1400) is called.
11:11:27.226:	method enterNumPadOK (1400) is called.
11:11:27.226:	method enterNumPad (1400) is called.
11:11:27.226:	Number to be entered is: 1400
11:11:29.925:	method findCurrentPage(1) is called.
11:11:30.426:	
11:11:32.479:	Current page is: TapToPay
11:11:32.479:	waiting for card tap
11:11:32.479:	method findCurrentPage(1) is called.
11:11:32.980:	
11:11:37.843:	Current page is: 
11:11:37.843:	reached an unrecognized page: 
11:11:37.843:	exception caught during button click, failed to find NoNetworkConnectionretry
11:11:37.843:	method findCurrentPage(1) is called.
11:11:38.344:	
11:11:39.949:	Current page is: PurchaseResult
11:11:39.949:	<font color='grey'>Transaction is made, Processing time is: 7 seconds.</font>
11:11:39.949:	The method "test()" are called
11:11:40.558:	Current page is: PurchaseResult
11:11:40.558:	page count is: 28
11:11:40.559:	The method "test()" are called
11:11:40.778:	The method "clickButton()" are called
11:11:41.032:	The method "waitUntilPage()" are called
11:11:42.165:	Current page is: Purchase
11:11:42.165:	page count is: 574
11:11:42.165:	The method "test()" are called
11:11:42.261:	Current page is: Purchase
11:11:42.261:	page count is: 575
11:11:42.261:	The method "reachPage()" are called
11:11:42.261:	method reachPage(GP, TransactionHistory) is called.
11:11:42.261:	method reachPage(GP, Purchase) is called.
11:11:42.340:	method goToSidemenuPage(Purchase) is called.
11:11:42.340:	method findCurrentPage(0) is called.
11:11:42.840:	
11:11:42.981:	Current page is: Purchase
11:11:42.981:	method goToSidemenuPage(TransactionHistory) is called.
11:11:42.981:	method findCurrentPage(0) is called.
11:11:43.481:	
11:11:43.602:	Current page is: Purchase
11:11:43.602:	method clickOnPage(Purchase, TransactionHistory, [Ljava.lang.String;@bfe7fa) is called.
11:11:43.603:	method findCurrentPage(0) is called.
11:11:44.104:	
11:11:44.229:	Current page is: Purchase
11:11:47.610:	Current page is: TransactionHistory
11:11:47.610:	page count is: 44
11:11:47.610:	The method "test()" are called
11:11:48.303:	Current page is: TransactionHistory
11:11:48.303:	page count is: 45
11:11:48.303:	The method "test()" are called
11:11:48.519:	The method "clickButton()" are called
11:11:48.782:	The method "waitUntilPage()" are called
11:11:50.908:	Current page is: TransactionDetails
11:11:50.908:	page count is: 23
11:11:50.908:	The method "test()" are called
11:11:51.888:	Current page is: TransactionDetails
11:11:51.889:	page count is: 24
11:11:51.889:	The method "test()" are called
11:11:52.043:	The method "test()" are called
11:11:52.201:	The method "test()" are called
11:11:52.358:	The method "test()" are called
11:11:52.506:	The method "test()" are called
11:11:52.654:	The method "clickButton()" are called
11:11:52.812:	The method "waitUntilPage()" are called
11:11:54.717:	Current page is: TransactionHistory
11:11:54.717:	page count is: 46
11:11:54.717:	The method "reachPage()" are called
11:11:54.717:	method reachPage(GP, SettingsTerminal) is called.
11:11:54.717:	method reachPage(GP, Purchase) is called.
11:11:54.882:	method goToSidemenuPage(Purchase) is called.
11:11:54.882:	method findCurrentPage(0) is called.
11:11:55.383:	
11:11:56.152:	Current page is: TransactionHistory
11:11:56.152:	method clickOnPage(TransactionHistory, Purchase, [Ljava.lang.String;@16ce057) is called.
11:11:56.152:	method findCurrentPage(0) is called.
11:11:56.652:	
11:11:57.450:	Current page is: TransactionHistory
11:12:00.166:	Current page is: Purchase
11:12:00.166:	page count is: 579
11:12:00.166:	method findCurrentPage(0) is called.
11:12:00.666:	
11:12:00.792:	Current page is: Purchase
11:12:01.983:	method login(1) is called.
11:12:02.983:	method enterNumPadOK (123456) is called.
11:12:02.983:	method enterNumPad (123456) is called.
11:12:02.983:	Number to be entered is: 123456
11:12:07.349:	<font color='grey'>User Authentication performed.</font>
11:12:08.990:	Current page is: SettingsTerminal
11:12:08.990:	page count is: 107
11:12:08.991:	The method "test()" are called
11:12:09.216:	Current page is: SettingsTerminal
11:12:09.216:	page count is: 108
11:12:09.216:	The method "clickButton()" are called
11:12:09.312:	exception caught during button click, failed to find SettingsTerminalAdvancedTab
11:12:09.312:	The method "waitUntilPage()" are called
11:12:09.556:	Current page is: SettingsTerminal
11:12:09.556:	page count is: 109
11:12:09.846:	Current page is: SettingsTerminal
11:12:09.846:	page count is: 110
11:12:11.172:	Current page is: SettingsTerminal
11:12:11.173:	page count is: 111
11:12:11.885:	Current page is: SettingsTerminal
11:12:11.885:	page count is: 112
11:12:12.611:	Current page is: SettingsTerminal
11:12:12.612:	page count is: 113
11:12:13.347:	Current page is: SettingsTerminal
11:12:13.347:	page count is: 114
11:12:14.075:	Current page is: SettingsTerminal
11:12:14.075:	page count is: 115
11:12:14.815:	Current page is: SettingsTerminal
11:12:14.815:	page count is: 116
11:12:15.536:	Current page is: SettingsTerminal
11:12:15.536:	page count is: 117
11:12:16.292:	Current page is: SettingsTerminal
11:12:16.292:	page count is: 118
11:12:17.013:	Current page is: SettingsTerminal
11:12:17.013:	page count is: 119
11:12:17.733:	Current page is: SettingsTerminal
11:12:17.733:	page count is: 120
11:12:18.522:	Current page is: SettingsTerminal
11:12:18.522:	page count is: 121
11:12:19.266:	Current page is: SettingsTerminal
11:12:19.266:	page count is: 122
11:12:20.018:	Current page is: SettingsTerminal
11:12:20.018:	page count is: 123
11:12:20.758:	Current page is: SettingsTerminal
11:12:20.758:	page count is: 124
11:12:21.506:	Current page is: SettingsTerminal
11:12:21.506:	page count is: 125
11:12:22.240:	Current page is: SettingsTerminal
11:12:22.240:	page count is: 126
11:12:22.993:	Current page is: SettingsTerminal
11:12:22.993:	page count is: 127
11:12:23.781:	Current page is: SettingsTerminal
11:12:23.781:	page count is: 128
11:12:24.506:	Current page is: SettingsTerminal
11:12:24.506:	page count is: 129
11:12:25.226:	Current page is: SettingsTerminal
11:12:25.226:	page count is: 130
11:12:25.948:	Current page is: SettingsTerminal
11:12:25.948:	page count is: 131
11:12:26.690:	Current page is: SettingsTerminal
11:12:26.690:	page count is: 132
11:12:27.424:	Current page is: SettingsTerminal
11:12:27.424:	page count is: 133
11:12:28.159:	Current page is: SettingsTerminal
11:12:28.159:	page count is: 134
11:12:28.864:	Current page is: SettingsTerminal
11:12:28.864:	page count is: 135
11:12:29.590:	Current page is: SettingsTerminal
11:12:29.590:	page count is: 136
11:12:30.315:	Current page is: SettingsTerminal
11:12:30.315:	page count is: 137
11:12:31.046:	Current page is: SettingsTerminal
11:12:31.047:	page count is: 138
11:12:31.786:	Current page is: SettingsTerminal
11:12:31.787:	page count is: 139
11:12:32.531:	Current page is: SettingsTerminal
11:12:32.531:	page count is: 140
11:12:34.527:	Current page is: SettingsAdvanced
11:12:34.527:	page count is: 12
11:12:35.028:	The method "test()" are called
11:12:35.867:	Current page is: SettingsAdvanced
11:12:35.867:	page count is: 13
11:12:35.867:	The method "logComment()" are called
11:12:35.868:	<font color='grey'>Testing Version Number Display</font>
11:12:35.868:	The method "test()" are called
11:12:35.996:	The method "clickButton()" are called
11:12:36.098:	exception caught during button click, failed to find SettingsAdvancedsettlementButton
11:12:36.098:	The method "waitUntilPage()" are called
11:12:37.046:	Current page is: SettingsAdvanced
11:12:37.047:	page count is: 14
11:12:37.885:	Current page is: SettingsAdvanced
11:12:37.886:	page count is: 15
11:12:39.233:	Current page is: SettingsAdvanced
11:12:39.233:	page count is: 16
11:12:40.693:	Current page is: SettingsAdvanced
11:12:40.693:	page count is: 17
11:12:41.978:	Current page is: SettingsAdvanced
11:12:41.978:	page count is: 18
11:12:43.254:	Current page is: SettingsAdvanced
11:12:43.254:	page count is: 19
11:12:44.555:	Current page is: SettingsAdvanced
11:12:44.555:	page count is: 20
11:12:45.837:	Current page is: SettingsAdvanced
11:12:45.838:	page count is: 21
11:12:47.166:	Current page is: SettingsAdvanced
11:12:47.166:	page count is: 22
11:12:48.493:	Current page is: SettingsAdvanced
11:12:48.493:	page count is: 23
11:12:49.772:	Current page is: SettingsAdvanced
11:12:49.772:	page count is: 24
11:12:51.040:	Current page is: SettingsAdvanced
11:12:51.040:	page count is: 25
11:12:52.321:	Current page is: SettingsAdvanced
11:12:52.322:	page count is: 26
11:12:53.572:	Current page is: SettingsAdvanced
11:12:53.572:	page count is: 27
11:12:54.865:	Current page is: SettingsAdvanced
11:12:54.865:	page count is: 28
11:12:56.158:	Current page is: SettingsAdvanced
11:12:56.158:	page count is: 29
11:12:57.412:	Current page is: SettingsAdvanced
11:12:57.412:	page count is: 30
11:12:58.697:	Current page is: SettingsAdvanced
11:12:58.697:	page count is: 31
11:13:00.056:	Current page is: SettingsAdvanced
11:13:00.056:	page count is: 32
11:13:01.672:	Current page is: SettingsAdvanced
11:13:01.672:	page count is: 33
11:13:02.948:	Current page is: SettingsAdvanced
11:13:02.948:	page count is: 34
11:13:04.216:	Current page is: SettingsAdvanced
11:13:04.216:	page count is: 35
11:13:05.508:	Current page is: SettingsAdvanced
11:13:05.508:	page count is: 36
11:13:06.821:	Current page is: SettingsAdvanced
11:13:06.821:	page count is: 37
11:13:08.103:	Current page is: SettingsAdvanced
11:13:08.103:	page count is: 38
11:13:09.421:	Current page is: SettingsAdvanced
11:13:09.421:	page count is: 39
11:13:11.435:	Current page is: SettingsAdvanced
11:13:11.435:	page count is: 40
11:13:12.763:	Current page is: SettingsAdvanced
11:13:12.763:	page count is: 41
11:13:14.128:	Current page is: SettingsAdvanced
11:13:14.128:	page count is: 42
11:13:15.487:	Current page is: SettingsAdvanced
11:13:15.487:	page count is: 43
11:13:16.992:	Current page is: SettingsAdvanced
11:13:16.992:	page count is: 44
11:13:18.819:	Current page is: SettingsAdvanced
11:13:18.820:	page count is: 45
11:13:20.230:	Current page is: SettingsAdvanced
11:13:20.230:	page count is: 46
11:13:21.571:	Current page is: SettingsAdvanced
11:13:21.571:	page count is: 47
11:13:22.958:	Current page is: SettingsAdvanced
11:13:22.958:	page count is: 48
11:13:24.301:	Current page is: SettingsAdvanced
11:13:24.302:	page count is: 49
11:13:25.612:	Current page is: SettingsAdvanced
11:13:25.612:	page count is: 50
11:13:26.998:	Current page is: SettingsAdvanced
11:13:26.998:	page count is: 51
11:13:28.328:	Current page is: SettingsAdvanced
11:13:28.328:	page count is: 52
11:13:29.735:	Current page is: SettingsAdvanced
11:13:29.735:	page count is: 53
11:13:31.103:	Current page is: SettingsAdvanced
11:13:31.103:	page count is: 54
11:13:33.174:	Current page is: SettingsAdvanced
11:13:33.174:	page count is: 55
11:13:34.873:	Current page is: SettingsAdvanced
11:13:34.874:	page count is: 56
11:13:36.086:	Current page is: SettingsAdvanced
11:13:36.086:	page count is: 57
11:13:37.326:	Current page is: SettingsAdvanced
11:13:37.327:	page count is: 58
11:13:38.596:	Current page is: SettingsAdvanced
11:13:38.596:	page count is: 59
11:13:39.830:	Current page is: SettingsAdvanced
11:13:39.830:	page count is: 60
11:13:41.005:	Current page is: SettingsAdvanced
11:13:41.005:	page count is: 61
11:13:42.211:	Current page is: SettingsAdvanced
11:13:42.211:	page count is: 62
11:13:43.489:	Current page is: SettingsAdvanced
11:13:43.489:	page count is: 63
11:13:44.724:	Current page is: SettingsAdvanced
11:13:44.724:	page count is: 64
11:13:45.954:	Current page is: SettingsAdvanced
11:13:45.954:	page count is: 65
11:13:47.036:	Current page is: SettingsAdvanced
11:13:47.036:	page count is: 66
11:13:48.235:	Current page is: SettingsAdvanced
11:13:48.235:	page count is: 67
11:13:49.481:	Current page is: SettingsAdvanced
11:13:49.481:	page count is: 68
11:13:50.746:	Current page is: SettingsAdvanced
11:13:50.746:	page count is: 69
11:13:52.038:	Current page is: SettingsAdvanced
11:13:52.038:	page count is: 70
11:13:53.322:	Current page is: SettingsAdvanced
11:13:53.322:	page count is: 71
11:13:54.956:	Current page is: SettingsAdvanced
11:13:54.956:	page count is: 72
11:13:56.235:	Current page is: SettingsAdvanced
11:13:56.235:	page count is: 73
11:13:57.541:	Current page is: SettingsAdvanced
11:13:57.541:	page count is: 74
11:13:58.808:	Current page is: SettingsAdvanced
11:13:58.808:	page count is: 75
11:14:00.211:	Current page is: SettingsAdvanced
11:14:00.211:	page count is: 76
11:14:01.741:	Current page is: SettingsAdvanced
11:14:01.741:	page count is: 77
11:14:02.966:	Current page is: SettingsAdvanced
11:14:02.967:	page count is: 78
11:14:04.248:	Current page is: SettingsAdvanced
11:14:04.248:	page count is: 79
11:14:05.789:	Current page is: SettingsAdvanced
11:14:05.789:	page count is: 80
11:14:07.021:	Current page is: SettingsAdvanced
11:14:07.021:	page count is: 81
11:14:08.289:	Current page is: SettingsAdvanced
11:14:08.289:	page count is: 82
11:14:09.564:	Current page is: SettingsAdvanced
11:14:09.564:	page count is: 83
11:14:11.396:	Current page is: SettingsAdvanced
11:14:11.396:	page count is: 84
11:14:12.674:	Current page is: SettingsAdvanced
11:14:12.674:	page count is: 85
11:14:13.947:	Current page is: SettingsAdvanced
11:14:13.947:	page count is: 86
11:14:15.190:	Current page is: SettingsAdvanced
11:14:15.190:	page count is: 87
11:14:16.523:	Current page is: SettingsAdvanced
11:14:16.523:	page count is: 88
11:14:18.175:	Current page is: SettingsAdvanced
11:14:18.175:	page count is: 89
11:14:19.604:	Current page is: SettingsAdvanced
11:14:19.604:	page count is: 90
11:14:20.953:	Current page is: SettingsAdvanced
11:14:20.954:	page count is: 91
11:14:22.286:	Current page is: SettingsAdvanced
11:14:22.286:	page count is: 92
11:14:23.628:	Current page is: SettingsAdvanced
11:14:23.628:	page count is: 93
11:14:24.978:	Current page is: SettingsAdvanced
11:14:24.978:	page count is: 94
11:14:26.326:	Current page is: SettingsAdvanced
11:14:26.327:	page count is: 95
11:14:27.657:	Current page is: SettingsAdvanced
11:14:27.657:	page count is: 96
11:14:29.037:	Current page is: SettingsAdvanced
11:14:29.038:	page count is: 97
11:14:30.362:	Current page is: SettingsAdvanced
11:14:30.362:	page count is: 98
11:14:31.719:	Current page is: SettingsAdvanced
11:14:31.719:	page count is: 99
11:14:33.044:	Current page is: SettingsAdvanced
11:14:33.044:	page count is: 100
11:14:34.366:	Current page is: SettingsAdvanced
11:14:34.366:	page count is: 101
11:14:35.725:	Current page is: SettingsAdvanced
11:14:35.725:	page count is: 102
11:14:36.225:	The method "test()" are called
11:14:37.337:	Current page is: SettingsAdvanced
11:14:37.337:	page count is: 103
11:14:37.337:	The method "clickButton()" are called
11:14:37.427:	exception caught during button click, failed to find ConfirmSettlementSettle
11:14:37.428:	The method "waitUntilPage()" are called
11:14:38.281:	Current page is: SettingsAdvanced
11:14:38.281:	page count is: 104
11:14:38.281:	The method "test()" are called
11:14:39.207:	Current page is: SettingsAdvanced
11:14:39.207:	page count is: 105
11:14:39.207:	The method "reachPage()" are called
11:14:39.207:	method reachPage(GP, TransactionHistory) is called.
11:14:39.207:	method reachPage(GP, Purchase) is called.
11:14:39.328:	method goToSidemenuPage(Purchase) is called.
11:14:39.328:	method findCurrentPage(0) is called.
11:14:39.829:	
11:14:40.682:	Current page is: SettingsAdvanced
11:14:40.682:	method clickOnPage(SettingsAdvanced, Purchase, [Ljava.lang.String;@1e6b541) is called.
11:14:40.682:	method findCurrentPage(0) is called.
11:14:41.183:	
11:14:41.987:	Current page is: SettingsAdvanced
11:14:44.460:	Current page is: Purchase
11:14:44.460:	page count is: 581
11:14:44.460:	method goToSidemenuPage(TransactionHistory) is called.
11:14:44.460:	method findCurrentPage(0) is called.
11:14:44.961:	
11:14:45.065:	Current page is: Purchase
11:14:45.065:	method clickOnPage(Purchase, TransactionHistory, [Ljava.lang.String;@1f02ce3) is called.
11:14:45.065:	method findCurrentPage(0) is called.
11:14:45.566:	
11:14:45.709:	Current page is: Purchase
11:14:49.344:	Current page is: TransactionHistory
11:14:49.344:	page count is: 49
11:14:49.344:	The method "test()" are called
11:14:49.985:	Current page is: TransactionHistory
11:14:49.985:	page count is: 50
11:14:49.985:	The method "test()" are called
11:14:50.164:	The method "clickButton()" are called
11:14:51.059:	The method "waitUntilPage()" are called
11:14:53.012:	Current page is: TransactionDetails
11:14:53.012:	page count is: 25
11:14:53.012:	The method "test()" are called
11:14:54.002:	Current page is: TransactionDetails
11:14:54.002:	page count is: 26
11:14:54.002:	The method "test()" are called
11:14:54.152:	The method "test()" are called
11:14:54.312:	The method "test()" are called
11:14:54.465:	The method "test()" are called
11:14:54.621:	The method "test()" are called
11:14:54.768:	The method "clickButton()" are called
11:14:54.967:	The method "login()" are called
11:14:54.967:	method login(1) is called.
11:14:55.968:	method enterNumPadOK (123456) is called.
11:14:55.968:	method enterNumPad (123456) is called.
11:14:55.968:	Number to be entered is: 123456
11:14:59.922:	<font color='grey'>User Authentication performed.</font>
11:14:59.922:	The method "waitUntilPage()" are called
11:15:02.735:	Current page is: EnterRefundAmount
11:15:02.735:	page count is: 5
11:15:02.735:	The method "test()" are called
11:15:03.868:	Current page is: EnterRefundAmount
11:15:03.868:	page count is: 6
11:15:03.868:	The method "clickButton()" are called
11:15:04.013:	The method "waitUntilPage()" are called
11:15:13.145:	Current page is: 
11:15:13.773:	Current page is: Signature
11:15:13.773:	page count is: 7
11:15:14.274:	The method "logComment()" are called
11:15:14.274:	<font color='grey'>Making Signature</font>
11:15:14.274:	The method "sign()" are called
11:15:14.274:	starting to tap SignatureSignArea
