---------Start of logs---------
05:46:17.542:	The method "logComment()" are called
05:46:17.542:	<font color='grey'>Start of refund and void refund testing - please have SUCCESS testing card placed at the back of device!</font>
05:46:17.542:	The method "logComment()" are called
05:46:17.542:	<font color='grey'>This case assumes the app starts from the Purchase page.</font>
05:46:17.542:	The method "launch()" are called
05:46:17.542:	method launch (120) is called.
05:46:17.542:	method launch (CBA, 120) is called.
05:46:17.542:	method findCurrentPage(120) is called.
05:46:18.043:	
05:46:21.545:	Current page is: MerchantSignIn
05:46:21.545:	method merchantSignin (0, 005040100000004) is called.
05:46:21.545:	method inputText (0, MerchantSignInID, 005040100000004) is called.
05:46:21.545:	method find(MerchantSignInID) is called.
05:46:22.377:	method clickButton (0, MerchantSignInOK) is called.
05:46:22.377:	method find(MerchantSignInOK) is called.
05:46:23.052:	method findCurrentPage(120) is called.
05:46:23.552:	
05:46:32.150:	Current page is: 
05:46:32.150:	This page  is not recognized.
05:46:32.150:	method findCurrentPage(120) is called.
05:46:32.650:	
05:46:34.188:	Current page is: MerchantPassword
05:46:34.188:	method merchantPassword (0, 6H*+r*43) is called.
05:46:34.188:	method inputText (0, MerchantPasswordpassword, 6H*+r*43) is called.
05:46:34.188:	method find(MerchantPasswordpassword) is called.
05:46:34.886:	method clickButton (0, MerchantPasswordContinue) is called.
05:46:34.886:	method find(MerchantPasswordContinue) is called.
05:46:35.516:	method findCurrentPage(120) is called.
05:46:36.016:	
05:46:40.596:	Current page is: 
05:46:40.596:	This page  is not recognized.
05:46:40.596:	method findCurrentPage(120) is called.
05:46:41.097:	
