---------Start of logs---------
14:28:28.233:	The method "logComment()" are called
14:28:28.233:	<font color='grey'>Start of purchase void testing - please have SUCCESS testing card placed at the back of device!</font>
14:28:28.233:	The method "logComment()" are called
14:28:28.233:	<font color='grey'>This case assumes the app starts from the Purchase page.</font>
14:28:28.233:	The method "launch()" are called
14:28:28.233:	method launch (120) is called.
14:28:28.233:	method launch (CBA, 120) is called.
14:28:28.233:	method findCurrentPage(120) is called.
14:28:28.735:	
14:28:37.718:	Current page is: EnterPIN
14:28:37.718:	<font color='grey'>App launched and awaiting for login.</font>
14:28:37.718:	The method "login()" are called
14:28:37.718:	method login(1) is called.
14:28:38.718:	method enterNumPadOK (123456) is called.
14:28:38.718:	method enterNumPad (123456) is called.
14:28:38.718:	Number to be entered is: 123456
14:28:42.911:	<font color='grey'>User Authentication performed.</font>
14:28:42.912:	The method "waitUntilPage()" are called
14:28:50.788:	Current page is: Purchase
14:28:50.789:	page count is: 1
14:28:50.789:	The method "reachPage()" are called
14:28:50.789:	method reachPage(GP, SettingsTerminal) is called.
14:28:50.789:	method reachPage(GP, Purchase) is called.
14:28:50.896:	method goToSidemenuPage(Purchase) is called.
14:28:50.896:	method findCurrentPage(0) is called.
14:28:51.397:	
14:28:56.705:	Current page is: Purchase
14:28:56.705:	method findCurrentPage(0) is called.
14:28:57.205:	
14:29:02.501:	Current page is: Purchase
14:29:03.731:	method login(1) is called.
14:29:04.732:	method enterNumPadOK (123456) is called.
14:29:04.732:	method enterNumPad (123456) is called.
14:29:04.732:	Number to be entered is: 123456
14:29:09.214:	<font color='grey'>User Authentication performed.</font>
14:29:13.612:	Current page is: SettingsTerminal
14:29:13.612:	page count is: 1
14:29:13.612:	The method "setBooleanValue(no)" are called
14:29:13.925:	The method "setBooleanValue(no)" are called
14:29:14.492:	The method "setBooleanValue(no)" are called
14:29:14.827:	The method "reachPage()" are called
14:29:14.827:	method reachPage(GP, Purchase) is called.
14:29:15.494:	method goToSidemenuPage(Purchase) is called.
14:29:15.494:	method findCurrentPage(0) is called.
14:29:15.994:	
14:29:19.067:	Current page is: SettingsTerminal
14:29:19.067:	method clickOnPage(SettingsTerminal, Purchase, [Ljava.lang.String;@178fdb1) is called.
14:29:19.067:	method findCurrentPage(0) is called.
14:29:19.568:	
14:29:22.298:	Current page is: SettingsTerminal
14:29:29.897:	Current page is: Purchase
14:29:29.897:	page count is: 4
14:29:29.897:	The method "singlePurchase()" are called
14:29:29.897:	method singlePurchase(1400, no, , no, ) is called.
14:29:29.897:	method findCurrentPage(1) is called.
14:29:30.397:	
14:29:35.097:	Current page is: Purchase
14:29:35.097:	method enterPurchaseAmount(1400) is called.
14:29:35.097:	method enterNumPadOK (1400) is called.
14:29:35.097:	method enterNumPad (1400) is called.
14:29:35.097:	Number to be entered is: 1400
14:29:37.754:	method findCurrentPage(1) is called.
14:29:38.254:	
14:29:46.110:	Current page is: 
14:29:46.110:	reached an unrecognized page: 
14:29:46.187:	exception caught during button click, failed to find NoNetworkConnectionretry
14:29:46.187:	method findCurrentPage(1) is called.
14:29:46.688:	
14:29:50.172:	Current page is: PurchaseResult
14:29:50.174:	<font color='grey'>Transaction is made, Processing time is: 20 seconds.</font>
14:29:50.174:	The method "test()" are called
14:29:52.097:	Current page is: PurchaseResult
14:29:52.097:	page count is: 2
14:29:52.099:	The method "test()" are called
14:29:52.218:	The method "clickButton()" are called
14:29:52.347:	The method "waitUntilPage()" are called
14:29:58.029:	Current page is: Purchase
14:29:58.029:	page count is: 6
14:29:58.029:	The method "test()" are called
14:30:02.945:	Current page is: Purchase
14:30:02.945:	page count is: 7
14:30:02.945:	The method "reachPage()" are called
14:30:02.945:	method reachPage(GP, TransactionHistory) is called.
14:30:02.945:	method reachPage(GP, Purchase) is called.
14:30:03.039:	method goToSidemenuPage(Purchase) is called.
14:30:03.039:	method findCurrentPage(0) is called.
14:30:03.540:	
14:30:08.089:	Current page is: Purchase
14:30:08.089:	method goToSidemenuPage(TransactionHistory) is called.
14:30:08.089:	method findCurrentPage(0) is called.
14:30:08.589:	
14:30:13.721:	Current page is: Purchase
14:30:13.722:	method clickOnPage(Purchase, TransactionHistory, [Ljava.lang.String;@763e49) is called.
14:30:13.722:	method findCurrentPage(0) is called.
14:30:14.223:	
14:30:19.209:	Current page is: Purchase
14:30:25.865:	Current page is: TransactionHistory
14:30:25.865:	page count is: 1
14:30:25.865:	The method "test()" are called
14:30:29.351:	Current page is: TransactionHistory
14:30:29.352:	page count is: 2
14:30:29.352:	The method "test()" are called
14:30:29.470:	The method "clickButton()" are called
14:30:29.620:	The method "waitUntilPage()" are called
14:30:34.605:	Current page is: TransactionDetails
14:30:34.605:	page count is: 1
14:30:34.605:	The method "test()" are called
14:30:38.242:	Current page is: TransactionDetails
14:30:38.242:	page count is: 2
14:30:38.243:	The method "test()" are called
14:30:38.397:	The method "test()" are called
14:30:38.558:	The method "test()" are called
14:30:38.708:	The method "test()" are called
14:30:38.860:	The method "test()" are called
14:30:39.012:	The method "clickButton()" are called
14:30:39.194:	The method "waitUntilPage()" are called
14:30:43.629:	Current page is: TransactionHistory
14:30:43.630:	page count is: 3
14:30:43.630:	The method "reachPage()" are called
14:30:43.630:	method reachPage(GP, SettingsTerminal) is called.
14:30:43.630:	method reachPage(GP, Purchase) is called.
14:30:43.735:	method goToSidemenuPage(Purchase) is called.
14:30:43.735:	method findCurrentPage(0) is called.
14:30:44.236:	
14:30:47.463:	Current page is: TransactionHistory
14:30:47.463:	method clickOnPage(TransactionHistory, Purchase, [Ljava.lang.String;@1226f27) is called.
14:30:47.463:	method findCurrentPage(0) is called.
14:30:47.964:	
14:30:50.943:	Current page is: TransactionHistory
14:30:58.066:	Current page is: Purchase
14:30:58.066:	page count is: 11
14:30:58.066:	method findCurrentPage(0) is called.
14:30:58.567:	
14:31:03.186:	Current page is: Purchase
14:31:04.396:	method login(1) is called.
14:31:05.397:	method enterNumPadOK (123456) is called.
14:31:05.397:	method enterNumPad (123456) is called.
14:31:05.397:	Number to be entered is: 123456
14:31:09.720:	<font color='grey'>User Authentication performed.</font>
14:31:14.019:	Current page is: SettingsTerminal
14:31:14.019:	page count is: 4
14:31:14.019:	The method "test()" are called
14:31:16.621:	Current page is: SettingsTerminal
14:31:16.621:	page count is: 5
14:31:16.621:	The method "clickButton()" are called
14:31:16.768:	The method "waitUntilPage()" are called
14:31:22.124:	Current page is: SettingsAdvanced
14:31:22.124:	page count is: 1
14:31:22.124:	The method "test()" are called
14:31:26.056:	Current page is: SettingsAdvanced
14:31:26.056:	page count is: 2
14:31:26.056:	The method "logComment()" are called
14:31:26.056:	<font color='grey'>Testing Version Number Display</font>
14:31:26.056:	The method "test()" are called
14:31:26.191:	The method "clickButton()" are called
14:31:26.335:	The method "reachPage()" are called
14:31:26.335:	method reachPage(GP, TransactionHistory) is called.
14:31:26.335:	method reachPage(GP, Purchase) is called.
14:31:27.436:	method goToSidemenuPage(Purchase) is called.
14:31:27.437:	method findCurrentPage(0) is called.
14:31:27.938:	
14:31:32.242:	Current page is: SettingsAdvanced
14:31:32.242:	method clickOnPage(SettingsAdvanced, Purchase, [Ljava.lang.String;@1cacc87) is called.
14:31:32.242:	method findCurrentPage(0) is called.
14:31:32.743:	
14:31:36.558:	Current page is: SettingsAdvanced
14:31:43.312:	Current page is: Purchase
14:31:43.312:	page count is: 13
14:31:43.312:	method goToSidemenuPage(TransactionHistory) is called.
14:31:43.312:	method findCurrentPage(0) is called.
14:31:43.812:	
14:31:48.133:	Current page is: Purchase
14:31:48.133:	method clickOnPage(Purchase, TransactionHistory, [Ljava.lang.String;@150f432) is called.
14:31:48.133:	method findCurrentPage(0) is called.
14:31:48.634:	
14:31:53.011:	Current page is: Purchase
14:31:59.265:	Current page is: TransactionHistory
14:31:59.265:	page count is: 6
14:31:59.265:	The method "test()" are called
14:32:02.167:	Current page is: TransactionHistory
14:32:02.167:	page count is: 7
14:32:02.167:	The method "test()" are called
14:32:02.261:	The method "clickButton()" are called
14:32:02.381:	The method "waitUntilPage()" are called
14:32:06.988:	Current page is: TransactionDetails
14:32:06.988:	page count is: 3
14:32:06.988:	The method "test()" are called
14:32:10.940:	Current page is: TransactionDetails
14:32:10.940:	page count is: 4
14:32:10.941:	The method "test()" are called
14:32:11.081:	The method "test()" are called
14:32:11.217:	The method "test()" are called
14:32:11.355:	The method "test()" are called
14:32:11.495:	The method "test()" are called
14:32:11.634:	The method "clickButton()" are called
14:32:11.785:	The method "login()" are called
14:32:11.785:	method login(1) is called.
14:32:12.786:	method enterNumPadOK (123456) is called.
14:32:12.786:	method enterNumPad (123456) is called.
14:32:12.786:	Number to be entered is: 123456
14:32:16.710:	<font color='grey'>User Authentication performed.</font>
14:32:16.710:	The method "waitUntilPage()" are called
14:32:19.371:	Current page is: EnterRefundAmount
14:32:19.371:	page count is: 1
14:32:19.371:	The method "test()" are called
14:32:20.278:	Current page is: EnterRefundAmount
14:32:20.278:	page count is: 2
14:32:20.278:	The method "clickButton()" are called
14:32:20.388:	The method "waitUntilPage()" are called
14:32:26.991:	Current page is: Signature
14:32:26.991:	page count is: 1
14:32:26.991:	The method "logComment()" are called
14:32:26.991:	<font color='grey'>Making Signature</font>
14:32:26.991:	The method "sign()" are called
14:32:26.991:	starting to tap SignatureSignArea
14:32:57.016:	The method "clickButton()" are called
14:32:57.128:	The method "waitUntilPage()" are called
14:33:01.364:	Current page is: PurchaseResult
14:33:01.364:	page count is: 3
14:33:01.364:	The method "clickButton()" are called
14:33:01.521:	The method "waitUntilPage()" are called
14:33:06.609:	Current page is: Purchase
14:33:06.609:	page count is: 16
14:33:06.609:	The method "reachPage()" are called
14:33:06.609:	method reachPage(GP, TransactionHistory) is called.
14:33:06.609:	method reachPage(GP, Purchase) is called.
14:33:06.692:	method goToSidemenuPage(Purchase) is called.
14:33:06.692:	method findCurrentPage(0) is called.
14:33:07.192:	
14:33:12.061:	Current page is: Purchase
14:33:12.061:	method goToSidemenuPage(TransactionHistory) is called.
14:33:12.061:	method findCurrentPage(0) is called.
14:33:12.562:	
14:33:16.649:	Current page is: Purchase
14:33:16.649:	method clickOnPage(Purchase, TransactionHistory, [Ljava.lang.String;@1ab8290) is called.
14:33:16.649:	method findCurrentPage(0) is called.
14:33:17.150:	
14:33:21.809:	Current page is: Purchase
14:33:28.087:	Current page is: TransactionHistory
14:33:28.087:	page count is: 8
14:33:28.087:	The method "test()" are called
14:33:31.127:	Current page is: TransactionHistory
14:33:31.127:	page count is: 9
14:33:31.127:	The method "test()" are called
14:33:31.230:	The method "clickButton()" are called
14:33:31.369:	The method "waitUntilPage()" are called
14:33:36.223:	Current page is: TransactionDetails
14:33:36.223:	page count is: 5
14:33:36.223:	The method "test()" are called
14:33:39.803:	Current page is: TransactionDetails
14:33:39.803:	page count is: 6
14:33:39.803:	The method "test()" are called
14:33:39.959:	The method "test()" are called
14:33:40.115:	The method "test()" are called
14:33:40.286:	The method "test()" are called
14:33:40.494:	The method "test()" are called
14:33:40.703:	The method "logComment()" are called
14:33:40.704:	<font color='grey'>Refund testing completed.</font>
14:33:40.704:	The method "clickButton()" are called
14:33:40.911:	The method "login()" are called
14:33:40.911:	method login(1) is called.
14:33:41.911:	method enterNumPadOK (123456) is called.
14:33:41.911:	method enterNumPad (123456) is called.
14:33:41.911:	Number to be entered is: 123456
14:33:45.894:	<font color='grey'>User Authentication performed.</font>
14:33:45.894:	The method "waitUntilPage()" are called
14:33:50.910:	Current page is: PurchaseResult
14:33:50.910:	page count is: 4
14:33:50.910:	The method "test()" are called
14:33:53.151:	Current page is: PurchaseResult
14:33:53.151:	page count is: 5
14:33:53.151:	The method "test()" are called
14:33:53.270:	The method "clickButton()" are called
14:33:53.437:	The method "waitUntilPage()" are called
14:33:58.681:	Current page is: TransactionHistory
14:33:58.682:	page count is: 10
14:33:58.682:	The method "test()" are called
14:34:02.542:	Current page is: TransactionHistory
14:34:02.543:	page count is: 11
14:34:02.543:	The method "test()" are called
14:34:02.682:	The method "clickButton()" are called
14:34:02.864:	The method "waitUntilPage()" are called
14:34:08.372:	Current page is: TransactionDetails
14:34:08.372:	page count is: 7
14:34:08.372:	The method "test()" are called
14:34:12.591:	Current page is: TransactionDetails
14:34:12.592:	page count is: 8
14:34:12.592:	The method "test()" are called
14:34:12.761:	The method "test()" are called
14:34:12.915:	The method "test()" are called
14:34:13.094:	The method "test()" are called
14:34:13.296:	The method "test()" are called
14:34:13.434:	The method "clickButton()" are called
14:34:13.617:	The method "waitUntilPage()" are called
14:34:18.632:	Current page is: TransactionHistory
14:34:18.632:	page count is: 12
14:34:18.632:	The method "reachPage()" are called
14:34:18.632:	method reachPage(GP, Purchase) is called.
14:34:18.721:	method goToSidemenuPage(Purchase) is called.
14:34:18.721:	method findCurrentPage(0) is called.
14:34:19.222:	
14:34:22.847:	Current page is: TransactionHistory
14:34:22.847:	method clickOnPage(TransactionHistory, Purchase, [Ljava.lang.String;@14dfd34) is called.
14:34:22.847:	method findCurrentPage(0) is called.
14:34:23.348:	
14:34:26.768:	Current page is: TransactionHistory
14:34:33.119:	Current page is: Purchase
14:34:33.119:	page count is: 20
14:34:33.119:	The method "test()" are called
14:34:37.111:	Current page is: Purchase
14:34:37.111:	page count is: 21
14:34:37.111:	<font color='blue'>Test Case: TS_8&TS_9 completed.</font>
14:34:37.112:	-----------------------------------<br>
